Using file: ../data/ela_with_cma_and_algo_normalised/A1_data_5D/A1_B100_5D_ela_with_state.csv
[INFO][abstract_initial_design.py:87] Reducing the number of initial configurations from 60 to 50 (max_ratio == 0.25).
[INFO][abstract_initial_design.py:139] Using 50 initial design configurations and 0 additional configurations.
[INFO][abstract_intensifier.py:307] Using only one seed for deterministic scenario.
-2465.2112649671926
-2484.675511733036
-2527.0591790440203
-2375.717903931347
-2298.972950421151
[INFO][abstract_intensifier.py:517] Added config 26fdc2 as new incumbent because there are no incumbents yet.
-2530.385828235356
-2533.687289398485
-2530.6357884406784
-2461.444031349197
-2378.743490387968
[INFO][abstract_intensifier.py:596] Added config 8a205f and rejected config 26fdc2 as incumbent because it is not better than the incumbents on 1 instances: 
-2463.2181263967304
-2479.801413325391
-2512.9390325178847
-2404.9341278950665
-2309.043451517352
-2528.425407846463
-2517.895071579851
-2546.3922398733357
-2456.1071426603635
-2361.560025708666
-2562.482319422582
-2533.7097391421635
-2540.160404621763
-2454.948932671489
-2385.663361283863
[INFO][abstract_intensifier.py:596] Added config 87cf8a and rejected config 8a205f as incumbent because it is not better than the incumbents on 1 instances: 
-2325.3684999666148
-2361.138531045073
-2457.339491123348
-2358.548487197173
-2229.057539619604
-2520.9914614197
-2520.7337273154035
-2507.19950504414
-2390.471687527226
-2331.7629419909667
-2459.5784410922843
-2392.4966382894654
-2492.1119183508854
-2369.658747418667
-2275.128729398033
-2550.973812679896
-2530.6510157500034
-2559.2156832578194
-2426.4960922376063
-2346.5858215138073
-2438.343599881072
-2457.8668586398094
-2506.8152057508973
-2418.4282880377846
-2300.717202379486
-2545.7553991159057
-2506.149830844628
-2509.590348766622
-2403.428852204899
-2325.9266239438534
-2358.4760618622736
-2365.977478007135
-2505.884802903644
-2412.035418315564
-2242.1422668869536
-2512.717937246119
-2528.5612767750536
-2513.5950857564185
-2444.7536507924187
-2327.2980045086865
-2553.9939164339903
-2503.3611331047114
-2515.0181393429193
-2437.7215326637997
-2333.855907931355
-2463.4253404277097
-2500.809152330633
-2508.7775497345465
-2381.794257843261
-2275.578200831739
-2535.609338499208
-2510.2948675102234
-2552.071057878349
-2441.450383062988
-2347.6712716862635
-2517.122470226962
-2508.2683263067934
-2498.010179589092
-2444.627901413845
-2355.830202310456
-2550.81450873669
-2547.278568714102
-2523.581630293651
-2462.5260455654097
-2361.1783222765825
-2468.2627566096357
-2489.636190378433
-2515.6654550786416
-2393.873031389029
-2307.76013290307
-2445.9179182705498
-2400.411944014644
-2523.1424816113085
-2398.6808867926657
-2288.1501354216766
-2550.0999516935876
-2527.653230934066
-2513.763813395404
-2406.1047478429905
-2354.4859009275297
-2516.211314585616
-2479.9847904348826
-2498.633056265835
-2403.106534745951
-2321.1569231715885
-2556.2946996638902
-2537.778945149442
-2509.098558526377
-2458.3913596378475
-2371.8519524518388
-2343.9164616224416
-2368.709302578162
-2480.912552919566
-2412.991107760884
-2257.099669528184
-2561.0474361920024
-2541.4190093573425
-2522.8951082461626
-2440.564021293095
-2374.184631089976
-2354.2346655929814
-2326.866686359541
-2445.243826721898
-2336.8167697906374
-2252.6748829402477
-2553.0760167299995
-2535.8073415734584
-2557.637164201187
-2470.047480146086
-2367.5546253717703
[INFO][abstract_intensifier.py:596] Added config c6987a and rejected config 87cf8a as incumbent because it is not better than the incumbents on 1 instances: 
-2483.7925390834425
-2431.9983420331264
-2485.545783319317
-2390.163354274333
-2273.8518977764825
-2498.137529164044
-2496.58822228908
-2506.9549973002254
-2376.0215337046357
-2308.7108686774714
-2481.543849033866
-2470.131944072674
-2514.8448002937303
-2442.8552012316013
-2367.200699908306
-2492.570016563572
-2475.3292326286064
-2507.0698205685994
-2377.228630931223
-2294.3746921620595
-2546.9152440287876
-2530.5525666068525
-2516.688436585864
-2446.060598842967
-2350.522848973771
-2498.5955019712674
-2467.4939742258352
-2512.0202258450977
-2412.5198168464426
-2314.4009397481386
-2379.0854144329155
-2338.4710348930334
-2450.2338030943206
-2377.936340527321
-2246.196384966913
-2572.7945116890533
-2543.845834738958
-2542.5687353507287
-2456.2925158728553
-2362.9561425450297
-2460.2053300714465
-2313.7967453296883
-2512.0791691862682
-2378.3151012004682
-2285.5083398942365
-2469.573813187103
-2450.149599644388
-2496.2789371079516
-2385.371434041471
-2260.9470468295576
-2538.9404396334094
-2504.9635782318073
-2519.6050516121327
-2456.8499277638466
-2338.39605489346
-2523.5563287878895
-2535.1635691242427
-2536.5694918725503
-2410.5947303734747
-2331.3899365302204
-2545.846677412974
-2530.302144082668
-2539.557362391739
-2444.7119482766684
-2378.2941609842046
-2526.390495719584
-2531.4820962267895
-2504.5504567648613
-2427.3977120780646
-2356.0756850994603
-2530.584602960418
-2516.082443068214
-2514.710355116868
-2465.6476823964404
-2353.199548342281
-2456.4393836555796
-2501.6359385690716
-2505.7096168670255
-2388.2264722412237
-2292.01796429778
-2502.3673650391465
-2504.870277622935
-2545.693261006248
-2403.3164240492047
-2343.636785105447
-2548.7994702498613
-2548.448462810975
-2531.0827634843436
-2444.8099429119025
-2348.134091348987
-2431.6575651633357
-2421.1116729947958
-2520.6521021770645
-2431.080144196917
-2256.2446553632108
-2519.6665866816998
-2491.7560312832015
-2524.9975880311886
-2430.142637783636
-2343.105856235642
-2428.2205891483277
-2421.4612304639695
-2477.2552202686493
-2406.7937403543756
-2281.524459923665
-2570.3027599711186
-2530.3160073517774
-2553.7018697932244
-2473.264402367282
-2360.260965689361
[INFO][abstract_intensifier.py:596] Added config 29eefc and rejected config c6987a as incumbent because it is not better than the incumbents on 1 instances: 
-2489.875496815979
-2471.326585571597
-2531.9882656674345
-2437.5157812474777
-2355.452592328327
[INFO][smbo.py:327] Finished 50 trials.
-2563.746001426237
-2545.630459310305
-2538.344749137755
-2466.3827088661237
-2370.6018435895107
-2551.849369230606
-2535.069510439849
-2533.915430186159
-2476.9263141222823
-2376.6572844598813
-2563.4580854198907
-2540.650647553297
-2528.235283360622
-2474.0201141637945
-2354.875972562404
-2554.161946070998
-2549.9166774371624
-2528.224897889398
-2467.945841198556
-2376.552407912093
-2527.3112973458997
-2463.0619553607685
-2515.6243834629117
-2389.9583748323184
-2295.456840312744
-2496.492220439347
-2499.6256152393257
-2503.8823119682284
-2449.2348703147118
-2322.5372451216626
-2510.9660129676595
-2533.1866382212597
-2538.713211747154
-2436.470218077306
-2355.3726998597167
-2566.8954413380143
-2542.84712398805
-2538.306018354599
-2461.8654277702694
-2364.625153454546
-2569.0941986844546
-2543.556400971368
-2533.687991156925
-2462.1508869875615
-2364.0936348442124
-2562.519266700297
-2566.074723778609
-2549.8766237490563
-2472.863810895002
-2376.3366447336075
[INFO][abstract_intensifier.py:596] Added config 19fe15 and rejected config 29eefc as incumbent because it is not better than the incumbents on 1 instances: 
-2555.4950666109153
-2539.5448987072705
-2533.8652223211957
-2443.8423402451717
-2336.7501574862727
-2555.8571911269555
-2524.9276327338034
-2521.5231905869837
-2467.809757202706
-2379.5631075321535
-2562.519266700297
-2566.074723778609
-2549.8766237490563
-2472.863810895002
-2376.3366447336075
-2555.8571911269555
-2524.9276327338034
-2521.5231905869837
-2467.809757202706
-2379.5631075321535
-2447.0941967878953
-2481.073827855058
-2501.439708616165
-2410.2020232305936
-2256.119002167957
-2362.0522131240173
-2325.964916039127
-2451.9050102095775
-2341.724128822864
-2271.125841804405
-2562.946340668839
-2547.7685812321815
-2542.8679357837773
-2471.024848854123
-2356.0207525945025
-2558.8474425512786
-2547.843937126298
-2542.6978852803313
-2472.4483939031065
-2355.6291857610217
-2558.394067472321
-2548.0102279918638
-2543.1135491783125
-2468.22380910407
-2356.139491373149
-2543.6496764331896
-2559.3377782992343
-2539.2873200280874
-2472.255410548785
-2375.4291061819254
-2562.946340668839
-2547.7685812321815
-2542.8679357837773
-2471.024848854123
-2356.0207525945025
-2516.4319463990955
-2493.410596240069
-2532.8719231814557
-2396.5758165361894
-2325.103620863901
-2554.152271898028
-2538.0644859539884
-2547.818087712445
-2457.274543221514
-2374.210398315434
-2555.2995048291905
-2537.3487155961843
-2547.2908277669767
-2460.3211003847864
-2362.1563495794453
-2562.519266700297
-2566.074723778609
-2549.8766237490563
-2472.863810895002
-2376.3366447336075
-2562.519266700297
-2566.074723778609
-2549.8766237490563
-2472.863810895002
-2376.3366447336075
-2549.288792438656
-2545.7318389052493
-2529.985727327972
-2469.68793364265
-2375.0143103811174
-2562.519266700297
-2566.074723778609
-2549.8766237490563
-2472.863810895002
-2376.3366447336075
-2562.519266700297
-2566.074723778609
-2549.8766237490563
-2472.863810895002
-2376.3366447336075
-2491.8933785557233
-2494.52447754818
-2512.0444467172792
-2396.3809792582115
-2318.1076744718494
-2562.519266700297
-2566.074723778609
-2549.8766237490563
-2472.863810895002
-2376.3366447336075
-2555.627493229201
-2547.6351581266617
-2527.8922911984905
-2467.408451111488
-2364.4509887888944
-2446.1068456377157
-2359.002662480023
-2509.6362199061014
-2376.305246452741
-2208.979306655939
-2564.6857801340993
-2543.707224065527
-2539.8131489077646
-2464.8429596324168
-2375.624234562528
-2547.270763897728
-2516.4357156680458
-2547.863079161365
-2456.0245239112855
-2366.6685795192034
-2560.1254159704577
-2563.9682574261637
-2542.58130546334
-2469.2265839043353
-2377.1983100786565
-2556.737329105664
-2549.382037681885
-2553.703682048118
-2462.8620442406477
-2381.9339892291355
-2509.7520771437753
-2538.8770508411308
-2528.6788837138683
-2445.1224559004977
-2357.6107691047287
-2518.4937880598163
-2549.050462688523
-2542.978822457985
-2473.6383916911027
-2380.4261490799076
-2568.6214110541023
-2551.21639746478
-2543.2924448065282
-2477.26464600929
-2382.7754600052886
-2495.5854350971495
-2532.6506504911813
-2538.218731874671
-2433.2841589474933
-2345.3894331244855
-2513.499008812854
-2528.672723092846
-2520.3633445103246
-2471.426539405653
-2349.3800280408723
-2378.5450236553856
-2391.9025664476544
-2508.519721884652
-2423.3490243561996
-2261.7401643211506
-2538.4962961728743
-2493.870577519074
-2552.097174752278
-2449.2873178228915
-2364.1097917501247
-2566.064527767671
-2553.647734205724
-2549.8436484529707
-2472.5526785287916
-2377.1211378064254
-2556.8742762003385
-2531.2401581275453
-2548.158261002703
-2466.728455602688
-2356.5888889314947
-2567.6707213023838
-2527.7699590179964
-2518.9971641543666
-2469.588500954324
-2367.989275642021
-2544.4551012089096
-2532.1310393136837
-2521.606509429924
-2445.4112892332614
-2352.3292058540233
-2563.3852770380727
-2552.082947728345
-2532.187628161921
-2480.2075756735285
-2369.2197678877433
-2472.898579458285
-2402.5293286259543
-2486.5254146372245
-2391.8820504960536
-2305.182527032363
[INFO][smbo.py:327] Finished 100 trials.
-2536.402678541539
-2544.3889404775996
-2543.2163908589305
-2453.490313049454
-2361.4545676593866
-2529.183980057106
-2533.2526598816353
-2536.88396716458
-2464.583160616544
-2370.02547734901
-2564.576195238285
-2548.9454033707116
-2536.4140156972244
-2455.2142637306483
-2385.418651732839
-2562.958018173449
-2519.838619984572
-2538.526603625131
-2460.9833728002227
-2369.590001063536
-2562.519266700297
-2566.074723778609
-2549.8766237490563
-2472.863810895002
-2376.3366447336075
-2553.251372208006
-2549.321630348515
-2548.4781297162303
-2463.305908914009
-2371.2726016182787
-2475.455276386656
-2464.0600448053287
-2505.0420462815955
-2390.587575277444
-2290.7405694971417
-2564.14082243414
-2545.2874891104243
-2525.4329102581137
-2458.3939609235667
-2353.291248928433
-2462.8080061174646
-2487.95790472683
-2511.486832991208
-2405.020320239747
-2284.5985843396106
-2548.113817623209
-2547.612222837799
-2545.988368552103
-2475.786951660753
-2381.0079409254677
-2548.113817623209
-2547.612222837799
-2545.988368552103
-2475.786951660753
-2381.0079409254677
-2573.72896748522
-2562.859599405001
-2548.0997678693484
-2473.3102483332314
-2364.242849229125
-2555.8571911269555
-2524.9276327338034
-2521.5231905869837
-2467.809757202706
-2379.5631075321535
-2552.8874600051513
-2559.063204304026
-2531.2473166788127
-2462.8770112486577
-2379.534411841786
-2562.519266700297
-2566.074723778609
-2549.8766237490563
-2472.863810895002
-2376.3366447336075
-2562.519266700297
-2566.074723778609
-2549.8766237490563
-2472.863810895002
-2376.3366447336075
-2450.0640924327313
-2450.4691283616507
-2518.7495919097782
-2390.7800246412235
-2273.790921423599
-2573.950478242546
-2543.284834224756
-2536.053278631571
-2466.818357970234
-2368.512104298402
-2558.6868571587115
-2550.8666544269186
-2537.8247199062926
-2449.3335265724977
-2372.8125637730122
-2573.950478242546
-2543.284834224756
-2536.053278631571
-2466.818357970234
-2368.512104298402
-2563.5234012842357
-2541.450644312247
-2538.1816593860444
-2468.9259240418587
-2368.253825805558
-2554.570349807219
-2552.6770702062386
-2540.72786723588
-2452.8997574349883
-2375.0967328673423
-2550.3740295333355
-2500.5500555456015
-2502.185042017009
-2435.4661153189227
-2328.0285378910266
-2562.519266700297
-2566.074723778609
-2549.8766237490563
-2472.863810895002
-2376.3366447336075
-2562.519266700297
-2566.074723778609
-2549.8766237490563
-2472.863810895002
-2376.3366447336075
-2562.519266700297
-2566.074723778609
-2549.8766237490563
-2472.863810895002
-2376.3366447336075
-2562.519266700297
-2566.074723778609
-2549.8766237490563
-2472.863810895002
-2376.3366447336075
-2572.8512877558514
-2547.7231987808123
-2547.0475212157967
-2471.9105564644806
-2352.7468677613588
-2554.7155494410736
-2555.7129564531565
-2543.893033844359
-2473.2074821125225
-2383.836468354485
-2354.5591388634607
-2362.3662010394605
-2477.920034770017
-2412.2982978793434
-2243.1522167822854
-2562.519266700297
-2566.074723778609
-2549.8766237490563
-2472.863810895002
-2376.3366447336075
-2562.519266700297
-2566.074723778609
-2549.8766237490563
-2472.863810895002
-2376.3366447336075
-2562.519266700297
-2566.074723778609
-2549.8766237490563
-2472.863810895002
-2376.3366447336075
-2525.376039791716
-2528.7861028484344
-2514.1437024016373
-2446.163903210807
-2367.0147039049007
-2562.519266700297
-2566.074723778609
-2549.8766237490563
-2472.863810895002
-2376.3366447336075
-2562.519266700297
-2566.074723778609
-2549.8766237490563
-2472.863810895002
-2376.3366447336075
-2562.519266700297
-2566.074723778609
-2549.8766237490563
-2472.863810895002
-2376.3366447336075
-2562.519266700297
-2566.074723778609
-2549.8766237490563
-2472.863810895002
-2376.3366447336075
-2562.519266700297
-2566.074723778609
-2549.8766237490563
-2472.863810895002
-2376.3366447336075
-2407.7757505452073
-2384.011598413738
-2495.4153459493045
-2388.6947342721987
-2259.4573373443413
-2562.519266700297
-2566.074723778609
-2549.8766237490563
-2472.863810895002
-2376.3366447336075
-2562.519266700297
-2566.074723778609
-2549.8766237490563
-2472.863810895002
-2376.3366447336075
-2562.519266700297
-2566.074723778609
-2549.8766237490563
-2472.863810895002
-2376.3366447336075
-2562.519266700297
-2566.074723778609
-2549.8766237490563
-2472.863810895002
-2376.3366447336075
-2571.6132059865904
-2533.6053863506013
-2548.3382501499764
-2461.0306595465418
-2377.289024898545
-2524.1717743569297
-2539.052884677295
-2525.923932129497
-2455.7533335700277
-2363.6507874695276
-2562.519266700297
-2566.074723778609
-2549.8766237490563
-2472.863810895002
-2376.3366447336075
-2465.165893633956
-2473.449100058766
-2517.2654389240606
-2441.8426173306707
-2292.6490862982882
-2382.4896084537277
-2450.895507554698
-2496.7258393817574
-2426.416036794243
-2303.6026195113095
-2527.7646253897533
-2526.213644724342
-2501.0947215469077
-2448.7375747994615
-2322.8062887472047
[INFO][smbo.py:327] Finished 150 trials.
-2562.519266700297
-2566.074723778609
-2549.8766237490563
-2472.863810895002
-2376.3366447336075
-2562.519266700297
-2566.074723778609
-2549.8766237490563
-2472.863810895002
-2376.3366447336075
-2562.3897930491044
-2563.275266476824
-2542.814948238422
-2470.6748475141976
-2380.701805184849
-2563.318120576195
-2565.5268745754283
-2554.378776791911
-2471.8118374031637
-2379.964957763197
[INFO][abstract_intensifier.py:596] Added config 4b6977 and rejected config 19fe15 as incumbent because it is not better than the incumbents on 1 instances: 
-2563.318120576195
-2565.5268745754283
-2554.378776791911
-2471.8118374031637
-2379.964957763197
-2563.318120576195
-2565.5268745754283
-2554.378776791911
-2471.8118374031637
-2379.964957763197
-2563.4430311341157
-2567.647592905932
-2546.1972078417043
-2472.8638654688757
-2376.413203403104
-2563.318120576195
-2565.5268745754283
-2554.378776791911
-2471.8118374031637
-2379.964957763197
-2424.699832297365
-2358.65537025051
-2444.23728050753
-2400.189288378673
-2258.3311873800903
-2563.4430311341157
-2567.647592905932
-2546.1972078417043
-2472.8638654688757
-2376.413203403104
-2473.4719904890767
-2453.4624847257583
-2516.7988875343012
-2420.5476255085873
-2294.7393786197617
-2563.4430311341157
-2567.647592905932
-2546.1972078417043
-2472.8638654688757
-2376.413203403104
-2553.219906347386
-2563.275266476824
-2540.960341073487
-2471.0307185825004
-2391.381163614431
-2563.318120576195
-2565.5268745754283
-2554.378776791911
-2471.8118374031637
-2379.964957763197
-2565.5591203850445
-2565.39409045647
-2547.095694759855
-2471.0307185825004
-2380.7783653453084
-2563.318120576195
-2565.5268745754283
-2554.378776791911
-2471.8118374031637
-2379.964957763197
-2455.754177016521
-2507.579428067972
-2520.3538512164087
-2383.836579390183
-2283.3747935659626
-2565.5591203850445
-2565.39409045647
-2547.095694759855
-2471.0307185825004
-2380.7783653453084
-2557.205099582201
-2548.3584669603524
-2541.4137147035326
-2471.6618572318307
-2356.4812978231434
-2556.782295633586
-2547.911773633334
-2541.169997531895
-2473.2516428386825
-2356.386211606261
-2563.318120576195
-2565.5268745754283
-2554.378776791911
-2471.8118374031637
-2379.964957763197
-2563.318120576195
-2565.5268745754283
-2554.378776791911
-2471.8118374031637
-2379.964957763197
-2465.295521464031
-2413.4786100623246
-2512.8088299876517
-2392.849876044992
-2253.486942358644
-2563.318120576195
-2565.5268745754283
-2554.378776791911
-2471.8118374031637
-2379.964957763197
-2563.318120576195
-2565.5268745754283
-2554.378776791911
-2471.8118374031637
-2379.964957763197
-2563.318120576195
-2565.5268745754283
-2554.378776791911
-2471.8118374031637
-2379.964957763197
-2563.318120576195
-2565.5268745754283
-2554.378776791911
-2471.8118374031637
-2379.964957763197
-2554.804111212042
-2502.766456603176
-2525.580944868874
-2438.817683537656
-2364.53771212681
-2556.3592276049694
-2555.36533092299
-2544.930753105794
-2473.7466152638444
-2381.9995543320742
-2542.9897786521005
-2533.5670240844693
-2532.336883971876
-2465.005003462065
-2366.945968894564
-2554.7224130670725
-2558.0470240132586
-2524.237934417505
-2465.573313736023
-2381.3838073641864
-2558.866476478557
-2552.9487976895243
-2552.715374570973
-2473.0658584857847
-2357.402460116127
-2557.5202162180813
-2526.149357387792
-2539.8386536101725
-2474.001966771494
-2369.1840448452776
-2587.560097729186
-2562.4444797532637
-2515.5608750932615
-2455.643612019717
-2382.782484990378
-2543.0342618029713
-2546.1126924635887
-2559.45673333124
-2442.1052329146773
-2337.0908646219755
-2562.1923465427762
-2557.184481298931
-2531.5813439432313
-2463.792049330048
-2375.3334554265057
-2553.0230198319964
-2552.86752216704
-2530.6828561414645
-2463.536684689447
-2377.5337318164356
-2548.0495547300093
-2562.8526800075065
-2552.035749337492
-2476.1527038023223
-2382.164008313421
-2556.4229360768695
-2546.523979122629
-2533.647506178796
-2470.6313552754327
-2368.9123344325194
-2558.300621481242
-2540.401089471238
-2528.5188530518762
-2463.5859471023136
-2377.6249090477154
-2555.3129819127644
-2549.275241105261
-2550.581119386842
-2460.718200819357
-2381.5424222852107
-2555.3129819127644
-2549.275241105261
-2550.581119386842
-2460.718200819357
-2381.5424222852107
-2562.7671713216114
-2532.0181551813657
-2548.5362148093686
-2465.825145193815
-2370.7125347255683
-2555.3129819127644
-2549.275241105261
-2550.581119386842
-2460.718200819357
-2381.5424222852107
-2469.961552082638
-2450.7872817101743
-2494.647418713084
-2384.2947167734937
-2315.697221289022
-2570.269409880664
-2541.1351860518726
-2538.1816598796017
-2469.2126932172837
-2369.1139853077293
-2563.318120576195
-2565.5268745754283
-2554.378776791911
-2471.8118374031637
-2379.964957763197
-2448.3744144482516
-2491.1514624833258
-2516.125740457792
-2400.418227237079
-2297.628431461158
-2560.88149462607
-2560.3069199591546
-2529.6834558708924
-2464.6466850364604
-2357.4755707629756
-2570.269409880664
-2541.1351860518726
-2538.1816598796017
-2469.2126932172837
-2369.1139853077293
[INFO][smbo.py:327] Finished 200 trials.
[INFO][smbo.py:335] Configuration budget is exhausted:
[INFO][smbo.py:336] --- Remaining wallclock time: inf
[INFO][smbo.py:337] --- Remaining cpu time: inf
[INFO][smbo.py:338] --- Remaining trials: 0
