Using file: ../data/ela_with_cma_and_algo_normalised/A1_data_5D/A1_B150_5D_ela_with_state.csv
[INFO][abstract_initial_design.py:87] Reducing the number of initial configurations from 60 to 50 (max_ratio == 0.25).
[INFO][abstract_initial_design.py:139] Using 50 initial design configurations and 0 additional configurations.
[INFO][abstract_intensifier.py:307] Using only one seed for deterministic scenario.
-2423.9813681165933
-2459.130754522033
-2489.710595137737
-2360.106507243083
-2303.5138538863966
[INFO][abstract_intensifier.py:517] Added config 26fdc2 as new incumbent because there are no incumbents yet.
-2466.114426851204
-2455.725238676472
-2497.4134444730657
-2358.0532958674366
-2336.5569814176342
[INFO][abstract_intensifier.py:596] Added config 8a205f and rejected config 26fdc2 as incumbent because it is not better than the incumbents on 1 instances: 
-2373.4921930272503
-2452.8216935916
-2508.6728406216926
-2370.0545847413105
-2299.8463927326675
-2489.041168116036
-2487.235137597833
-2479.3012012331383
-2366.3512472647394
-2314.956767646282
[INFO][abstract_intensifier.py:596] Added config 71b0a5 and rejected config 8a205f as incumbent because it is not better than the incumbents on 1 instances: 
-2494.033582579998
-2450.8852008221675
-2497.5217262651213
-2359.68641936977
-2337.867414261894
[INFO][abstract_intensifier.py:596] Added config 87cf8a and rejected config 71b0a5 as incumbent because it is not better than the incumbents on 1 instances: 
-2374.312878834576
-2352.167598692303
-2422.8939981014837
-2299.271494312299
-2236.802429036549
-2472.1243967459577
-2428.730838837023
-2485.171962913249
-2359.7566931667366
-2336.299418704537
-2415.700890248014
-2397.9047798699357
-2463.095734021031
-2362.0870082186575
-2286.399901120323
-2479.070988938881
-2482.0806726856267
-2522.8721321886605
-2356.486549293678
-2315.5722025581363
[INFO][abstract_intensifier.py:596] Added config b7ad6c and rejected config 87cf8a as incumbent because it is not better than the incumbents on 1 instances: 
-2422.2548684319536
-2449.5467189747324
-2465.5719390644
-2309.9171933207735
-2314.026832664219
-2474.90216841851
-2467.6387558902816
-2513.4882712718454
-2375.039001201756
-2286.6207216349403
-2373.8573222344703
-2446.133304807093
-2441.526483341043
-2290.4052040711385
-2285.6281391998896
-2448.3593822142557
-2475.8011218973106
-2487.423489212331
-2343.684636804803
-2304.9916372377106
-2480.5937608312524
-2454.5998947583785
-2513.085906181898
-2340.0288710919813
-2295.6895935697903
-2395.5242015663725
-2449.2693939857
-2509.0446708616573
-2363.0257800304853
-2277.208885625586
-2485.472859404631
-2471.5771827112944
-2496.271962863975
-2368.4711935356
-2318.332007696899
-2440.2056656417476
-2446.287324921065
-2504.8635935567463
-2302.259242958392
-2311.3392480329926
-2490.3701876355876
-2470.954155755171
-2512.1791248732866
-2355.4514572315734
-2320.912193364162
-2437.3918219481975
-2463.346368798767
-2496.2582744484866
-2348.8333939316854
-2313.802266152378
-2432.299413795073
-2413.5594974141086
-2508.3646338527337
-2325.5665316772365
-2286.638969263379
-2478.8971322852285
-2495.00876906061
-2529.042450938173
-2340.4249481276784
-2302.9072548790173
-2439.0924888785016
-2438.0420455263593
-2485.08510231798
-2364.83593307274
-2328.7979711127414
-2493.3653333762077
-2474.749762933339
-2511.501960593934
-2382.448350577407
-2322.0775271457396
[INFO][abstract_intensifier.py:596] Added config 2aa8be and rejected config b7ad6c as incumbent because it is not better than the incumbents on 1 instances: 
-2371.680479946304
-2418.797251545708
-2431.233018870351
-2301.7006966111903
-2261.8389178673483
-2479.160771652443
-2485.1373797398287
-2525.9969001849
-2361.7254231259326
-2339.930953785708
[INFO][abstract_intensifier.py:596] Added config 538526 and rejected config 2aa8be as incumbent because it is not better than the incumbents on 1 instances: 
-2333.326724091289
-2340.7740325954924
-2437.459852585125
-2290.323809334338
-2235.7153748633646
-2496.8483313768147
-2480.4933343021485
-2516.4783371150015
-2358.795025410086
-2341.8938195735054
[INFO][abstract_intensifier.py:596] Added config c6987a and rejected config 538526 as incumbent because it is not better than the incumbents on 1 instances: 
-2409.574825548636
-2420.396452494224
-2474.182951144916
-2336.990995410659
-2260.1271934774677
-2397.3319214147814
-2444.9916652093752
-2484.988983276247
-2376.136969670208
-2283.4003598665713
-2451.570613029083
-2464.200307969107
-2482.0582835777177
-2365.286472289398
-2320.9017326470057
-2425.5137378017344
-2472.567089599579
-2519.8300908613046
-2375.5034555450893
-2275.1782745445867
-2462.835811864346
-2469.7350932671534
-2511.076692472536
-2340.7326028228335
-2307.4001679514304
-2439.1119591473935
-2440.3797775658404
-2500.0898745608283
-2341.8050305199067
-2291.7418112398727
-2368.347642134948
-2392.7499360626844
-2455.99722571621
-2304.688825992892
-2270.4168599480286
-2475.32888375131
-2491.2358179341036
-2534.216336239194
-2371.4446542021806
-2344.7186502903014
[INFO][abstract_intensifier.py:596] Added config b5c0dd and rejected config c6987a as incumbent because it is not better than the incumbents on 1 instances: 
-2385.9196796385704
-2380.827881353028
-2457.785799105686
-2331.262034441414
-2253.700360206716
-2369.9257687566846
-2432.375892417831
-2509.580139292598
-2363.869330490709
-2312.1301219204984
-2504.6618162488826
-2456.446584588377
-2496.4226422137217
-2357.7586574476227
-2325.182797751736
-2466.9249269635748
-2470.213110645047
-2498.6134837547206
-2381.2400746857975
-2285.6370932274044
-2477.939742443416
-2467.7764725708716
-2525.797397502445
-2362.7272202797863
-2329.6247177995215
-2448.6780492149583
-2467.2220755557373
-2477.826822510553
-2330.832572943318
-2312.8723334599767
-2476.2711088698393
-2475.858772092033
-2496.1455453773324
-2364.4969335655724
-2328.197254170369
-2385.2506646105994
-2469.6308739066762
-2484.454507352884
-2333.4537746873357
-2301.414111320183
-2424.0216212427504
-2444.6373115401198
-2511.344618540777
-2354.3322438168225
-2285.752026387122
-2477.969593185104
-2469.249162077118
-2525.9372034673784
-2348.3723014907628
-2331.6852974356143
-2421.706987948914
-2451.8293141225627
-2468.9508000838573
-2316.8153154160154
-2296.920766667186
-2469.943125271614
-2467.9117384878277
-2516.559147282908
-2346.1821108123295
-2290.4382633224523
-2403.136705887073
-2399.3507350589944
-2480.653494260455
-2338.263644385176
-2277.96642822353
-2515.4279926409517
-2472.96203932127
-2523.6169786449386
-2371.980007902571
-2323.2273485835694
-2453.530300272875
-2467.6790304442775
-2476.8790493359256
-2353.5380545406388
-2310.307979323767
[INFO][smbo.py:327] Finished 50 trials.
-2497.500405815062
-2482.544762341631
-2532.4033906164423
-2347.906790860078
-2343.2013467980573
-2502.678752776144
-2479.906642344502
-2531.6178058410565
-2361.877315111965
-2323.015464318889
-2494.759278548915
-2487.297796205131
-2529.5522372758346
-2357.267943086841
-2320.2279068005855
-2485.010738090571
-2473.0393775779726
-2525.6996885670387
-2360.9256499007734
-2344.2627777120806
-2434.1453165766216
-2416.6771265477205
-2474.737934196248
-2333.416651371852
-2308.3998839098554
-2434.2585651461864
-2432.1988664630235
-2487.654190952981
-2355.1275041953504
-2322.7057322372066
-2453.7528906887037
-2473.8502362275012
-2503.116597196504
-2366.580989345694
-2303.9157975240073
-2483.1676817898697
-2473.3066005017345
-2524.723019819253
-2367.477912961226
-2334.4613069714997
-2502.525569639006
-2480.1012151038094
-2494.859183401681
-2352.3066181313648
-2336.5559362095405
-2488.959074418045
-2482.17776003716
-2525.340723110051
-2368.647051550658
-2325.5383789222597
-2474.728384913407
-2480.5923598457994
-2526.7998932009846
-2362.5995238841924
-2314.2259968404755
-2487.0687006111652
-2478.318941487713
-2522.2402697304187
-2359.0966364153037
-2337.967119984137
-2498.2769270341323
-2479.045089617727
-2528.393573813104
-2360.7758857278145
-2333.7256045672566
-2493.6108522837503
-2477.8661895995338
-2523.583797445358
-2364.302237065641
-2319.971254121197
-2388.585433568763
-2440.3369924249128
-2504.6552383489443
-2345.473608587148
-2279.74942353099
-2356.519599819259
-2316.579338102184
-2434.7157954685786
-2263.236867104396
-2256.845858621562
-2503.4416440057535
-2475.4856260492725
-2527.3384301574183
-2369.5509288610046
-2324.734990601082
-2500.8692078048007
-2480.0739271520206
-2522.856355081033
-2365.2928195574777
-2340.4503125137667
-2515.316476771147
-2477.2502663202004
-2525.2035754716985
-2362.5835078910804
-2325.272310618104
-2492.865508029849
-2474.013285559079
-2532.8705276210535
-2355.327918482356
-2343.0677040473624
-2505.081321892703
-2478.5110002055153
-2527.6021906135466
-2369.5509288610046
-2324.0516013258557
-2448.9752087017114
-2471.4673487178784
-2511.028770188447
-2376.103833278535
-2319.601200079717
-2515.316476771147
-2477.2502663202004
-2525.2035754716985
-2362.5835078910804
-2325.272310618104
-2492.900096518366
-2473.6723283972815
-2533.5983420143966
-2359.814740820962
-2343.2383676587524
-2500.75784992039
-2472.3872180253393
-2536.4676991690985
-2353.7356925810495
-2329.2094237343276
-2499.1574616827747
-2472.361380497753
-2531.7073167748586
-2367.0775537345116
-2336.014725722522
-2482.605057793935
-2477.4741302413104
-2524.813358878291
-2350.029916842015
-2333.1192846910985
-2501.0131223719063
-2472.405306272285
-2537.2572595699517
-2353.2045541196444
-2340.107508093505
-2489.5646615047567
-2482.6254348019256
-2533.3373847331736
-2354.617625571071
-2348.81269863256
-2441.480617187656
-2465.0687422529927
-2498.3910726557415
-2368.040163393228
-2300.5021771211505
-2499.1574616827747
-2472.361380497753
-2531.7073167748586
-2367.0775537345116
-2336.014725722522
-2506.530218500723
-2486.614496418583
-2525.3208281923507
-2363.7298864473833
-2343.6871026896224
[INFO][abstract_intensifier.py:596] Added config f6e95d and rejected config b5c0dd as incumbent because it is not better than the incumbents on 1 instances: 
-2383.2150375676183
-2394.884514925085
-2446.022102901913
-2297.261894783959
-2268.1275373692306
-2506.8620104925485
-2486.6269623011694
-2522.543790269238
-2363.4294533706216
-2343.2240374172093
-2493.914400210949
-2484.0279604336138
-2516.090272517471
-2366.654783207293
-2342.912638499197
-2506.8620104925485
-2486.6269623011694
-2522.543790269238
-2363.4294533706216
-2343.2240374172093
-2503.078346903473
-2474.5158226237195
-2528.272025988722
-2355.44571305743
-2333.1190069414506
-2454.052536121495
-2455.086592849436
-2500.757031281287
-2348.4962907556783
-2310.961349298508
-2502.6369576862853
-2473.894266191045
-2527.7052180905057
-2354.594089718591
-2342.901578499235
-2492.978718160299
-2483.010015164306
-2517.333037125708
-2352.0260439425256
-2343.3324465952337
-2478.11035260906
-2476.3708741723485
-2475.5141947518905
-2334.8373348111954
-2323.9191093161003
-2487.964568688416
-2468.349740330139
-2514.930142217843
-2355.338160029726
-2338.255096719113
-2384.36140738046
-2426.301739660988
-2437.201109312056
-2313.965295613886
-2293.4957353088116
-2487.8311585533006
-2468.349740316392
-2514.930142217843
-2349.8174384450895
-2337.652140995093
-2487.8311585533006
-2468.349740316392
-2514.930142217843
-2349.8174384450895
-2337.652140995093
-2513.4069870049193
-2482.001437143119
-2522.756179272864
-2345.433293455161
-2334.949515907072
-2502.209112283065
-2473.5060306345913
-2517.93441220539
-2365.488948648099
-2346.551918452847
-2484.8793689487525
-2463.9329314841075
-2512.3476865574553
-2352.565960373556
-2338.3242451343385
-2506.530218500723
-2486.614496418583
-2525.3208281923507
-2363.7298864473833
-2343.6871026896224
-2401.165698084413
-2400.6581888511178
-2493.298156713584
-2325.8701072277613
-2301.7441179869415
[INFO][smbo.py:327] Finished 100 trials.
-2506.530218500723
-2486.614496418583
-2525.3208281923507
-2363.7298864473833
-2343.6871026896224
-2506.530218500723
-2486.614496418583
-2525.3208281923507
-2363.7298864473833
-2343.6871026896224
-2506.530218500723
-2486.614496418583
-2525.3208281923507
-2363.7298864473833
-2343.6871026896224
-2506.530218500723
-2486.614496418583
-2525.3208281923507
-2363.7298864473833
-2343.6871026896224
-2506.530218500723
-2486.614496418583
-2525.3208281923507
-2363.7298864473833
-2343.6871026896224
-2424.627956321126
-2455.063273303536
-2485.1052586952287
-2365.4638285358124
-2304.841751197628
-2491.762109104707
-2459.4618255568053
-2524.435743079049
-2345.882896543059
-2313.521613439995
-2388.1199681381863
-2472.414184005129
-2491.5580160596764
-2354.0827573506267
-2298.1381973435186
-2475.9620819254123
-2476.3879282452367
-2529.9637064617373
-2343.677491413633
-2320.207494303622
-2490.2285337429216
-2481.948637080048
-2530.039939031507
-2357.564908035487
-2335.0424484521354
-2512.292963027711
-2484.149820094398
-2526.8963143050546
-2362.162353576039
-2318.2502858333173
-2506.530218500723
-2486.614496418583
-2525.3208281923507
-2363.7298864473833
-2343.6871026896224
-2492.978718160299
-2483.010015164306
-2517.333037125708
-2352.0260439425256
-2343.3324465952337
-2502.704214596514
-2473.5300658610754
-2528.0877121536605
-2348.3216132396406
-2334.805115905563
-2506.5395890720756
-2486.9667403023977
-2522.7821657488744
-2362.86211831393
-2343.029820263636
-2359.3186741174345
-2467.3642872013397
-2518.4567009198067
-2332.608699234448
-2268.322214010736
-2468.378105734306
-2469.7848762756203
-2507.4657756370525
-2372.8629770075495
-2291.482959749259
-2506.5395890720756
-2486.9667403023977
-2522.7821657488744
-2362.86211831393
-2343.029820263636
-2506.530218500723
-2486.614496418583
-2525.3208281923507
-2363.7298864473833
-2343.6871026896224
-2496.6557338696716
-2480.375743506233
-2496.654745934291
-2345.747598154755
-2351.061231740425
-2450.0989565970344
-2476.905987880097
-2519.1364354049215
-2328.7781401250654
-2288.726939563699
-2506.530218500723
-2486.614496418583
-2525.3208281923507
-2363.7298864473833
-2343.6871026896224
-2506.530218500723
-2486.614496418583
-2525.3208281923507
-2363.7298864473833
-2343.6871026896224
-2506.530218500723
-2486.614496418583
-2525.3208281923507
-2363.7298864473833
-2343.6871026896224
-2506.530218500723
-2486.614496418583
-2525.3208281923507
-2363.7298864473833
-2343.6871026896224
-2502.5478026426963
-2480.621548611247
-2524.2075752100955
-2348.117012934752
-2324.310552343886
-2506.530218500723
-2486.614496418583
-2525.3208281923507
-2363.7298864473833
-2343.6871026896224
-2378.0260559524068
-2415.158854600776
-2424.2705797788212
-2305.8589297654344
-2260.7172853574098
-2483.9180082587054
-2491.4119635716384
-2529.1470388226453
-2369.3800418356504
-2328.1917174116784
-2483.9180082587054
-2491.4119635716384
-2529.1470388226453
-2369.3800418356504
-2328.1917174116784
-2388.138879747864
-2456.396845575568
-2490.1140359058745
-2340.455188735758
-2304.086585391915
-2450.0764355520814
-2453.8727498388134
-2504.7624109193016
-2341.807873031723
-2304.1700558400466
-2447.280945043963
-2457.904634214331
-2486.617170814565
-2362.3737160416813
-2292.3858901453345
-2455.5956700081147
-2460.1137172023564
-2492.206236665344
-2348.6307544289366
-2291.6050213638337
-2400.77710857908
-2454.773940559036
-2494.3189811421917
-2358.21670455579
-2313.749458364842
-2392.20042732673
-2455.2221237583676
-2499.4617197871466
-2332.521470987709
-2303.948736712378
-2400.77710857908
-2454.773940559036
-2494.3189811421917
-2358.21670455579
-2313.749458364842
-2462.812602975829
-2456.4597339967668
-2492.5767309132416
-2334.741683986527
-2305.5400562525824
-2389.3002959745086
-2455.7343642888227
-2444.4055623976337
-2299.4384480080007
-2290.4165505042465
-2506.530218500723
-2486.614496418583
-2525.3208281923507
-2363.7298864473833
-2343.6871026896224
-2506.530218500723
-2486.614496418583
-2525.3208281923507
-2363.7298864473833
-2343.6871026896224
-2506.530218500723
-2486.614496418583
-2525.3208281923507
-2363.7298864473833
-2343.6871026896224
-2484.3942073853286
-2469.5671603040587
-2516.1296848406464
-2348.4516933963628
-2338.1938937121586
-2506.530218500723
-2486.614496418583
-2525.3208281923507
-2363.7298864473833
-2343.6871026896224
-2506.838567021131
-2486.816523066543
-2524.135810899741
-2362.7629786462926
-2343.2612263674896
-2506.838567021131
-2486.816523066543
-2524.135810899741
-2362.7629786462926
-2343.2612263674896
-2336.5578791783064
-2413.7924392057653
-2412.2538203908853
-2288.0828739073927
-2220.854861530768
-2458.279247762356
-2473.817074415761
-2504.331718341674
-2346.5382551657685
-2282.508025484681
-2421.293155028689
-2457.096862054501
-2513.4944027572055
-2374.03551619003
-2284.8327841634646
-2506.530218500723
-2486.614496418583
-2525.3208281923507
-2363.7298864473833
-2343.6871026896224
[INFO][smbo.py:327] Finished 150 trials.
-2506.530218500723
-2486.614496418583
-2525.3208281923507
-2363.7298864473833
-2343.6871026896224
-2503.8547818704383
-2486.9546956073264
-2520.453501885714
-2340.9676185313965
-2336.777475651206
-2486.1298586281373
-2481.0885570094842
-2528.486230392518
-2356.3843057831173
-2341.17308789172
-2503.8547818704383
-2486.9546956073264
-2520.453501885714
-2340.9676185313965
-2336.777475651206
-2506.530218500723
-2486.614496418583
-2525.3208281923507
-2363.7298864473833
-2343.6871026896224
-2484.3942073853286
-2469.5671603040587
-2516.1296848406464
-2348.4516933963628
-2338.1938937121586
-2484.3942073853286
-2469.5671603040587
-2516.1296848406464
-2348.4516933963628
-2338.1938937121586
-2436.8815114076497
-2453.597082878171
-2489.6276150418394
-2360.4649663101045
-2297.844573329119
-2492.978718160299
-2483.010015164306
-2517.333037125708
-2352.0260439425256
-2343.3324465952337
-2424.452820251759
-2428.170879399514
-2505.031812882105
-2342.614377659333
-2294.451004609559
-2505.7653922539967
-2483.129174300209
-2513.8886084139212
-2361.5725276079056
-2342.256734443204
-2505.7653922539967
-2483.129174300209
-2513.8886084139212
-2361.5725276079056
-2342.256734443204
-2506.530218500723
-2486.614496418583
-2525.3208281923507
-2363.7298864473833
-2343.6871026896224
-2506.530218500723
-2486.614496418583
-2525.3208281923507
-2363.7298864473833
-2343.6871026896224
-2506.530218500723
-2486.614496418583
-2525.3208281923507
-2363.7298864473833
-2343.6871026896224
-2387.172141828034
-2467.5999205219678
-2487.1180695071703
-2346.716473268191
-2290.948400622646
-2506.530218500723
-2486.614496418583
-2525.3208281923507
-2363.7298864473833
-2343.6871026896224
-2502.239394018268
-2477.6435545174268
-2512.158695389332
-2362.839137648643
-2341.0787431754143
-2506.67105215803
-2486.97034855275
-2524.1683235663213
-2362.7629786462926
-2342.6423224868877
-2506.838567021131
-2486.816523066543
-2524.135810899741
-2362.7629786462926
-2343.2612263674896
-2506.530218500723
-2486.614496418583
-2525.3208281923507
-2363.7298864473833
-2343.6871026896224
-2404.951123309813
-2450.4424270326067
-2500.8654198332997
-2349.095655538672
-2249.0866334315606
-2506.530218500723
-2486.614496418583
-2525.3208281923507
-2363.7298864473833
-2343.6871026896224
-2506.530218500723
-2486.614496418583
-2525.3208281923507
-2363.7298864473833
-2343.6871026896224
-2504.4307028718804
-2486.756655819402
-2521.8970633924478
-2365.4218875378947
-2342.067016840565
-2476.061879615987
-2475.3770748505876
-2514.0069792864742
-2372.3363919810254
-2339.7934581487716
-2450.4251646127254
-2459.257115786023
-2526.234768988911
-2354.925006370532
-2315.2157042410313
-2464.435404742442
-2480.574036839043
-2520.9210279933195
-2353.7491858530775
-2306.839964379791
-2506.530218500723
-2486.614496418583
-2525.3208281923507
-2363.7298864473833
-2343.6871026896224
-2503.569570373102
-2475.3701120904907
-2527.660570874469
-2358.6219041152817
-2342.480480831992
-2429.301198941308
-2454.751847004913
-2504.2896233684287
-2319.4547747595925
-2282.6818445670942
-2504.7549185672633
-2487.0929427308165
-2521.9641251035137
-2364.859720956657
-2345.1733260196265
-2502.0111020833183
-2478.355788987784
-2511.5017541642815
-2363.291169214176
-2341.2471212725613
-2502.0111020833183
-2478.355788987784
-2511.5017541642815
-2363.291169214176
-2341.2471212725613
-2502.0111020833183
-2478.355788987784
-2511.5017541642815
-2363.291169214176
-2341.2471212725613
-2462.502271970471
-2484.1619202989727
-2520.6776212119253
-2361.6194449137456
-2330.364188345525
-2506.530218500723
-2486.614496418583
-2525.3208281923507
-2363.7298864473833
-2343.6871026896224
-2506.530218500723
-2486.614496418583
-2525.3208281923507
-2363.7298864473833
-2343.6871026896224
-2506.530218500723
-2486.614496418583
-2525.3208281923507
-2363.7298864473833
-2343.6871026896224
-2506.530218500723
-2486.614496418583
-2525.3208281923507
-2363.7298864473833
-2343.6871026896224
-2506.530218500723
-2486.614496418583
-2525.3208281923507
-2363.7298864473833
-2343.6871026896224
-2506.530218500723
-2486.614496418583
-2525.3208281923507
-2363.7298864473833
-2343.6871026896224
-2484.3942073853286
-2469.5671603040587
-2516.1296848406464
-2348.4516933963628
-2338.1938937121586
-2453.315453073917
-2427.4789244302065
-2467.286615770673
-2327.2513817857607
-2311.943435771003
-2506.530218500723
-2486.614496418583
-2525.3208281923507
-2363.7298864473833
-2343.6871026896224
-2506.530218500723
-2486.614496418583
-2525.3208281923507
-2363.7298864473833
-2343.6871026896224
-2403.133758275909
-2458.6237139708146
-2499.709218799686
-2343.550458835354
-2267.4288567221906
-2506.530218500723
-2486.614496418583
-2525.3208281923507
-2363.7298864473833
-2343.6871026896224
-2506.530218500723
-2486.614496418583
-2525.3208281923507
-2363.7298864473833
-2343.6871026896224
-2506.530218500723
-2486.614496418583
-2525.3208281923507
-2363.7298864473833
-2343.6871026896224
[INFO][smbo.py:327] Finished 200 trials.
[INFO][smbo.py:335] Configuration budget is exhausted:
[INFO][smbo.py:336] --- Remaining wallclock time: inf
[INFO][smbo.py:337] --- Remaining cpu time: inf
[INFO][smbo.py:338] --- Remaining trials: 0
