Using file: ../data/ela_with_cma_and_algo_normalised/A1_data_5D/A1_B16_5D_ela_with_state.csv
[INFO][abstract_initial_design.py:87] Reducing the number of initial configurations from 60 to 50 (max_ratio == 0.25).
[INFO][abstract_initial_design.py:139] Using 50 initial design configurations and 0 additional configurations.
[INFO][abstract_intensifier.py:307] Using only one seed for deterministic scenario.
-2467.8263140191434
-2678.171299027643
-2524.827953615437
-2589.5333177644225
-2400.117923589778
[INFO][abstract_intensifier.py:517] Added config 26fdc2 as new incumbent because there are no incumbents yet.
-2535.3809573952567
-2653.79752465453
-2509.9387962057963
-2551.424633367687
-2439.7687771689916
[INFO][abstract_intensifier.py:596] Added config 8a205f and rejected config 26fdc2 as incumbent because it is not better than the incumbents on 1 instances: 
-2522.0880252113866
-2643.9654236328006
-2522.280239313548
-2547.7934866156074
-2364.3120806009533
-2538.2797390780947
-2676.228657800089
-2513.851613460748
-2557.9313040669113
-2464.5108570530824
[INFO][abstract_intensifier.py:596] Added config 71b0a5 and rejected config 8a205f as incumbent because it is not better than the incumbents on 1 instances: 
-2558.82904461132
-2659.0880902751583
-2530.2334009482493
-2549.5481617087044
-2462.5239376133354
[INFO][abstract_intensifier.py:596] Added config 87cf8a and rejected config 71b0a5 as incumbent because it is not better than the incumbents on 1 instances: 
-2437.4809920400853
-2521.1402951753817
-2415.4200577092615
-2461.1816209479375
-2369.4695096757505
-2543.078867451377
-2639.2307539849717
-2530.512006621367
-2584.122052758353
-2430.5948795034374
-2496.6675880885523
-2636.2047951910686
-2483.231687183141
-2506.774736711764
-2402.8378878839376
-2548.182878474553
-2638.987284416942
-2521.0752050913534
-2582.2921943884985
-2447.0065185220556
-2461.4968307231343
-2616.692746451606
-2500.311471963165
-2583.4151769204645
-2423.1341628235677
-2542.194640555779
-2678.1862990110553
-2522.9343401635297
-2577.1030324158655
-2436.0052303999073
-2455.6230850284073
-2569.199385978506
-2444.6541030374856
-2493.504107866879
-2441.013177694486
-2514.9331157734932
-2640.5821803811546
-2550.638348296622
-2573.9809673336204
-2455.7627578104375
-2511.9640625601232
-2654.3319789163565
-2502.684716104437
-2603.2100287269204
-2433.8724361536597
-2495.50248672596
-2645.0585736401795
-2509.056901580333
-2560.2959832084207
-2432.433671563716
-2504.7167855901425
-2681.3574690601436
-2525.7345813043726
-2574.8792151824236
-2445.724366754848
-2498.743170333001
-2644.83966262431
-2537.208886122628
-2578.8390476696386
-2430.344610929024
-2521.162854603903
-2667.7370390681754
-2533.943435404858
-2544.866945749979
-2437.1633195208115
-2527.084790205476
-2631.809599073949
-2534.569608421626
-2550.4159616529596
-2448.3093731778818
-2484.6913212786717
-2640.1292427572653
-2488.4557893957335
-2528.740001376223
-2396.2880521418733
-2516.1365845369037
-2645.5282014556633
-2543.076373202618
-2508.4170626877467
-2449.227652902414
-2493.346713200699
-2622.8906969642594
-2483.458964312429
-2571.774399055091
-2432.9800117992945
-2553.34608229908
-2658.586731332605
-2537.1427407795763
-2556.3149466488526
-2439.6850469915025
-2442.7448325805954
-2527.2453821562635
-2403.160869551901
-2518.2120538632557
-2405.934338022681
-2530.844779514401
-2678.8475720611264
-2539.9636598208704
-2567.0355376411912
-2468.522664419338
[INFO][abstract_intensifier.py:596] Added config 538526 and rejected config 87cf8a as incumbent because it is not better than the incumbents on 1 instances: 
-2377.310298712956
-2501.16686405404
-2341.7035037289033
-2375.9091305717893
-2349.422585827221
-2563.2432550617555
-2650.4997990828747
-2518.9144019344776
-2579.0210498491906
-2453.489251041672
-2519.806600072391
-2639.3531614912663
-2498.3913563300575
-2511.038745725875
-2433.591991283312
-2510.114715655333
-2633.132838058666
-2569.65167019381
-2589.90853732894
-2408.995160728218
-2520.3536590759754
-2651.8114357644918
-2477.9829582903703
-2589.2462542812445
-2450.423206606512
-2482.1974613165976
-2672.420382078076
-2517.6837691879095
-2557.3934699428573
-2409.2354927997853
-2512.0551239680217
-2652.5005203478695
-2527.5699012153596
-2575.358294997481
-2442.5969847747247
-2502.242428329446
-2673.7653771605537
-2544.231207555289
-2555.0674633355966
-2450.040567131905
-2472.3779328289365
-2534.905951493038
-2443.0103319601935
-2471.335256645737
-2387.485096124632
-2544.504131515173
-2654.6990858048594
-2534.7377928591577
-2632.1713452792847
-2440.1273143457443
[INFO][abstract_intensifier.py:596] Added config b5c0dd and rejected config 538526 as incumbent because it is not better than the incumbents on 1 instances: 
-2417.335806050595
-2596.78736080448
-2465.300874308142
-2541.1370719114466
-2415.408789931379
-2460.9205111391093
-2610.601743048682
-2469.545334089059
-2503.7685146292697
-2389.0806481307427
-2512.1770516705383
-2673.8567905298696
-2506.007523300834
-2545.322612780879
-2457.4619787367783
-2531.1085909428575
-2662.488181701571
-2523.342766541699
-2543.282787636914
-2436.404030780647
-2530.9964896432894
-2651.6649713475254
-2522.786216617401
-2600.76996089146
-2453.867996312379
-2516.7737280796455
-2613.4929042380386
-2518.6401086845367
-2581.025102437595
-2453.4463819556686
-2527.008316640047
-2665.813314101138
-2531.110253805811
-2552.5916803204905
-2449.6896307189345
-2503.043800987678
-2582.2944105586275
-2516.287339428303
-2554.0077149540266
-2413.080793856593
-2498.9326606404825
-2610.8226420964825
-2508.660584130244
-2492.3687269352013
-2441.0893986135106
-2551.369429640737
-2661.5180580104297
-2527.8561953216517
-2619.760310505754
-2439.4877336300237
-2473.235965204694
-2603.0226115809332
-2475.1251609072897
-2541.7471369151244
-2442.182494527556
-2511.422586251422
-2674.574412901928
-2515.8737647509797
-2555.955474127733
-2435.6652852052666
-2453.140224788261
-2559.413931694613
-2480.016316549877
-2532.7553889459105
-2429.7334486608647
-2560.2802541840565
-2652.854834392663
-2531.856662632873
-2587.621975061875
-2438.1323356635035
-2520.2373471308674
-2648.9942457427614
-2474.5872115043576
-2575.2680255850455
-2432.1674666954905
[INFO][smbo.py:327] Finished 50 trials.
-2527.9136894501694
-2671.2888825036466
-2541.229392252545
-2634.1745322108713
-2436.308575417388
[INFO][abstract_intensifier.py:596] Added config 3592a8 and rejected config b5c0dd as incumbent because it is not better than the incumbents on 1 instances: 
-2527.9136894501694
-2671.2888825036466
-2541.229392252545
-2634.1745322108713
-2436.308575417388
-2544.9212043281796
-2666.567595958828
-2530.163016135566
-2610.192574246144
-2442.2450668985985
-2525.905008331537
-2656.8482873739504
-2526.989566244135
-2593.06939296525
-2447.8572839390285
-2522.3190334262417
-2641.5429221745103
-2489.9703702266033
-2543.750136703684
-2421.547707327044
-2506.798752383315
-2642.399351577045
-2517.3470743859634
-2601.757401071258
-2414.136704743738
-2503.062319993025
-2640.078382149827
-2533.563029481561
-2558.471345330319
-2435.989821743346
-2534.969187923606
-2668.4222074041904
-2534.791924937192
-2632.2284148240315
-2436.1921050726296
-2549.8509922135636
-2664.7086107897867
-2535.426295974965
-2622.3684136816823
-2433.914362733315
-2527.800123489995
-2665.4352037756626
-2548.543973482977
-2631.495826512587
-2441.7483727963627
[INFO][abstract_intensifier.py:596] Added config bde235 and rejected config 3592a8 as incumbent because it is not better than the incumbents on 1 instances: 
-2548.874016574273
-2655.95039975061
-2510.739631169959
-2558.7098644507723
-2441.0371243538966
-2508.398582417736
-2667.536896399174
-2535.0785710318014
-2591.4342285847147
-2446.3910615046243
-2529.7502984642615
-2645.6463054790474
-2528.4652192845974
-2638.9542250783734
-2440.7233588960826
-2531.328758360947
-2670.4029776040675
-2515.730427042402
-2631.322820051226
-2440.20309981101
-2461.3547209714707
-2622.4138086783323
-2495.1409787251214
-2535.2721634261115
-2395.886349327382
-2442.3789625694385
-2442.1152690254703
-2365.254976083606
-2373.210099021901
-2347.266924407272
-2521.6676490885757
-2664.159980437563
-2523.6147588232107
-2608.515584829376
-2447.591925224176
-2555.9035589053515
-2657.35982308288
-2512.8728671168255
-2611.431621271769
-2436.01673580208
-2521.0839529784134
-2664.159980437563
-2524.9553549155044
-2605.667585964886
-2446.821359278097
-2531.1431326270667
-2667.514558181206
-2538.5447542984157
-2613.147895764945
-2428.1015544172487
-2521.0839529784134
-2664.159980437563
-2523.243356378056
-2609.4717133754652
-2447.59192522417
-2518.416240781568
-2669.3596203278353
-2536.340103697953
-2564.467569733064
-2429.4848921759294
-2530.654641253185
-2667.5931695404997
-2519.950364776678
-2615.6138912685556
-2430.6657540686037
-2535.6965456444227
-2667.4519106753223
-2527.971684821443
-2598.3511538321513
-2441.3657546011536
-2530.1352833629285
-2663.2461193960235
-2529.6021049835017
-2622.7483400183487
-2439.665984575401
-2531.266792880311
-2662.3588265199323
-2531.042816855387
-2619.9003405873673
-2439.665984575401
-2561.613413008785
-2641.1015816153517
-2516.087333334339
-2578.3613966752837
-2441.8674901846284
-2530.881942939022
-2653.6839142146437
-2516.406640115842
-2620.0746076477317
-2432.5434704917216
-2530.3579676687914
-2655.951178326438
-2542.37780121069
-2628.2723987124045
-2444.23830836422
-2500.8707453730867
-2636.026217813405
-2513.754691323019
-2553.408087480888
-2441.182545016386
-2536.0481257447427
-2665.45852969898
-2527.918147198622
-2622.327582750312
-2440.516930540489
-2532.277672800257
-2657.604909139325
-2543.9802973874716
-2597.722247852766
-2444.4297570368926
-2450.306767087407
-2556.1940923297325
-2381.829006688283
-2475.0336874667037
-2381.5697964987576
-2527.800123489995
-2665.4352037756626
-2548.543973482977
-2631.495826512587
-2441.7483727963627
-2530.427663170374
-2667.885146808698
-2535.170972570236
-2607.583389159493
-2443.338103220003
-2545.8437469147752
-2669.465700550064
-2535.318813992889
-2603.006062472851
-2442.2450657170875
-2537.9739661572094
-2643.252652780305
-2527.928997372582
-2611.5731227930773
-2441.0896613747977
-2531.9553538005625
-2630.290655274902
-2553.309392168129
-2568.2133311540956
-2444.703476470756
-2557.9005959512933
-2663.9356801414233
-2534.685706568949
-2628.8891631817796
-2436.2181063610174
[INFO][abstract_intensifier.py:596] Added config 1f44d9 and rejected config bde235 as incumbent because it is not better than the incumbents on 1 instances: 
-2525.8014092594385
-2661.113838013183
-2504.1180624865437
-2630.391893194375
-2434.0504589996335
-2520.2304877350807
-2647.5859391870827
-2521.3594171747955
-2576.9685503962864
-2457.391217107261
-2557.9005959512933
-2663.9356801414233
-2534.685706568949
-2628.8891631817796
-2436.2181063610174
-2446.467071834374
-2552.1073916341293
-2441.4206356632217
-2518.5677443502664
-2436.9765271030183
-2537.9621666490475
-2667.5794497089073
-2549.045580470379
-2634.0555878831883
-2440.977897598407
[INFO][abstract_intensifier.py:596] Added config 04a288 and rejected config 1f44d9 as incumbent because it is not better than the incumbents on 1 instances: 
-2532.247049254587
-2656.5194019641503
-2523.119537143786
-2634.520316518329
-2437.8195460488364
-2557.9005959512933
-2663.9356801414233
-2534.685706568949
-2628.8891631817796
-2436.2181063610174
-2537.9621666490475
-2667.5794497089073
-2549.045580470379
-2634.0555878831883
-2440.977897598407
-2537.9621666490475
-2667.5794497089073
-2549.045580470379
-2634.0555878831883
-2440.977897598407
-2537.9621666490475
-2667.5794497089073
-2549.045580470379
-2634.0555878831883
-2440.977897598407
-2485.273316648397
-2630.2153587889998
-2455.402261009377
-2534.3349494600807
-2406.3427802993824
[INFO][smbo.py:327] Finished 100 trials.
-2537.9621666490475
-2667.5794497089073
-2549.045580470379
-2634.0555878831883
-2440.977897598407
-2537.9621666490475
-2667.5794497089073
-2549.045580470379
-2634.0555878831883
-2440.977897598407
-2537.9621666490475
-2667.5794497089073
-2549.045580470379
-2634.0555878831883
-2440.977897598407
-2537.9621666490475
-2667.5794497089073
-2549.045580470379
-2634.0555878831883
-2440.977897598407
-2537.9621666490475
-2667.5794497089073
-2549.045580470379
-2634.0555878831883
-2440.977897598407
-2537.9621666490475
-2667.5794497089073
-2549.045580470379
-2634.0555878831883
-2440.977897598407
-2493.920259965814
-2632.6209991787437
-2497.8082379430575
-2559.7213792993516
-2412.016289706883
-2534.965190923475
-2658.817530362471
-2545.0009250388975
-2593.907165643072
-2438.8814972392533
-2522.896970949064
-2611.4484181414336
-2553.372011638243
-2551.577166419736
-2447.5054646758763
-2561.7947052223353
-2613.510862603284
-2555.625392628882
-2601.4173825552766
-2423.2253123397754
-2537.2577762901956
-2642.4646340336662
-2557.68024564755
-2616.5232597402137
-2434.8204353246692
-2537.0117686819485
-2658.802996244071
-2524.0732417714466
-2583.0815640009323
-2422.9431430950776
-2525.6260658101282
-2665.902066708304
-2520.9202646572226
-2627.1608949241163
-2442.4279427625124
-2528.673022299714
-2676.050111052966
-2552.669167301895
-2643.498965306273
-2430.1348354693637
[INFO][abstract_intensifier.py:596] Added config d3671a and rejected config 04a288 as incumbent because it is not better than the incumbents on 1 instances: 
-2521.0029046777827
-2664.755649375226
-2512.066330166926
-2604.5585146515405
-2425.473718763076
-2522.0750104390186
-2648.1201504654146
-2501.9855790377715
-2591.1342592608707
-2425.473718763076
-2487.694593406761
-2626.177844318331
-2460.047566876229
-2499.4951567951866
-2418.6660052196735
-2492.1858522212697
-2621.3495700966805
-2482.6053056629225
-2594.5233176130314
-2424.815027780635
-2559.9921313388886
-2650.2461430656367
-2497.2009481922023
-2581.962042809625
-2441.8854448640514
-2525.5166471995503
-2661.906180761363
-2490.4446709999515
-2591.2687027905476
-2425.090517232657
-2490.091032718828
-2612.1384489732754
-2489.743822731671
-2582.2748560543814
-2420.1411814772114
-2545.796919805496
-2640.109177745817
-2523.1427644795476
-2560.6258864885613
-2439.6751417840287
-2541.8863320695696
-2621.2350180914254
-2519.568904040473
-2566.2883589939456
-2443.364261703486
-2534.332862746964
-2660.154617320827
-2528.5842806560167
-2636.7758651013655
-2429.552331046741
-2535.8989939115913
-2657.4559458029985
-2526.938083740538
-2638.1307057587105
-2429.552331046741
-2535.8989939115913
-2656.9336556828066
-2526.938083740538
-2638.1307057587105
-2432.319824950313
-2535.8989939115913
-2656.9336556828066
-2526.938083740538
-2638.1307057587105
-2432.319824950313
-2534.323324873255
-2670.542388216096
-2508.4970303244063
-2623.0750965655775
-2441.680587057285
-2528.946553439469
-2672.5596345571657
-2555.563062874763
-2648.5613556167427
-2430.1348354693637
[INFO][abstract_intensifier.py:596] Added config cb9192 and rejected config d3671a as incumbent because it is not better than the incumbents on 1 instances: 
-2388.394958944592
-2512.2380824153825
-2415.483549809258
-2470.8978988044814
-2389.100764623304
-2538.4260917045403
-2665.34005839951
-2548.457957934044
-2651.142443510256
-2435.613773283114
[INFO][abstract_intensifier.py:596] Added config 1fb8db and rejected config cb9192 as incumbent because it is not better than the incumbents on 1 instances: 
-2528.673022299714
-2675.485676212893
-2556.7236260939494
-2635.228428643195
-2430.1348354693637
-2540.8663461091023
-2674.047312550745
-2544.912819370609
-2604.788593518984
-2435.9275018282965
-2503.940020597206
-2635.7588918881665
-2520.69508345086
-2562.7928882730384
-2443.4732944389084
-2540.8663461091023
-2674.047312550745
-2544.912819370609
-2604.788593518984
-2435.9275018282965
-2528.673022299714
-2676.050111052966
-2552.669167301895
-2643.498965306273
-2430.1348354693637
-2529.7427397636957
-2676.1361777908037
-2558.521605759162
-2645.2340982337987
-2430.700608740473
[INFO][abstract_intensifier.py:596] Added config 5574d9 and rejected config 1fb8db as incumbent because it is not better than the incumbents on 1 instances: 
-2528.673022299714
-2675.485676212893
-2556.7236260939494
-2635.228428643195
-2430.1348354693637
-2538.269769671121
-2664.4540321849095
-2546.914761258957
-2653.448085450044
-2435.613773283032
-2538.4260917045403
-2665.34005839951
-2548.457957934044
-2651.142443510256
-2435.613773283114
-2472.818530541636
-2593.200167796369
-2468.3785515212476
-2504.337144896412
-2413.840539648543
-2545.2731941159705
-2659.4542704521823
-2529.602329986036
-2637.1616529864386
-2439.418749544163
-2534.008853602349
-2665.34005839951
-2548.457957934044
-2638.04689211865
-2429.588852154423
-2538.269769671121
-2664.4540321849095
-2546.914761258957
-2653.448085450044
-2435.613773283032
-2538.269769671121
-2664.4540321849095
-2546.914761258957
-2653.448085450044
-2435.613773283032
-2528.673022299714
-2675.485676212893
-2556.7236260939494
-2635.228428643195
-2430.1348354693637
-2532.7120922667636
-2678.1032695761733
-2547.5648669282327
-2647.5397401739633
-2429.4680761536893
-2532.7120922667636
-2678.1032695761733
-2547.5648669282327
-2647.5397401739633
-2429.4680761536893
-2509.677570381351
-2642.148396710572
-2491.8944588943964
-2565.792594922039
-2425.1366254419145
-2463.2856051078797
-2641.3025544862194
-2491.714649277585
-2549.6737261840954
-2408.8250034698585
[INFO][smbo.py:327] Finished 150 trials.
-2515.3753602968445
-2646.8978791584877
-2525.3644696684933
-2549.145190786356
-2444.200182267114
-2533.7818274430247
-2675.657392619911
-2550.309699146434
-2647.5397401739633
-2430.700608740473
-2533.7818274430247
-2675.657392619911
-2550.309699146434
-2647.5397401739633
-2430.700608740473
-2532.7120922667636
-2678.1032695761733
-2547.5648669282327
-2647.5397401739633
-2429.4680761536893
-2529.7427397636957
-2676.1361777908037
-2558.521605759162
-2645.2340982337987
-2430.700608740473
-2529.7427397636957
-2676.1361777908037
-2558.521605759162
-2645.2340982337987
-2430.700608740473
-2538.4260917045403
-2665.34005839951
-2548.457957934044
-2651.142443510256
-2435.613773283114
-2538.269769671121
-2665.34005839951
-2546.629190142034
-2653.448085450044
-2435.613773283032
-2538.269769671121
-2665.34005839951
-2546.629190142034
-2653.448085450044
-2435.613773283032
-2479.1616983187864
-2553.2875723664474
-2451.0029111400145
-2472.2174674531343
-2423.1343678197472
-2538.4260917045403
-2665.34005839951
-2548.457957934044
-2651.142443510256
-2435.613773283114
-2519.7739349920007
-2662.0492981139696
-2498.9057475547033
-2542.1421247983635
-2455.5634350722294
-2540.718714381963
-2680.4297733588555
-2537.003924986322
-2619.4313026618192
-2433.677222926307
-2525.6260658101282
-2665.902066708304
-2520.9202646572226
-2627.1608949241163
-2442.4279427625124
-2533.408461974462
-2661.046709129671
-2528.5842806560167
-2626.7586673121696
-2429.552331046741
-2540.718714381963
-2680.4297733588555
-2537.003924986322
-2619.4313026618192
-2433.677222926307
-2529.7427397636957
-2676.1361777908037
-2558.521605759162
-2645.2340982337987
-2430.700608740473
-2483.981240395122
-2626.7038150462568
-2518.174584762588
-2555.732072261112
-2420.3186163825994
-2549.9421217595655
-2659.801771093965
-2521.085752154626
-2636.98955058715
-2435.9092648120504
-2544.0486367807343
-2666.6305540303183
-2527.13310651254
-2626.103128644574
-2433.093932978145
-2529.7427397636957
-2676.1361777908037
-2558.521605759162
-2645.2340982337987
-2430.700608740473
-2529.7427397636957
-2676.1361777908037
-2558.521605759162
-2645.2340982337987
-2430.700608740473
-2529.7427397636957
-2676.1361777908037
-2558.521605759162
-2645.2340982337987
-2430.700608740473
-2481.5987390046344
-2589.5000223564484
-2479.3865535710775
-2512.817138339843
-2414.7080432627126
-2529.7427397636957
-2676.1361777908037
-2558.521605759162
-2645.2340982337987
-2430.700608740473
-2527.6975318536765
-2670.706291051441
-2554.3340540599083
-2647.101543510241
-2430.1348354693637
-2538.77499805789
-2666.6790783595943
-2534.763538209957
-2609.0842255781995
-2439.701937585124
-2541.7700591584808
-2674.5399485382486
-2554.1239346269294
-2615.265722363857
-2436.023775927805
-2530.730587933077
-2633.3792632334525
-2550.5856575685516
-2549.4374788752775
-2463.057271663377
-2529.7427397636957
-2676.1361777908037
-2558.521605759162
-2645.2340982337987
-2430.700608740473
-2529.7427397636957
-2676.1361777908037
-2558.521605759162
-2645.2340982337987
-2430.700608740473
-2542.798379793422
-2663.032760456237
-2527.035428102808
-2619.4849355383567
-2440.08352380898
-2545.2935217555764
-2659.4065379471726
-2548.3584384944616
-2574.8950136948615
-2447.0728709914856
-2529.7427397636957
-2676.1361777908037
-2558.521605759162
-2645.2340982337987
-2430.700608740473
-2529.7427397636957
-2676.1361777908037
-2558.521605759162
-2645.2340982337987
-2430.700608740473
-2529.7427397636957
-2676.1361777908037
-2558.521605759162
-2645.2340982337987
-2430.700608740473
-2552.076759165591
-2661.33494836883
-2521.627851835253
-2617.520903983752
-2438.528436088718
-2529.7427397636957
-2676.1361777908037
-2558.521605759162
-2645.2340982337987
-2430.700608740473
-2555.8142860265425
-2671.4701526924996
-2542.016497318854
-2618.881374604604
-2428.6310183206656
-2539.438703250728
-2649.97888162767
-2544.941845414472
-2605.098348624191
-2436.9770710168787
-2551.4176354149267
-2661.931953319031
-2521.9809081374588
-2625.9854750071536
-2443.7051862446347
-2552.54497142609
-2673.050493943853
-2547.3437467504923
-2611.2298178306987
-2447.195143616283
-2549.9421217595655
-2659.801771093965
-2521.085752154626
-2636.98955058715
-2435.9092648120504
-2554.0123620629656
-2679.3921462860567
-2536.249480970653
-2627.1028919246273
-2443.2378261415856
-2529.7427397636957
-2676.1361777908037
-2558.521605759162
-2645.2340982337987
-2430.700608740473
-2390.1791469974314
-2483.079206982066
-2389.8412628453657
-2391.9106785416666
-2325.5323258711624
-2528.673022299714
-2675.485676212893
-2556.7236260939494
-2635.228428643195
-2430.1348354693637
-2533.408461974462
-2661.046709129671
-2528.5842806560167
-2626.7586673121696
-2429.552331046741
-2435.6468466959386
-2539.0611535866014
-2399.1992520873387
-2490.7341883721656
-2370.0343495771785
-2533.408461974462
-2661.046709129671
-2528.5842806560167
-2626.7586673121696
-2429.552331046741
[INFO][smbo.py:327] Finished 200 trials.
[INFO][smbo.py:335] Configuration budget is exhausted:
[INFO][smbo.py:336] --- Remaining wallclock time: inf
[INFO][smbo.py:337] --- Remaining cpu time: inf
[INFO][smbo.py:338] --- Remaining trials: 0
