Using file: ../data/ela_with_cma_and_algo_normalised/A1_data_5D/A1_B200_5D_ela_with_state.csv
[INFO][abstract_initial_design.py:87] Reducing the number of initial configurations from 60 to 50 (max_ratio == 0.25).
[INFO][abstract_initial_design.py:139] Using 50 initial design configurations and 0 additional configurations.
[INFO][abstract_intensifier.py:307] Using only one seed for deterministic scenario.
-2398.0850190005194
-2438.8540461672264
-2454.1743046484494
-2341.3905478100473
-2256.8933132587485
[INFO][abstract_intensifier.py:517] Added config 26fdc2 as new incumbent because there are no incumbents yet.
-2490.070582597653
-2454.51579985885
-2447.158825399185
-2391.606707835929
-2304.9606252415488
[INFO][abstract_intensifier.py:596] Added config 8a205f and rejected config 26fdc2 as incumbent because it is not better than the incumbents on 1 instances: 
-2391.8713013088427
-2428.1433158541663
-2461.0617371786657
-2332.4511436032817
-2293.487622085093
-2455.5715905254224
-2461.8825246948745
-2457.1060242713775
-2363.2066365050237
-2310.4043689431182
-2476.0535295496447
-2427.9433887810687
-2461.6334295195506
-2349.4245642280084
-2317.462535880228
-2338.6235897662186
-2329.1735060733304
-2383.221887847769
-2298.0591480295907
-2223.8064190970645
-2474.2893929134766
-2416.372303700233
-2432.819874616893
-2364.3713260907625
-2291.9650757920685
-2355.5904804259285
-2379.348397892949
-2425.9182770666316
-2329.11139713945
-2253.4968721867554
-2487.1748406312463
-2476.404297310977
-2432.522394831426
-2369.257688160194
-2323.5464410592426
[INFO][abstract_intensifier.py:596] Added config b7ad6c and rejected config 8a205f as incumbent because it is not better than the incumbents on 1 instances: 
-2385.268637137383
-2408.907772713202
-2425.3920643171714
-2352.9087034175013
-2262.523024838127
-2461.5275199257508
-2456.713650529815
-2486.7086715595615
-2370.477390509637
-2306.1537749090667
-2358.6250443404606
-2385.4707920826886
-2423.713959897136
-2357.380693575964
-2239.8996471665782
-2450.9912292781905
-2432.151005819293
-2463.407530086058
-2355.088241665134
-2297.6712504141005
-2457.908036256841
-2456.668795206226
-2442.0845781747025
-2365.508474428161
-2300.440221984727
-2384.4636199978386
-2433.6652423441537
-2448.6215376384293
-2321.7034293066854
-2258.613873298231
-2476.4706296642885
-2450.673068631915
-2477.476786842045
-2324.8213428805116
-2288.1981063370035
-2422.224860140514
-2435.7229896462413
-2456.7975314071227
-2329.1283758564605
-2247.176739727771
-2479.8157368200173
-2454.528559478107
-2467.1383041238923
-2373.899017138692
-2336.4430423148024
[INFO][abstract_intensifier.py:596] Added config 46b4e3 and rejected config b7ad6c as incumbent because it is not better than the incumbents on 1 instances: 
-2387.3997529295398
-2424.8509747443177
-2449.2567404483752
-2344.1329979182938
-2277.4576660762573
-2361.3415775805565
-2400.0042436796116
-2442.2021209710956
-2345.920010855762
-2267.1145058322345
-2461.020619535579
-2419.8208790261124
-2455.469762675351
-2360.650085661019
-2313.3677121452333
-2412.86009385269
-2434.2751899312666
-2460.1175009327144
-2331.015883998505
-2253.1418437691873
-2462.539901704057
-2440.9850408348984
-2468.752823838726
-2394.5018669330534
-2300.0881536590114
-2328.255406817765
-2377.621423936268
-2410.456046015321
-2333.746577806114
-2238.081530734077
-2456.624250482336
-2464.8866752691442
-2469.1699602492217
-2364.8154573154416
-2297.6504981057747
-2306.3507997101624
-2383.2594701964035
-2366.688548856967
-2253.919880325373
-2227.128355429811
-2490.7397761815446
-2464.272307908045
-2442.1414233585588
-2377.203189416301
-2314.273389874056
-2356.667240141159
-2423.9910758182746
-2432.7357009833627
-2339.1362760536626
-2260.0643758294423
-2382.0509721785797
-2428.463933396928
-2436.3576903378485
-2339.0624812303654
-2276.7120485440137
-2427.9913836859714
-2429.3212403932857
-2436.686167929697
-2356.9067037506793
-2278.8552544241247
-2381.105892378953
-2435.939622555673
-2459.889999848653
-2342.744573674919
-2274.4585283364495
-2480.871575976981
-2465.3158084032057
-2472.3274727926037
-2365.3545103764955
-2314.147026622189
-2410.6209408506693
-2447.0743619443892
-2450.120586602557
-2334.30506678898
-2307.448125134862
-2375.2177677037116
-2399.4275287342034
-2379.1654700057043
-2317.4254720012063
-2247.217113870307
-2504.8420573048734
-2465.9814267703714
-2484.2325040435626
-2381.2695835624304
-2310.5049815635984
[INFO][abstract_intensifier.py:596] Added config b5c0dd and rejected config 46b4e3 as incumbent because it is not better than the incumbents on 1 instances: 
-2365.418233065492
-2345.8442104962546
-2417.7875398947826
-2302.732324668067
-2226.5340077104133
-2370.126160273303
-2424.145805670413
-2429.1700891156197
-2304.014809620525
-2272.856449574225
-2480.5731286766586
-2442.02772938779
-2468.143018655131
-2372.5163321964533
-2294.7027753728757
-2439.610540832775
-2456.341030374408
-2458.763615764291
-2329.1500518734506
-2280.9520419997148
-2481.8564120394585
-2451.6473388036266
-2467.107893319452
-2371.1102907252252
-2319.4768869694803
-2421.8727470424446
-2439.4115568097213
-2461.096764093769
-2356.9830253100845
-2310.726792357419
-2480.3363759130507
-2443.3682519950034
-2464.6827598217014
-2384.0533311594463
-2310.410453030714
-2363.7027695150573
-2433.859568778651
-2442.0898191828114
-2331.545168004596
-2254.079089728678
-2464.974219649368
-2434.9727937955204
-2433.3311383784658
-2336.2184355847903
-2286.231251552247
-2493.688476145112
-2454.7771436465973
-2495.3688661501124
-2373.5071447799332
-2331.5667022991092
[INFO][abstract_intensifier.py:596] Added config 11659b and rejected config b5c0dd as incumbent because it is not better than the incumbents on 1 instances: 
-2386.3022292238384
-2389.7755397768155
-2432.817415666591
-2380.175517658383
-2256.6483178458825
-2427.591606278703
-2450.5445888098448
-2467.1913186869383
-2358.895308174433
-2306.2922537380246
-2367.2853014552647
-2388.7370444301755
-2377.2747274005465
-2343.90835868231
-2248.7691985787465
-2493.6413542350556
-2448.163976583986
-2461.6249060628606
-2390.641443691587
-2317.1220349923187
-2419.32407925562
-2415.2648673608182
-2453.3190780864347
-2355.575151914
-2272.5601308462687
[INFO][smbo.py:327] Finished 50 trials.
-2487.261922126583
-2465.431213764013
-2479.5891941341088
-2353.338683120762
-2310.883799657513
-2486.819729789724
-2465.294246223826
-2476.1767630300924
-2358.04645416141
-2313.7578243380826
-2496.185329316747
-2464.011135239669
-2477.6494621369957
-2387.8111014321403
-2319.4362938692775
-2509.4523295913923
-2471.2810076023634
-2480.7427484501227
-2378.5753706262108
-2325.1404038944574
[INFO][abstract_intensifier.py:596] Added config 3b4105 and rejected config 11659b as incumbent because it is not better than the incumbents on 1 instances: 
-2419.6867535911547
-2429.584437479785
-2432.8775846306357
-2331.9008955559984
-2286.6910970041467
-2445.5256988023
-2403.070013196957
-2450.53900851647
-2362.094096261807
-2302.9030181612666
-2434.160045815858
-2443.5937993032367
-2433.410719302421
-2355.8472325014786
-2257.488005407631
-2502.272469692846
-2460.2310936676968
-2471.587220047049
-2400.0264179682276
-2326.8471853164247
-2503.5281723483868
-2448.0943303795634
-2468.9331194045403
-2376.9767081036675
-2320.3201525940663
-2483.187651721674
-2461.129162491059
-2456.4028553809235
-2371.2451185503332
-2303.1985630490194
-2504.6388139340715
-2474.0681876136287
-2458.797463101477
-2360.948477378988
-2295.085522336817
-2492.750192198535
-2466.271482439022
-2480.2962042678278
-2393.848965962165
-2322.345648651446
-2478.8194881679865
-2459.3400723273076
-2465.8384946416
-2375.903165868094
-2319.406598926375
-2502.1385331896527
-2457.9757504707627
-2471.1560889398525
-2384.8836025401383
-2320.376601641004
-2395.748615333025
-2441.7461175669478
-2448.320250114683
-2321.250080159937
-2264.9718533658415
-2317.6142390528057
-2318.6722129779823
-2366.3798571397456
-2271.888106848458
-2198.103204236804
-2509.4523295913923
-2470.6949193129053
-2481.4440067149517
-2378.8313468385622
-2324.406961425397
-2509.4523295913923
-2471.2810076023634
-2480.7427484501227
-2378.5753706262108
-2325.1404038944574
-2478.4738320479073
-2458.9996864663444
-2463.5095307584247
-2376.5640602698713
-2320.102512805785
-2478.4738320479073
-2458.9996864663444
-2463.5095307584247
-2376.5640602698713
-2320.102512805785
-2478.5215499156834
-2464.699008658934
-2463.5095307584606
-2375.354187039471
-2320.3912046380315
-2425.526016218925
-2439.1261636774443
-2462.1395337741087
-2339.0815525932326
-2285.2471787332443
-2478.4738320479073
-2458.9996864663444
-2463.5095307584247
-2376.5640602698713
-2320.102512805785
-2478.5215499156834
-2464.699008658934
-2463.5095307584606
-2375.354187039471
-2320.3912046380315
-2495.2547408484343
-2470.0505064642944
-2472.9234390340307
-2382.572426055712
-2318.7388701036502
-2490.3824468466164
-2465.0563869909374
-2472.8477151405614
-2392.4028202277445
-2321.6999075410904
-2468.916695597586
-2449.9324173584664
-2471.4173906147835
-2339.9218600834392
-2311.2169111765484
-2490.3824468466164
-2465.0563869909374
-2472.8477151405614
-2392.4028202277445
-2321.6999075410904
-2510.6563838020556
-2446.752943297848
-2467.22704686565
-2403.492751605074
-2318.981301173256
-2391.1540420096067
-2424.158230530114
-2452.531805347536
-2346.028838500136
-2260.3822154605514
-2479.929055856213
-2456.5993084336715
-2463.849590022486
-2379.3700808142166
-2324.0921064713975
-2487.9321356634478
-2450.180264365651
-2474.25580214342
-2371.07958676449
-2322.1566611361845
-2322.2478735252007
-2341.6791455775433
-2395.8698978674993
-2294.499515003118
-2206.7838533387585
-2509.4523295913923
-2470.6949193129053
-2481.4440067149517
-2378.8313468385622
-2324.406961425397
-2508.9173849873137
-2465.8676540007364
-2472.6323858947317
-2394.0088451766146
-2314.835312396186
-2487.6015488070366
-2452.63908714903
-2466.7965424722984
-2386.9928159228957
-2327.1310832989147
-2509.4523295913923
-2470.6949193129053
-2481.4440067149517
-2378.8313468385622
-2324.406961425397
-2422.4981022306306
-2428.6466953720583
-2458.7639445705395
-2357.3014002748937
-2290.103098123347
-2486.3940138454964
-2464.3879615724627
-2477.0846466218554
-2370.4397383380897
-2310.96776816768
-2509.4523295913923
-2471.2810076023634
-2480.7427484501227
-2378.5753706262108
-2325.1404038944574
-2468.3938297877826
-2431.465307659244
-2449.5783502450654
-2349.168755598672
-2305.4882541862553
-2509.4523295913923
-2471.2810076023634
-2480.7427484501227
-2378.5753706262108
-2325.1404038944574
-2347.2795510154197
-2396.341985387723
-2415.44717983426
-2351.9944749713095
-2252.1961916348873
-2509.4523295913923
-2471.2810076023634
-2480.7427484501227
-2378.5753706262108
-2325.1404038944574
-2509.4523295913923
-2471.2810076023634
-2480.7427484501227
-2378.5753706262108
-2325.1404038944574
-2491.0277594071995
-2443.7016564010237
-2474.1541879395763
-2361.1998690055007
-2303.917421945732
-2477.2472263033796
-2424.8996208206136
-2470.579447695052
-2360.7636818722804
-2305.302483158376
-2402.2181800270464
-2338.1894553136044
-2369.967443456579
-2326.367477481937
-2228.2660183522685
-2509.4523295913923
-2471.2810076023634
-2480.7427484501227
-2378.5753706262108
-2325.1404038944574
-2509.4523295913923
-2471.2810076023634
-2480.7427484501227
-2378.5753706262108
-2325.1404038944574
[INFO][smbo.py:327] Finished 100 trials.
-2509.4523295913923
-2471.2810076023634
-2480.7427484501227
-2378.5753706262108
-2325.1404038944574
-2509.4523295913923
-2471.2810076023634
-2480.7427484501227
-2378.5753706262108
-2325.1404038944574
-2509.4523295913923
-2471.2810076023634
-2480.7427484501227
-2378.5753706262108
-2325.1404038944574
-2509.4523295913923
-2471.2810076023634
-2480.7427484501227
-2378.5753706262108
-2325.1404038944574
-2481.7052837761385
-2453.3581203334998
-2459.7362031792995
-2378.251468502661
-2323.241478808327
-2391.504046386204
-2432.4306294330017
-2457.060146789302
-2374.710501063401
-2267.9698779297614
-2458.6916269848484
-2430.1625056182834
-2439.9242784133344
-2355.3451048708494
-2277.066087410393
-2493.3950114051618
-2466.168009692601
-2473.7662834762496
-2390.4440973178325
-2322.1497415169724
-2494.2268512416426
-2463.7144492602306
-2468.177484448413
-2366.9393056838
-2319.435972845719
-2487.109430512753
-2454.19595337524
-2473.0299843123203
-2370.4144227169877
-2321.2184359477706
-2509.4523295913923
-2471.2810076023634
-2480.7427484501227
-2378.5753706262108
-2325.1404038944574
-2509.4523295913923
-2471.2810076023634
-2480.7427484501227
-2378.5753706262108
-2325.1404038944574
-2509.4523295913923
-2471.2810076023634
-2480.7427484501227
-2378.5753706262108
-2325.1404038944574
-2503.628024489466
-2460.0608101568537
-2471.587220047049
-2399.6066068699647
-2329.7238700235184
-2446.669335015845
-2462.9351514494915
-2471.8822238488165
-2357.112087802351
-2308.2135831867226
-2489.2497220883524
-2463.9527312626446
-2480.8324173793662
-2373.3379472152706
-2316.14553561993
-2368.277601876799
-2417.279293673765
-2439.9838233878354
-2326.0215493279024
-2260.399658439462
-2498.2758991217656
-2462.7037236758338
-2477.9345334865243
-2388.548445657688
-2319.993520545168
-2493.9140026463874
-2460.5364073604264
-2477.5012622516847
-2369.027249320503
-2322.8591060534873
-2486.797980727132
-2441.2995021554816
-2480.7307779645894
-2370.455104831562
-2297.9778671077925
-2471.9647401185284
-2433.0506731690957
-2470.5065538726612
-2363.6815655874066
-2310.577656504611
-2501.317105293051
-2463.7296174478092
-2474.3902028833973
-2354.8489206006307
-2321.7523138600945
-2509.4523295913923
-2471.2810076023634
-2480.7427484501227
-2378.5753706262108
-2325.1404038944574
-2509.4523295913923
-2471.2810076023634
-2480.7427484501227
-2378.5753706262108
-2325.1404038944574
-2399.170211499106
-2422.2384661810856
-2462.794063004887
-2357.8903040706814
-2257.107509400841
-2424.454801066723
-2417.725723986796
-2434.429116944129
-2356.7465005602494
-2253.549348260419
-2387.7086587438343
-2425.8465070302927
-2447.1275261080555
-2328.789183322008
-2270.4543952592794
-2485.361234147882
-2458.919543785505
-2477.1776107017467
-2357.690703801609
-2307.3158238306887
-2399.170211499106
-2422.2384661810856
-2462.794063004887
-2357.8903040706814
-2257.107509400841
-2380.531435575978
-2452.23077093993
-2458.447700970756
-2334.9502787056745
-2266.6887548337645
-2509.4523295913923
-2471.2810076023634
-2480.7427484501227
-2378.5753706262108
-2325.1404038944574
-2384.468879948368
-2431.9498757752663
-2451.9138792895915
-2328.7346551922824
-2285.1165103629755
-2486.816841970624
-2464.209110152176
-2477.6788819100475
-2370.7407095068784
-2311.0474632984083
-2483.2345401368475
-2457.232135065882
-2462.7172519250016
-2384.9572380343598
-2302.8659660950416
-2483.2345401368475
-2457.232135065882
-2462.7172519250016
-2384.9572380343598
-2302.8659660950416
-2483.2345401368475
-2457.232135065882
-2462.7172519250016
-2384.9572380343598
-2302.8659660950416
-2483.2345401368475
-2457.232135065882
-2462.7172519250016
-2384.9572380343598
-2302.8659660950416
-2368.6315247739103
-2395.027737674178
-2395.9431719286267
-2327.588054725361
-2235.0059600343343
-2511.6394436727765
-2476.651837206624
-2475.628195046359
-2366.9966881699565
-2314.332820494593
-2512.0096017218675
-2477.0567165787575
-2473.1752591691584
-2378.8451258429563
-2324.782883383347
[INFO][abstract_intensifier.py:596] Added config 721fe7 and rejected config 3b4105 as incumbent because it is not better than the incumbents on 1 instances: 
-2510.1558983295304
-2476.5796537407614
-2476.279455822384
-2376.193801819213
-2315.2745920919538
-2511.796230711486
-2477.9293430371144
-2475.4728364051557
-2375.8921564936113
-2314.7839258012827
-2505.7826851825275
-2477.2720763981315
-2477.486271576525
-2374.543805402956
-2324.85146601031
-2506.3222032760914
-2477.7164457330164
-2474.9279720914483
-2374.0391728842724
-2324.0022995758127
-2511.796230711486
-2477.9293430371144
-2475.4728364051557
-2375.8921564936113
-2314.7839258012827
-2321.7790385021067
-2365.986300671879
-2387.7794722604167
-2321.0325835993567
-2241.361211676316
-2451.417159245623
-2411.3619433577696
-2457.2215735978107
-2341.382497353166
-2253.1588565018683
-2440.313169996561
-2446.5217748382006
-2472.74603520067
-2356.1764150601875
-2242.5250221529473
-2512.0096017218675
-2477.0567165787575
-2473.1752591691584
-2378.8451258429563
-2324.782883383347
-2512.0096017218675
-2477.0567165787575
-2473.1752591691584
-2378.8451258429563
-2324.782883383347
[INFO][smbo.py:327] Finished 150 trials.
-2512.0096017218675
-2477.0567165787575
-2473.1752591691584
-2378.8451258429563
-2324.782883383347
-2512.0096017218675
-2477.0567165787575
-2473.1752591691584
-2378.8451258429563
-2324.782883383347
-2512.0096017218675
-2477.0567165787575
-2473.1752591691584
-2378.8451258429563
-2324.782883383347
-2506.9938376515506
-2469.8906418199253
-2480.70248554672
-2384.1037059544824
-2324.5703163867033
[INFO][abstract_intensifier.py:596] Added config 14468b and rejected config 721fe7 as incumbent because it is not better than the incumbents on 1 instances: 
-2512.0096017218675
-2477.0567165787575
-2473.1752591691584
-2378.8451258429563
-2324.782883383347
-2512.0096017218675
-2477.0567165787575
-2473.1752591691584
-2378.8451258429563
-2324.782883383347
-2388.0839999100745
-2427.2238263208073
-2457.576764616232
-2348.8013174846024
-2267.0353979320425
-2512.0096017218675
-2477.0567165787575
-2473.1752591691584
-2378.8451258429563
-2324.782883383347
-2420.3030749662767
-2411.266840680956
-2448.405486672355
-2321.389160834071
-2283.0448656176172
-2487.795682886758
-2461.242644900298
-2470.0743767374925
-2379.21177270228
-2314.079332566641
-2506.9938376515506
-2469.8906418199253
-2480.70248554672
-2384.1037059544824
-2324.5703163867033
-2506.850903970554
-2469.561871107715
-2480.7352925830955
-2376.1177601709514
-2324.826657037327
-2506.9938376515506
-2469.8906418199253
-2480.70248554672
-2384.1037059544824
-2324.5703163867033
-2506.9938376515506
-2469.8906418199253
-2480.70248554672
-2384.1037059544824
-2324.5703163867033
-2369.1423230264027
-2433.897696236928
-2457.4356499654523
-2346.3937376577624
-2255.5238433928716
-2506.9938376515506
-2469.8906418199253
-2480.70248554672
-2384.1037059544824
-2324.5703163867033
-2506.9938376515506
-2469.8906418199253
-2480.70248554672
-2384.1037059544824
-2324.5703163867033
-2478.6905839663286
-2459.4543988451733
-2467.550381890769
-2377.4145604524733
-2317.9058542299326
-2487.3141147032075
-2447.9784178096365
-2468.3243712780322
-2370.868758663405
-2319.2318258050577
-2487.3141147032075
-2447.9784178096365
-2468.3243712780322
-2370.868758663405
-2319.2318258050577
-2415.9497350388324
-2418.2360332464427
-2438.592235092505
-2361.0710910809576
-2277.589147900705
-2506.850903970554
-2469.561871107715
-2480.7352925830955
-2376.1177601709514
-2324.826657037327
-2507.0022008662445
-2470.021560952029
-2481.022756181203
-2375.7095141871873
-2324.845925111464
-2506.9938376515506
-2469.8906418199253
-2480.70248554672
-2384.1037059544824
-2324.5703163867033
-2509.2701066971204
-2470.174265820061
-2480.5464264909137
-2374.5538349992585
-2325.0226647336367
-2454.6474408529425
-2433.4676132914333
-2461.430863574982
-2357.305126543977
-2318.8601452017842
-2509.2701066971204
-2470.174265820061
-2480.5464264909137
-2374.5538349992585
-2325.0226647336367
-2486.1320248138936
-2471.569692575811
-2462.7549992195295
-2385.7585549660116
-2310.652535221758
-2506.9938376515506
-2469.8906418199253
-2480.70248554672
-2384.1037059544824
-2324.5703163867033
-2380.878000698546
-2390.6492183667324
-2421.4697455718633
-2332.659382549904
-2276.736184072428
-2511.1203317915943
-2470.25372361429
-2480.81469933583
-2383.824474628639
-2324.183373433875
[INFO][abstract_intensifier.py:596] Added config e6549d and rejected config 14468b as incumbent because it is not better than the incumbents on 1 instances: 
-2506.9938376515506
-2469.8906418199253
-2480.70248554672
-2384.1037059544824
-2324.5703163867033
-2506.9938376515506
-2469.8906418199253
-2480.70248554672
-2384.1037059544824
-2324.5703163867033
-2506.9938376515506
-2469.8906418199253
-2480.70248554672
-2384.1037059544824
-2324.5703163867033
-2506.9938376515506
-2469.8906418199253
-2480.70248554672
-2384.1037059544824
-2324.5703163867033
-2506.9938376515506
-2469.8906418199253
-2480.70248554672
-2384.1037059544824
-2324.5703163867033
-2499.717311566974
-2449.083591581044
-2471.725260460231
-2401.3544700250714
-2327.573259198076
-2511.3308328430394
-2470.1790574389147
-2480.7351954399674
-2375.8505683015865
-2324.335012537194
-2511.3308328430394
-2470.1790574389147
-2480.7351954399674
-2375.8505683015865
-2324.335012537194
-2487.188623651993
-2464.4633380774303
-2472.9733207013787
-2373.50141391974
-2307.185832196105
-2509.7321665221393
-2469.068183076518
-2480.727327706086
-2375.602327374228
-2324.536710384835
-2487.751180765622
-2468.00484996615
-2469.6695705708735
-2373.4655073831727
-2308.4845641266133
-2453.1826132159563
-2455.824867645101
-2460.4152968598796
-2370.7934702649986
-2312.5848347336205
-2487.188623651993
-2464.4633380774303
-2472.9733207013787
-2373.50141391974
-2307.185832196105
-2411.6391095791596
-2412.1412299404055
-2452.4047746394735
-2329.094518530279
-2292.4049225156614
-2512.0096017218675
-2477.0567165787575
-2473.1752591691584
-2378.8451258429563
-2324.782883383347
-2506.9938376515506
-2469.8906418199253
-2480.70248554672
-2384.1037059544824
-2324.5703163867033
-2480.231190850848
-2471.3694756921323
-2477.851719906521
-2382.4570550273406
-2325.3757131015045
-2313.4528198289363
-2311.442837637359
-2398.349744370218
-2346.3723480062426
-2249.170608514005
-2480.231190850848
-2471.3694756921323
-2477.851719906521
-2382.4570550273406
-2325.3757131015045
[INFO][smbo.py:327] Finished 200 trials.
[INFO][smbo.py:335] Configuration budget is exhausted:
[INFO][smbo.py:336] --- Remaining wallclock time: inf
[INFO][smbo.py:337] --- Remaining cpu time: inf
[INFO][smbo.py:338] --- Remaining trials: 0
