Using file: ../data/ela_with_cma_and_algo_normalised/A1_data_5D/A1_B24_5D_ela_with_state.csv
[INFO][abstract_initial_design.py:87] Reducing the number of initial configurations from 60 to 50 (max_ratio == 0.25).
[INFO][abstract_initial_design.py:139] Using 50 initial design configurations and 0 additional configurations.
[INFO][abstract_intensifier.py:307] Using only one seed for deterministic scenario.
-2536.166334204915
-2564.1173340528107
-2587.1817610584576
-2515.700918228234
-2444.0448594317704
[INFO][abstract_intensifier.py:517] Added config 26fdc2 as new incumbent because there are no incumbents yet.
-2567.303025026898
-2587.7793323349706
-2529.1301050606717
-2518.7645608020903
-2508.555181478857
[INFO][abstract_intensifier.py:596] Added config 8a205f and rejected config 26fdc2 as incumbent because it is not better than the incumbents on 1 instances: 
-2540.485068712437
-2514.8435966802317
-2510.0095281450103
-2497.5805187959613
-2470.238845015793
-2586.708726955105
-2590.1064639542515
-2575.796309691942
-2555.78419782105
-2500.723142496977
[INFO][abstract_intensifier.py:596] Added config 71b0a5 and rejected config 8a205f as incumbent because it is not better than the incumbents on 1 instances: 
-2580.6421690028515
-2601.778233814369
-2565.5202848090207
-2564.586990869787
-2494.256009183009
-2491.076526955086
-2470.7435847811757
-2449.8084059659445
-2464.146374512648
-2423.9069182752055
-2606.807764496874
-2613.641436679112
-2504.178335345813
-2589.1736730169796
-2451.2026617639513
-2516.069446494496
-2489.062087179961
-2467.7495572935995
-2490.808123978246
-2460.4184218626447
-2636.391768550136
-2617.3243059630267
-2538.1154714808577
-2593.877602157285
-2473.601059270383
[INFO][abstract_intensifier.py:596] Added config b7ad6c and rejected config 71b0a5 as incumbent because it is not better than the incumbents on 1 instances: 
-2542.375263904697
-2543.525381405001
-2484.5318538921697
-2522.918451230907
-2461.280200205492
-2553.767764706233
-2629.287632064633
-2572.599221712325
-2561.2909648510686
-2476.370501842981
-2532.8776621191882
-2498.014222596564
-2420.5082701209603
-2463.5406820663966
-2450.7979091353873
-2574.9934154535295
-2557.390330406888
-2571.104082307727
-2549.6671951696644
-2496.388815552643
-2566.61041520265
-2565.850390626297
-2548.994891804329
-2558.6645407762962
-2486.005290529747
-2544.320294032291
-2548.4417827427246
-2538.6917210224556
-2509.870586746824
-2466.487111435228
-2572.8906471902333
-2564.7875578264884
-2575.0821520988243
-2539.580364714631
-2508.2225543874774
-2542.1993950480382
-2590.9264754789137
-2539.56219366163
-2546.8662844562045
-2452.4054288129073
-2589.0171759727373
-2587.4484046877783
-2550.7326893674076
-2581.2027133213187
-2489.012736804577
-2546.8808841916325
-2584.6118346203466
-2553.324992960684
-2521.226964801244
-2456.5152440992456
-2489.446758246125
-2504.3865321829767
-2512.5123590392473
-2527.521360895778
-2452.484685220857
-2597.3603210460224
-2614.198685786873
-2527.8844335622457
-2549.852932225809
-2484.0194495478786
-2532.9472822077178
-2558.3987263624686
-2544.418342303782
-2553.4296021066684
-2487.9389573847575
-2591.647937212031
-2597.844741034596
-2568.1260179599844
-2560.611237602966
-2490.3947473850585
-2516.26525330181
-2489.922223941121
-2416.908413442149
-2459.215572984347
-2398.2476783443617
-2585.230605920479
-2602.403605912662
-2547.9078208552082
-2566.589710131572
-2487.315927207782
-2415.684594225154
-2461.124774037029
-2412.5335188507834
-2425.9747406972647
-2375.017122393154
-2571.6361665846507
-2624.4419283732223
-2545.7569272765227
-2583.0556291139806
-2477.6040729858914
-2518.3886778711803
-2524.3575294727975
-2539.689979742757
-2533.858775613175
-2440.5987091495244
-2522.582275646837
-2532.9686122947614
-2565.760053237228
-2539.64722334626
-2453.7635294576617
-2561.0404984826737
-2570.5991889792176
-2556.6316839510037
-2537.977906070113
-2506.334574211355
-2527.740144412634
-2568.923486655938
-2559.831132972525
-2526.9562963093003
-2453.382481863284
-2623.820455132186
-2598.12026298768
-2535.287516849892
-2579.8388295650307
-2459.0625294955694
-2572.811424838944
-2584.38856656745
-2529.729234117784
-2567.859378265446
-2510.9811009389014
-2473.68938315954
-2454.482587842931
-2448.1805074395684
-2459.0714897158914
-2379.7214139930975
-2619.963396714372
-2632.056542139825
-2551.8506711103983
-2596.4871241215446
-2472.8485919703526
[INFO][abstract_intensifier.py:596] Added config b5c0dd and rejected config b7ad6c as incumbent because it is not better than the incumbents on 1 instances: 
-2499.3288826263706
-2501.368719349001
-2499.8383303277997
-2500.801342788284
-2447.1032599036807
-2490.866946226908
-2496.189610473153
-2554.5798669878272
-2504.2822313929537
-2400.4147719721714
-2574.5203704772057
-2595.4083831382213
-2562.8666080347184
-2562.5464806548816
-2506.218667398297
-2566.8859883732202
-2587.8921565289165
-2553.993790825456
-2549.91490642397
-2467.129991899119
-2600.384563875162
-2616.883407328333
-2543.932073468992
-2581.2283771398234
-2479.046684906037
-2593.513041775932
-2574.1172780633633
-2566.359125183808
-2555.9813063771035
-2486.5151196109637
-2555.736781315318
-2592.7163895529256
-2558.3362645366656
-2556.693217932275
-2519.2357775193605
-2553.2539237664837
-2574.410133604179
-2532.4292525069172
-2516.6854711316946
-2426.9363474557986
-2569.0462413579476
-2555.442848963148
-2517.710692811844
-2524.142962874542
-2503.2458962174014
-2625.847720115439
-2619.208479963723
-2513.406109137648
-2591.492319340836
-2467.9812601864846
-2503.4645031164664
-2533.971194437859
-2459.4725337497766
-2505.8008096013623
-2476.108003061879
-2575.1704869656282
-2593.1531068440854
-2559.660691804203
-2555.8126166408256
-2471.194946053985
-2526.0947482722167
-2491.9820831296556
-2454.4194139009996
-2497.4340753338097
-2428.9988596464727
-2571.2692435604718
-2602.452418799003
-2560.074438748262
-2559.113176518102
-2494.5908987974685
-2564.490615041773
-2568.827022125321
-2535.575761577771
-2524.298547700856
-2493.9120275275436
[INFO][smbo.py:327] Finished 50 trials.
-2598.0551778538343
-2620.735458480123
-2562.2101154590428
-2583.2193161402697
-2478.5710923064876
-2623.7585990356333
-2613.8758463405784
-2560.8600274919654
-2576.363422424898
-2498.4996950359273
[INFO][abstract_intensifier.py:596] Added config da54d3 and rejected config b5c0dd as incumbent because it is not better than the incumbents on 1 instances: 
-2611.4403317156653
-2621.9797131947157
-2543.4553614267306
-2595.9104036828126
-2477.498151047411
-2600.367815842717
-2606.3353783715456
-2541.7287873323476
-2575.1497317077165
-2471.435224324842
-2532.934381102422
-2552.067833922356
-2583.5112210424277
-2517.3975322338774
-2462.826368662535
-2580.6343522997777
-2573.7450543681366
-2531.01024614826
-2551.954618179084
-2422.362795955135
-2567.0041695873433
-2604.621290515446
-2529.1802873849615
-2552.204119949828
-2491.2344947867773
-2604.768442767682
-2619.6959032906825
-2554.556844507446
-2586.467975824685
-2479.666425176121
-2587.926881453178
-2589.192481210697
-2563.1378554824514
-2533.2621230296213
-2502.676840401391
-2585.633754915957
-2581.4836102899826
-2573.6607380448722
-2546.019393946807
-2509.4549827673964
-2592.799648485517
-2646.1072745339707
-2549.9459846378973
-2580.281217261537
-2483.064821929418
-2585.633754915957
-2581.4836102899826
-2573.6607380448722
-2546.019393946807
-2509.4549827673964
-2595.1689014719377
-2569.550814073516
-2559.9515810461435
-2549.894419296076
-2499.907583996329
-2571.4559769598773
-2575.3783863181898
-2564.425060724929
-2558.0126267771084
-2500.3250064532713
-2552.5305588505703
-2555.3821231078527
-2546.604105170231
-2507.4898371974427
-2442.3462050575727
-2389.66293941326
-2410.825700549787
-2386.380671192962
-2435.965348019782
-2364.7935659575755
-2604.798838443812
-2617.5016123301266
-2558.902580007242
-2575.207317531339
-2488.7058611797984
-2577.3484206166936
-2595.0401107740954
-2545.3430407499063
-2569.153819242885
-2470.9751556838955
-2605.866409406801
-2596.0763786462708
-2556.326863926417
-2577.6080851212137
-2488.5046563422084
-2602.2860899473
-2620.0715803840844
-2545.8052183043765
-2574.7924999579054
-2473.6002368889435
-2591.329999243706
-2575.18207123531
-2562.682460067682
-2545.920216983005
-2486.9777483520575
-2543.6570272135023
-2601.166288897492
-2541.0955407051238
-2541.5851542552778
-2454.501983486368
-2581.001939958628
-2589.998133378248
-2573.248063750415
-2541.646786740852
-2488.493667444218
-2598.5643588043467
-2611.721990654025
-2553.2254855968395
-2558.94991742472
-2496.5268385955474
-2602.051889283841
-2620.478674598862
-2556.759077583074
-2575.9214482259695
-2484.2566125243293
-2591.636234285792
-2619.2524263303317
-2552.3346256708255
-2581.3015955107594
-2477.22968670937
-2566.450905202397
-2622.95915566697
-2552.229743599598
-2557.140100874733
-2496.595773054579
-2601.974159121445
-2631.7935549596864
-2546.9548353256514
-2559.5095988148446
-2483.9173883645194
-2604.665128146948
-2631.7935502770633
-2547.088502311519
-2562.442919977378
-2482.484242073374
-2553.7344602233325
-2555.563626354997
-2561.17926012315
-2505.740966613512
-2450.4084735756887
-2601.974159121445
-2631.7935549596864
-2546.9548353256514
-2559.5095988148446
-2483.9173883645194
-2603.9407606191958
-2621.0156325330377
-2544.6271461417264
-2589.7857335100034
-2466.5525736423615
-2489.443267056897
-2435.4495823746174
-2491.795865685374
-2471.586672555466
-2444.0112391879206
-2614.8117648715843
-2612.8582058201664
-2560.389685907059
-2571.7780397657384
-2481.838516384531
-2606.4448674818814
-2597.3331062937914
-2548.019231543056
-2568.805304067449
-2494.492718897758
-2614.8117648715843
-2612.8582058201664
-2560.389685907059
-2571.7780397657384
-2481.838516384531
-2614.658578633208
-2624.7191079456074
-2560.7394862294245
-2588.6256481904516
-2465.7967470673257
-2571.079539618643
-2586.1286650968973
-2549.8121964565944
-2551.597752756206
-2486.752680558365
-2623.7585990356333
-2613.8758463405784
-2560.8600274919654
-2576.363422424898
-2498.4996950359273
-2612.7278687878807
-2611.2125719594187
-2560.144862003479
-2572.2891905113
-2499.0636555216415
-2564.403412592203
-2597.5342325068314
-2531.3875831666355
-2562.1423053479593
-2500.522511491045
-2623.7585990356333
-2613.8758463405784
-2560.8600274919654
-2576.363422424898
-2498.4996950359273
-2521.960082123046
-2525.806871418566
-2437.3519195828
-2496.368167771526
-2457.0117414901065
-2623.7923466742486
-2613.0653556997922
-2560.8600274919654
-2564.1941070859175
-2498.5740781329578
-2623.7585990356333
-2613.8758463405784
-2560.8600274919654
-2576.363422424898
-2498.4996950359273
-2606.4666383860203
-2625.787326932469
-2539.2629485789976
-2581.6026258356464
-2482.7350544864426
-2600.4676443708204
-2620.0686862370594
-2571.3342986223206
-2582.2882488181085
-2486.0364762708577
-2623.7585990356333
-2613.8758463405784
-2560.8600274919654
-2576.363422424898
-2498.4996950359273
-2452.092982441556
-2444.8974277517473
-2406.064869918826
-2470.0153907679833
-2381.9912693253223
-2623.7585990356333
-2613.8758463405784
-2560.8600274919654
-2576.363422424898
-2498.4996950359273
[INFO][smbo.py:327] Finished 100 trials.
-2623.7585990356333
-2613.8758463405784
-2560.8600274919654
-2576.363422424898
-2498.4996950359273
-2623.7585990356333
-2613.8758463405784
-2560.8600274919654
-2576.363422424898
-2498.4996950359273
-2623.7585990356333
-2613.8758463405784
-2560.8600274919654
-2576.363422424898
-2498.4996950359273
-2623.7585990356333
-2613.8758463405784
-2560.8600274919654
-2576.363422424898
-2498.4996950359273
-2604.40273681099
-2595.609575758332
-2549.5960752695664
-2588.3731830838487
-2473.0182537803266
-2578.9094057533976
-2578.3775566869836
-2533.9571542790977
-2542.215569389372
-2450.7097872634026
-2585.071614700468
-2578.51150544147
-2573.5949651985934
-2556.1945877913804
-2502.2136068110694
-2400.695221542882
-2408.5764922998615
-2371.049130512928
-2415.953924248528
-2338.0527314564106
-2432.744731654271
-2429.8170800681746
-2354.482295385636
-2424.1395978538417
-2364.0168574627146
-2398.8403773536998
-2416.488340084054
-2383.3536726232123
-2412.8401991579926
-2374.777024887792
-2401.5519390665513
-2420.0759623189024
-2365.337249176073
-2397.2613154842556
-2342.204366805778
-2391.20132813197
-2415.031883047509
-2369.223070792502
-2413.696073026222
-2339.0876798285344
-2395.303915506241
-2408.5764922998615
-2368.097229998795
-2413.063577811221
-2335.558783648472
-2388.5764230911227
-2416.488340084054
-2384.6179243658003
-2412.5196573226062
-2375.634571971922
-2578.381089147234
-2588.5756334285506
-2532.8338011941605
-2553.2711962566086
-2493.3514628164776
-2593.815476304968
-2596.349018023395
-2559.264273642657
-2567.0840097733026
-2491.044529969475
-2507.5629882340295
-2543.517983189642
-2533.2925765201194
-2489.386859867085
-2425.257519378644
-2616.934875969698
-2606.737681723884
-2552.4754726896062
-2553.8109618444114
-2496.017047413541
-2615.22818643565
-2582.3457644206483
-2558.9871061004233
-2559.5612632681573
-2494.573916738679
-2595.9535900174387
-2603.9754331519484
-2547.0868859306975
-2567.6832698828775
-2491.681767509111
-2578.069503368878
-2622.961420538783
-2559.441640088094
-2564.880474309785
-2487.147539409506
-2616.934875969698
-2606.737681723884
-2552.4754726896062
-2553.8109618444114
-2496.017047413541
-2613.417366160597
-2589.633102963433
-2549.3521587036676
-2588.2512866050074
-2499.476914451206
-2613.417366160597
-2589.633102963433
-2549.3521587036676
-2588.2512866050074
-2499.476914451206
-2604.778391270692
-2601.2081812604342
-2565.1398641877154
-2555.17695339885
-2487.7018702764676
-2511.482613259467
-2537.615157261574
-2509.6276389224686
-2549.6335703071572
-2476.9178462435166
-2604.155200660114
-2619.6902396046794
-2560.8819162675522
-2568.9119156392
-2484.8406208321935
-2586.9624363288835
-2616.712108417554
-2564.3374344703343
-2565.61525864099
-2493.825430934223
-2552.5001038275072
-2577.738129274644
-2540.8138536947417
-2514.0316434356114
-2488.4855545633736
-2562.6601643708104
-2527.6030816139405
-2567.023688305475
-2551.1786775959113
-2525.5839171881025
-2555.531232459071
-2588.0957334889845
-2553.1633782751205
-2535.798722573473
-2500.7365165717397
-2623.7585990356333
-2613.8758463405784
-2560.8600274919654
-2576.363422424898
-2498.4996950359273
-2623.7585990356333
-2613.8758463405784
-2560.8600274919654
-2576.363422424898
-2498.4996950359273
-2604.155200660114
-2619.6902396046794
-2560.8819162675522
-2568.9119156392
-2484.8406208321935
-2623.7585990356333
-2613.8758463405784
-2560.8600274919654
-2576.363422424898
-2498.4996950359273
-2542.534659641839
-2493.016526086649
-2463.3389057656505
-2475.212518788422
-2437.2657732210973
-2623.7585990356333
-2613.8758463405784
-2560.8600274919654
-2576.363422424898
-2498.4996950359273
-2623.7585990356333
-2613.8758463405784
-2560.8600274919654
-2576.363422424898
-2498.4996950359273
-2632.467177592951
-2613.1991204378137
-2557.9513162271833
-2566.6322124208755
-2497.7032968704852
-2623.7585990356333
-2613.8758463405784
-2560.8600274919654
-2576.363422424898
-2498.4996950359273
-2623.7585990356333
-2613.8758463405784
-2560.8600274919654
-2576.363422424898
-2498.4996950359273
-2623.7585990356333
-2613.8758463405784
-2560.8600274919654
-2576.363422424898
-2498.4996950359273
-2623.7585990356333
-2613.8758463405784
-2560.8600274919654
-2576.363422424898
-2498.4996950359273
-2470.300933566427
-2448.077079966888
-2394.068057194666
-2442.3233028635605
-2385.668612932842
-2557.1478970623834
-2604.4711715172766
-2558.8022809037943
-2524.9948340065453
-2487.6014479812147
-2530.9548690783868
-2567.509452535496
-2553.286647748045
-2531.7431759602705
-2434.0315118726244
-2613.417366160597
-2589.633102963433
-2549.3521587036676
-2588.2512866050074
-2499.476914451206
-2623.7585990356333
-2613.8758463405784
-2560.8600274919654
-2576.363422424898
-2498.4996950359273
-2615.395202559331
-2593.525036058646
-2559.8670675080466
-2575.8542095460753
-2492.763431612674
-2615.395202559331
-2593.525036058646
-2559.8670675080466
-2575.8542095460753
-2492.763431612674
[INFO][smbo.py:327] Finished 150 trials.
-2623.7585990356333
-2613.8758463405784
-2560.8600274919654
-2576.363422424898
-2498.4996950359273
-2623.7585990356333
-2613.8758463405784
-2560.8600274919654
-2576.363422424898
-2498.4996950359273
-2617.694123498995
-2606.9181059356793
-2543.357633732691
-2577.899288433873
-2501.59579326091
-2585.686942630105
-2573.853807626735
-2505.578458863831
-2542.3635050010826
-2480.8019128363258
-2532.6188755404933
-2568.9339618721942
-2539.6939965758775
-2500.8656138430397
-2453.9270330990007
-2623.7585990356333
-2613.8758463405784
-2560.8600274919654
-2576.363422424898
-2498.4996950359273
-2562.680581842579
-2576.7899241949476
-2535.6224612207725
-2523.694807280621
-2456.213073810877
-2623.7585990356333
-2613.8758463405784
-2560.8600274919654
-2576.363422424898
-2498.4996950359273
-2623.7585990356333
-2613.8758463405784
-2560.8600274919654
-2576.363422424898
-2498.4996950359273
-2623.7585990356333
-2613.8758463405784
-2560.8600274919654
-2576.363422424898
-2498.4996950359273
-2623.7585990356333
-2613.8758463405784
-2560.8600274919654
-2576.363422424898
-2498.4996950359273
-2540.822123631183
-2505.786222055162
-2557.857285057089
-2543.8019265189514
-2484.257453254588
-2473.6648614993946
-2460.588388289597
-2435.2004846985706
-2477.515080087895
-2440.7699928188317
-2605.478088092536
-2587.3750608284954
-2570.965571594756
-2572.616696947508
-2501.8988830297867
-2605.478088092536
-2587.3750608284954
-2570.965571594756
-2572.616696947508
-2501.8988830297867
-2605.478088092536
-2587.3750608284954
-2570.965571594756
-2572.616696947508
-2501.8988830297867
-2605.478088092536
-2587.3750608284954
-2570.965571594756
-2572.616696947508
-2501.8988830297867
-2605.478088092536
-2587.3750608284954
-2570.965571594756
-2572.616696947508
-2501.8988830297867
-2513.724209682263
-2483.8611138153165
-2464.9161348896596
-2495.793397834172
-2443.0660166527696
-2605.478088092536
-2587.3750608284954
-2570.965571594756
-2572.616696947508
-2501.8988830297867
-2623.7585990356333
-2613.8758463405784
-2560.8600274919654
-2576.363422424898
-2498.4996950359273
-2623.7585990356333
-2613.8758463405784
-2560.8600274919654
-2576.363422424898
-2498.4996950359273
-2623.7585990356333
-2613.8758463405784
-2560.8600274919654
-2576.363422424898
-2498.4996950359273
-2559.131868318867
-2596.5321788976808
-2557.940094574401
-2569.283290741807
-2505.1302778531854
-2599.706307110264
-2585.6643578229996
-2561.6593885188386
-2558.1840937290453
-2502.75125547855
-2599.706307110264
-2585.6643578229996
-2561.6593885188386
-2558.1840937290453
-2502.75125547855
-2599.706307110264
-2585.6643578229996
-2561.6593885188386
-2558.1840937290453
-2502.75125547855
-2477.203097514288
-2442.6923955197326
-2445.4260125844103
-2456.122170922611
-2442.606674388159
-2582.0957019920925
-2550.96411923776
-2523.275478454027
-2539.190185829386
-2486.430418358041
-2593.4301317053296
-2552.8234978857736
-2498.400423631314
-2553.814027118563
-2479.3677363379256
-2588.0449885758603
-2540.842025504835
-2521.1113449042537
-2541.6417983714086
-2483.1910781585743
-2589.9668645739225
-2555.2387140279734
-2512.750761448353
-2538.1033880983455
-2480.6856236674116
-2582.0957019920925
-2550.96411923776
-2523.275478454027
-2539.190185829386
-2486.430418358041
-2610.591405133979
-2580.3290112952486
-2533.2464154035642
-2564.1466488355545
-2508.713700213589
-2618.505095090277
-2613.697444629619
-2556.789164717854
-2566.159558062967
-2496.7231332217652
-2618.505095090277
-2613.697444629619
-2556.789164717854
-2566.159558062967
-2496.7231332217652
-2623.7585990356333
-2613.8758463405784
-2560.8600274919654
-2576.363422424898
-2498.4996950359273
-2623.7585990356333
-2613.8758463405784
-2560.8600274919654
-2576.363422424898
-2498.4996950359273
-2623.7585990356333
-2613.8758463405784
-2560.8600274919654
-2576.363422424898
-2498.4996950359273
-2623.7585990356333
-2613.8758463405784
-2560.8600274919654
-2576.363422424898
-2498.4996950359273
-2498.4825668426006
-2512.9570851467297
-2518.8467266530224
-2525.390822288903
-2470.0188806633314
-2604.155200660114
-2619.6902396046794
-2560.8819162675522
-2568.9119156392
-2484.8406208321935
-2604.155200660114
-2619.6902396046794
-2560.8819162675522
-2568.9119156392
-2484.8406208321935
-2556.9291729101606
-2566.2776613862807
-2547.9903945755573
-2547.307427787671
-2492.8210582843467
-2623.7585990356333
-2613.8758463405784
-2560.8600274919654
-2576.363422424898
-2498.4996950359273
-2623.7585990356333
-2613.8758463405784
-2560.8600274919654
-2576.363422424898
-2498.4996950359273
-2623.7585990356333
-2613.8758463405784
-2560.8600274919654
-2576.363422424898
-2498.4996950359273
-2573.783318216103
-2569.7182870292595
-2507.9070537773814
-2536.9231950390335
-2462.433025533262
-2623.7585990356333
-2613.8758463405784
-2560.8600274919654
-2576.363422424898
-2498.4996950359273
-2623.7585990356333
-2613.8758463405784
-2560.8600274919654
-2576.363422424898
-2498.4996950359273
[INFO][smbo.py:327] Finished 200 trials.
[INFO][smbo.py:335] Configuration budget is exhausted:
[INFO][smbo.py:336] --- Remaining wallclock time: inf
[INFO][smbo.py:337] --- Remaining cpu time: inf
[INFO][smbo.py:338] --- Remaining trials: 0
