Using file: ../data/ela_with_cma_and_algo_normalised/A1_data_5D/A1_B250_5D_ela_with_state.csv
[INFO][abstract_initial_design.py:87] Reducing the number of initial configurations from 60 to 50 (max_ratio == 0.25).
[INFO][abstract_initial_design.py:139] Using 50 initial design configurations and 0 additional configurations.
[INFO][abstract_intensifier.py:307] Using only one seed for deterministic scenario.
-2387.869493371118
-2380.6154024127013
-2430.711946407777
-2221.9265293198478
-2201.917800739763
[INFO][abstract_intensifier.py:517] Added config 26fdc2 as new incumbent because there are no incumbents yet.
-2430.9837214986196
-2424.8090291439016
-2425.909363709858
-2282.671795271382
-2269.3411133910768
[INFO][abstract_intensifier.py:596] Added config 8a205f and rejected config 26fdc2 as incumbent because it is not better than the incumbents on 1 instances: 
-2401.479066243504
-2392.210838381873
-2429.68388809361
-2265.428059218281
-2239.6748585345213
-2441.5298767312515
-2428.3883159277902
-2442.755431296711
-2289.4193617809815
-2283.104098523027
[INFO][abstract_intensifier.py:596] Added config 71b0a5 and rejected config 8a205f as incumbent because it is not better than the incumbents on 1 instances: 
-2431.6042243137877
-2398.39408382447
-2428.6457851631494
-2246.1970757371855
-2270.368167456555
-2293.582231642662
-2304.597664605937
-2362.8402401055723
-2221.3260460755982
-2243.2065904434394
-2424.927354636654
-2419.5191164042217
-2427.821148611302
-2301.8517797450336
-2276.578391441526
-2330.2706761734285
-2345.583679941929
-2458.177549592346
-2247.0078906561284
-2246.8244267620275
-2447.583145899811
-2431.829413161194
-2450.213338578078
-2303.1104693878106
-2268.964849856983
[INFO][abstract_intensifier.py:596] Added config b7ad6c and rejected config 71b0a5 as incumbent because it is not better than the incumbents on 1 instances: 
-2375.6323490116356
-2364.2813171703197
-2425.2859880149854
-2271.5568152254286
-2217.5674758887026
-2442.5198266775096
-2379.965350373862
-2445.546542279322
-2247.004517105932
-2261.297098834377
-2379.445505476873
-2345.7647189615586
-2428.9261130841105
-2221.0896414469953
-2185.2046021679944
-2423.652628572452
-2405.513264065543
-2423.5716492443225
-2235.4576023829077
-2234.2151770155974
-2429.1417730353674
-2410.6813081560285
-2441.587507338773
-2309.931145830243
-2244.2208399900164
-2364.507845138671
-2397.44577252397
-2406.808680910867
-2228.8789892587215
-2212.780128384663
-2395.9149754958817
-2410.1160808906807
-2456.3783711687815
-2283.1490933586488
-2267.9431774444606
-2385.5352755594367
-2379.8867826173746
-2427.219244502966
-2232.8012783498766
-2211.6738984047697
-2422.2499103026116
-2443.8130285771445
-2463.218094586367
-2302.926948949127
-2256.8939456672424
-2366.885707929731
-2391.2158707989083
-2427.770555093154
-2228.209423575843
-2221.5004311241937
-2335.6620008857767
-2375.0038205753467
-2391.110817815351
-2237.6835846136055
-2259.664112113409
-2448.8973046535025
-2396.5653093280316
-2449.822087030817
-2286.5426311936444
-2259.3319601593826
-2384.4484064856856
-2405.0576968063256
-2420.9930201448556
-2256.8233073041697
-2246.151749107317
-2444.6750468540286
-2418.6272267647864
-2446.5097883526287
-2279.793653697358
-2264.6759404832565
-2360.809586082728
-2342.9120784509787
-2432.9478541211683
-2185.722669195819
-2185.758752530562
-2446.11000433461
-2414.608510174956
-2414.0568806256233
-2243.3860492762055
-2244.994939818752
-2273.000155664589
-2294.967329541889
-2386.8762284558998
-2227.6186383571894
-2189.624172662726
-2447.3134651827995
-2424.499424732462
-2427.448118982868
-2305.3148511280633
-2257.233943166081
-2330.423047754211
-2369.5381102150996
-2428.8662623368537
-2258.2116246567402
-2237.7640292302663
-2384.596173380578
-2379.3737718562516
-2424.049528233451
-2212.6570069424206
-2225.1981589770658
-2429.1486374883907
-2411.0314199656355
-2422.6142905576703
-2237.7730884311054
-2261.067092441873
-2388.487478249536
-2377.510103467751
-2426.652916174467
-2231.9412584013317
-2242.0303241257707
-2422.408237820721
-2405.6056818347533
-2449.28664824755
-2317.640960740183
-2306.131889303091
-2413.884749901937
-2409.7498227112537
-2420.072649644915
-2241.904796824363
-2209.2987036507634
-2278.7312167152604
-2330.7385685585427
-2436.773526396345
-2219.2663542765313
-2200.1807611771987
-2445.4354333482424
-2443.721141346617
-2428.912780569317
-2294.587399796752
-2256.5935960706393
-2346.2914770339567
-2351.956782028035
-2413.205624846679
-2236.877689651195
-2258.7335197693983
-2364.0545835599105
-2393.316619578396
-2421.528886073588
-2223.272703319027
-2204.2997878710294
-2426.767390632639
-2398.5443394719905
-2439.2399572196737
-2305.6411056568536
-2279.490481685472
-2407.206945211571
-2391.2442583964707
-2433.6760445669033
-2229.5351783384604
-2221.0811157276853
-2449.860767623647
-2423.6135247628745
-2434.5338885878473
-2289.35157753137
-2277.70605711921
-2387.5081594939666
-2401.7685085692456
-2431.4458213499433
-2258.3052772440365
-2247.277895972024
-2382.6346989117487
-2416.0907503835524
-2448.3697701163605
-2299.4506434977657
-2282.6452828825795
-2377.7935709409567
-2401.41853525078
-2421.206545959826
-2223.145244119756
-2212.021577592267
-2381.911885831806
-2392.4343435201304
-2439.0932615464403
-2269.592982812222
-2252.8727411876357
-2446.8482596627214
-2447.0628179008468
-2412.102484149313
-2295.2197052641486
-2275.405748715019
-2387.491218029178
-2374.7744628528376
-2417.816300575632
-2225.5508383421593
-2235.1906683888105
-2444.529349904138
-2378.7195692843597
-2444.014261326273
-2263.016276048594
-2268.2735897822085
-2325.553979881956
-2344.6934333872146
-2420.0897343821966
-2232.002709387639
-2212.7672149935343
-2462.2845021063695
-2422.359897786446
-2437.3885032014887
-2281.72313621795
-2281.447518287483
-2428.7412819669935
-2414.4761112439883
-2394.850385541943
-2222.763854302533
-2261.9520300268164
[INFO][smbo.py:327] Finished 50 trials.
-2422.7602478146446
-2405.334406469577
-2414.102104382342
-2286.1173908690917
-2265.4258487961456
-2435.8546052712722
-2400.697872894825
-2385.681063031818
-2299.3943030441364
-2268.750602059875
-2424.897686590421
-2423.692242785458
-2418.9433283416292
-2297.579347981649
-2272.823984660368
-2429.707344925699
-2414.963604166171
-2429.8374832871905
-2302.8069672539004
-2273.930637292719
-2394.504113829954
-2369.8223078398587
-2430.9923209597077
-2240.914178400809
-2233.426592227323
-2425.832972003833
-2406.5044990672172
-2429.1534215730653
-2278.5291804662147
-2288.6559977602706
-2419.7245713728616
-2392.767286102045
-2422.033040010027
-2225.5506931269006
-2221.685704033447
-2440.1044377049925
-2410.3683128219254
-2427.6839443999106
-2292.009655059973
-2277.545382349475
-2451.1424277840856
-2449.474117337764
-2444.6180808416675
-2297.06551640055
-2268.562880157953
[INFO][abstract_intensifier.py:596] Added config c1956a and rejected config b7ad6c as incumbent because it is not better than the incumbents on 1 instances: 
-2451.1424277840856
-2449.474117337764
-2444.6180808416675
-2297.06551640055
-2268.562880157953
-2435.5930248058958
-2429.819740600135
-2455.9638635043284
-2271.4946771681
-2278.296706727895
-2458.2462530594603
-2447.580227952306
-2409.9443565656775
-2319.4666242743365
-2272.7693702373494
-2434.1364804343034
-2418.1333938476496
-2456.7672433290118
-2316.1964901751535
-2265.6956445962883
-2458.833574385938
-2448.9939376986777
-2412.1231269161344
-2318.8524263851596
-2273.6581982804487
[INFO][abstract_intensifier.py:596] Added config 2e8c38 and rejected config c1956a as incumbent because it is not better than the incumbents on 1 instances: 
-2382.9234085754106
-2385.0691891927063
-2418.860073209541
-2214.18272062905
-2199.684538001069
-2252.182150865855
-2248.723039251606
-2402.0392239454327
-2240.726183911418
-2181.023253930852
-2448.4125945628452
-2414.496905945871
-2417.0274157419053
-2311.7262040650876
-2267.1140152666057
-2448.6448868127545
-2414.736525503996
-2414.179126544447
-2320.2008901492736
-2265.212600741377
-2448.6448868127545
-2414.736525503996
-2414.179126544447
-2320.2008901492736
-2265.212600741377
-2448.6448868127545
-2414.736525503996
-2414.179126544447
-2320.2008901492736
-2265.212600741377
-2448.6448868127545
-2414.736525503996
-2414.179126544447
-2320.2008901492736
-2265.212600741377
-2444.1347989724386
-2385.1806666099274
-2438.4403450760933
-2239.858253092107
-2253.057468411844
-2448.4125945628452
-2414.496905945871
-2417.0274157419053
-2311.7262040650876
-2267.1140152666057
-2458.131433901432
-2434.409116652061
-2430.8797106786005
-2313.5272369119366
-2279.0628825736862
[INFO][abstract_intensifier.py:596] Added config 98b5a0 and rejected config 2e8c38 as incumbent because it is not better than the incumbents on 1 instances: 
-2436.047716358833
-2427.945077957368
-2434.747485460494
-2305.4140394242513
-2277.804736939106
-2444.169339610631
-2427.7958743820855
-2451.538184245819
-2304.48664210374
-2282.457092668819
-2444.950246738962
-2395.4110650021676
-2424.8883140108246
-2258.98670961723
-2244.5095102039836
-2430.148272903141
-2430.6718346066073
-2450.314860595893
-2319.5423906416763
-2269.753792796675
-2430.148272903141
-2430.6718346066073
-2450.314860595893
-2319.5423906416763
-2269.753792796675
-2400.069341714686
-2383.6783141830497
-2434.8772138558943
-2228.4929433685193
-2220.179258055442
-2447.829206844146
-2423.0891661932183
-2445.606189139362
-2323.3124130229685
-2263.544685231275
-2439.857954978748
-2417.672979057671
-2450.640977894941
-2302.346445932021
-2280.996562699182
-2310.233056766954
-2303.5642406678135
-2394.6372558493226
-2216.557300009871
-2245.3127392352603
-2427.9848594455716
-2429.020622828699
-2438.0330566976245
-2314.30388300146
-2287.8452808938687
-2418.0745625284367
-2437.22146572565
-2432.220035654999
-2324.5864389648577
-2266.2503515804183
-2418.0745625284367
-2437.22146572565
-2432.220035654999
-2324.5864389648577
-2266.2503515804183
-2455.9093945257346
-2429.35265700197
-2445.0104618511014
-2310.5473275980494
-2265.551868070798
-2418.777370040705
-2386.7547200040312
-2425.950023192878
-2242.1030660419365
-2201.625227583673
-2454.759719058262
-2429.28802279335
-2450.6046325488137
-2318.5084901468654
-2279.778478859138
[INFO][abstract_intensifier.py:596] Added config 7ebbd0 and rejected config 98b5a0 as incumbent because it is not better than the incumbents on 1 instances: 
-2451.020888930395
-2444.93230496717
-2443.7465756797064
-2308.6699876355783
-2292.3572476456698
[INFO][abstract_intensifier.py:596] Added config 0426ab and rejected config 7ebbd0 as incumbent because it is not better than the incumbents on 1 instances: 
-2418.1135959986395
-2410.2047493171112
-2429.371053095383
-2257.6331622982766
-2271.330728585329
-2441.6455523814125
-2430.730619178393
-2429.5763218110187
-2312.950202894457
-2281.120216622939
-2374.570399053858
-2346.238226184405
-2422.6396761989754
-2207.8690854442643
-2214.646516402203
-2453.072867730099
-2444.721989277783
-2441.5453423399754
-2308.6405363443373
-2289.2403968616886
-2441.6455523814125
-2430.730619178393
-2429.5763218110187
-2312.950202894457
-2281.120216622939
-2453.072867730099
-2444.721989277783
-2441.5453423399754
-2308.6405363443373
-2289.2403968616886
-2453.072867730099
-2444.721989277783
-2441.5453423399754
-2308.6405363443373
-2289.2403968616886
-2453.072867730099
-2444.721989277783
-2441.5453423399754
-2308.6405363443373
-2289.2403968616886
-2452.755045110343
-2435.5375386856545
-2416.961224116817
-2301.0799498556544
-2271.315255784027
-2320.4232803508135
-2344.0171017636417
-2417.7528120582765
-2201.664282610681
-2226.514343163586
[INFO][smbo.py:327] Finished 100 trials.
-2450.1769755348723
-2438.6871276588327
-2443.472324217751
-2308.887928645357
-2292.16780901049
-2451.4466292516863
-2426.7925611830924
-2452.5322405026027
-2318.7706392335917
-2269.804763317405
-2446.4891998980133
-2433.860685187641
-2410.5964096430725
-2307.385532793173
-2273.856449897703
-2430.5429352511
-2417.506424187026
-2428.1422348736587
-2298.716228462223
-2285.343767473038
-2440.04897703756
-2426.595148854908
-2415.927938945714
-2303.66839749883
-2286.484256717545
-2450.649898240954
-2428.6303724706104
-2409.257913110701
-2309.7970511768253
-2269.2190299173835
-2386.52998751638
-2380.064723722583
-2416.85083584792
-2213.7917432884824
-2195.9330528175606
-2436.3050174469668
-2416.0799018468792
-2430.4890472296242
-2298.31107896334
-2258.910789608275
-2359.837928717579
-2397.9918905227514
-2399.5984241833758
-2243.8324403671
-2210.4189939881953
-2453.072867730099
-2444.721989277783
-2441.5453423399754
-2308.6405363443373
-2289.2403968616886
-2457.0072543539945
-2444.9751676757146
-2433.0176247828267
-2303.5214522348715
-2291.715683167271
-2455.780729851129
-2450.4120482068565
-2434.356725605018
-2302.7904502836
-2281.5070013502173
-2452.8517573999998
-2445.423450698697
-2440.213106354816
-2309.2695658911725
-2292.591567093397
-2451.020888930395
-2444.93230496717
-2443.7465756797064
-2308.6699876355783
-2292.3572476456698
-2445.6760628904085
-2434.8243878315593
-2451.4242628643115
-2306.1152588754285
-2280.453558016916
-2366.4168333530406
-2379.5653776712443
-2404.587339575292
-2228.4221259993246
-2197.235562923906
-2445.6760628904085
-2434.8243878315593
-2451.4242628643115
-2306.1152588754285
-2280.453558016916
-2430.4734991948662
-2451.633518648409
-2429.3069421931614
-2309.254320677618
-2282.4787890063817
-2445.6760628904085
-2434.8243878315593
-2451.4242628643115
-2306.1152588754285
-2280.453558016916
-2445.6760628904085
-2434.8243878315593
-2451.4242628643115
-2306.1152588754285
-2280.453558016916
-2429.2254869426333
-2398.095830245147
-2443.686981315936
-2252.050695725303
-2272.2123724272237
-2418.392991768369
-2419.290766327895
-2437.7163603152867
-2241.037517730963
-2303.66110255912
-2451.020888930395
-2444.93230496717
-2443.7465756797064
-2308.6699876355783
-2292.3572476456698
-2451.020888930395
-2444.93230496717
-2443.7465756797064
-2308.6699876355783
-2292.3572476456698
-2451.020888930395
-2444.93230496717
-2443.7465756797064
-2308.6699876355783
-2292.3572476456698
-2451.020888930395
-2444.93230496717
-2443.7465756797064
-2308.6699876355783
-2292.3572476456698
-2446.9123017879497
-2446.2591702273967
-2434.471732778558
-2312.110148595458
-2267.916952133561
-2451.020888930395
-2444.93230496717
-2443.7465756797064
-2308.6699876355783
-2292.3572476456698
-2329.017851974044
-2334.5850151502177
-2381.2923509593065
-2206.7971356529197
-2226.431459299394
-2451.020888930395
-2444.93230496717
-2443.7465756797064
-2308.6699876355783
-2292.3572476456698
-2441.877880767601
-2434.228970056407
-2447.3111401709652
-2311.129056053852
-2278.124464918973
-2451.7258091801727
-2434.1188334189223
-2432.191294546924
-2311.215020995597
-2278.124464918973
-2401.568442006942
-2395.888937506449
-2421.6595051412187
-2251.682138027415
-2234.109755344776
-2452.872228785598
-2430.003964516891
-2446.417393683767
-2306.6962329193
-2304.440958676345
-2436.732965909039
-2436.3510510579977
-2448.8542827540014
-2317.362373783109
-2267.521111141036
-2436.732965909039
-2436.3510510579977
-2448.8542827540014
-2317.362373783109
-2267.521111141036
-2444.2889405673745
-2431.92687086424
-2447.2320618202575
-2307.7721799598085
-2291.507137329716
-2436.1329899701304
-2442.7782230224257
-2440.7817696812153
-2300.163267138237
-2281.8480645948066
-2443.1945328393904
-2431.6791277442117
-2440.1597021814787
-2294.011943615204
-2286.4918034433754
-2345.8079578259676
-2358.5563081018604
-2400.4377725064296
-2202.1794792238347
-2202.238485104742
-2443.1945328393904
-2431.6791277442117
-2440.1597021814787
-2294.011943615204
-2286.4918034433754
-2441.355241760562
-2420.1439478802768
-2436.534757695834
-2311.784071386901
-2287.5304245353673
-2451.020888930395
-2444.93230496717
-2443.7465756797064
-2308.6699876355783
-2292.3572476456698
-2451.020888930395
-2444.93230496717
-2443.7465756797064
-2308.6699876355783
-2292.3572476456698
-2444.05388232371
-2429.4157115915596
-2434.176615668757
-2302.6917115529322
-2267.700159594244
-2356.8045981040627
-2375.9271086317913
-2449.392771681271
-2269.7214245134187
-2243.9509899581085
-2450.100458241565
-2396.8342591019805
-2452.2486041436323
-2296.1597066486543
-2284.193970959175
-2260.1252245017963
-2311.279203794223
-2433.075185328634
-2204.1745294704688
-2200.6044477684295
-2451.020888930395
-2444.93230496717
-2443.7465756797064
-2308.6699876355783
-2292.3572476456698
-2252.181998942418
-2247.586786532744
-2402.2283005563227
-2240.8431650244415
-2181.6805677071034
[INFO][smbo.py:327] Finished 150 trials.
-2255.4100173221427
-2267.6754500786906
-2398.8855612108023
-2243.7931606113825
-2194.9613029497946
-2268.7445827189194
-2278.3785232633845
-2430.3251247602657
-2246.548133009189
-2183.7029002386353
-2252.181998942418
-2247.586786532744
-2402.2283005563227
-2240.8431650244415
-2181.6805677071034
-2270.1308889072707
-2249.7115983820318
-2401.0292032996185
-2230.229645916006
-2184.6277366765703
-2380.3265799059186
-2393.399303826371
-2438.692035004611
-2231.959082411893
-2226.2395649177242
-2405.925426316425
-2392.3946668587887
-2434.401197090364
-2241.560636484598
-2253.48930440781
-2451.020888930395
-2444.93230496717
-2443.7465756797064
-2308.6699876355783
-2292.3572476456698
-2451.020888930395
-2444.93230496717
-2443.7465756797064
-2308.6699876355783
-2292.3572476456698
-2451.020888930395
-2444.93230496717
-2443.7465756797064
-2308.6699876355783
-2292.3572476456698
-2453.072867730099
-2444.721989277783
-2441.5453423399754
-2308.6405363443373
-2289.2403968616886
-2371.5609016330122
-2381.707991586922
-2428.722512735175
-2272.6188949599823
-2250.0899556521917
-2453.072867730099
-2444.721989277783
-2441.5453423399754
-2308.6405363443373
-2289.2403968616886
-2451.020888930395
-2444.93230496717
-2443.7465756797064
-2308.6699876355783
-2292.3572476456698
-2451.020888930395
-2444.93230496717
-2443.7465756797064
-2308.6699876355783
-2292.3572476456698
-2456.434997115329
-2450.9114704134736
-2435.139422605954
-2302.719821348641
-2283.1335202805035
-2362.3791059408995
-2400.3772916546254
-2415.405893124724
-2208.860048913213
-2217.6638726843844
-2456.434997115329
-2450.9114704134736
-2435.139422605954
-2302.719821348641
-2283.1335202805035
-2451.020888930395
-2444.93230496717
-2443.7465756797064
-2308.6699876355783
-2292.3572476456698
-2451.0931997709768
-2436.4751925792307
-2451.9216122730913
-2326.284741168556
-2268.417498639027
-2453.2928878249777
-2451.7254109341916
-2445.2502198054626
-2308.7631284805516
-2292.659800624617
[INFO][abstract_intensifier.py:596] Added config 1dad0b and rejected config 0426ab as incumbent because it is not better than the incumbents on 1 instances: 
-2386.6768092378456
-2383.1763771976252
-2414.155119017384
-2265.3491148969256
-2248.4210108530483
-2451.612249910078
-2445.7059915618433
-2444.7347197352647
-2308.9123554575735
-2290.1301321330147
-2451.612249910078
-2445.7059915618433
-2444.7347197352647
-2308.9123554575735
-2290.1301321330147
-2414.8748215808127
-2410.1152792038893
-2423.2206084875106
-2279.483122933744
-2261.0583393277184
-2451.612249910078
-2445.7059915618433
-2444.7347197352647
-2308.9123554575735
-2290.1301321330147
-2452.0733652744975
-2441.6929952792325
-2443.0512731278905
-2309.8790472009373
-2296.1899587063235
-2451.612249910078
-2445.7059915618433
-2444.7347197352647
-2308.9123554575735
-2290.1301321330147
-2425.0652294665792
-2414.4673991218447
-2451.9999112912565
-2289.5075691458105
-2212.9040373952007
-2453.2928878249777
-2451.7254109341916
-2445.2502198054626
-2308.7631284805516
-2292.659800624617
-2453.2928878249777
-2451.7254109341916
-2445.2502198054626
-2308.7631284805516
-2292.659800624617
-2422.3119743418474
-2413.0461422554495
-2437.7794628071892
-2297.4953231445534
-2280.4879015617407
-2447.024881186667
-2427.586742033406
-2449.02054938273
-2316.207982381048
-2267.8270602971666
-2447.024881186667
-2427.586742033406
-2449.02054938273
-2316.207982381048
-2267.8270602971666
-2451.684552007865
-2431.7625454318086
-2441.403194685514
-2307.4866279256726
-2287.4857936925628
-2447.024881186667
-2427.586742033406
-2449.02054938273
-2316.207982381048
-2267.8270602971666
-2332.082733148512
-2376.347200222811
-2405.7643955158906
-2254.3315492365227
-2246.600856264613
-2453.2928878249777
-2451.7254109341916
-2445.2502198054626
-2308.7631284805516
-2292.659800624617
-2453.2928878249777
-2451.7254109341916
-2445.2502198054626
-2308.7631284805516
-2292.659800624617
-2429.2775108506426
-2413.551056418163
-2448.2757908471112
-2281.1474080954504
-2271.3868641997115
-2453.2928878249777
-2451.7254109341916
-2445.2502198054626
-2308.7631284805516
-2292.659800624617
-2453.2928878249777
-2451.7254109341916
-2445.2502198054626
-2308.7631284805516
-2292.659800624617
-2453.2928878249777
-2451.7254109341916
-2445.2502198054626
-2308.7631284805516
-2292.659800624617
-2321.083366827253
-2362.7147846895396
-2440.522410051647
-2236.9503636375925
-2245.7075398772145
-2453.2928878249777
-2451.7254109341916
-2445.2502198054626
-2308.7631284805516
-2292.659800624617
-2449.2072065488805
-2428.722613421811
-2437.748352158933
-2311.3193475780117
-2287.5947515938356
-2455.6468760563757
-2447.1504176312337
-2434.621316204321
-2302.13574446625
-2281.522494509055
-2455.6468760563757
-2447.1504176312337
-2434.621316204321
-2302.13574446625
-2281.522494509055
-2449.2072065488805
-2428.722613421811
-2437.748352158933
-2311.3193475780117
-2287.5947515938356
-2455.6468760563757
-2447.1504176312337
-2434.621316204321
-2302.13574446625
-2281.522494509055
-2455.6468760563757
-2447.1504176312337
-2434.621316204321
-2302.13574446625
-2281.522494509055
[INFO][smbo.py:327] Finished 200 trials.
[INFO][smbo.py:335] Configuration budget is exhausted:
[INFO][smbo.py:336] --- Remaining wallclock time: inf
[INFO][smbo.py:337] --- Remaining cpu time: inf
[INFO][smbo.py:338] --- Remaining trials: 0
