Using file: ../data/ela_with_cma_and_algo_normalised/A1_data_5D/A1_B300_5D_ela_with_state.csv
[INFO][abstract_initial_design.py:87] Reducing the number of initial configurations from 60 to 50 (max_ratio == 0.25).
[INFO][abstract_initial_design.py:139] Using 50 initial design configurations and 0 additional configurations.
[INFO][abstract_intensifier.py:307] Using only one seed for deterministic scenario.
-2370.447687384729
-2340.4249434710196
-2374.47025788882
-2299.0330298405206
-2165.06676011098
[INFO][abstract_intensifier.py:517] Added config 26fdc2 as new incumbent because there are no incumbents yet.
-2381.488009269933
-2352.302387173971
-2398.5253534582216
-2285.401449996757
-2234.3728956780874
[INFO][abstract_intensifier.py:596] Added config 8a205f and rejected config 26fdc2 as incumbent because it is not better than the incumbents on 1 instances: 
-2361.303734006456
-2342.2461139115953
-2364.797461264912
-2295.254484909694
-2152.100802945922
-2393.256938046247
-2358.081339800696
-2399.758671068466
-2264.545207206568
-2242.5594831449307
[INFO][abstract_intensifier.py:596] Added config 71b0a5 and rejected config 8a205f as incumbent because it is not better than the incumbents on 1 instances: 
-2394.7385994106953
-2347.525029046326
-2392.3448440441284
-2281.608612450791
-2222.3840786748033
-2299.5672323900635
-2272.85606028392
-2348.922020204762
-2183.2371801755207
-2100.7590942303923
-2377.6973961483104
-2339.3516902052475
-2370.0189314418885
-2294.056168249732
-2231.8975061837405
-2306.389829482009
-2299.225871961795
-2331.263630739672
-2255.7434261004423
-2167.8176940214303
-2401.879239099528
-2361.991154944089
-2396.4244667999023
-2302.1222428980186
-2206.251202102373
[INFO][abstract_intensifier.py:596] Added config b7ad6c and rejected config 71b0a5 as incumbent because it is not better than the incumbents on 1 instances: 
-2320.512044518611
-2270.2225600324036
-2360.306527901474
-2255.1733628457623
-2176.3810189540823
-2355.62420543856
-2343.8033971008017
-2391.8936774670046
-2300.34265014813
-2208.8909097065693
-2332.213787099012
-2286.819870422021
-2337.605212835544
-2230.6647387014923
-2151.6413503219833
-2396.7934911416983
-2348.9342658403257
-2385.8569576823506
-2303.692957909686
-2209.6041211069223
-2392.3494462950443
-2341.495875153094
-2397.792873224152
-2277.4823936292382
-2217.8487820272303
-2328.940019244477
-2345.1753799887724
-2379.5879862347733
-2305.979497588862
-2169.5617683205173
-2367.9610699105006
-2349.707841187438
-2402.195817518207
-2300.3036113381486
-2205.555888865303
-2346.094580149309
-2345.8379414128667
-2400.355466664118
-2306.2073238490048
-2185.476657757552
-2384.1192581023906
-2339.287664157324
-2404.8084878003565
-2275.9804582844267
-2222.162031654688
-2372.694081387355
-2351.8570085683514
-2381.7164925040524
-2307.7737663265334
-2177.0461741608146
-2343.6384260522154
-2320.589235070539
-2386.301654904235
-2263.842907397983
-2154.051174123888
-2347.0834445488754
-2333.3142460523013
-2381.705651280504
-2289.963553525962
-2191.833191937634
-2335.9767932116747
-2316.634168610888
-2382.691589133306
-2240.9625336423105
-2164.301770377303
-2397.146693747735
-2359.1418351912153
-2395.8852073061366
-2306.0385042599614
-2194.397746814834
-2317.469605174648
-2266.1285385972947
-2341.8277927244867
-2219.9875643864684
-2144.3678909962027
-2390.023222631062
-2341.5636917652255
-2383.5390989228245
-2276.559743352057
-2200.970228164201
-2296.115560031634
-2238.752407141358
-2344.332215112018
-2182.819199375755
-2089.995807291778
-2392.987617234795
-2355.9476680764797
-2402.3566604266093
-2293.0579165512218
-2225.786116582136
[INFO][abstract_intensifier.py:596] Added config c6987a and rejected config b7ad6c as incumbent because it is not better than the incumbents on 1 instances: 
-2312.507892304573
-2279.234308876553
-2368.951040521312
-2242.6775653430573
-2170.463187259321
-2371.1670735252374
-2335.8818544701057
-2390.3439563400625
-2306.6195284752966
-2161.1962589839177
-2350.095777362519
-2318.7315671668057
-2371.322717900386
-2223.3352895605144
-2173.516575144331
-2350.789771749858
-2361.281637140706
-2390.3434752090498
-2292.1951064231566
-2191.072841699026
-2381.4718078501605
-2343.928995774537
-2384.2393684144854
-2274.3540151939355
-2217.8544725185584
-2367.495755324647
-2347.698913682661
-2392.4663738030094
-2258.912082921771
-2210.1731885795393
-2306.091844288863
-2256.32061063093
-2332.7173817579455
-2256.342350613655
-2145.1123618686893
-2414.4743707800585
-2355.3663592824246
-2409.665047405622
-2289.4012623116287
-2232.2117498707394
[INFO][abstract_intensifier.py:596] Added config b5c0dd and rejected config c6987a as incumbent because it is not better than the incumbents on 1 instances: 
-2333.51585046292
-2295.4334810670416
-2363.940679249132
-2226.9164923130547
-2152.3412194164994
-2330.096534265769
-2321.2876256417294
-2381.3653418013637
-2289.591883022914
-2154.507229269837
-2357.3176071296757
-2364.7411481303984
-2397.8499702659524
-2258.3819619838077
-2188.3894768540276
-2370.1489996000055
-2344.838689937019
-2391.796060720505
-2308.7155620480607
-2198.518382258861
-2405.3489916573985
-2345.7000745389423
-2417.624948973285
-2300.140357502538
-2210.670692263043
-2397.468227727154
-2339.7711252417885
-2379.651972159321
-2293.0864530457393
-2187.7701343046433
-2395.9542964568172
-2367.197265871467
-2401.4458263442816
-2280.521739380588
-2205.7405604472747
-2381.0607049068794
-2335.1546475279542
-2381.6906797081365
-2311.433654805719
-2171.4347199574013
-2343.272807582698
-2345.8652707843703
-2388.688982205873
-2286.865968177009
-2192.8369327308424
-2411.172821788129
-2357.199068461645
-2380.534547876022
-2292.3995455272398
-2212.1383229396147
-2350.117385827061
-2277.718534710897
-2375.112899841217
-2246.508456670194
-2134.7107078386816
-2371.0345073072954
-2341.5584500701048
-2397.158399360561
-2290.4654723671724
-2215.07147404449
-2321.7407783808653
-2265.3662538692306
-2376.2285298318784
-2233.3703957112602
-2154.9410822751947
-2401.505216933441
-2366.150998071258
-2404.034044682966
-2312.0499211896185
-2222.7995463029674
[INFO][abstract_intensifier.py:596] Added config 29eefc and rejected config b5c0dd as incumbent because it is not better than the incumbents on 1 instances: 
-2347.923506454995
-2318.267821119369
-2372.862480976237
-2237.196762317959
-2184.8447906227257
[INFO][smbo.py:327] Finished 50 trials.
-2417.989584450912
-2355.893642763841
-2408.8133648438675
-2298.3206886826665
-2240.63461949511
[INFO][abstract_intensifier.py:596] Added config af07df and rejected config 29eefc as incumbent because it is not better than the incumbents on 1 instances: 
-2408.0468624127298
-2349.4840301732597
-2402.079133126899
-2283.5675991737835
-2226.6808522102947
-2413.047812383914
-2360.293540620067
-2412.1379576336985
-2308.261671857513
-2221.361677140099
-2408.0046795921035
-2346.754060659666
-2399.8026108559384
-2287.5871052666394
-2204.1622923859836
-2374.268835736295
-2312.605832294797
-2377.700446299556
-2261.4363685774524
-2150.093418879658
-2391.320522842335
-2356.726301094868
-2350.682514194679
-2284.2210929685994
-2239.0939808810817
-2318.701035684645
-2357.467571901951
-2387.6942793847047
-2307.085519796624
-2172.656344576099
-2409.358351909782
-2366.672353943476
-2393.8054105982233
-2300.7246321372886
-2244.4291216939787
-2412.1827061466715
-2360.5114080521143
-2404.91916304026
-2297.579986163343
-2230.8716751464444
-2414.413956853932
-2360.511427381572
-2405.7077168963365
-2297.7896314925347
-2232.0803373487197
-2397.227116872078
-2350.2996243770567
-2390.3842480697544
-2258.671835227139
-2220.373444666202
-2421.251124006564
-2355.647797818387
-2412.7713044410093
-2305.2574214727274
-2240.2963480011913
[INFO][abstract_intensifier.py:596] Added config 2bedf7 and rejected config af07df as incumbent because it is not better than the incumbents on 1 instances: 
-2421.251124006564
-2355.647797818387
-2412.7713044410093
-2305.2574214727274
-2240.2963480011913
-2408.480104320589
-2360.511408051835
-2404.7318429086117
-2294.451651426338
-2232.1137823056356
-2341.350547763838
-2339.5738576737936
-2372.429185427348
-2296.4367730152157
-2165.9178297617523
-2257.0712222438647
-2241.4853937063954
-2332.1936599604196
-2217.593952599513
-2108.544459144566
-2413.423756616649
-2356.6040390621974
-2398.320232845437
-2294.70244068231
-2235.6580810972896
-2400.9947318681434
-2358.0128088301335
-2399.5129682631023
-2308.9930573709325
-2227.0398525723813
-2403.3489193765427
-2366.8562510967668
-2408.5380470845425
-2302.8163244233147
-2222.0023911225953
-2401.842081702541
-2355.3266512930104
-2405.1460416781356
-2287.5561268576716
-2255.7201735724057
-2396.7554774066493
-2361.708785294065
-2401.9815878434492
-2304.932757954298
-2232.260691783272
-2382.658216305739
-2349.019115061308
-2410.474438490136
-2309.189478307085
-2190.42103024473
-2414.4450935917966
-2350.1319742741102
-2399.0432675607685
-2321.118518399671
-2218.42989812009
-2414.5181366212596
-2362.720802833801
-2407.3206936581623
-2302.643355794214
-2228.063314642819
-2421.2054309795676
-2359.1738696698517
-2411.4442438575406
-2302.2679163624207
-2240.147950289881
-2410.520465769022
-2373.0393963804318
-2404.950628078945
-2299.807906387688
-2232.8044904828025
-2366.704180565407
-2351.43670778795
-2387.674846587828
-2276.193684415489
-2199.4112983382824
-2421.2054309795676
-2359.1738696698517
-2411.4442438575406
-2302.2679163624207
-2240.147950289881
-2410.520465769022
-2373.0393963804318
-2404.950628078945
-2299.807906387688
-2232.8044904828025
-2352.005681035969
-2346.9507583560344
-2387.5965683369977
-2304.9134106296815
-2168.877243507445
-2410.520465769022
-2373.0393963804318
-2404.950628078945
-2299.807906387688
-2232.8044904828025
-2402.042602377657
-2352.8626346119195
-2401.4068656164063
-2292.5306831576663
-2217.393090521507
-2309.510525840867
-2284.214271925771
-2366.4041856641834
-2195.573147279538
-2089.817288409168
-2412.6097861941194
-2364.136090128872
-2405.734271404066
-2289.237134875768
-2216.7878909465435
-2412.4081091041367
-2355.8134634807607
-2412.2135955039967
-2310.7546791854784
-2239.845160011593
-2411.6158955544147
-2364.508379781449
-2406.5863859725805
-2289.5067776069955
-2216.7949246428207
-2421.6008766937794
-2355.81342680377
-2412.4506294754005
-2308.05384485628
-2240.4533905931203
[INFO][abstract_intensifier.py:596] Added config 12a608 and rejected config 2bedf7 as incumbent because it is not better than the incumbents on 1 instances: 
-2387.77179169617
-2353.807765054918
-2384.866037378405
-2306.632378168728
-2171.679795812381
-2413.8314553991027
-2362.6533315382667
-2406.5842039246027
-2286.780161906865
-2216.799804986901
-2406.3365981055736
-2366.1401799615446
-2401.18873162805
-2284.474469235902
-2232.210900480652
-2368.816200372886
-2334.7855819986135
-2380.457697416299
-2245.733666625267
-2205.578597232945
-2412.9298798490818
-2362.934751387489
-2407.1010804465823
-2291.744372126975
-2233.416223966233
-2321.93914539132
-2273.0070610045896
-2362.1417032818176
-2221.91553026406
-2140.880554273071
-2402.6731859830015
-2357.1703729458986
-2403.649968991317
-2311.9841467266942
-2226.9641365438392
-2413.0150422568663
-2362.092754992104
-2398.9514554607795
-2290.544737125787
-2219.249597094756
-2412.8908466979537
-2351.1998567684323
-2395.1461397864878
-2290.9091970779937
-2226.3696752304268
-2421.1129606382956
-2356.59694670946
-2391.7948175350966
-2290.937921136876
-2244.8955153998554
-2421.1129606382956
-2356.59694670946
-2391.7948175350966
-2290.937921136876
-2244.8955153998554
-2280.125086644428
-2286.7887027460265
-2347.4328948869334
-2251.731619479899
-2179.9162309715557
-2421.6008766937794
-2355.81342680377
-2412.4506294754005
-2308.05384485628
-2240.4533905931203
[INFO][smbo.py:327] Finished 100 trials.
-2421.6008766937794
-2355.81342680377
-2412.4506294754005
-2308.05384485628
-2240.4533905931203
-2421.6008766937794
-2355.81342680377
-2412.4506294754005
-2308.05384485628
-2240.4533905931203
-2420.827317262928
-2359.4481842515584
-2411.5883128628175
-2311.7398805225253
-2240.5620562636077
[INFO][abstract_intensifier.py:596] Added config 8a0a85 and rejected config 12a608 as incumbent because it is not better than the incumbents on 1 instances: 
-2421.6008766937794
-2355.81342680377
-2412.4506294754005
-2308.05384485628
-2240.4533905931203
-2399.252940987621
-2354.1495076753217
-2410.237721570017
-2294.4587984818963
-2227.102346210651
-2353.6493798727297
-2349.2215179777204
-2382.481747189926
-2306.8819798370278
-2169.332684972429
-2387.2827810343206
-2342.4190337667173
-2408.345764844637
-2288.73205861345
-2226.5367575115188
-2362.8118462769758
-2340.9295330012037
-2383.3725973339842
-2303.852634874487
-2150.6581678788657
-2420.827317262928
-2359.4481842515584
-2411.5883128628175
-2311.7398805225253
-2240.5620562636077
-2420.827317262928
-2359.4481842515584
-2411.5883128628175
-2311.7398805225253
-2240.5620562636077
-2420.827317262928
-2359.4481842515584
-2411.5883128628175
-2311.7398805225253
-2240.5620562636077
-2420.827317262928
-2359.4481842515584
-2411.5883128628175
-2311.7398805225253
-2240.5620562636077
-2420.827317262928
-2359.4481842515584
-2411.5883128628175
-2311.7398805225253
-2240.5620562636077
-2420.827317262928
-2359.4481842515584
-2411.5883128628175
-2311.7398805225253
-2240.5620562636077
-2360.613424321118
-2327.294432589937
-2403.3786849059306
-2310.9018191380223
-2177.2622818775094
-2313.904470371337
-2338.374954048529
-2388.9667217303218
-2282.6545118196395
-2160.572712791507
-2415.985242416551
-2350.6205872091923
-2405.531650309167
-2289.7893882198064
-2228.518370891539
-2388.7510125626413
-2348.2190332000855
-2402.878345588476
-2287.8241964610816
-2223.811628506284
-2395.563885143362
-2367.302914500836
-2400.312228120538
-2303.2871672082547
-2231.9261037745423
-2395.7254826835606
-2350.785603397035
-2417.8105908000384
-2292.3406908430247
-2229.2037231125555
-2391.4339967730234
-2343.57523495848
-2397.5445322409196
-2282.8094061904776
-2214.5336711662244
-2397.5628476820475
-2343.453233447415
-2363.965041275789
-2264.4551678323724
-2195.5531294355164
-2399.6508911549363
-2349.0886156401643
-2399.0228345049086
-2266.7739810853795
-2219.7641962030393
-2399.6508911549363
-2349.0886156401643
-2399.0228345049086
-2266.7739810853795
-2219.7641962030393
-2420.827317262928
-2359.4481842515584
-2411.5883128628175
-2311.7398805225253
-2240.5620562636077
-2413.1765444194716
-2366.1926448954455
-2411.1250418787276
-2287.888233530522
-2198.9290328754246
-2417.6194554253802
-2354.436434178096
-2392.003125328495
-2290.937921136876
-2245.8390251106816
-2295.293683911203
-2262.4502145610345
-2378.133240262742
-2232.5199920488885
-2148.568320692181
-2408.4511692030965
-2350.9325337667233
-2398.355734441031
-2290.9091965655775
-2226.289034443931
-2392.044753516439
-2360.5719133141247
-2410.8030474494194
-2279.392915510455
-2219.040138547267
-2409.480632681323
-2371.3675974828493
-2405.105585850485
-2299.6958175845675
-2236.3098157441923
-2367.3438286780315
-2343.393622166017
-2394.3402653686367
-2298.4754563470433
-2185.7718481546467
-2420.827317262928
-2359.4481842515584
-2411.5883128628175
-2311.7398805225253
-2240.5620562636077
-2420.827317262928
-2359.4481842515584
-2411.5883128628175
-2311.7398805225253
-2240.5620562636077
-2420.827317262928
-2359.4481842515584
-2411.5883128628175
-2311.7398805225253
-2240.5620562636077
-2420.827317262928
-2359.4481842515584
-2411.5883128628175
-2311.7398805225253
-2240.5620562636077
-2420.827317262928
-2359.4481842515584
-2411.5883128628175
-2311.7398805225253
-2240.5620562636077
-2324.979869096496
-2279.689381193125
-2347.4788512671785
-2238.4961492734324
-2118.861500110854
-2420.827317262928
-2359.4481842515584
-2411.5883128628175
-2311.7398805225253
-2240.5620562636077
-2416.421501625063
-2362.751091039324
-2406.5842044388182
-2288.7959180157422
-2217.096579257564
-2416.421501625063
-2362.751091039324
-2406.5842044388182
-2288.7959180157422
-2217.096579257564
-2420.935470379727
-2354.4906749642487
-2412.4734391381658
-2314.05344836335
-2240.38719444854
-2421.2648407657325
-2357.8182591245777
-2412.627676619111
-2305.2075192683133
-2239.745002427608
-2421.588066066566
-2357.4971440920335
-2413.0168463949676
-2303.506750833759
-2240.2054820483863
-2324.677114971095
-2263.5333969368016
-2347.7369263927812
-2217.724786375177
-2119.906176080112
-2358.7630913724915
-2349.513788863889
-2387.8380040288807
-2294.206062178048
-2218.203186998468
-2366.841848075885
-2342.1321452594902
-2375.20672664175
-2289.1249777524317
-2186.9120556876987
-2420.827317262928
-2359.4481842515584
-2411.5883128628175
-2311.7398805225253
-2240.5620562636077
-2410.282163048276
-2366.5580436610317
-2405.2720982129417
-2297.204497459881
-2231.4723524434894
-2391.494726177298
-2349.7248020033403
-2400.015619415816
-2296.4090810022526
-2208.6671306451653
[INFO][smbo.py:327] Finished 150 trials.
-2356.7362633851817
-2332.557133739957
-2388.462328629126
-2304.3639054045957
-2185.3176055167946
-2383.0778358524412
-2352.031166662314
-2396.4213999966323
-2277.4418683999315
-2224.30542412051
-2405.6203502643766
-2362.5304537940024
-2400.992190676634
-2285.2567555015376
-2233.958589464823
-2388.6991040809708
-2348.1559388640517
-2388.5852952461337
-2273.3366495420223
-2224.257613769097
-2420.827317262928
-2359.4481842515584
-2411.5883128628175
-2311.7398805225253
-2240.5620562636077
-2380.085224881662
-2338.9004915531696
-2391.1407439297545
-2287.5299976363985
-2176.757889935859
-2398.803656756536
-2360.7943304473047
-2408.331783329352
-2293.8367137399314
-2224.7378913871216
-2355.8382522974644
-2332.9546674939297
-2390.861323891322
-2270.3374780610397
-2175.16842018697
-2409.480632681323
-2371.3675974828493
-2405.105585850485
-2299.6958175845675
-2236.3098157441923
-2400.439364159545
-2360.5767009227357
-2386.042176203963
-2282.0263933572046
-2230.702458079576
-2390.411079753224
-2348.054847016465
-2404.8447390379024
-2282.0340277955856
-2231.6238553694307
-2407.8400479083352
-2360.7943304473047
-2408.1292174427526
-2292.286760277349
-2221.3090917581158
-2420.827317262928
-2359.4481842515584
-2411.5883128628175
-2311.7398805225253
-2240.5620562636077
-2377.2681686284836
-2347.3411255729216
-2378.676170979334
-2294.9549672661124
-2156.852570308776
-2420.827317262928
-2359.4481842515584
-2411.5883128628175
-2311.7398805225253
-2240.5620562636077
-2420.827317262928
-2359.4481842515584
-2411.5883128628175
-2311.7398805225253
-2240.5620562636077
-2409.0754883235127
-2367.0336904025785
-2398.6421623363376
-2288.154327440535
-2232.217430432457
-2409.0754883235127
-2367.0336904025785
-2398.6421623363376
-2288.154327440535
-2232.217430432457
-2409.0754883235127
-2367.0336904025785
-2398.6421623363376
-2288.154327440535
-2232.217430432457
-2349.990159533921
-2291.858372986249
-2382.3238516393235
-2266.3280242213496
-2203.7642628736685
-2410.282163048276
-2366.5580436610317
-2405.2720982129417
-2297.204497459881
-2231.4723524434894
-2420.827317262928
-2359.4481842515584
-2411.5883128628175
-2311.7398805225253
-2240.5620562636077
-2420.827317262928
-2359.4481842515584
-2411.5883128628175
-2311.7398805225253
-2240.5620562636077
-2416.421501625063
-2362.751091039324
-2406.5842044388182
-2288.7959180157422
-2217.096579257564
-2381.9521195993702
-2350.304340634663
-2404.768698230215
-2292.3570568233763
-2227.771416228277
-2416.421501625063
-2362.751091039324
-2406.5842044388182
-2288.7959180157422
-2217.096579257564
-2413.089483940686
-2361.5750393813423
-2406.229846463427
-2286.7184067492585
-2216.7992683552548
-2410.2411510700795
-2363.1135606407865
-2405.4477286651954
-2290.5397985982518
-2217.333726849815
-2321.199584008743
-2343.724118339379
-2379.5163801256117
-2310.8286164094843
-2142.994832188964
-2420.827317262928
-2359.4481842515584
-2411.5883128628175
-2311.7398805225253
-2240.5620562636077
-2420.827317262928
-2359.4481842515584
-2411.5883128628175
-2311.7398805225253
-2240.5620562636077
-2420.827317262928
-2359.4481842515584
-2411.5883128628175
-2311.7398805225253
-2240.5620562636077
-2420.827317262928
-2359.4481842515584
-2411.5883128628175
-2311.7398805225253
-2240.5620562636077
-2421.6777626442727
-2356.302072782098
-2411.8237818539637
-2311.740385740208
-2240.38719444854
-2420.056511473971
-2356.3469116121973
-2411.7071590572014
-2311.7387946023664
-2240.387194812107
-2420.056511473971
-2356.3469116121973
-2411.7071590572014
-2311.7387946023664
-2240.387194812107
-2420.827317262928
-2359.4481842515584
-2411.5883128628175
-2311.7398805225253
-2240.5620562636077
-2420.827317262928
-2359.4481842515584
-2411.5883128628175
-2311.7398805225253
-2240.5620562636077
-2420.827317262928
-2359.4481842515584
-2411.5883128628175
-2311.7398805225253
-2240.5620562636077
-2394.9082475202263
-2363.4475716095435
-2405.4953220685957
-2288.9245096222226
-2222.157420406053
-2420.827317262928
-2359.4481842515584
-2411.5883128628175
-2311.7398805225253
-2240.5620562636077
-2319.0548050815664
-2309.85286167318
-2381.9513537458215
-2251.4927258127627
-2177.560233162826
-2401.942769177507
-2362.716114204989
-2409.402261388588
-2299.485419145932
-2230.9557379720045
-2401.942769177507
-2362.716114204989
-2409.402261388588
-2299.485419145932
-2230.9557379720045
-2358.4002611136557
-2285.760646234484
-2374.2967180563746
-2297.1727285816078
-2204.280504374625
-2420.827317262928
-2359.4481842515584
-2411.5883128628175
-2311.7398805225253
-2240.5620562636077
-2420.827317262928
-2359.4481842515584
-2411.5883128628175
-2311.7398805225253
-2240.5620562636077
-2420.827317262928
-2359.4481842515584
-2411.5883128628175
-2311.7398805225253
-2240.5620562636077
-2360.008928739466
-2339.67803117718
-2388.4617518580794
-2243.375932674608
-2185.365963779656
-2420.827317262928
-2359.4481842515584
-2411.5883128628175
-2311.7398805225253
-2240.5620562636077
[INFO][smbo.py:327] Finished 200 trials.
[INFO][smbo.py:335] Configuration budget is exhausted:
[INFO][smbo.py:336] --- Remaining wallclock time: inf
[INFO][smbo.py:337] --- Remaining cpu time: inf
[INFO][smbo.py:338] --- Remaining trials: 0
