Using file: ../data/ela_with_cma_and_algo_normalised/A1_data_5D/A1_B32_5D_ela_with_state.csv
[INFO][abstract_initial_design.py:87] Reducing the number of initial configurations from 60 to 50 (max_ratio == 0.25).
[INFO][abstract_initial_design.py:139] Using 50 initial design configurations and 0 additional configurations.
[INFO][abstract_intensifier.py:307] Using only one seed for deterministic scenario.
-2515.9179394720613
-2525.596566234861
-2407.6128791423
-2512.8626543632313
-2351.0031683206817
[INFO][abstract_intensifier.py:517] Added config 26fdc2 as new incumbent because there are no incumbents yet.
-2612.421165848184
-2542.5610180598696
-2462.0855614610127
-2545.2552253159793
-2433.7280211996476
[INFO][abstract_intensifier.py:596] Added config 8a205f and rejected config 26fdc2 as incumbent because it is not better than the incumbents on 1 instances: 
-2504.3581123482563
-2513.081909534121
-2427.1479400191497
-2491.1043630872637
-2397.6795682417833
-2634.127019923447
-2576.114789942796
-2462.362100004755
-2534.982628551803
-2425.808412881437
[INFO][abstract_intensifier.py:596] Added config 71b0a5 and rejected config 8a205f as incumbent because it is not better than the incumbents on 1 instances: 
-2618.9895264887878
-2570.138032354681
-2461.4632004250107
-2526.055878984651
-2432.0277999615478
-2454.750212730064
-2379.9052979324947
-2382.8037265329062
-2415.5271236660915
-2355.7275398805023
-2626.8130277172177
-2538.4992187244143
-2438.3499765271513
-2526.6022417622535
-2398.564158581049
-2524.562170031166
-2486.7463222248466
-2433.87367438169
-2478.0164934855147
-2343.2753717901974
-2638.140028474956
-2546.3051802224973
-2463.6766071620427
-2563.225886011068
-2418.6073194357728
-2520.3268395777873
-2509.219094050929
-2416.353552888221
-2504.938634875535
-2361.3429177139496
-2567.23982036114
-2547.1998317357384
-2441.007186218484
-2505.9237883109604
-2413.3054344685374
-2503.2445974388183
-2468.785757960946
-2395.853184351367
-2481.9485214332562
-2312.6340856406064
-2620.216463037257
-2575.9381943765
-2423.7935919732563
-2532.6332542234445
-2406.7383864332805
-2618.7855762296203
-2522.3577155129587
-2433.34677541121
-2525.9598319696906
-2415.621218648974
-2525.2300017192943
-2547.7410481192887
-2427.0908086855184
-2499.750229506629
-2374.4816784190084
-2577.1405370502043
-2544.355391031885
-2490.2637038106504
-2533.5782048268206
-2431.528710680571
-2529.2111229779375
-2556.090213895439
-2427.6712899565428
-2513.503203255054
-2390.580791543327
-2598.647973999001
-2548.1604077231764
-2461.099677409147
-2518.0420233709733
-2440.9019527462196
-2535.973282244232
-2543.581060865144
-2414.290793876754
-2489.257103320153
-2375.4224550873987
-2476.7496329921805
-2481.7434369075754
-2471.571336499763
-2512.4938616406157
-2363.568830508603
-2602.601332834587
-2556.462548660784
-2445.6463456573138
-2504.921600853887
-2434.9632949662036
-2578.57937839808
-2493.7806126550295
-2462.078472160055
-2520.9577891550703
-2385.834913514346
-2614.123243799238
-2557.361000785951
-2457.1469748376976
-2555.0092056667672
-2429.39072568498
-2466.025105836372
-2484.194411176402
-2358.1559271396227
-2458.297996498785
-2312.5854873128574
-2624.6828852699796
-2557.9228099342135
-2421.805682877367
-2558.6234316094606
-2423.2047190367593
-2441.7105973426123
-2426.0507632024555
-2310.0363128220924
-2340.2454611159387
-2278.3013492623363
-2638.9531835042317
-2562.743045438469
-2445.635355550299
-2551.1359628936643
-2433.17343766405
-2572.384294394906
-2533.598190880722
-2439.610469727687
-2497.013385314872
-2400.1235383865824
-2523.778198390729
-2525.81438510406
-2418.0803271907216
-2525.4937248272395
-2355.052369996153
-2580.4640164189286
-2537.0296006568424
-2457.943177435951
-2537.530852821118
-2379.5353158354865
-2486.8167003229137
-2526.9458540764012
-2424.863944928889
-2536.041699622775
-2413.8740996975175
-2631.994780550467
-2561.7368155253153
-2458.88019233485
-2542.725485593908
-2411.447744149029
-2613.990662147041
-2538.702027647505
-2423.0966946495005
-2504.111072554583
-2411.3028893069177
-2489.172554701493
-2477.4448990612264
-2367.582864032606
-2441.8445537730495
-2333.00555905785
-2648.2278468129393
-2572.064584431293
-2441.7454268959564
-2556.6833342727186
-2434.842324355819
[INFO][abstract_intensifier.py:596] Added config b5c0dd and rejected config 71b0a5 as incumbent because it is not better than the incumbents on 1 instances: 
-2535.5092305159483
-2504.082767980328
-2405.8324740153957
-2510.8006529890863
-2364.851427169931
-2503.747761803422
-2477.6239802965956
-2388.8601513784433
-2482.5643809676826
-2358.4731468761224
-2601.6623975815082
-2567.8525651953696
-2462.2551342243924
-2533.9704400459177
-2419.8379145904137
-2543.3000411317116
-2551.481590209245
-2425.091652573027
-2540.8994764343197
-2417.272668773216
-2639.6653788505
-2562.473794419147
-2440.684196150318
-2548.575136601287
-2437.179171040209
-2573.4353354612867
-2562.0970869229727
-2436.8295330405313
-2529.0322883748986
-2414.6821328555925
-2601.1920342436497
-2534.900415272794
-2464.721739226621
-2537.1347113652228
-2434.874117456778
-2537.966450531621
-2535.693347647287
-2415.9432435543695
-2506.3680939815044
-2340.7657455494477
-2552.914329297617
-2539.6186444752566
-2455.0179611672193
-2509.630079110364
-2452.007480848003
-2650.959073484464
-2577.896444846323
-2477.8331250661004
-2557.925402665318
-2425.506933932371
[INFO][abstract_intensifier.py:596] Added config 11659b and rejected config b5c0dd as incumbent because it is not better than the incumbents on 1 instances: 
-2516.3070109807404
-2537.7782377988683
-2420.3544860472994
-2501.657719523704
-2372.3981716008893
-2559.9315452736173
-2567.3094198515228
-2454.674712804021
-2510.5610236080674
-2402.571873515582
-2531.594330478568
-2470.2548487608065
-2460.991315199733
-2518.385407266734
-2346.5026743387434
-2630.1229786721437
-2560.2735377479776
-2465.895364869966
-2558.6112324893847
-2437.017156452529
-2562.9149586137414
-2554.9466203391044
-2435.402132957942
-2540.483718753746
-2390.931534493412
[INFO][smbo.py:327] Finished 50 trials.
-2610.04731829325
-2504.5042403567595
-2449.4238571514684
-2545.00837422531
-2413.5117436631526
-2605.786161831686
-2539.538696990007
-2427.132632320206
-2545.0007540333627
-2422.1256420028863
-2588.462141076715
-2522.107454308807
-2456.8214960197583
-2510.2472618885963
-2375.5547217959383
-2558.1518783171114
-2537.607208642225
-2435.881976928352
-2524.3881954718686
-2391.748741003709
-2560.536825721632
-2516.8903786029578
-2456.8174166849094
-2524.0594861889513
-2402.9600369043087
-2602.8071918450364
-2507.3568129931245
-2422.1460519636535
-2533.590758589605
-2381.8411162503644
-2554.6049476567664
-2559.8145231541203
-2444.3589563325804
-2517.800409675747
-2404.9579607806886
-2603.1905636266947
-2488.124518858075
-2451.9125264938193
-2504.4852484488442
-2440.2726777658186
-2631.342641232821
-2559.6176150401398
-2460.844615166802
-2550.7053465744807
-2414.855047429892
-2650.6120332194796
-2570.108168768153
-2483.303657873235
-2560.961197932944
-2425.231951227814
[INFO][abstract_intensifier.py:596] Added config c3ccd2 and rejected config 11659b as incumbent because it is not better than the incumbents on 1 instances: 
-2607.9922726273567
-2528.1835657188444
-2468.5899730872943
-2527.0534282071367
-2418.8880591590346
-2647.9254759894857
-2569.3558615056722
-2477.0627879129433
-2544.4962243618984
-2425.674409194714
-2649.490048383045
-2566.2933681913782
-2476.381723128921
-2545.177411292424
-2425.103923978927
-2650.6120332194796
-2570.108168768153
-2483.303657873235
-2560.961197932944
-2425.231951227814
-2542.1315990027624
-2518.044604748342
-2409.7970166767177
-2483.415616183782
-2352.2004431090136
-2396.8306696639047
-2353.6054502118
-2309.444723481456
-2372.6468503560072
-2297.7211584698825
-2648.7388244056137
-2548.8563337733303
-2475.7551232387063
-2538.6275009173896
-2422.5982039604764
-2653.411822793734
-2538.0087670893
-2465.4485722539766
-2513.528560950155
-2427.9846987413366
-2617.4032451217204
-2549.379229411027
-2430.4715101913825
-2557.159944209765
-2436.5869239630215
-2652.1375120983466
-2558.817834650625
-2485.14886370606
-2550.9824109175147
-2432.243992378621
-2626.1701565856138
-2543.082437739544
-2415.2279718194986
-2549.1411070516574
-2428.5200074483964
-2561.002571026591
-2557.11426250978
-2436.0524792667966
-2531.0080413551987
-2427.3042628418425
-2633.988787830862
-2545.5964482417257
-2461.275363074317
-2545.258125087764
-2413.4731243297983
-2623.786834087519
-2524.3532315458533
-2462.487669271888
-2534.65828846727
-2426.3997364529496
-2640.8976550110665
-2574.000774766754
-2441.4513428181463
-2570.922833022992
-2433.674555536073
-2640.8976550110665
-2574.000774766754
-2441.4513428181463
-2570.922833022992
-2433.674555536073
-2628.575516558272
-2546.8871877614974
-2442.5557063032743
-2523.830201612676
-2423.262542633321
-2640.8976550110665
-2574.000774766754
-2441.4513428181463
-2570.922833022992
-2433.674555536073
-2640.8976550110665
-2574.000774766754
-2441.4513428181463
-2570.922833022992
-2433.674555536073
-2528.6410322903885
-2527.6469575577003
-2447.8794545410938
-2499.610917002713
-2360.416587341129
-2631.4260617676414
-2556.799158757252
-2469.9794326150113
-2552.7919618579544
-2415.7074694104463
-2636.9680571257995
-2572.877462751697
-2448.7662123845403
-2559.7594736930823
-2430.818799951033
-2441.858188113055
-2405.47103965439
-2419.620588086601
-2455.8134266218476
-2353.5935332084273
-2650.959073484464
-2577.896444846323
-2477.8331250661004
-2557.925402665318
-2425.506933932371
-2650.959073484464
-2577.896444846323
-2477.8331250661004
-2557.925402665318
-2425.506933932371
-2650.959073484464
-2577.896444846323
-2477.8331250661004
-2557.925402665318
-2425.506933932371
-2650.959073484464
-2577.896444846323
-2477.8331250661004
-2557.925402665318
-2425.506933932371
-2572.99935312783
-2554.0347074635783
-2439.3316683474904
-2526.794771309443
-2426.828890924373
-2650.959073484464
-2577.896444846323
-2477.8331250661004
-2557.925402665318
-2425.506933932371
-2650.959073484464
-2577.896444846323
-2477.8331250661004
-2557.925402665318
-2425.506933932371
-2596.2874061039506
-2561.300744381033
-2449.4829378077384
-2504.999282433351
-2417.40007568952
-2618.2816255307125
-2568.3994118655523
-2448.0948143361675
-2542.9140124719843
-2428.96851456073
-2495.407218465726
-2518.0335705745997
-2399.4205401699005
-2486.6832343025962
-2302.038425073598
-2626.710973811582
-2575.8994259969013
-2453.8574092422696
-2552.9104096840133
-2413.2737454825537
-2638.4662270807803
-2565.264567988796
-2466.394965214575
-2531.9228289268062
-2430.245650010139
-2653.0136033509534
-2561.1723016051624
-2450.042192317945
-2566.799750435185
-2419.5049353220484
-2626.710973811582
-2575.8994259969013
-2453.8574092422696
-2552.9104096840133
-2413.2737454825537
-2612.5557353126924
-2554.3342562403013
-2496.549673476361
-2521.0151794813087
-2438.0426654874286
-2636.4751294637313
-2557.375988646204
-2477.843330856998
-2575.737703962934
-2433.4350468618777
-2500.4974186430422
-2495.7494593362876
-2450.372605040393
-2517.1543986501283
-2352.1376105068666
[INFO][smbo.py:327] Finished 100 trials.
-2650.959073484464
-2577.896444846323
-2477.8331250661004
-2557.925402665318
-2425.506933932371
-2635.352807385931
-2561.3985495969378
-2459.516517187113
-2559.3041409899615
-2416.989103629783
-2639.067617731801
-2579.088761751878
-2468.404109940515
-2547.6585939168754
-2429.3656368288375
-2618.953557470974
-2573.4545893164077
-2472.8176001188203
-2535.973658003063
-2418.0374307736292
-2650.7196206497924
-2565.1950546001863
-2454.8266157018493
-2553.322368490314
-2431.4843297186635
-2655.999308435996
-2587.3117720790406
-2426.0919774983477
-2569.422332250337
-2429.747544604784
-2529.575313268038
-2538.958983754499
-2442.4516301118156
-2513.850017651019
-2369.741811540358
-2634.9246477818697
-2548.2006768765227
-2461.266248232242
-2545.085095258958
-2429.1738411999063
-2534.982005845146
-2559.8290650084537
-2438.5586047349234
-2520.5003522880124
-2390.2412185322596
-2650.6120332194796
-2570.108168768153
-2483.303657873235
-2560.961197932944
-2425.231951227814
-2650.6120332194796
-2570.108168768153
-2483.303657873235
-2560.961197932944
-2425.231951227814
-2653.0136033509534
-2561.1723016051624
-2450.042192317945
-2566.799750435185
-2419.5049353220484
-2650.6120332194796
-2570.108168768153
-2483.303657873235
-2560.961197932944
-2425.231951227814
-2650.6120332194796
-2570.108168768153
-2483.303657873235
-2560.961197932944
-2425.231951227814
-2650.6120332194796
-2570.108168768153
-2483.303657873235
-2560.961197932944
-2425.231951227814
-2650.6120332194796
-2570.108168768153
-2483.303657873235
-2560.961197932944
-2425.231951227814
-2520.514452284951
-2517.975813390958
-2427.2917569550636
-2505.9570457553264
-2393.602914159518
-2650.6120332194796
-2570.108168768153
-2483.303657873235
-2560.961197932944
-2425.231951227814
-2617.607203423936
-2564.337518935802
-2462.1127604521007
-2526.274158666486
-2436.7376907994726
-2650.6120332194796
-2570.108168768153
-2483.303657873235
-2560.961197932944
-2425.231951227814
-2650.6120332194796
-2570.108168768153
-2483.303657873235
-2560.961197932944
-2425.231951227814
-2625.237852255639
-2556.3108754810805
-2458.6023152324756
-2526.9697319324014
-2430.761850459697
-2589.0614282720885
-2539.993779289567
-2469.29967408297
-2518.778613115076
-2420.685585168104
-2616.5787841558813
-2541.3784666389465
-2480.8973778575137
-2552.756257004439
-2423.3829360752893
-2623.8635714599836
-2553.4501832602655
-2482.0093939366193
-2535.3534443016997
-2427.9511880103
-2650.6120332194796
-2570.108168768153
-2483.303657873235
-2560.961197932944
-2425.231951227814
-2657.4572184365597
-2573.7850183817022
-2449.7768080035526
-2568.177974368658
-2420.692765585062
-2650.6120332194796
-2570.108168768153
-2483.303657873235
-2560.961197932944
-2425.231951227814
-2457.92889896791
-2427.9447176136846
-2369.6783659071784
-2459.500758434811
-2310.0638034897256
-2650.6120332194796
-2570.108168768153
-2483.303657873235
-2560.961197932944
-2425.231951227814
-2652.6738948053726
-2570.9504524472136
-2481.5517417599835
-2554.028749848533
-2428.555313489846
-2635.3158785030837
-2556.8599134440456
-2475.8834321450777
-2582.076308720309
-2434.38014228905
-2560.3626611917093
-2565.21325151175
-2450.3430001329916
-2522.279523792571
-2419.5827211721016
-2636.4751294637313
-2557.375988646204
-2477.843330856998
-2575.737703962934
-2433.4350468618777
-2636.4751294637313
-2557.375988646204
-2477.843330856998
-2575.737703962934
-2433.4350468618777
-2650.6120332194796
-2570.108168768153
-2483.303657873235
-2560.961197932944
-2425.231951227814
-2650.6120332194796
-2570.108168768153
-2483.303657873235
-2560.961197932944
-2425.231951227814
-2636.4751294637313
-2557.375988646204
-2477.843330856998
-2575.737703962934
-2433.4350468618777
-2525.2677109898395
-2533.882304592403
-2415.133518283541
-2504.4116693126916
-2334.6688683443354
-2650.6120332194796
-2570.108168768153
-2483.303657873235
-2560.961197932944
-2425.231951227814
-2650.6120332194796
-2570.108168768153
-2483.303657873235
-2560.961197932944
-2425.231951227814
-2650.6120332194796
-2570.108168768153
-2483.303657873235
-2560.961197932944
-2425.231951227814
-2650.6120332194796
-2570.108168768153
-2483.303657873235
-2560.961197932944
-2425.231951227814
-2625.973733758887
-2573.277673219908
-2442.783543974
-2558.082959786183
-2436.9797454130826
-2625.973733758887
-2573.277673219908
-2442.783543974
-2558.082959786183
-2436.9797454130826
-2660.650037505146
-2555.0462712396534
-2457.746942726216
-2547.7768355233015
-2431.140804489114
-2474.3613525271985
-2453.182466333495
-2379.8505211408547
-2459.995309390359
-2279.256557821483
-2574.3236256507107
-2564.1979866110723
-2414.369143029777
-2517.430396174733
-2412.390915665494
-2491.9570622120514
-2526.8943199082414
-2460.0525235391156
-2508.5469219376037
-2385.67563627125
-2650.6120332194796
-2570.108168768153
-2483.303657873235
-2560.961197932944
-2425.231951227814
[INFO][smbo.py:327] Finished 150 trials.
-2650.6120332194796
-2570.108168768153
-2483.303657873235
-2560.961197932944
-2425.231951227814
-2650.6120332194796
-2570.108168768153
-2483.303657873235
-2560.961197932944
-2425.231951227814
-2650.6120332194796
-2570.108168768153
-2483.303657873235
-2560.961197932944
-2425.231951227814
-2650.6120332194796
-2570.108168768153
-2483.303657873235
-2560.961197932944
-2425.231951227814
-2640.999468577539
-2571.2527965640725
-2471.792260668418
-2562.338147963827
-2423.0218577424203
-2640.9789672953184
-2573.173502039419
-2481.3892527363664
-2563.131009705183
-2423.9128701168656
-2647.9254759894857
-2569.3558615056722
-2477.0627879129433
-2544.4962243618984
-2425.674409194714
-2533.224876887786
-2561.927816510004
-2448.195428849501
-2515.223258329107
-2409.68970312374
-2654.083145275686
-2569.7555792247376
-2462.764205894194
-2575.869046615935
-2422.1897676525678
-2571.3582974067735
-2503.5510162419937
-2449.1100093926602
-2498.6238361018104
-2405.0207783365604
-2650.6120332194796
-2570.108168768153
-2483.303657873235
-2560.961197932944
-2425.231951227814
-2640.9789672953184
-2573.173502039419
-2481.3892527363664
-2563.131009705183
-2423.9128701168656
-2638.45565049989
-2573.4134253277803
-2478.2379067321494
-2553.5976259833683
-2417.3576521050245
-2650.6120332194796
-2570.108168768153
-2483.303657873235
-2560.961197932944
-2425.231951227814
-2650.6120332194796
-2570.108168768153
-2483.303657873235
-2560.961197932944
-2425.231951227814
-2537.85871874851
-2543.7964576121103
-2423.07343942421
-2506.3062586363376
-2335.590644191364
-2650.6120332194796
-2570.108168768153
-2483.303657873235
-2560.961197932944
-2425.231951227814
-2650.6120332194796
-2570.108168768153
-2483.303657873235
-2560.961197932944
-2425.231951227814
-2650.6120332194796
-2570.108168768153
-2483.303657873235
-2560.961197932944
-2425.231951227814
-2650.6120332194796
-2570.108168768153
-2483.303657873235
-2560.961197932944
-2425.231951227814
-2650.6120332194796
-2570.108168768153
-2483.303657873235
-2560.961197932944
-2425.231951227814
-2528.9775058689656
-2526.0632825443704
-2395.5546675789537
-2514.9609710016666
-2380.2694681637563
-2650.6120332194796
-2570.108168768153
-2483.303657873235
-2560.961197932944
-2425.231951227814
-2650.6120332194796
-2570.108168768153
-2483.303657873235
-2560.961197932944
-2425.231951227814
-2650.6120332194796
-2570.108168768153
-2483.303657873235
-2560.961197932944
-2425.231951227814
-2650.6120332194796
-2570.108168768153
-2483.303657873235
-2560.961197932944
-2425.231951227814
-2639.371361977444
-2543.986339201296
-2411.381144659548
-2546.4660337693763
-2429.6091698382893
-2650.6120332194796
-2570.108168768153
-2483.303657873235
-2560.961197932944
-2425.231951227814
-2650.6120332194796
-2570.108168768153
-2483.303657873235
-2560.961197932944
-2425.231951227814
-2650.6120332194796
-2570.108168768153
-2483.303657873235
-2560.961197932944
-2425.231951227814
-2529.6486446927966
-2535.828680117037
-2416.5939059842835
-2513.9288947534587
-2354.2200689054816
-2650.6120332194796
-2570.108168768153
-2483.303657873235
-2560.961197932944
-2425.231951227814
-2649.490048383045
-2566.2933681913782
-2476.381723128921
-2545.177411292424
-2425.103923978927
-2649.490048383045
-2566.2933681913782
-2476.381723128921
-2545.177411292424
-2425.103923978927
-2649.490048383045
-2566.2933681913782
-2476.381723128921
-2545.177411292424
-2425.103923978927
-2649.490048383045
-2566.2933681913782
-2476.381723128921
-2545.177411292424
-2425.103923978927
-2650.6120332194796
-2570.108168768153
-2483.303657873235
-2560.961197932944
-2425.231951227814
-2650.6120332194796
-2570.108168768153
-2483.303657873235
-2560.961197932944
-2425.231951227814
-2653.001117349964
-2565.6033606070046
-2488.8930668912244
-2554.8622291939055
-2428.6073612018276
[INFO][abstract_intensifier.py:596] Added config 8b8464 and rejected config c3ccd2 as incumbent because it is not better than the incumbents on 1 instances: 
-2653.001117349964
-2565.6033606070046
-2488.8930668912244
-2554.8622291939055
-2428.6073612018276
-2653.001117349964
-2565.6033606070046
-2488.8930668912244
-2554.8622291939055
-2428.6073612018276
-2653.001117349964
-2565.6033606070046
-2488.8930668912244
-2554.8622291939055
-2428.6073612018276
-2653.001117349964
-2565.6033606070046
-2488.8930668912244
-2554.8622291939055
-2428.6073612018276
-2563.7381540698816
-2522.7693633640756
-2415.7270204839224
-2517.3437570979663
-2363.6329919829473
-2653.001117349964
-2565.6033606070046
-2488.8930668912244
-2554.8622291939055
-2428.6073612018276
-2653.001117349964
-2565.6033606070046
-2488.8930668912244
-2554.8622291939055
-2428.6073612018276
-2547.4372316514214
-2543.605299600182
-2412.8022849625986
-2480.5970970775124
-2340.895810392063
-2653.001117349964
-2565.6033606070046
-2488.8930668912244
-2554.8622291939055
-2428.6073612018276
-2653.001117349964
-2565.6033606070046
-2488.8930668912244
-2554.8622291939055
-2428.6073612018276
-2652.9845593891673
-2556.893445816626
-2490.004997900299
-2553.9508990716777
-2427.067570545344
[INFO][smbo.py:327] Finished 200 trials.
[INFO][smbo.py:335] Configuration budget is exhausted:
[INFO][smbo.py:336] --- Remaining wallclock time: inf
[INFO][smbo.py:337] --- Remaining cpu time: inf
[INFO][smbo.py:338] --- Remaining trials: 0
