Using file: ../data/ela_with_cma_and_algo_normalised/A1_data_5D/A1_B350_5D_ela_with_state.csv
[INFO][abstract_initial_design.py:87] Reducing the number of initial configurations from 60 to 50 (max_ratio == 0.25).
[INFO][abstract_initial_design.py:139] Using 50 initial design configurations and 0 additional configurations.
[INFO][abstract_intensifier.py:307] Using only one seed for deterministic scenario.
-2374.344591074857
-2298.9100270298873
-2383.101178665511
-2265.7630405548807
-2170.57489419351
[INFO][abstract_intensifier.py:517] Added config 26fdc2 as new incumbent because there are no incumbents yet.
-2374.368842049021
-2304.8535805740808
-2394.2430854554177
-2270.878663712026
-2171.946846656841
[INFO][abstract_intensifier.py:596] Added config 8a205f and rejected config 26fdc2 as incumbent because it is not better than the incumbents on 1 instances: 
-2347.555611290587
-2309.603193605618
-2396.0489630787324
-2244.760112968669
-2155.040630398185
-2374.815624590179
-2288.357464093898
-2389.2769260583664
-2288.0866750405476
-2166.6492723891156
-2374.6923691201932
-2321.036438906627
-2395.716819177069
-2285.385274660841
-2179.6455303382945
[INFO][abstract_intensifier.py:596] Added config 87cf8a and rejected config 8a205f as incumbent because it is not better than the incumbents on 1 instances: 
-2259.1262560266505
-2216.1920029489343
-2356.925807465731
-2187.0265779219644
-2128.0385174817666
-2346.7130483951273
-2301.237920118437
-2345.610853721136
-2251.915588488877
-2188.5276772085085
-2306.6550204542905
-2269.960555270227
-2357.8660173249796
-2244.576332735147
-2136.068430356019
-2390.5930867304123
-2320.7788733661855
-2359.175439147326
-2267.2406600487557
-2199.5991841402
-2296.627911362743
-2255.221315545541
-2360.528107880073
-2249.5453418553743
-2159.4157129645255
-2380.4174300946124
-2284.1935241607994
-2401.4384355807615
-2269.5066551205873
-2192.355572026417
-2300.362838749484
-2254.9684144440625
-2358.466606172308
-2212.9209136444997
-2147.9692895189933
-2362.9746494397928
-2317.0462340750873
-2379.855517747487
-2271.1054387350005
-2185.092243780433
-2352.689446771429
-2280.802261442219
-2364.6692226457594
-2269.9935928870154
-2179.9290954033836
-2349.3509628609245
-2295.5494218613812
-2371.1755967813583
-2267.9762411181887
-2181.0811832687564
-2382.3014544785096
-2307.6782672984186
-2397.9817488520657
-2267.0433599958915
-2178.703112539918
-2354.4928827702297
-2291.065732294162
-2375.835760004439
-2225.028619255261
-2196.0276090899993
-2351.0080123251355
-2314.3181105710955
-2384.828754208487
-2290.7759064769125
-2176.9086894870366
-2370.579905533932
-2305.5734872506946
-2384.0791483994853
-2260.2873545223265
-2178.5295842530613
-2323.9474466112515
-2287.8230882380167
-2372.2923264729848
-2236.7447931476
-2140.218270802714
-2369.4211856756065
-2294.6303165783092
-2388.2748020744025
-2265.116967552851
-2178.585463603418
-2360.8604306795846
-2277.413665077981
-2385.235584271304
-2251.9969541410183
-2163.4410033647337
-2382.2937206810875
-2310.508972609052
-2390.743539850968
-2298.1307252420506
-2176.2538537721175
[INFO][abstract_intensifier.py:596] Added config 2aa8be and rejected config 87cf8a as incumbent because it is not better than the incumbents on 1 instances: 
-2294.13311752588
-2223.0763821858527
-2310.0599093722717
-2196.716075276813
-2146.6959625512045
-2344.3471021718815
-2301.9353530301623
-2381.6576295262853
-2262.244454748996
-2191.1657786929477
-2271.5009181199616
-2179.266875129996
-2314.432924003579
-2191.209542783374
-2105.5268032607632
-2368.0540059610744
-2312.1028900526744
-2392.1316758176918
-2292.980153290825
-2183.5054949159216
-2307.524966802085
-2242.0575301619256
-2364.0524419708095
-2231.85549148908
-2135.529323021807
-2348.8994953820998
-2305.095089485147
-2381.3781993607063
-2259.0735697495916
-2165.7035291009206
-2350.6111834579892
-2282.6938687947036
-2389.4846529658525
-2288.673914386893
-2153.700173415396
-2335.373918302732
-2272.541858675289
-2398.444084450618
-2251.5259826551237
-2164.4249642670857
-2354.3804984241015
-2307.9368325279374
-2385.686537024986
-2264.0393826785244
-2185.950222596559
-2333.5007416416593
-2293.631607084114
-2363.9944330943126
-2292.394295450783
-2172.9541087079206
-2291.0070732029935
-2228.934491370733
-2335.146035951173
-2215.619458138934
-2129.8036700389557
-2370.2638389059266
-2332.180689484702
-2376.4813424195127
-2282.361893650418
-2183.231809683738
-2316.483443042843
-2237.972535918312
-2359.3474168529074
-2223.7200968422203
-2174.6649593500033
-2305.2009723370074
-2273.059571693654
-2366.211752761619
-2232.956050050976
-2172.5961729691926
-2378.06543983262
-2306.016611091163
-2387.774779349931
-2273.2603770929736
-2162.6036828783663
-2378.544279961415
-2291.074757493987
-2396.009419971202
-2283.8415839309064
-2176.1183174449525
-2360.995954689785
-2318.7740657407217
-2387.5204507953163
-2259.8007292516045
-2190.7873777938453
-2358.0887226770483
-2309.8074102291002
-2378.643284714664
-2261.751533603789
-2162.2081805630223
-2347.968542720766
-2314.984865025906
-2404.4593944951416
-2272.0144271021745
-2179.347120772525
-2356.694123916485
-2283.903419929249
-2382.7062679158544
-2262.8890853874
-2166.135169052506
-2381.7009706972844
-2262.9403917342493
-2390.109511450184
-2259.667687708712
-2171.7758396452664
-2379.0888085233237
-2294.20209438583
-2356.997749542935
-2266.2750939946936
-2181.523134906844
-2307.7519374656745
-2282.5902584721653
-2348.557164830515
-2249.5592961361326
-2155.5299802805534
-2360.5596833610775
-2297.7455959594226
-2390.194561532786
-2240.958123649647
-2181.210675745031
-2289.376005848413
-2237.308165233201
-2339.3959064243027
-2216.544284025238
-2140.9222071134895
-2367.2381707764334
-2319.050722723424
-2408.504313478865
-2289.054545438379
-2184.9067575773233
[INFO][abstract_intensifier.py:596] Added config 29eefc and rejected config 2aa8be as incumbent because it is not better than the incumbents on 1 instances: 
-2355.932503263049
-2281.9150819323504
-2369.0260011781666
-2280.7331429596443
-2151.43206375487
[INFO][smbo.py:327] Finished 50 trials.
-2380.9976925714946
-2286.0933780642217
-2385.629610793088
-2268.459116206473
-2166.441277407533
-2382.4915945024013
-2297.960779238443
-2382.3802034329774
-2255.6116964962803
-2170.058549614822
-2374.113484495203
-2298.743693433165
-2393.864671530231
-2244.91786202174
-2165.8678913430435
-2348.8726304556294
-2272.1056980047124
-2369.800764583868
-2246.2321787074525
-2152.08577843626
-2366.730911915511
-2264.9722998432235
-2386.898365221706
-2251.8722276093204
-2146.09449203877
-2350.902173815447
-2310.1179801134144
-2355.429181277667
-2205.551996036617
-2169.5382963220936
-2370.3412297018203
-2302.9404830973417
-2394.8585965575094
-2272.931627297114
-2166.118452814158
-2380.9976925714946
-2286.0933780642217
-2385.629610793088
-2268.459116206473
-2166.441277407533
-2390.469163999671
-2316.0355464258496
-2402.4420086225637
-2276.9209164371655
-2195.7631529708324
[INFO][abstract_intensifier.py:596] Added config 452967 and rejected config 29eefc as incumbent because it is not better than the incumbents on 1 instances: 
-2371.1339464241087
-2323.1465656192054
-2379.1327814194547
-2288.5388034674534
-2203.708151910633
-2374.0242670211364
-2292.837559965974
-2375.6863076170553
-2262.5040552797177
-2174.1154512178887
-2375.446860848353
-2304.4305604824795
-2373.5882034991414
-2262.4545459021583
-2184.4809364380494
-2395.481594064894
-2320.4404961403143
-2389.280583566335
-2299.156668130683
-2190.233874082805
[INFO][abstract_intensifier.py:596] Added config 6de5fb and rejected config 452967 as incumbent because it is not better than the incumbents on 1 instances: 
-2384.28861965383
-2321.667225463766
-2387.4286292854677
-2299.2779596817836
-2170.770366310223
-2358.1006646160513
-2292.855245538708
-2374.0821388837167
-2257.063600470081
-2172.7878448429374
-2247.6298643070472
-2197.8222611111782
-2294.209036471103
-2225.846048862184
-2083.4448261841876
-2378.3190624486515
-2304.889402139134
-2377.7835617928913
-2291.439551087351
-2191.488090637757
-2387.743684672402
-2302.724407890738
-2377.7835617928913
-2291.4695332312835
-2191.1968594350137
-2387.6060861210476
-2314.139904448088
-2387.5419918699536
-2286.667291712547
-2178.5368209055064
-2378.3190624486515
-2304.889402139134
-2377.7835617928913
-2291.439551087351
-2191.488090637757
-2358.536828213893
-2296.18410119049
-2388.3280173946923
-2273.7692257760928
-2180.0753232863603
-2353.9270690306275
-2283.104053773051
-2389.8407572982287
-2272.4562345557706
-2181.2455304795385
-2357.7673640733037
-2304.765582123318
-2390.1702835065603
-2274.0650785244843
-2191.273427934037
-2357.7673640733037
-2304.765582123318
-2390.1702835065603
-2274.0650785244843
-2191.273427934037
-2396.5433588096566
-2319.617169457214
-2389.2499793890474
-2298.8124895804826
-2189.9803779818235
-2396.5433588096566
-2319.617169457214
-2389.2499793890474
-2298.8124895804826
-2189.9803779818235
-2351.3438510436135
-2309.5016389862317
-2394.9204154680897
-2265.705815248443
-2182.1319544962116
-2396.5433588096566
-2319.617169457214
-2389.2499793890474
-2298.8124895804826
-2189.9803779818235
-2395.481594064894
-2320.4404961403143
-2389.280583566335
-2299.156668130683
-2190.233874082805
-2389.090442361936
-2289.171250328961
-2377.4060417839337
-2269.2990490074344
-2170.8043447245223
-2396.5433588096566
-2319.617169457214
-2389.2499793890474
-2298.8124895804826
-2189.9803779818235
-2378.79130529795
-2305.342813348663
-2385.7210333104917
-2296.889733230386
-2190.6014608162586
-2283.8947769638307
-2245.9441467531315
-2368.0058202669825
-2185.9793836241347
-2143.4041516410316
-2380.6282652531554
-2313.2250685325475
-2381.4809760487074
-2274.2131539022225
-2181.6332175603434
-2381.9621027779676
-2326.1105544596758
-2374.8038289225633
-2298.5410451058337
-2183.6487117557645
-2391.4365738916204
-2306.7047740177486
-2379.836526965685
-2265.785614511392
-2196.0617353669127
-2391.4365738916204
-2306.7047740177486
-2379.836526965685
-2265.785614511392
-2196.0617353669127
-2371.351767453787
-2311.5603698715536
-2394.0034639600367
-2261.2970515394354
-2175.0793592254668
-2380.6282652531554
-2313.2250685325475
-2381.4809760487074
-2274.2131539022225
-2181.6332175603434
-2391.4365738916204
-2306.7047740177486
-2379.836526965685
-2265.785614511392
-2196.0617353669127
-2357.9941262771604
-2298.3241851406
-2395.3439195645515
-2283.6595689918813
-2154.271958751874
-2386.268656140597
-2315.7024348211135
-2395.525561159612
-2283.49773018635
-2185.067045048435
-2299.508418094507
-2243.4930075780567
-2337.974784775204
-2204.133273166344
-2149.3718048825667
-2386.268656140597
-2315.7024348211135
-2395.525561159612
-2283.49773018635
-2185.067045048435
-2385.7650957678848
-2313.462874433889
-2385.1060144214875
-2295.4013036105566
-2183.7239955178584
-2385.7650957678848
-2313.462874433889
-2385.1060144214875
-2295.4013036105566
-2183.7239955178584
-2386.268656140597
-2315.7024348211135
-2395.525561159612
-2283.49773018635
-2185.067045048435
-2386.268656140597
-2315.7024348211135
-2395.525561159612
-2283.49773018635
-2185.067045048435
-2395.481594064894
-2320.4404961403143
-2389.280583566335
-2299.156668130683
-2190.233874082805
-2309.2497917688856
-2268.106338866341
-2346.5599977958327
-2240.827590025064
-2143.5329630728006
[INFO][smbo.py:327] Finished 100 trials.
-2395.481594064894
-2320.4404961403143
-2389.280583566335
-2299.156668130683
-2190.233874082805
-2395.481594064894
-2320.4404961403143
-2389.280583566335
-2299.156668130683
-2190.233874082805
-2395.481594064894
-2320.4404961403143
-2389.280583566335
-2299.156668130683
-2190.233874082805
-2395.481594064894
-2320.4404961403143
-2389.280583566335
-2299.156668130683
-2190.233874082805
-2395.481594064894
-2320.4404961403143
-2389.280583566335
-2299.156668130683
-2190.233874082805
-2395.481594064894
-2320.4404961403143
-2389.280583566335
-2299.156668130683
-2190.233874082805
-2350.511289776103
-2306.7412156287
-2377.7878701656564
-2257.766863379617
-2175.445031514311
-2369.6552818600244
-2314.6083037171575
-2374.401391473254
-2263.3974271298885
-2177.598606955224
-2362.4815144649783
-2313.6982138335725
-2363.53407513252
-2257.4588185394164
-2173.411825095582
-2368.1118775444975
-2326.0055156086073
-2389.6862387480965
-2292.9186612404183
-2183.9888352743214
-2354.8140043596245
-2315.3412361223445
-2399.515830252516
-2290.8553396798834
-2199.5491307361735
-2362.1406816787803
-2310.807661413159
-2378.8262137130364
-2295.289622428364
-2164.508147771744
-2378.255683627592
-2318.41157395862
-2406.1296464207426
-2265.2765369324406
-2191.5537497491487
-2365.2652269501746
-2328.8320646435295
-2384.738270213626
-2273.652714075757
-2192.873204929426
-2375.3617785662336
-2334.107583786213
-2387.227902119787
-2291.7243308949205
-2186.545877653851
-2375.3617785662336
-2334.107583786213
-2387.227902119787
-2291.7243308949205
-2186.545877653851
-2329.032377884999
-2242.720862530796
-2365.21296562467
-2213.2503294673397
-2173.3532549719243
-2368.4743394582906
-2324.417886836885
-2395.0242247083625
-2286.1133743551236
-2190.7874409304154
-2366.9345684685463
-2299.14497458873
-2386.169002717438
-2266.8136191747435
-2189.403355205654
-2395.481594064894
-2320.4404961403143
-2389.280583566335
-2299.156668130683
-2190.233874082805
-2395.481594064894
-2320.4404961403143
-2389.280583566335
-2299.156668130683
-2190.233874082805
-2383.5887885139373
-2324.078061022919
-2394.1820156929703
-2283.296970105872
-2190.4742925647242
-2377.005856212017
-2283.919926028143
-2371.809783642849
-2257.872984493298
-2171.590553939683
-2378.204720810343
-2301.0157836008702
-2381.2516828832913
-2292.7094527216723
-2180.430357966364
-2395.481594064894
-2320.4404961403143
-2389.280583566335
-2299.156668130683
-2190.233874082805
-2395.481594064894
-2320.4404961403143
-2389.280583566335
-2299.156668130683
-2190.233874082805
-2395.481594064894
-2320.4404961403143
-2389.280583566335
-2299.156668130683
-2190.233874082805
-2362.697012940478
-2323.749910936691
-2392.249718115925
-2297.016355593022
-2185.3814070519707
-2395.481594064894
-2320.4404961403143
-2389.280583566335
-2299.156668130683
-2190.233874082805
-2286.413022354021
-2227.3108218375237
-2324.2302008231673
-2223.4670635401653
-2151.230333485443
-2379.9785702886925
-2327.73783495098
-2394.425071606857
-2280.5626829554417
-2191.3338486402035
-2395.481594064894
-2320.4404961403143
-2389.280583566335
-2299.156668130683
-2190.233874082805
-2379.9785702886925
-2327.73783495098
-2394.425071606857
-2280.5626829554417
-2191.3338486402035
-2384.315063288159
-2310.7198072975816
-2392.8047484709778
-2270.949975053538
-2177.2749047368893
-2351.365808685887
-2310.8267010910527
-2386.942258516217
-2269.6846899188276
-2196.2973676426327
-2381.9621027779676
-2326.1105544596758
-2374.8038289225633
-2298.5410451058337
-2183.6487117557645
-2351.365808685887
-2310.8267010910527
-2386.942258516217
-2269.6846899188276
-2196.2973676426327
-2369.9558318365252
-2313.138901044512
-2386.5727180984413
-2273.9718964555664
-2186.388312681198
-2395.481594064894
-2320.4404961403143
-2389.280583566335
-2299.156668130683
-2190.233874082805
-2395.481594064894
-2320.4404961403143
-2389.280583566335
-2299.156668130683
-2190.233874082805
-2310.804080973875
-2205.310239165541
-2330.2240867505548
-2252.6273251836815
-2143.0653378234883
-2395.481594064894
-2320.4404961403143
-2389.280583566335
-2299.156668130683
-2190.233874082805
-2395.481594064894
-2320.4404961403143
-2389.280583566335
-2299.156668130683
-2190.233874082805
-2395.481594064894
-2320.4404961403143
-2389.280583566335
-2299.156668130683
-2190.233874082805
-2395.481594064894
-2320.4404961403143
-2389.280583566335
-2299.156668130683
-2190.233874082805
-2395.481594064894
-2320.4404961403143
-2389.280583566335
-2299.156668130683
-2190.233874082805
-2395.481594064894
-2320.4404961403143
-2389.280583566335
-2299.156668130683
-2190.233874082805
-2355.5329659443023
-2262.7287286962473
-2365.6367358822076
-2243.109554615673
-2158.956681582499
-2318.3699317645496
-2278.3946137229095
-2362.1439178914948
-2254.093134937641
-2152.20241370612
-2361.92310583385
-2318.0397604345517
-2390.028992084435
-2267.083577252175
-2170.6746490860583
[INFO][smbo.py:327] Finished 150 trials.
-2395.481594064894
-2320.4404961403143
-2389.280583566335
-2299.156668130683
-2190.233874082805
-2395.481594064894
-2320.4404961403143
-2389.280583566335
-2299.156668130683
-2190.233874082805
-2395.285383608898
-2319.6545293362697
-2389.035423775925
-2299.506867326165
-2193.3048747363714
[INFO][abstract_intensifier.py:596] Added config 4600bb and rejected config 6de5fb as incumbent because it is not better than the incumbents on 1 instances: 
-2387.431529042189
-2299.980208060543
-2383.260105439247
-2293.164721880158
-2180.4303579663147
-2383.69104519957
-2319.3083916818796
-2389.2630025278017
-2299.9739505947327
-2193.021057359336
-2395.285383608898
-2319.6545293362697
-2389.035423775925
-2299.506867326165
-2193.3048747363714
-2383.685801844254
-2319.5434426570373
-2388.342495291829
-2300.035165829216
-2193.403638501517
-2383.69104519957
-2319.3083916818796
-2389.2630025278017
-2299.9739505947327
-2193.021057359336
-2277.939685081007
-2222.6373487417436
-2345.9009872258907
-2217.3081833447154
-2134.0743867141805
-2395.285383608898
-2319.6545293362697
-2389.035423775925
-2299.506867326165
-2193.3048747363714
-2329.2302534438527
-2278.6827315609153
-2383.582512247538
-2255.1744615460534
-2152.339073533904
-2395.285383608898
-2319.6545293362697
-2389.035423775925
-2299.506867326165
-2193.3048747363714
-2395.285383608898
-2319.6545293362697
-2389.035423775925
-2299.506867326165
-2193.3048747363714
-2395.285383608898
-2319.6545293362697
-2389.035423775925
-2299.506867326165
-2193.3048747363714
-2395.285383608898
-2319.6545293362697
-2389.035423775925
-2299.506867326165
-2193.3048747363714
-2395.285383608898
-2319.6545293362697
-2389.035423775925
-2299.506867326165
-2193.3048747363714
-2361.7921502481513
-2305.3890499178715
-2380.99508543109
-2261.210937548899
-2155.3691321210144
-2395.285383608898
-2319.6545293362697
-2389.035423775925
-2299.506867326165
-2193.3048747363714
-2367.5278312707946
-2323.9560459695176
-2402.2010633084537
-2288.8851485935566
-2197.69410642314
-2389.706928359786
-2329.200356029909
-2389.5470826744595
-2292.228876800874
-2180.744972463579
-2395.285383608898
-2319.6545293362697
-2389.035423775925
-2299.506867326165
-2193.3048747363714
-2395.285383608898
-2319.6545293362697
-2389.035423775925
-2299.506867326165
-2193.3048747363714
-2282.5600190806867
-2266.0584792326454
-2379.9756802829925
-2241.0394876348523
-2138.1786225844558
-2395.285383608898
-2319.6545293362697
-2389.035423775925
-2299.506867326165
-2193.3048747363714
-2395.285383608898
-2319.6545293362697
-2389.035423775925
-2299.506867326165
-2193.3048747363714
-2395.285383608898
-2319.6545293362697
-2389.035423775925
-2299.506867326165
-2193.3048747363714
-2395.285383608898
-2319.6545293362697
-2389.035423775925
-2299.506867326165
-2193.3048747363714
-2341.5831250888373
-2299.0515632057604
-2392.115604116697
-2270.8600138466177
-2174.7657750466947
-2395.285383608898
-2319.6545293362697
-2389.035423775925
-2299.506867326165
-2193.3048747363714
-2363.098421612397
-2322.390553477806
-2387.0809406617423
-2286.728246380448
-2196.9719158527846
-2370.287456908627
-2321.474878388987
-2392.7668268359744
-2274.9773591308813
-2178.4932467087583
-2363.5285153888153
-2320.5111832896346
-2382.9256999556774
-2280.880010104527
-2159.0831627958814
-2370.287456908627
-2321.474878388987
-2392.7668268359744
-2274.9773591308813
-2178.4932467087583
-2365.6235210077075
-2329.3413203560635
-2382.7039539959924
-2291.7243308949205
-2189.5717622282896
-2381.5201162017515
-2314.6195625732494
-2390.0603638559805
-2254.9901127996454
-2178.0818298495633
-2363.8116295306813
-2325.8492356592437
-2388.8291606366965
-2261.1052365824157
-2174.2393722599363
-2378.204720810343
-2301.0157836008702
-2381.2516828832913
-2292.7094527216723
-2180.430357966364
-2378.204720810343
-2301.0157836008702
-2381.2516828832913
-2292.7094527216723
-2180.430357966364
-2378.204720810343
-2301.0157836008702
-2381.2516828832913
-2292.7094527216723
-2180.430357966364
-2378.204720810343
-2301.0157836008702
-2381.2516828832913
-2292.7094527216723
-2180.430357966364
-2378.204720810343
-2301.0157836008702
-2381.2516828832913
-2292.7094527216723
-2180.430357966364
-2378.204720810343
-2301.0157836008702
-2381.2516828832913
-2292.7094527216723
-2180.430357966364
-2378.204720810343
-2301.0157836008702
-2381.2516828832913
-2292.7094527216723
-2180.430357966364
-2378.204720810343
-2301.0157836008702
-2381.2516828832913
-2292.7094527216723
-2180.430357966364
-2364.665507616084
-2250.409333051266
-2373.4663171485226
-2228.3442214266393
-2156.252101035354
-2369.7384229152126
-2327.4151244764807
-2390.099674345644
-2280.071265252741
-2191.9127183412625
-2395.285383608898
-2319.6545293362697
-2389.035423775925
-2299.506867326165
-2193.3048747363714
-2362.0107475859368
-2296.8857356674775
-2367.906336150069
-2267.6074644795794
-2162.0430562686342
-2395.285383608898
-2319.6545293362697
-2389.035423775925
-2299.506867326165
-2193.3048747363714
-2369.7384229152126
-2327.4151244764807
-2390.099674345644
-2280.071265252741
-2191.9127183412625
[INFO][smbo.py:327] Finished 200 trials.
[INFO][smbo.py:335] Configuration budget is exhausted:
[INFO][smbo.py:336] --- Remaining wallclock time: inf
[INFO][smbo.py:337] --- Remaining cpu time: inf
[INFO][smbo.py:338] --- Remaining trials: 0
