Using file: ../data/ela_with_cma_and_algo_normalised/A1_data_5D/A1_B400_5D_ela_with_state.csv
[INFO][abstract_initial_design.py:87] Reducing the number of initial configurations from 60 to 50 (max_ratio == 0.25).
[INFO][abstract_initial_design.py:139] Using 50 initial design configurations and 0 additional configurations.
[INFO][abstract_intensifier.py:307] Using only one seed for deterministic scenario.
-2317.1618931342277
-2279.875278222678
-2336.4366569275235
-2230.4330842640097
-2186.269312825223
[INFO][abstract_intensifier.py:517] Added config 26fdc2 as new incumbent because there are no incumbents yet.
-2342.521331053677
-2276.0503816153987
-2352.7713288308623
-2255.1841011476804
-2193.9775530715783
[INFO][abstract_intensifier.py:596] Added config 8a205f and rejected config 26fdc2 as incumbent because it is not better than the incumbents on 1 instances: 
-2327.8189287821688
-2219.9670650776993
-2302.2279865466094
-2228.3795945799875
-2186.4931947663467
-2334.565833158664
-2275.0806695754936
-2313.3027079550166
-2248.7442851755536
-2193.9763716952
-2336.6998800599063
-2296.7491036934257
-2353.6451656153267
-2254.5464876486076
-2187.756563687686
[INFO][abstract_intensifier.py:596] Added config 87cf8a and rejected config 8a205f as incumbent because it is not better than the incumbents on 1 instances: 
-2291.2529969807456
-2191.572684344084
-2258.703776288162
-2164.368891439414
-2137.494542758989
-2326.573822407524
-2261.464107805508
-2329.3342474578367
-2220.279183896395
-2188.0218693310617
-2296.456592124836
-2207.0551195323637
-2283.43959387327
-2204.7379496504536
-2161.915456094067
-2334.8530667664177
-2290.3596751711857
-2330.9214811287147
-2240.764827244095
-2200.338550443114
-2259.911697865453
-2254.704326682969
-2315.5157894573613
-2216.7253310976575
-2166.773977990475
-2348.9681590831196
-2254.8985868060954
-2331.8338687432524
-2214.4018262941527
-2190.0422596887693
-2247.4844584963275
-2227.9331492084184
-2303.40226874364
-2195.0380979715433
-2148.161382667686
-2324.036782440749
-2282.5933585460966
-2351.921062205858
-2247.4618014234075
-2197.0365975728437
-2344.558446641525
-2258.8929324534997
-2311.9390885148973
-2218.9735390280734
-2181.121160720824
-2321.2130595635963
-2277.4961694514564
-2332.7425829724575
-2235.834375386761
-2184.914899118785
-2325.834229328594
-2269.1127136310715
-2329.0713434130157
-2245.4163706939466
-2180.768890133103
-2326.570756171295
-2264.8735807359412
-2338.3069162809197
-2226.9576452797924
-2197.194746290711
-2330.4000306998546
-2253.75399091749
-2337.2666261446097
-2257.5109123819457
-2181.780847071493
-2325.276475633721
-2286.215677669872
-2351.2985837388087
-2239.1394627458576
-2188.77076612405
-2327.738936650104
-2255.954766041324
-2278.790438087729
-2244.9352587296044
-2163.710200315574
-2328.0526408570663
-2285.4858048496635
-2336.5522390473966
-2213.836344214826
-2188.468354085023
-2323.5309562382254
-2252.3445782181475
-2331.3765695687816
-2223.835288366568
-2190.7137588369305
-2351.384761208867
-2303.6627115884944
-2356.5306577757
-2258.626367516542
-2195.842207191705
[INFO][abstract_intensifier.py:596] Added config 2aa8be and rejected config 87cf8a as incumbent because it is not better than the incumbents on 1 instances: 
-2215.4011527074545
-2212.129335370473
-2297.7776166101785
-2178.4911700230605
-2120.145057907294
-2356.3538586095647
-2276.192583505059
-2337.30747138047
-2227.49404858907
-2183.946819985498
-2242.762548815147
-2224.1019911514913
-2264.762598498795
-2117.7312523455357
-2111.9059521260474
-2327.7381912693845
-2295.980846022384
-2353.975897014512
-2248.2501626663466
-2202.976439432041
-2311.0394967767925
-2227.675397358622
-2283.8716076742658
-2218.858508073674
-2156.855447593343
-2350.426579104047
-2287.270341445947
-2335.2146187635353
-2226.348925323501
-2193.135132601647
-2334.4469500555665
-2281.3622346591
-2332.017947647847
-2258.8274208302587
-2179.9442840835773
-2332.900130883552
-2249.5905844037816
-2320.595126184464
-2231.422444763979
-2199.5185036480248
-2335.8883935403496
-2281.6747965687623
-2339.387549750017
-2238.8356335197227
-2165.170866613995
-2331.409838047559
-2277.864615307609
-2312.344753006304
-2239.1158561237985
-2162.7447579165855
-2257.4456460565634
-2207.8620292375203
-2233.113580259149
-2208.283915573823
-2142.9614918434145
-2331.53850700397
-2293.538389381806
-2352.3458816725465
-2250.9756728648617
-2189.6826828101734
-2310.121525995258
-2186.654897238748
-2277.1631578683778
-2181.82550672328
-2167.7917179545916
-2300.1445885186745
-2260.628947160603
-2277.65475413052
-2181.332062672225
-2180.0133630176188
-2336.7499130259753
-2280.2364161973724
-2334.2503403193136
-2257.8100485470513
-2196.014150571446
-2345.7054060043956
-2300.7002618083857
-2342.2607945959603
-2253.396393606769
-2203.9501028232326
-2341.3345487942333
-2265.676170717996
-2342.7654346728204
-2262.650734976591
-2184.1386601934005
-2335.077578709662
-2266.6482899995117
-2338.483283462317
-2217.243682133466
-2192.5751605413006
-2326.354583723659
-2265.606516723098
-2323.424789663811
-2258.1109096864893
-2192.809338494152
-2328.111754334256
-2267.3543537118903
-2339.205601986857
-2235.6208234236046
-2186.3610176410134
-2299.0838537257246
-2275.002830835586
-2318.263048651756
-2231.5002158552747
-2191.405276801313
-2323.6574638138177
-2261.812704557615
-2341.5634346604393
-2208.5620424545614
-2169.6895332933677
-2263.0776248654165
-2251.8235505441094
-2322.685796924671
-2214.116264545805
-2163.8399272447427
-2326.782853965997
-2277.208158470553
-2335.5281226642423
-2230.8134191244326
-2198.109232067745
-2260.579912233021
-2219.129019687521
-2302.9050319755715
-2204.609710393175
-2152.592823219653
-2329.272843726158
-2306.60707125729
-2355.242177176351
-2260.2896291284433
-2184.587814809853
-2326.3385649394645
-2281.663155942998
-2311.0264874872164
-2258.0450334584266
-2178.879923417887
[INFO][smbo.py:327] Finished 50 trials.
-2353.384925090459
-2291.3750818551143
-2341.3314037992445
-2258.1187387493865
-2198.2043994316055
-2355.5006475886894
-2281.147827212323
-2341.431022976183
-2258.346326295118
-2198.1176146304892
-2337.86791171667
-2280.4100286392627
-2358.0892226751084
-2264.5574953403475
-2186.5868474667986
-2344.9371907439468
-2303.587539701484
-2349.9321828468064
-2245.8978090715473
-2193.4937498320255
-2334.392828146625
-2242.9959679684243
-2285.4607348760665
-2236.316135617986
-2189.3880549152723
-2308.0644587403917
-2227.6383237852638
-2314.6351412431404
-2220.558435983469
-2177.7973969488503
-2335.1715064336104
-2267.096350141104
-2346.646477069143
-2225.2416960073974
-2193.3653184192117
-2352.617099723106
-2291.336374885189
-2342.895034905616
-2258.7859815601278
-2198.1184682017074
-2323.4437207385245
-2281.908573653801
-2334.794337278984
-2258.011970258556
-2181.372802820587
-2345.863181148465
-2297.9132970036458
-2315.5934943545262
-2230.3247342244204
-2200.234003189334
-2338.378892921016
-2288.104885844604
-2333.8231329110495
-2248.4499667674445
-2184.7174726515495
-2354.873101921747
-2296.7794093003754
-2323.8495796635966
-2266.563980879024
-2193.343559150025
-2342.1566474749993
-2285.9862487958744
-2348.1886118096127
-2260.7872074953557
-2203.566909538514
-2343.0684693415164
-2301.2681695399924
-2333.8217134467286
-2244.8580086411093
-2182.7235745204503
-2311.600836519665
-2242.5043076069273
-2334.3451444748075
-2238.9280494547284
-2174.738530470829
-2236.2122628125344
-2186.3211341189112
-2231.4562669452393
-2128.804583754355
-2097.0165500177245
-2354.5171093650247
-2295.4849340279534
-2338.9429142608037
-2256.7157518892404
-2206.2519010350143
-2354.5171093650247
-2295.4849340279534
-2338.9429142608037
-2256.7157518892404
-2206.2519010350143
-2354.800605041769
-2292.9006165696997
-2339.296437289526
-2257.1542203679437
-2207.0369421279247
-2354.1564169749763
-2292.872512216759
-2338.8536926137717
-2257.608026076191
-2206.233827834787
-2354.5171093650247
-2295.4849340279534
-2338.9429142608037
-2256.7157518892404
-2206.2519010350143
-2352.6265130704605
-2281.441851476994
-2334.5904034371297
-2239.851369036941
-2182.138790815344
-2354.800605041769
-2292.9006165696997
-2339.296437289526
-2257.1542203679437
-2207.0369421279247
-2338.7473108954255
-2268.143834206448
-2340.2768531440774
-2230.872892855823
-2188.3579195888597
-2343.5192785177624
-2306.402938622259
-2351.9827971011628
-2251.0702733414955
-2188.411248729798
-2348.829726648657
-2301.9786588220563
-2346.7674201588607
-2250.834078903589
-2187.857565967892
-2335.0154142345164
-2299.888447097066
-2333.027697082156
-2238.001722977143
-2179.5987171332854
-2343.5192785177624
-2306.402938622259
-2351.9827971011628
-2251.0702733414955
-2188.411248729798
-2350.179211063235
-2303.9000479547267
-2351.398775926332
-2258.725366753438
-2195.776247832793
-2322.218301485095
-2289.1187859427373
-2352.004386645181
-2239.970077452305
-2183.446216849529
-2351.384761208867
-2303.6627115884944
-2356.5306577757
-2258.626367516542
-2195.842207191705
-2341.991876819008
-2300.8461898452006
-2355.82355503947
-2252.4943699634036
-2186.8217307687382
-2282.706824892526
-2192.3299762097195
-2262.6288560236803
-2186.8743758698383
-2164.142800399109
-2313.079814664023
-2304.295834330911
-2325.4628762988777
-2249.06541534877
-2177.5170559173075
-2313.079814664023
-2304.295834330911
-2325.4628762988777
-2249.06541534877
-2177.5170559173075
-2338.9939500604733
-2274.5884289526284
-2351.4645591779317
-2263.8202321526037
-2184.9288679467627
-2338.9939500604733
-2274.5884289526284
-2351.4645591779317
-2263.8202321526037
-2184.9288679467627
-2333.026274419113
-2293.780257007365
-2331.5370745898704
-2233.7422731875913
-2176.288235530069
-2338.9939500604733
-2274.5884289526284
-2351.4645591779317
-2263.8202321526037
-2184.9288679467627
-2350.713493098751
-2303.730224421765
-2348.8411748557073
-2259.167516200218
-2195.0228828560475
-2314.239796539472
-2285.6826421004735
-2328.140252622932
-2264.3120136579982
-2201.7617809010217
-2351.384761208867
-2303.6627115884944
-2356.5306577757
-2258.626367516542
-2195.842207191705
-2235.625999630188
-2213.000538973451
-2298.740486710235
-2212.7749860202603
-2143.1401063420562
-2351.384761208867
-2303.6627115884944
-2356.5306577757
-2258.626367516542
-2195.842207191705
-2346.1867654361035
-2303.3203528273316
-2355.728136415235
-2258.671771876799
-2194.9930521385913
-2346.1867654361035
-2303.3203528273316
-2355.728136415235
-2258.671771876799
-2194.9930521385913
-2346.1867654361035
-2303.3203528273316
-2355.728136415235
-2258.671771876799
-2194.9930521385913
-2351.384761208867
-2303.6627115884944
-2356.5306577757
-2258.626367516542
-2195.842207191705
-2350.713493098751
-2303.730224421765
-2348.8411748557073
-2259.167516200218
-2195.0228828560475
-2304.627642636752
-2229.208679263701
-2296.310266088388
-2199.9745648252356
-2165.5046345382975
[INFO][smbo.py:327] Finished 100 trials.
-2349.3163171894817
-2285.8139328397165
-2340.5497458700133
-2244.195943450548
-2178.360752679195
-2331.3221895890674
-2281.5652696122434
-2341.641085922868
-2260.247910047669
-2194.8233387425757
-2331.3221895890674
-2281.5652696122434
-2341.641085922868
-2260.247910047669
-2194.8233387425757
-2324.2628562713326
-2284.152450699092
-2356.8378811845637
-2254.4175960155517
-2183.105454437164
-2350.713493098751
-2303.730224421765
-2348.8411748557073
-2259.167516200218
-2195.0228828560475
-2350.1480116485473
-2303.826741356793
-2349.0214514872814
-2259.0384114273784
-2197.997883187602
-2336.2444357499185
-2275.663494133343
-2336.077480361828
-2223.763398777568
-2187.407217139961
-2324.414115682383
-2286.9638060600414
-2345.903984966895
-2237.2354804973047
-2176.841333675397
-2325.0930820503163
-2285.536398713158
-2335.775599085475
-2238.5707772189025
-2192.738708525878
-2310.4321555829283
-2297.006225153555
-2326.653634383797
-2251.5726174288097
-2178.986747800462
-2310.4321555829283
-2297.006225153555
-2326.653634383797
-2251.5726174288097
-2178.986747800462
-2310.4321555829283
-2297.006225153555
-2326.653634383797
-2251.5726174288097
-2178.986747800462
-2339.812600972952
-2281.4663627837585
-2336.579653648224
-2241.847315488174
-2173.069951692618
-2310.4321555829283
-2297.006225153555
-2326.653634383797
-2251.5726174288097
-2178.986747800462
-2350.179211063235
-2303.9000479547267
-2351.398775926332
-2258.725366753438
-2195.776247832793
-2350.179211063235
-2303.9000479547267
-2351.398775926332
-2258.725366753438
-2195.776247832793
-2319.6854040198887
-2286.099643877556
-2315.1764845276653
-2218.1875250066105
-2178.392059819778
-2350.179211063235
-2303.9000479547267
-2351.398775926332
-2258.725366753438
-2195.776247832793
-2355.7597064778893
-2278.2856119583594
-2321.959596454508
-2246.5236092735286
-2168.1636275813153
-2350.179211063235
-2303.9000479547267
-2351.398775926332
-2258.725366753438
-2195.776247832793
-2354.0862255661527
-2295.7421149276956
-2343.779965707641
-2258.221115854298
-2205.122258230426
-2342.270791410526
-2284.4413575944577
-2357.337244792846
-2234.4234515244907
-2184.2238906103926
-2322.8622069736734
-2276.1522612356334
-2349.861667900933
-2233.4746403451227
-2191.5978956870376
-2351.384761208867
-2303.6627115884944
-2356.5306577757
-2258.626367516542
-2195.842207191705
-2351.384761208867
-2303.6627115884944
-2356.5306577757
-2258.626367516542
-2195.842207191705
-2351.384761208867
-2303.6627115884944
-2356.5306577757
-2258.626367516542
-2195.842207191705
-2351.384761208867
-2303.6627115884944
-2356.5306577757
-2258.626367516542
-2195.842207191705
-2324.083911799045
-2296.237313155879
-2352.640403955741
-2256.845894761589
-2178.5580260353804
-2351.384761208867
-2303.6627115884944
-2356.5306577757
-2258.626367516542
-2195.842207191705
-2224.2701691844327
-2233.3812155154046
-2307.4858606817897
-2169.6647465198985
-2118.025416753458
-2331.80717444038
-2285.084386461084
-2353.2388089779556
-2260.3146291223757
-2191.4153394187333
-2351.384761208867
-2303.6627115884944
-2356.5306577757
-2258.626367516542
-2195.842207191705
-2351.384761208867
-2303.6627115884944
-2356.5306577757
-2258.626367516542
-2195.842207191705
-2323.429831825293
-2285.4111447062733
-2352.1435729574173
-2257.4504901383116
-2186.2804896335906
-2337.3966597686976
-2268.7664841243686
-2348.9093723381875
-2258.170892768901
-2175.5303008302026
-2337.3966597686976
-2268.7664841243686
-2348.9093723381875
-2258.170892768901
-2175.5303008302026
-2333.2396180127766
-2291.727407386804
-2356.0796346082648
-2250.7199839044324
-2180.5024598193913
-2351.384761208867
-2303.6627115884944
-2356.5306577757
-2258.626367516542
-2195.842207191705
-2310.4321555829283
-2297.006225153555
-2326.653634383797
-2251.5726174288097
-2178.986747800462
-2310.4321555829283
-2297.006225153555
-2326.653634383797
-2251.5726174288097
-2178.986747800462
-2249.6963114130494
-2228.301594422425
-2298.3292351339187
-2210.7428894746836
-2153.5387442280803
-2351.384761208867
-2303.6627115884944
-2356.5306577757
-2258.626367516542
-2195.842207191705
-2351.384761208867
-2303.6627115884944
-2356.5306577757
-2258.626367516542
-2195.842207191705
-2351.384761208867
-2303.6627115884944
-2356.5306577757
-2258.626367516542
-2195.842207191705
-2310.4321555829283
-2297.006225153555
-2326.653634383797
-2251.5726174288097
-2178.986747800462
-2310.4321555829283
-2297.006225153555
-2326.653634383797
-2251.5726174288097
-2178.986747800462
-2351.384761208867
-2303.6627115884944
-2356.5306577757
-2258.626367516542
-2195.842207191705
-2351.384761208867
-2303.6627115884944
-2356.5306577757
-2258.626367516542
-2195.842207191705
-2298.285772853122
-2261.357671244218
-2307.1102536015774
-2223.540795368871
-2174.6808805363853
-2262.655606413887
-2249.180800277853
-2304.8503757091576
-2224.5855930679377
-2146.3145381841823
[INFO][smbo.py:327] Finished 150 trials.
-2334.349509409417
-2268.953385395685
-2338.897150943943
-2225.3249139649206
-2201.564834752143
-2351.384761208867
-2303.6627115884944
-2356.5306577757
-2258.626367516542
-2195.842207191705
-2351.384761208867
-2303.6627115884944
-2356.5306577757
-2258.626367516542
-2195.842207191705
-2351.384761208867
-2303.6627115884944
-2356.5306577757
-2258.626367516542
-2195.842207191705
-2351.384761208867
-2303.6627115884944
-2356.5306577757
-2258.626367516542
-2195.842207191705
-2351.384761208867
-2303.6627115884944
-2356.5306577757
-2258.626367516542
-2195.842207191705
-2351.384761208867
-2303.6627115884944
-2356.5306577757
-2258.626367516542
-2195.842207191705
-2351.384761208867
-2303.6627115884944
-2356.5306577757
-2258.626367516542
-2195.842207191705
-2339.2630009957493
-2283.6741073703147
-2348.500053100585
-2245.206944416586
-2195.311377079248
-2253.8902201668525
-2213.7424021540464
-2289.938225146884
-2199.3527895779944
-2128.763522876944
-2346.119785090115
-2280.392627587809
-2329.1107849622085
-2226.5832124452186
-2186.359600175693
-2332.7170556284977
-2231.2354479658165
-2341.468566822724
-2231.984695383104
-2170.4295055124003
-2351.384761208867
-2303.6627115884944
-2356.5306577757
-2258.626367516542
-2195.842207191705
-2351.384761208867
-2303.6627115884944
-2356.5306577757
-2258.626367516542
-2195.842207191705
-2351.384761208867
-2303.6627115884944
-2356.5306577757
-2258.626367516542
-2195.842207191705
-2351.384761208867
-2303.6627115884944
-2356.5306577757
-2258.626367516542
-2195.842207191705
-2354.5171093650247
-2295.4849340279534
-2338.9429142608037
-2256.7157518892404
-2206.2519010350143
-2331.3975076049283
-2276.8201587512854
-2330.7723982892967
-2231.611811343133
-2178.0327025176452
-2354.5171093650247
-2295.4849340279534
-2338.9429142608037
-2256.7157518892404
-2206.2519010350143
-2354.5171093650247
-2295.4849340279534
-2338.9429142608037
-2256.7157518892404
-2206.2519010350143
-2351.384761208867
-2303.6627115884944
-2356.5306577757
-2258.626367516542
-2195.842207191705
-2323.625424807414
-2283.9316295148906
-2355.8608983630784
-2254.537867323488
-2182.8163130439843
-2323.625424807414
-2283.9316295148906
-2355.8608983630784
-2254.537867323488
-2182.8163130439843
-2295.0004986390463
-2221.875397702946
-2295.563368711979
-2205.0741534873214
-2156.225065258868
-2323.625424807414
-2283.9316295148906
-2355.8608983630784
-2254.537867323488
-2182.8163130439843
-2323.625424807414
-2283.9316295148906
-2355.8608983630784
-2254.537867323488
-2182.8163130439843
-2323.625424807414
-2283.9316295148906
-2355.8608983630784
-2254.537867323488
-2182.8163130439843
-2323.625424807414
-2283.9316295148906
-2355.8608983630784
-2254.537867323488
-2182.8163130439843
-2315.2600565651524
-2292.2210057001566
-2331.9659276955463
-2233.813880096189
-2177.9134453712986
-2351.384761208867
-2303.6627115884944
-2356.5306577757
-2258.626367516542
-2195.842207191705
-2351.384761208867
-2303.6627115884944
-2356.5306577757
-2258.626367516542
-2195.842207191705
-2351.384761208867
-2303.6627115884944
-2356.5306577757
-2258.626367516542
-2195.842207191705
-2338.846694595323
-2275.621924428239
-2346.950793000321
-2252.3282865309734
-2178.249183410576
-2329.2242237991823
-2305.087150803656
-2346.452110545738
-2225.618615613567
-2188.892269046661
-2348.6272748981514
-2288.582164613615
-2343.549101264217
-2256.1452509454884
-2178.904095498431
-2320.447024804912
-2270.809072553719
-2354.3529383487994
-2258.933576240606
-2186.112762618351
-2351.384761208867
-2303.6627115884944
-2356.5306577757
-2258.626367516542
-2195.842207191705
-2351.384761208867
-2303.6627115884944
-2356.5306577757
-2258.626367516542
-2195.842207191705
-2351.384761208867
-2303.6627115884944
-2356.5306577757
-2258.626367516542
-2195.842207191705
-2351.384761208867
-2303.6627115884944
-2356.5306577757
-2258.626367516542
-2195.842207191705
-2351.384761208867
-2303.6627115884944
-2356.5306577757
-2258.626367516542
-2195.842207191705
-2351.384761208867
-2303.6627115884944
-2356.5306577757
-2258.626367516542
-2195.842207191705
-2351.384761208867
-2303.6627115884944
-2356.5306577757
-2258.626367516542
-2195.842207191705
-2351.384761208867
-2303.6627115884944
-2356.5306577757
-2258.626367516542
-2195.842207191705
-2354.5171093650247
-2295.4849340279534
-2338.9429142608037
-2256.7157518892404
-2206.2519010350143
-2246.968401849559
-2210.256790203901
-2300.3484216720603
-2169.1851793055453
-2145.1389776235474
-2351.384761208867
-2303.6627115884944
-2356.5306577757
-2258.626367516542
-2195.842207191705
-2351.384761208867
-2303.6627115884944
-2356.5306577757
-2258.626367516542
-2195.842207191705
-2287.4035890432697
-2202.631142759886
-2331.8630333150054
-2159.0713471766644
-2145.6498549257376
-2354.5171093650247
-2295.4849340279534
-2338.9429142608037
-2256.7157518892404
-2206.2519010350143
[INFO][smbo.py:327] Finished 200 trials.
[INFO][smbo.py:335] Configuration budget is exhausted:
[INFO][smbo.py:336] --- Remaining wallclock time: inf
[INFO][smbo.py:337] --- Remaining cpu time: inf
[INFO][smbo.py:338] --- Remaining trials: 0
