Using file: ../data/ela_with_cma_and_algo_normalised/A1_data_5D/A1_B40_5D_ela_with_state.csv
[INFO][abstract_initial_design.py:87] Reducing the number of initial configurations from 60 to 50 (max_ratio == 0.25).
[INFO][abstract_initial_design.py:139] Using 50 initial design configurations and 0 additional configurations.
[INFO][abstract_intensifier.py:307] Using only one seed for deterministic scenario.
-2481.037569622752
-2476.7884316484733
-2440.2414552269574
-2544.6032624368772
-2339.416462826004
[INFO][abstract_intensifier.py:517] Added config 26fdc2 as new incumbent because there are no incumbents yet.
-2526.727565225303
-2538.447825507196
-2445.1139344295266
-2522.1260547289703
-2428.0775849922693
[INFO][abstract_intensifier.py:596] Added config 8a205f and rejected config 26fdc2 as incumbent because it is not better than the incumbents on 1 instances: 
-2467.162090711398
-2489.3469411345313
-2415.6739063396444
-2507.815109479792
-2373.390200305979
-2512.4786335168424
-2568.2313566657467
-2466.8000893415265
-2549.985609189033
-2431.1614884812348
[INFO][abstract_intensifier.py:596] Added config 71b0a5 and rejected config 8a205f as incumbent because it is not better than the incumbents on 1 instances: 
-2524.199251934776
-2544.2259796531225
-2468.7933298852176
-2556.3183190816403
-2428.9153643168333
-2364.672287397687
-2462.084291273699
-2322.6963113135566
-2405.2333166966673
-2332.7274362677967
-2557.131069256516
-2577.0749659777584
-2469.975664796318
-2546.681924587716
-2409.7221299386183
[INFO][abstract_intensifier.py:596] Added config 423f12 and rejected config 71b0a5 as incumbent because it is not better than the incumbents on 1 instances: 
-2495.348971164593
-2468.357021116309
-2401.3810720708507
-2457.3208943931772
-2342.02845540191
-2538.1866747878003
-2554.44173702087
-2458.2845817505245
-2548.735459662491
-2407.351536885356
-2472.2145046449814
-2475.1701755548183
-2417.986570966368
-2487.2541613098942
-2393.0258900796243
-2512.970315862077
-2521.4625349089674
-2461.5431108253683
-2546.9918654648036
-2436.930424601734
-2485.274961289
-2491.601967809099
-2349.058091802368
-2467.391424509629
-2337.1410920742633
-2519.486057752244
-2545.95038174742
-2440.882490793498
-2556.6182052603917
-2394.7881515050535
-2525.6932353790394
-2534.4252455385868
-2465.0636295884105
-2527.2884813816495
-2417.2261105041093
-2513.7615776330986
-2499.173309633894
-2466.6211121931174
-2520.7582772787755
-2329.827926687831
-2506.988001376134
-2566.0187988983307
-2443.901614886806
-2520.2973390218385
-2419.951740320833
-2496.388745120239
-2544.297940086814
-2431.666353878809
-2517.7528707617967
-2333.6612737793953
-2513.0016443032323
-2550.3767554919486
-2479.8506524697577
-2551.085348179494
-2424.694611924445
-2501.2566704600563
-2504.7510438875393
-2449.656143590972
-2542.710746810769
-2360.09303251335
-2470.24535343308
-2507.8970606118046
-2394.858811887205
-2458.690410927208
-2385.653654841856
-2485.2652384082317
-2514.904790010325
-2467.3388706086985
-2545.9510631234043
-2388.804676174675
-2499.000441964772
-2528.114386227332
-2401.2092738857145
-2493.957128912604
-2410.7629707204064
-2521.1232890052925
-2539.500160229093
-2470.85866053015
-2572.283375001889
-2426.0201559634697
-2441.4245303854927
-2445.507263032218
-2341.5979128934864
-2470.683680443097
-2303.655735506005
-2526.194476350019
-2578.067056385826
-2450.7480396512465
-2536.743793519925
-2421.6653580459138
-2377.488347527562
-2427.3936397949838
-2335.7822652946547
-2361.75402146338
-2356.624148874835
-2546.088244127436
-2567.9204289228483
-2461.0868951436123
-2561.2243665224278
-2412.8930931377618
-2513.9930392321585
-2519.449697452879
-2409.141686767349
-2491.386209930818
-2352.7730455221736
-2490.7640898036707
-2495.057884575864
-2443.0578153196984
-2520.060605840633
-2403.6718304656624
-2520.346699265577
-2504.271805010736
-2433.55753825817
-2524.540790234845
-2407.712721788943
-2463.4827993369195
-2512.9093704182706
-2435.66180420734
-2532.6177799233346
-2399.5859268497093
-2540.8906266763343
-2537.1675398597754
-2455.342455937297
-2553.066167475221
-2400.802268264552
-2514.822779346212
-2530.5166855130633
-2436.5077436090423
-2542.050130888603
-2406.8195559882033
-2463.702862048367
-2469.311124472384
-2393.9386169006275
-2436.6176399439582
-2310.0176559032484
-2541.526297585301
-2574.1997912201905
-2467.6321091819573
-2564.34011155889
-2422.358517850821
[INFO][abstract_intensifier.py:596] Added config b5c0dd and rejected config 423f12 as incumbent because it is not better than the incumbents on 1 instances: 
-2392.626541297654
-2514.8813998892565
-2389.9819713884344
-2446.811616472257
-2341.735964293369
-2464.5501961146
-2500.1654151277285
-2404.9194931675556
-2515.465280474902
-2351.7325790666664
-2523.61380706144
-2534.731010791216
-2470.411056698735
-2534.070986594448
-2427.559739322678
-2503.07014337926
-2511.7217379482963
-2477.592186356311
-2531.2312104159155
-2407.1588350001925
-2539.5391538679837
-2535.9543005554347
-2466.0513245691986
-2548.25329307538
-2432.037775054594
-2489.3524582306177
-2524.974244760105
-2439.7152064936295
-2547.2963602112045
-2415.995518327214
-2520.1533434584744
-2557.4987380879925
-2443.8878664620897
-2515.7782965017814
-2447.0567555033126
-2485.875045052786
-2515.050276869571
-2452.4959432815263
-2495.115686705096
-2324.254071032104
-2510.044573115252
-2478.6124894080954
-2451.2579697465467
-2515.2847897958186
-2441.915636352638
-2554.062992293405
-2557.3235544838526
-2454.5028809074884
-2575.859006522175
-2406.2366560210994
-2484.4183037908233
-2502.8280751760562
-2411.2611765894217
-2495.553176986097
-2322.695255772276
-2513.2628134028128
-2546.079521571686
-2457.2741881626444
-2537.3709215018753
-2409.036972604454
-2490.9129174874934
-2470.830353901735
-2367.231129935333
-2466.07996810452
-2315.3092049493785
-2534.7108410286055
-2567.0908374958826
-2469.488761413522
-2559.9590561097493
-2430.271129589815
-2496.5432547437426
-2501.018966736472
-2432.6896545027203
-2524.753671555807
-2383.408902576641
[INFO][smbo.py:327] Finished 50 trials.
-2540.0307635885915
-2561.8602424586406
-2483.5646614990496
-2569.4182855939466
-2421.250510807816
[INFO][abstract_intensifier.py:596] Added config 984842 and rejected config b5c0dd as incumbent because it is not better than the incumbents on 1 instances: 
-2572.2873735426683
-2582.4533609339887
-2461.7543011166063
-2566.067566717363
-2412.9795460696587
[INFO][abstract_intensifier.py:596] Added config e07078 and rejected config 984842 as incumbent because it is not better than the incumbents on 1 instances: 
-2572.2873735417897
-2585.5069690404266
-2459.838908369313
-2566.067566717363
-2412.9795460696587
[INFO][abstract_intensifier.py:596] Added config 7fc557 and rejected config e07078 as incumbent because it is not better than the incumbents on 1 instances: 
-2556.874469683982
-2572.0606710925217
-2466.2610942150227
-2563.4139336795065
-2408.526934176225
-2498.1932381649895
-2534.300333159723
-2434.574840809013
-2507.5849992957046
-2398.247445602391
-2532.8122682788985
-2497.203130827006
-2404.69784822538
-2550.192887011878
-2361.737355021372
-2494.14204587577
-2519.620550154188
-2439.7630307087143
-2540.668360961824
-2410.598465006634
-2538.121492105539
-2538.2077282872037
-2481.176819991294
-2554.0092571440473
-2423.8089884643664
-2532.6393587752686
-2544.6167346545794
-2433.4291347910357
-2529.972863462085
-2421.859073637168
-2533.628470917565
-2558.6999345208733
-2439.8884749200092
-2527.6583368175
-2429.19838896332
-2535.3643623665967
-2554.2445478582285
-2469.1898436079578
-2537.9453656939763
-2417.655908627962
-2518.0355796886856
-2542.5506921835627
-2435.9153962040577
-2527.930709246926
-2414.1568555875456
-2522.207092818111
-2547.7484423166998
-2435.672253199797
-2518.312351886292
-2423.186978079537
-2556.6804176663345
-2579.142786549399
-2488.485758113039
-2557.7775571885068
-2404.1087549410113
-2514.2410643750372
-2494.761453190392
-2464.569742918029
-2491.5742734959076
-2310.9813528434584
-2350.0435493805367
-2418.534651305454
-2318.676579469512
-2295.098191432695
-2312.9410540630997
-2531.8927959292005
-2565.253071179307
-2492.6994400052836
-2560.0175694593236
-2427.0371762079417
-2516.000059165114
-2559.690816486668
-2484.3422330902904
-2545.9824818016987
-2437.650300596182
-2545.6019584311416
-2560.913399969246
-2486.335639271194
-2554.0772919622486
-2429.1961227661395
-2529.000361422426
-2554.9431059995095
-2475.3567089775634
-2545.689397219668
-2425.315343093672
-2544.0291695291644
-2537.6799167768804
-2492.546721513687
-2572.2126292592775
-2428.469677160654
-2508.897765679306
-2525.5880155398654
-2440.1500456876743
-2529.9707327606743
-2401.664594949476
-2542.8819930425616
-2577.8447046289975
-2468.0156978221275
-2569.673691684259
-2424.962364947887
-2521.634772051396
-2563.6797437411915
-2481.8387525791727
-2545.9824818016987
-2437.2917295016746
-2572.2534831599455
-2566.499171223649
-2459.838908369313
-2566.067566717363
-2412.9795460696587
-2572.2873735417897
-2585.5069690404266
-2459.838908369313
-2566.067566717363
-2412.9795460696587
-2533.5644075425466
-2557.5443396215255
-2458.2359115276167
-2553.9377336336993
-2416.4772508669776
-2572.2534867144122
-2578.218941312889
-2459.838908369313
-2566.484869047812
-2412.9795460696587
-2574.2511308208523
-2607.1501002346427
-2489.424224297744
-2570.7036588519713
-2398.308416882174
[INFO][abstract_intensifier.py:596] Added config 72aa16 and rejected config 7fc557 as incumbent because it is not better than the incumbents on 1 instances: 
-2497.024773451694
-2513.271254144556
-2450.837555881695
-2529.286107880106
-2361.729158626036
-2572.253486708135
-2566.499171223649
-2460.5962138954237
-2566.484869047812
-2412.9795460696587
-2540.8786171923734
-2580.827569557647
-2471.330605916149
-2557.149402114166
-2417.2429703367743
-2375.6426053102487
-2479.5705539640635
-2321.9583603223023
-2413.6678074018932
-2353.8915338731936
-2568.7053373047265
-2598.4129617907793
-2476.8971587614524
-2573.0579178283037
-2399.12996563787
-2572.6844343380044
-2605.8940697133808
-2470.141539012632
-2576.4790740655963
-2398.484752551535
-2568.56643856303
-2605.388673523862
-2471.0676897964654
-2573.516018479208
-2397.5512386964874
-2568.337960155222
-2606.0053159332865
-2467.9325330492275
-2574.4813032858465
-2397.5512386964874
-2493.9326361182275
-2519.754921872334
-2455.705621551727
-2511.9201742276036
-2408.0980439511695
-2572.063154791254
-2589.5445829257046
-2469.8630021645267
-2584.833071077752
-2399.1682858148306
-2568.337960155222
-2606.0053159332865
-2467.9325330492275
-2574.4813032858465
-2397.5512386964874
-2513.8462841212886
-2519.863166139188
-2443.4249243552904
-2549.651058567274
-2417.9047517738886
-2559.685428354719
-2586.681634884033
-2483.0173787489416
-2566.953351196662
-2420.824369696432
-2468.506275220639
-2463.568375545265
-2375.4995689985985
-2487.7796274116863
-2332.015188498808
-2554.76596626348
-2565.178706691927
-2471.5819355935078
-2572.191453723735
-2413.1186563959673
-2566.1982831709497
-2560.9538511595056
-2462.695039081726
-2584.530946794036
-2413.8966700174915
-2550.469165613432
-2566.4828000777516
-2474.2756422662405
-2568.0454777975274
-2413.327693995368
-2560.434510214217
-2585.2760482709136
-2475.96030008826
-2564.0132301868466
-2413.058506518639
-2560.9070791614854
-2558.2423506502523
-2470.6498087730006
-2561.249460503339
-2414.781149065504
-2568.56643856303
-2604.8547025575613
-2470.3613115724265
-2573.5160184793335
-2397.1926676019802
-2457.370332163994
-2481.9697984920263
-2409.5997134731824
-2483.49114854486
-2359.767031866405
[INFO][smbo.py:327] Finished 100 trials.
-2572.3428668814686
-2575.5348907929383
-2468.3595038864455
-2573.2145889486037
-2400.060817592911
-2572.7771901303818
-2575.5348907929383
-2469.433101076181
-2575.2882797760244
-2400.0389409733243
-2579.002034711922
-2558.5920088416588
-2466.949663167644
-2570.2972341038985
-2408.495236683835
-2577.9539518317315
-2571.75715754027
-2465.006050422307
-2570.2972614713085
-2407.735804918873
-2579.002034711922
-2568.703549433832
-2465.050098864679
-2569.47171032812
-2408.495236683835
-2570.294010129646
-2594.584222841554
-2486.693198088252
-2570.413355991399
-2396.8233259178414
-2504.963203893079
-2495.1754713750306
-2472.96727855997
-2530.3074119878515
-2345.0628773188178
-2518.0287672814984
-2573.462467025812
-2452.739042612611
-2545.5763641825242
-2414.174412387824
-2499.6556535256414
-2520.1011787963257
-2428.4674125707415
-2550.727308015613
-2345.567004645281
-2560.6083853201494
-2575.3442378491945
-2494.9939809420657
-2563.0166560252655
-2420.7670015744616
-2577.21534355898
-2569.145090298277
-2470.2789524442205
-2569.9815264362533
-2412.5989575707517
-2574.2511308208523
-2607.1501002346427
-2489.424224297744
-2570.7036588519713
-2398.308416882174
-2577.492503958306
-2579.7288143521996
-2473.948578817774
-2573.2942846383385
-2399.9146979837283
-2545.5667137843325
-2558.9480915631348
-2492.367232960867
-2557.2511777070913
-2399.3874509664743
-2567.3123462816066
-2561.939568279049
-2466.623642101855
-2570.388209605946
-2398.088489544951
-2550.1997107842867
-2559.7588692111026
-2472.360459626626
-2565.7354025207683
-2409.2093136401754
-2425.653059756111
-2467.023513702249
-2429.5516146276495
-2495.6252741790886
-2336.1265821272477
-2546.3922508823152
-2586.3799710911157
-2485.4048047011665
-2560.114910059857
-2416.08788446589
-2526.954405992811
-2557.4875399139437
-2477.0242432907617
-2532.533164232629
-2421.204674491851
-2526.3376973338654
-2572.44346731944
-2479.653555298807
-2552.2759273510055
-2417.01671153413
-2542.5407575794843
-2571.534361745509
-2465.2113937906533
-2561.427219885639
-2434.4527881805166
-2539.4837010148563
-2554.569139071537
-2449.9670041034565
-2559.578775047279
-2415.850870122103
-2497.5925162193903
-2527.7188180925514
-2470.8196373585433
-2535.7083886746004
-2417.434885131654
-2574.2511308208523
-2607.1501002346427
-2489.424224297744
-2570.7036588519713
-2398.308416882174
-2574.2511308208523
-2596.042994493524
-2489.531757687798
-2570.790886290032
-2400.0218552435495
-2573.3855112975616
-2600.665614965177
-2484.2739296618706
-2570.7036588519627
-2397.230642097269
-2572.469756299933
-2594.88025025585
-2483.4678495242015
-2567.49287362754
-2397.0704556016863
-2544.4774974113143
-2570.30243627863
-2463.488383776813
-2546.658958472783
-2396.14990827112
-2570.294010129646
-2594.584222841554
-2486.693198088252
-2570.413355991399
-2396.8233259178414
-2440.4964346040238
-2453.530816575087
-2376.802590195026
-2433.648452027651
-2320.9822652784887
-2556.6804176663345
-2579.142786549399
-2488.485758113039
-2557.7775571885068
-2404.1087549410113
-2550.6699129606004
-2575.645146367172
-2490.5929033157854
-2558.233912296131
-2405.427734127742
-2507.3941293736443
-2524.9875134575113
-2425.1165662793164
-2522.9209135514748
-2411.1487792964986
-2545.4157945429556
-2590.639170171281
-2507.0033539087726
-2559.8522607189016
-2403.254428565496
-2502.8108246037755
-2508.1426972152085
-2470.397769638803
-2532.9742850119783
-2377.6621800415087
-2550.3019088273863
-2588.2449792007355
-2477.045804140533
-2567.5524869147425
-2400.718551939696
-2547.2550388923
-2604.973450151171
-2437.213805361068
-2533.4162995609177
-2389.559765008842
-2504.656258998245
-2553.538181515395
-2453.768716693814
-2538.8971755690827
-2400.5492574668324
-2574.2511308208523
-2607.1501002346427
-2489.424224297744
-2570.7036588519713
-2398.308416882174
-2457.1194113986753
-2491.9246067468716
-2350.9841759160317
-2492.306579618777
-2347.245018055721
-2574.2511308208523
-2607.1501002346427
-2489.424224297744
-2570.7036588519713
-2398.308416882174
-2553.6013120941834
-2568.1516170854716
-2463.504695068674
-2575.243829805173
-2402.623740470914
-2566.404428931358
-2589.964156339451
-2479.250410311027
-2561.8458186627163
-2397.2811275394984
-2579.002034711922
-2555.3267593274963
-2467.3127833650233
-2570.2972347151267
-2407.255870449252
-2567.34920530003
-2587.629865300321
-2481.822197964075
-2562.882205174442
-2397.938975996014
-2563.041468445621
-2588.08529109735
-2480.748600774339
-2562.7005715304294
-2398.1134066921095
-2574.2511308208523
-2607.1501002346427
-2489.424224297744
-2570.7036588519713
-2398.308416882174
-2475.5767559777505
-2505.6497725568597
-2390.6527387389738
-2477.4369072352497
-2397.3643189250706
-2470.530220765961
-2471.2412111215094
-2380.9198644331623
-2511.0478343037466
-2324.6097904112353
-2497.949587569002
-2528.589421485294
-2434.5239429183666
-2540.164740882827
-2351.711615042358
[INFO][smbo.py:327] Finished 150 trials.
-2574.2511308208523
-2607.1501002346427
-2489.424224297744
-2570.7036588519713
-2398.308416882174
-2574.2511308208523
-2607.1501002346427
-2489.424224297744
-2570.7036588519713
-2398.308416882174
-2574.2511308208523
-2607.1501002346427
-2489.424224297744
-2570.7036588519713
-2398.308416882174
-2574.2511308208523
-2607.1501002346427
-2489.424224297744
-2570.7036588519713
-2398.308416882174
-2574.2511308208523
-2607.1501002346427
-2489.424224297744
-2570.7036588519713
-2398.308416882174
-2574.2511308208523
-2607.1501002346427
-2489.424224297744
-2570.7036588519713
-2398.308416882174
-2574.2511308208523
-2607.1501002346427
-2489.424224297744
-2570.7036588519713
-2398.308416882174
-2574.2511308208523
-2607.1501002346427
-2489.424224297744
-2570.7036588519713
-2398.308416882174
-2465.8800032333984
-2468.70296221003
-2370.879039317525
-2425.8822016112044
-2333.8909573573665
-2574.2511308208523
-2607.1501002346427
-2489.424224297744
-2570.7036588519713
-2398.308416882174
-2498.9207492660985
-2527.4238739510647
-2414.9866452489114
-2482.1048197574864
-2370.674979695128
-2574.2511308208523
-2607.1501002346427
-2489.424224297744
-2570.7036588519713
-2398.308416882174
-2574.2511308208523
-2607.1501002346427
-2489.424224297744
-2570.7036588519713
-2398.308416882174
-2574.2511308208523
-2607.1501002346427
-2489.424224297744
-2570.7036588519713
-2398.308416882174
-2574.2511308208523
-2607.1501002346427
-2489.424224297744
-2570.7036588519713
-2398.308416882174
-2574.2511308208523
-2607.1501002346427
-2489.424224297744
-2570.7036588519713
-2398.308416882174
-2483.8132605875553
-2501.022106215474
-2445.9784511214175
-2495.0451940068233
-2332.9562679639607
-2572.7771936798895
-2583.827803325565
-2469.1112561094546
-2578.7592089521295
-2398.1277121506896
-2572.7771936798895
-2583.827803325565
-2469.1112561094546
-2578.7592089521295
-2398.1277121506896
-2572.7771936798895
-2583.827803325565
-2469.1112561094546
-2578.7592089521295
-2398.1277121506896
-2555.5958732884883
-2582.029180557166
-2475.6501390626636
-2562.4949037435845
-2422.231778043238
-2555.5958732884883
-2582.029180557166
-2475.6501390626636
-2562.4949037435845
-2422.231778043238
-2489.288954171887
-2487.386972785426
-2427.4811102158455
-2451.054711196164
-2345.15684470755
-2553.6013120941834
-2568.1516170854716
-2463.504695068674
-2575.243829805173
-2402.623740470914
-2562.0006413788565
-2581.8052401574623
-2475.074633341417
-2566.0331499367066
-2414.440478982239
-2555.5958732884883
-2582.029180557166
-2475.6501390626636
-2562.4949037435845
-2422.231778043238
-2555.5958732884883
-2582.029180557166
-2475.6501390626636
-2562.4949037435845
-2422.231778043238
-2534.0790642881766
-2556.0785724128273
-2446.0499042773326
-2524.0930138130393
-2411.802600837193
-2574.2511308208523
-2607.1501002346427
-2489.424224297744
-2570.7036588519713
-2398.308416882174
-2574.2511308208523
-2607.1501002346427
-2489.424224297744
-2570.7036588519713
-2398.308416882174
-2574.2511308208523
-2596.042994493524
-2489.531757687798
-2570.790886290032
-2400.0218552435495
-2525.213320867137
-2557.9697125839875
-2466.8136101870236
-2557.4476197155996
-2418.3073305031003
-2574.2511308208523
-2596.042994493524
-2489.531757687798
-2570.790886290032
-2400.0218552435495
-2556.6804176663345
-2579.142786549399
-2488.485758113039
-2557.7775571885068
-2404.1087549410113
-2556.6804176663345
-2579.142786549399
-2488.485758113039
-2557.7775571885068
-2404.1087549410113
-2556.6804176663345
-2579.142786549399
-2488.485758113039
-2557.7775571885068
-2404.1087549410113
-2574.2511308208523
-2607.1501002346427
-2489.424224297744
-2570.7036588519713
-2398.308416882174
-2574.2511308208523
-2607.1501002346427
-2489.424224297744
-2570.7036588519713
-2398.308416882174
-2574.2511308208523
-2607.1501002346427
-2489.424224297744
-2570.7036588519713
-2398.308416882174
-2574.2511308208523
-2607.1501002346427
-2489.424224297744
-2570.7036588519713
-2398.308416882174
-2574.2511308208523
-2607.1501002346427
-2489.424224297744
-2570.7036588519713
-2398.308416882174
-2574.2511308208523
-2607.1501002346427
-2489.424224297744
-2570.7036588519713
-2398.308416882174
-2574.2511308208523
-2607.1501002346427
-2489.424224297744
-2570.7036588519713
-2398.308416882174
-2574.2511308208523
-2607.1501002346427
-2489.424224297744
-2570.7036588519713
-2398.308416882174
-2493.585080944003
-2495.232407225597
-2393.067906181918
-2480.131174950129
-2378.080271365862
-2574.2511308208523
-2607.1501002346427
-2489.424224297744
-2570.7036588519713
-2398.308416882174
-2572.2534867144122
-2578.218941312889
-2459.838908369313
-2566.484869047812
-2412.9795460696587
-2501.6321189901473
-2493.662341311067
-2436.3338726421416
-2511.442487868201
-2325.214456001726
-2572.2534867144122
-2578.218941312889
-2459.838908369313
-2566.484869047812
-2412.9795460696587
-2572.2534867144122
-2578.218941312889
-2459.838908369313
-2566.484869047812
-2412.9795460696587
[INFO][smbo.py:327] Finished 200 trials.
[INFO][smbo.py:335] Configuration budget is exhausted:
[INFO][smbo.py:336] --- Remaining wallclock time: inf
[INFO][smbo.py:337] --- Remaining cpu time: inf
[INFO][smbo.py:338] --- Remaining trials: 0
