Using file: ../data/ela_with_cma_and_algo_normalised/A1_data_5D/A1_B450_5D_ela_with_state.csv
[INFO][abstract_initial_design.py:87] Reducing the number of initial configurations from 60 to 50 (max_ratio == 0.25).
[INFO][abstract_initial_design.py:139] Using 50 initial design configurations and 0 additional configurations.
[INFO][abstract_intensifier.py:307] Using only one seed for deterministic scenario.
-2318.753837950081
-2254.8068697487115
-2297.1239992121264
-2199.4361434751727
-2158.859542865982
[INFO][abstract_intensifier.py:517] Added config 26fdc2 as new incumbent because there are no incumbents yet.
-2342.0322641584057
-2251.6197555667895
-2316.031359595203
-2213.010827348619
-2172.7799863174496
[INFO][abstract_intensifier.py:596] Added config 8a205f and rejected config 26fdc2 as incumbent because it is not better than the incumbents on 1 instances: 
-2323.32430713379
-2248.3978733036424
-2321.718270760467
-2228.8243046420284
-2167.6987284645643
-2329.7979910414824
-2257.841275990181
-2313.7677859231735
-2212.6341712284734
-2165.768653116692
-2337.3398502373775
-2259.2560242171585
-2322.4622631011807
-2228.6255708499198
-2169.6635076872235
[INFO][abstract_intensifier.py:596] Added config 87cf8a and rejected config 8a205f as incumbent because it is not better than the incumbents on 1 instances: 
-2238.199933563041
-2208.4976019010383
-2202.8924224395905
-2134.720355463657
-2129.6441748026987
-2288.5953592228125
-2237.8025007848128
-2278.278921922977
-2223.275189257077
-2143.136958495474
-2268.2766194331466
-2236.749674941417
-2228.6289022705278
-2158.994861426321
-2156.622855061029
-2344.3336053961016
-2261.030532599444
-2312.7294960906374
-2206.678825165786
-2167.635715146386
-2285.6504741623567
-2243.78224268465
-2269.273312639785
-2188.213598602463
-2155.01218253729
-2325.6006436557127
-2256.7241019962203
-2326.100514040273
-2215.19326011111
-2165.126569830394
-2231.829581786856
-2197.8815487677057
-2235.168649651092
-2150.49441876017
-2140.994496141186
-2330.742243617024
-2275.084761905249
-2303.883984016085
-2232.1152011778413
-2173.399018422127
-2343.3932041855915
-2241.7508530842497
-2297.7611985227177
-2212.4902136728074
-2166.529336594573
-2309.7629878366783
-2247.643900933974
-2278.3268983826356
-2183.0837620172506
-2164.4085216007825
-2306.2059226241054
-2249.6763598147936
-2303.332508140712
-2222.0616209540085
-2153.9092820648193
-2310.697639269996
-2257.8202031193478
-2284.610691442696
-2200.4177810811016
-2171.9968601066867
-2313.376959712504
-2264.263607715201
-2340.139172296377
-2197.024736268338
-2170.3723102842587
-2331.721131566231
-2266.637220515317
-2323.3437637431452
-2216.7169260699366
-2153.144642393394
-2326.8186241030853
-2254.245435921519
-2271.311620962166
-2200.2046983882774
-2145.6967160867944
-2317.702105888272
-2263.183702464566
-2300.4084012683106
-2216.4695228457895
-2155.2723192549606
-2285.9636674808276
-2252.4191793388727
-2280.522006139026
-2194.3393050916193
-2158.509901212577
-2327.669486281643
-2263.5428228562305
-2332.87950516576
-2226.9638846197986
-2153.0764884151404
-2228.560721226733
-2203.7008583352213
-2230.323399614754
-2151.7377006670054
-2120.5439922125024
-2343.038396076625
-2264.4720580747753
-2289.462987872134
-2219.9686931656925
-2156.852546904773
-2240.073779519434
-2198.1651909863153
-2203.856189248041
-2141.833700725041
-2106.1640541801453
-2339.619297760649
-2255.7215797691356
-2317.0336539071714
-2223.2193622237223
-2175.7769328654385
-2277.959555842548
-2234.299350472918
-2267.669739182434
-2200.913833507649
-2149.7174234242966
-2332.2014395871824
-2259.9602488581095
-2304.458765292067
-2200.342343015708
-2171.7585693124347
-2320.360730651162
-2254.6660175009265
-2265.0639470068554
-2195.6898210487725
-2155.0638419503684
-2320.555900808827
-2257.6919160361526
-2287.7635169343375
-2216.3153811193065
-2165.8686388897595
-2317.155130210651
-2260.146373748894
-2311.840081251251
-2223.016962477464
-2152.037036757453
-2339.8654235064423
-2260.035093624713
-2314.055988497749
-2199.1005898702597
-2172.83813587833
-2265.53921797746
-2207.5535757178204
-2206.4030474050614
-2171.5413655022157
-2144.3356034202516
-2332.7468856200057
-2266.4891027946287
-2321.491969750095
-2223.2204134992207
-2170.7058567884587
-2255.610849531866
-2221.4537502653297
-2246.1048521293287
-2166.493194032165
-2114.366833201627
-2304.184545616007
-2230.302419101882
-2292.4561853115674
-2209.6847430640746
-2156.3151948732666
-2301.1879028812973
-2276.366323177037
-2306.481287870562
-2214.088482424766
-2141.159868168698
-2322.132659870214
-2284.593939250026
-2335.4879721451944
-2209.6345136719174
-2170.7705402555393
[INFO][abstract_intensifier.py:596] Added config 97e72f and rejected config 87cf8a as incumbent because it is not better than the incumbents on 1 instances: 
-2359.26680568601
-2242.053040604358
-2304.3004925791242
-2231.0365460222188
-2178.175338775673
-2335.7512374775597
-2279.9315230801385
-2328.241418990435
-2229.4017961661707
-2161.7720566197327
[INFO][abstract_intensifier.py:596] Added config e820d8 and rejected config 97e72f as incumbent because it is not better than the incumbents on 1 instances: 
-2334.9198337380844
-2250.86467980234
-2333.3619020019355
-2216.6564329216044
-2155.4154211623163
-2326.125318830077
-2225.4960281238773
-2281.3775908700586
-2208.60604599617
-2154.076474643951
-2326.3483561282997
-2258.0020966383
-2311.8875823451044
-2206.940210979239
-2158.5927642449915
-2343.1698769827244
-2262.3013482279384
-2313.3459386001678
-2202.1480137998724
-2153.7926578003717
-2285.815141331325
-2240.5618659605743
-2255.8152391125022
-2177.336091424763
-2141.096805861425
-2343.879376250416
-2275.625055724624
-2323.766875490551
-2228.762057183822
-2156.2930141267657
-2269.3717853671233
-2231.272217299109
-2232.9256157778586
-2165.151898854505
-2152.2728935249247
-2333.4085010218355
-2259.875452332234
-2326.619908593608
-2226.271805835815
-2165.4993729241864
-2326.423762394298
-2254.019638634393
-2269.9591666152483
-2205.2760968711345
-2158.893882610075
[INFO][smbo.py:327] Finished 50 trials.
-2335.577308394452
-2266.5645644027336
-2314.757520235639
-2232.040272141655
-2163.9108879477517
-2332.669062256288
-2281.835563802095
-2321.279169802879
-2228.778945294764
-2160.962953060932
-2335.577308394452
-2266.5645644027336
-2314.757520235639
-2232.040272141655
-2163.9108879477517
-2335.577308394452
-2266.5645644027336
-2314.757520235639
-2232.040272141655
-2163.9108879477517
-2316.058002125987
-2245.6701948056807
-2289.1563128402613
-2200.551886260179
-2154.7153027358017
-2289.6715126985146
-2247.5992661487976
-2313.7121477051924
-2195.679202050279
-2153.057546561458
-2326.087084429292
-2269.458047523178
-2299.7625705038636
-2207.7474005330696
-2152.1053384813545
-2328.1166208354402
-2284.7281921325575
-2300.715462309566
-2212.1481003389854
-2168.9579202179566
-2325.512865395259
-2274.644050386558
-2306.184182016098
-2217.010513253451
-2166.9795329988992
-2326.188922867935
-2256.5435890837584
-2299.9723024502773
-2230.7381168476113
-2154.1205584863046
-2328.092579954261
-2258.449786059351
-2324.6158170186745
-2209.588216652114
-2160.039758625144
-2328.826957599941
-2264.439859544731
-2318.7427167897395
-2203.4300479044086
-2159.413567426805
-2329.78769117801
-2267.0252522222854
-2329.5198684066163
-2231.9383263761933
-2170.29230558173
-2322.1472980288127
-2264.862234456115
-2300.148667094945
-2228.209243372311
-2154.8770273193095
-2322.841762535354
-2232.708789060157
-2288.186851390686
-2169.8545553588174
-2157.910360106322
-2209.3452586831163
-2135.958918092934
-2202.209993557696
-2083.0110640802923
-2095.888564954767
-2344.396639747259
-2272.273195423299
-2320.5363673695124
-2224.690733880678
-2161.730807910667
-2344.396639747259
-2272.273195423299
-2320.5363673695124
-2224.690733880678
-2161.730807910667
-2344.396639747259
-2272.273195423299
-2320.5363673695124
-2224.690733880678
-2161.730807910667
-2344.396639747259
-2272.273195423299
-2320.5363673695124
-2224.690733880678
-2161.730807910667
-2344.396639747259
-2272.273195423299
-2320.5363673695124
-2224.690733880678
-2161.730807910667
-2326.583045167611
-2276.001400866692
-2320.833539581665
-2231.677383638622
-2164.922485073084
-2344.396639747259
-2272.273195423299
-2320.5363673695124
-2224.690733880678
-2161.730807910667
-2344.396639747259
-2272.273195423299
-2320.5363673695124
-2224.690733880678
-2161.730807910667
-2335.779396908142
-2276.5192867123765
-2314.3403929122396
-2229.128107529708
-2161.7178671507045
-2335.779396908142
-2276.5192867123765
-2314.3403929122396
-2229.128107529708
-2161.7178671507045
-2343.316279790605
-2260.3485500080496
-2320.595650244577
-2219.9750110504006
-2172.2821981388975
-2335.779396908142
-2276.5192867123765
-2314.3403929122396
-2229.128107529708
-2161.7178671507045
-2335.779396908142
-2276.5192867123765
-2314.3403929122396
-2229.128107529708
-2161.7178671507045
-2333.478076019118
-2266.1064378783803
-2308.935461540103
-2201.6661119026203
-2160.888478387627
-2317.0850645614805
-2261.1126983345544
-2303.320946526939
-2204.0302198324976
-2171.240379814776
-2345.08239350378
-2269.326516483497
-2316.5408793292872
-2212.2818439051803
-2165.837637739418
-2253.04247010411
-2207.457365620623
-2221.8970693340666
-2168.174599662938
-2136.0811890781642
-2335.7512374775597
-2279.9315230801385
-2328.241418990435
-2229.4017961661707
-2161.7720566197327
-2332.3481847409216
-2272.799384287069
-2317.2101489386273
-2220.4576849972536
-2161.7567892940874
-2332.3481847409216
-2272.799384287069
-2317.2101489386273
-2220.4576849972536
-2161.7567892940874
-2335.4506631422278
-2260.694884748376
-2318.4445034457226
-2208.894193693011
-2167.445486234121
-2333.1482180395906
-2276.2317018076637
-2308.5969980790023
-2224.3179814951554
-2151.5256111444596
-2335.7512374775597
-2279.9315230801385
-2328.241418990435
-2229.4017961661707
-2161.7720566197327
-2335.7512374775597
-2279.9315230801385
-2328.241418990435
-2229.4017961661707
-2161.7720566197327
-2329.431920403206
-2248.572364871098
-2316.8127664658305
-2206.6427330772976
-2157.9915270515116
-2335.7512374775597
-2279.9315230801385
-2328.241418990435
-2229.4017961661707
-2161.7720566197327
-2249.2194272669462
-2230.4721958795917
-2248.0143983993935
-2168.4436580439688
-2131.123838245202
-2335.7512374775597
-2279.9315230801385
-2328.241418990435
-2229.4017961661707
-2161.7720566197327
-2335.7512374775597
-2279.9315230801385
-2328.241418990435
-2229.4017961661707
-2161.7720566197327
-2335.7512374775597
-2279.9315230801385
-2328.241418990435
-2229.4017961661707
-2161.7720566197327
-2335.7512374775597
-2279.9315230801385
-2328.241418990435
-2229.4017961661707
-2161.7720566197327
-2335.7512374775597
-2279.9315230801385
-2328.241418990435
-2229.4017961661707
-2161.7720566197327
-2320.173888092178
-2239.868566801159
-2309.5151220066464
-2194.6847136801402
-2169.7972746760415
-2254.365969102683
-2246.8233714747857
-2264.259451012621
-2194.9244387920094
-2152.813313692041
[INFO][smbo.py:327] Finished 100 trials.
-2293.5660963943774
-2254.788257051447
-2310.1866845313716
-2200.440822184941
-2149.7643284112105
-2308.72828789718
-2252.7744650070636
-2286.8783503694926
-2196.410647560707
-2152.850685713346
-2267.2797535481072
-2244.9001333704914
-2288.751159828751
-2196.73763350688
-2159.3371315284444
-2321.563483368723
-2232.193376089601
-2241.4991665661223
-2211.529535146462
-2148.2106136894517
-2317.6061942854117
-2247.4515708628664
-2265.3954484408487
-2178.1720729283898
-2161.154542461589
-2298.8069878141087
-2246.8878051396887
-2299.288208935772
-2199.055254193992
-2165.680691643815
-2340.8434795837366
-2273.766072217733
-2296.4418904623126
-2198.804273613043
-2163.0703388223546
-2307.4338293651417
-2259.7047665790124
-2334.4196881194157
-2228.6869810110447
-2155.5608275413797
-2322.667553857606
-2262.3303297677453
-2284.4614459269196
-2205.344108819549
-2163.0811931586404
-2351.377548939688
-2271.8854975060244
-2309.474876347172
-2209.6832805598547
-2162.5384589145315
-2309.475001293959
-2264.1831967381268
-2321.0244001118435
-2221.0810687813773
-2148.0226745379314
-2334.0639323495648
-2261.0707573892596
-2308.883787352526
-2236.1682495947957
-2165.663473065303
-2325.6437161930367
-2263.4000934940073
-2310.2290798898675
-2217.971782901255
-2140.606225251524
-2335.7512374775597
-2279.9315230801385
-2328.241418990435
-2229.4017961661707
-2161.7720566197327
-2335.7512374775597
-2279.9315230801385
-2328.241418990435
-2229.4017961661707
-2161.7720566197327
-2335.7512374775597
-2279.9315230801385
-2328.241418990435
-2229.4017961661707
-2161.7720566197327
-2305.786430045625
-2245.4508678889815
-2283.4012156158747
-2201.0145745814048
-2160.173470050566
-2335.7512374775597
-2279.9315230801385
-2328.241418990435
-2229.4017961661707
-2161.7720566197327
-2331.7347391402423
-2261.313692911282
-2317.4661853481625
-2183.7596128294026
-2154.0695644334614
-2335.7512374775597
-2279.9315230801385
-2328.241418990435
-2229.4017961661707
-2161.7720566197327
-2335.7512374775597
-2279.9315230801385
-2328.241418990435
-2229.4017961661707
-2161.7720566197327
-2348.1013065128554
-2263.7301362265734
-2312.086799331062
-2222.9858514045623
-2171.2637730367123
-2303.6008364629674
-2250.385718213277
-2307.226775010038
-2226.368862842423
-2150.868917728714
-2291.606311408076
-2254.4394208927088
-2279.2458018088264
-2196.857221683251
-2150.798784467608
-2291.606311408076
-2254.4394208927088
-2279.2458018088264
-2196.857221683251
-2150.798784467608
-2335.7512374775597
-2279.9315230801385
-2328.241418990435
-2229.4017961661707
-2161.7720566197327
-2335.722033752198
-2276.6001787689656
-2314.349140715141
-2227.356851103538
-2162.809639045955
-2345.10582565078
-2273.825035307928
-2319.970449399223
-2233.021425015191
-2149.5731081695244
-2335.722033752198
-2276.6001787689656
-2314.349140715141
-2227.356851103538
-2162.809639045955
-2257.2727663936676
-2204.31905982519
-2250.048255232962
-2126.548952993356
-2120.652932058341
-2335.7512374775597
-2279.9315230801385
-2328.241418990435
-2229.4017961661707
-2161.7720566197327
-2335.7512374775597
-2279.9315230801385
-2328.241418990435
-2229.4017961661707
-2161.7720566197327
-2335.7512374775597
-2279.9315230801385
-2328.241418990435
-2229.4017961661707
-2161.7720566197327
-2319.017835473692
-2279.783083213682
-2323.9144708548483
-2210.253800208204
-2181.385518270973
-2335.7512374775597
-2279.9315230801385
-2328.241418990435
-2229.4017961661707
-2161.7720566197327
-2323.37123257334
-2273.346624106624
-2307.7006223887793
-2215.173392760227
-2165.0444081153955
-2323.37123257334
-2273.346624106624
-2307.7006223887793
-2215.173392760227
-2165.0444081153955
-2323.37123257334
-2273.346624106624
-2307.7006223887793
-2215.173392760227
-2165.0444081153955
-2335.7512374775597
-2279.9315230801385
-2328.241418990435
-2229.4017961661707
-2161.7720566197327
-2335.7512374775597
-2279.9315230801385
-2328.241418990435
-2229.4017961661707
-2161.7720566197327
-2258.196469345061
-2250.1010829079414
-2241.5970052812418
-2165.295455126658
-2140.812157366319
-2335.7512374775597
-2279.9315230801385
-2328.241418990435
-2229.4017961661707
-2161.7720566197327
-2335.7512374775597
-2279.9315230801385
-2328.241418990435
-2229.4017961661707
-2161.7720566197327
-2335.7512374775597
-2279.9315230801385
-2328.241418990435
-2229.4017961661707
-2161.7720566197327
-2323.087052244809
-2271.620138915856
-2296.27776278225
-2203.2779572416753
-2178.025468441241
-2323.087052244809
-2271.620138915856
-2296.27776278225
-2203.2779572416753
-2178.025468441241
-2335.7512374775597
-2279.9315230801385
-2328.241418990435
-2229.4017961661707
-2161.7720566197327
-2335.7512374775597
-2279.9315230801385
-2328.241418990435
-2229.4017961661707
-2161.7720566197327
-2300.8100978126904
-2254.3698763270295
-2279.4180811651304
-2185.7418231763136
-2145.049038122849
-2285.403047089184
-2269.284988848404
-2257.3548475515313
-2187.824266219885
-2143.988296804121
[INFO][smbo.py:327] Finished 150 trials.
-2346.177131191317
-2263.1157055246017
-2315.216636486053
-2217.0942984107855
-2167.384504598901
-2335.7512374775597
-2279.9315230801385
-2328.241418990435
-2229.4017961661707
-2161.7720566197327
-2335.7512374775597
-2279.9315230801385
-2328.241418990435
-2229.4017961661707
-2161.7720566197327
-2335.7512374775597
-2279.9315230801385
-2328.241418990435
-2229.4017961661707
-2161.7720566197327
-2335.7512374775597
-2279.9315230801385
-2328.241418990435
-2229.4017961661707
-2161.7720566197327
-2327.3016032948735
-2258.5731365154998
-2317.513681217599
-2216.5769968573286
-2171.8876478978477
-2327.3016032948735
-2258.5731365154998
-2317.513681217599
-2216.5769968573286
-2171.8876478978477
-2291.606311408076
-2254.4394208927088
-2279.2458018088264
-2196.857221683251
-2150.798784467608
-2291.606311408076
-2254.4394208927088
-2279.2458018088264
-2196.857221683251
-2150.798784467608
-2261.296474375139
-2215.856970954424
-2215.750555659923
-2149.8601200725266
-2143.362624557354
-2291.606311408076
-2254.4394208927088
-2279.2458018088264
-2196.857221683251
-2150.798784467608
-2298.7868832289855
-2252.3998670394576
-2272.612401088771
-2199.4385987357978
-2153.0843896062106
-2335.7512374775597
-2279.9315230801385
-2328.241418990435
-2229.4017961661707
-2161.7720566197327
-2335.7512374775597
-2279.9315230801385
-2328.241418990435
-2229.4017961661707
-2161.7720566197327
-2335.7512374775597
-2279.9315230801385
-2328.241418990435
-2229.4017961661707
-2161.7720566197327
-2335.7512374775597
-2279.9315230801385
-2328.241418990435
-2229.4017961661707
-2161.7720566197327
-2335.8101994443937
-2277.147567086373
-2314.511416324062
-2227.632432974064
-2166.6646532447694
-2319.4502046119933
-2241.6490494485047
-2279.4746351426957
-2215.2777808745623
-2150.162518279139
-2325.6437161930367
-2263.4000934940073
-2310.2290798898675
-2217.971782901255
-2140.606225251524
-2325.6437161930367
-2263.4000934940073
-2310.2290798898675
-2217.971782901255
-2140.606225251524
-2335.7512374775597
-2279.9315230801385
-2328.241418990435
-2229.4017961661707
-2161.7720566197327
-2336.386855024726
-2272.1927176061854
-2314.441287493131
-2230.122373369629
-2166.392713482037
-2336.386855024726
-2272.1927176061854
-2314.441287493131
-2230.122373369629
-2166.392713482037
-2297.095922884884
-2221.966637476495
-2262.7941593683227
-2164.36120556416
-2143.323921658885
-2336.386855024726
-2272.1927176061854
-2314.441287493131
-2230.122373369629
-2166.392713482037
-2338.077443597766
-2278.3912151716613
-2324.726318795207
-2229.752228754565
-2155.601622831079
-2326.724454857954
-2276.1194013570425
-2328.232923516007
-2227.7775818319697
-2167.423638426585
-2321.6349613605826
-2259.7180570628157
-2304.2873516410896
-2226.664676925888
-2164.569126767879
-2334.076575630773
-2262.562655680436
-2306.975637630733
-2210.8978257420663
-2155.758801934662
-2335.7512374775597
-2279.9315230801385
-2328.241418990435
-2229.4017961661707
-2161.7720566197327
-2335.7512374775597
-2279.9315230801385
-2328.241418990435
-2229.4017961661707
-2161.7720566197327
-2335.7512374775597
-2279.9315230801385
-2328.241418990435
-2229.4017961661707
-2161.7720566197327
-2340.8956572053567
-2255.313097872853
-2309.733109951494
-2211.527969306456
-2147.238532978147
-2335.7512374775597
-2279.9315230801385
-2328.241418990435
-2229.4017961661707
-2161.7720566197327
-2335.7512374775597
-2279.9315230801385
-2328.241418990435
-2229.4017961661707
-2161.7720566197327
-2335.722033752198
-2276.6001787689656
-2314.349140715141
-2227.356851103538
-2162.809639045955
-2335.7512374775597
-2279.9315230801385
-2328.241418990435
-2229.4017961661707
-2161.7720566197327
-2335.7512374775597
-2279.9315230801385
-2328.241418990435
-2229.4017961661707
-2161.7720566197327
-2335.7512374775597
-2279.9315230801385
-2328.241418990435
-2229.4017961661707
-2161.7720566197327
-2335.7512374775597
-2279.9315230801385
-2328.241418990435
-2229.4017961661707
-2161.7720566197327
-2335.7512374775597
-2279.9315230801385
-2328.241418990435
-2229.4017961661707
-2161.7720566197327
-2335.7512374775597
-2279.9315230801385
-2328.241418990435
-2229.4017961661707
-2161.7720566197327
-2335.7512374775597
-2279.9315230801385
-2328.241418990435
-2229.4017961661707
-2161.7720566197327
-2335.7512374775597
-2279.9315230801385
-2328.241418990435
-2229.4017961661707
-2161.7720566197327
-2313.557960090541
-2269.1276305020965
-2317.7415316301694
-2205.570083944674
-2171.4957445543523
-2189.190123753545
-2197.496476669575
-2158.920865526618
-2158.1467622062214
-2115.583962751832
-2332.3481847409216
-2272.799384287069
-2317.2101489386273
-2220.4576849972536
-2161.7567892940874
-2313.557960090541
-2269.1276305020965
-2317.7415316301694
-2205.570083944674
-2171.4957445543523
-2243.2577425454183
-2216.9810606722135
-2211.2924008970476
-2137.3457418326234
-2136.919791837854
-2332.3481847409216
-2272.799384287069
-2317.2101489386273
-2220.4576849972536
-2161.7567892940874
[INFO][smbo.py:327] Finished 200 trials.
[INFO][smbo.py:335] Configuration budget is exhausted:
[INFO][smbo.py:336] --- Remaining wallclock time: inf
[INFO][smbo.py:337] --- Remaining cpu time: inf
[INFO][smbo.py:338] --- Remaining trials: 0
