Using file: ../data/ela_with_cma_and_algo_normalised/A1_data_5D/A1_B48_5D_ela_with_state.csv
[INFO][abstract_initial_design.py:87] Reducing the number of initial configurations from 60 to 50 (max_ratio == 0.25).
[INFO][abstract_initial_design.py:139] Using 50 initial design configurations and 0 additional configurations.
[INFO][abstract_intensifier.py:307] Using only one seed for deterministic scenario.
-2496.2874605336433
-2507.317777052297
-2486.8948630335663
-2504.086406955899
-2361.0603002038465
[INFO][abstract_intensifier.py:517] Added config 26fdc2 as new incumbent because there are no incumbents yet.
-2571.70045174901
-2558.7134079141647
-2517.4503247322573
-2534.870056051207
-2452.692232656377
[INFO][abstract_intensifier.py:596] Added config 8a205f and rejected config 26fdc2 as incumbent because it is not better than the incumbents on 1 instances: 
-2494.141017334032
-2478.673002871022
-2543.9768164548223
-2531.059677659856
-2417.4273904283655
-2567.1662418475094
-2567.6455410819863
-2551.594905127521
-2554.994212220854
-2458.142278644826
[INFO][abstract_intensifier.py:596] Added config 71b0a5 and rejected config 8a205f as incumbent because it is not better than the incumbents on 1 instances: 
-2567.170833723527
-2577.986716299868
-2564.5518215006173
-2547.405786783476
-2461.364355122707
[INFO][abstract_intensifier.py:596] Added config 87cf8a and rejected config 71b0a5 as incumbent because it is not better than the incumbents on 1 instances: 
-2414.7154244877884
-2413.0528852346774
-2446.0788011085383
-2459.010914135677
-2303.903417903486
-2559.325888892586
-2531.2433762896376
-2476.3882019907533
-2560.6120694609667
-2449.6969068736826
-2487.0485053325838
-2452.155924764101
-2496.5907142946535
-2515.1754467797473
-2366.319229826682
-2572.8841225422593
-2565.9780501732034
-2531.5345961042485
-2570.184385147859
-2454.5820844847813
-2473.940230302257
-2482.139830445106
-2477.1753357280822
-2513.531777601699
-2360.556747501687
-2538.8403129472126
-2548.1429356317158
-2525.581311169988
-2568.966472769121
-2418.768690529949
-2473.8316746182763
-2426.438127547279
-2432.655275508229
-2450.520794549783
-2363.490066363283
-2569.200730909817
-2534.806844648697
-2521.615592225129
-2519.946121386957
-2425.3543904116696
-2564.06026524222
-2519.314976245543
-2535.0356748873132
-2558.5828136267646
-2455.0436623648357
-2499.6519437125444
-2463.819865809023
-2486.2218030789945
-2514.523052265943
-2368.934201039943
-2563.671503372916
-2534.7831425514632
-2540.2070066306705
-2572.947497771453
-2451.986568637392
-2456.371907400983
-2550.4068624598567
-2456.7949759307485
-2517.655181053202
-2419.355780647575
-2552.1486446815206
-2561.1871475732037
-2526.7654221571656
-2556.619718452054
-2490.5770239557087
-2529.2482088053493
-2518.781754981882
-2526.8191841588423
-2512.813644541495
-2391.6261035876328
-2491.896829326113
-2500.6607942608343
-2493.7920034328927
-2532.0172662790183
-2407.4760754555136
-2541.411556751021
-2507.099821874959
-2512.141829064235
-2564.365529318752
-2429.6879892430657
-2517.4344433666993
-2487.7566473961147
-2476.8302103002516
-2506.430592974992
-2379.580793807687
-2571.039084991946
-2559.724104654083
-2537.3195736268844
-2573.008582383799
-2466.526567597549
-2488.065291041751
-2403.933121850453
-2423.565449171309
-2461.943961298958
-2345.07181909429
-2564.4223215927486
-2560.2912768696383
-2529.33257582699
-2575.8971785066888
-2455.2915380632635
-2435.368821645121
-2364.7069050660543
-2442.9118357103753
-2419.340196654016
-2348.229156358579
-2591.718284097435
-2552.9927348439696
-2549.4497480375094
-2557.310013963891
-2461.381700888462
-2486.902177130568
-2480.288398319217
-2495.2733297393265
-2513.922787017217
-2388.8457456270075
-2488.888413904394
-2500.2567475348924
-2509.3499064275793
-2520.5567123318606
-2389.8031404157937
-2532.494118973679
-2540.580989538165
-2490.8717145375067
-2542.298260206746
-2421.37022917969
-2521.4643050667964
-2507.8941357108097
-2516.9333780668107
-2493.344961045981
-2422.84060942106
-2590.410027188901
-2586.422385279335
-2562.2068071627837
-2566.285216189129
-2450.6135942116543
[INFO][abstract_intensifier.py:596] Added config cc01da and rejected config 87cf8a as incumbent because it is not better than the incumbents on 1 instances: 
-2517.93507429247
-2553.302574044265
-2529.6923386851067
-2563.36925467952
-2442.5951524375005
-2464.2969915896965
-2422.644832616791
-2465.821312184584
-2477.4787357966234
-2308.575007613954
-2598.8613673158534
-2586.3207923393566
-2529.394342981128
-2577.098485460511
-2460.934897159315
-2462.2641478144214
-2478.634866737933
-2451.396320800053
-2494.767279690196
-2370.4071991979704
-2459.0260148155676
-2461.962291538701
-2495.8145152294233
-2515.442917001963
-2395.324363671797
-2569.285939416329
-2574.8680310023174
-2538.1787583284968
-2564.2700121684506
-2431.4213710848967
-2511.225321594327
-2552.964749497218
-2529.0699363510957
-2516.324327755661
-2438.8733771308216
-2588.861578013388
-2565.416008874753
-2534.345562607521
-2550.0583453645377
-2454.48863255357
-2484.0554957719046
-2568.823211725933
-2494.9406531059713
-2539.057940431355
-2411.8536971955746
-2547.232488888913
-2543.184745384822
-2527.5741575243374
-2579.999036150507
-2452.913342969778
-2473.602771199166
-2492.148278295482
-2468.8243183628024
-2494.6251915480734
-2383.2232000879426
-2512.3868583395997
-2533.4895292700494
-2538.775492689899
-2568.329808244184
-2445.534054269621
-2592.818072883974
-2566.2015723068425
-2520.9247315728862
-2553.3680748367115
-2456.8701407309827
-2513.0172841294284
-2458.2118124134654
-2476.0887715247086
-2502.360019155779
-2369.20151899745
-2531.031659897264
-2528.3926236321827
-2524.3392789493373
-2536.3556054630126
-2441.373928140722
-2491.75090680122
-2405.9185518156446
-2448.6940024410164
-2498.5738616518793
-2351.5332141275853
-2584.8271207522675
-2546.130027758141
-2556.64351134031
-2569.357616522625
-2469.371642488213
-2518.788259359525
-2506.264328989939
-2487.7913525993995
-2537.6247172199787
-2389.7734054550738
[INFO][smbo.py:327] Finished 50 trials.
-2567.26736734353
-2578.9574545231103
-2524.009872841634
-2561.2691304032983
-2461.1246683335457
-2563.7127229875987
-2546.331535638984
-2554.538024311299
-2564.884078412909
-2442.9334491660984
-2567.26736734353
-2578.9574545231103
-2524.009872841634
-2561.2691304032983
-2461.1246683335457
-2563.708752792881
-2557.7680274728973
-2540.9179794473525
-2556.9985166467513
-2457.2088077791122
-2519.90571019207
-2513.553500285774
-2529.4269038456964
-2533.4998141926717
-2395.3646503636974
-2528.5929048886765
-2513.442323488988
-2518.344508266919
-2547.430789692817
-2399.110107660549
-2557.896322955333
-2552.2126013742154
-2512.689089131504
-2544.1389657000136
-2437.1984959588394
-2588.8434259335468
-2561.80427974192
-2546.9226558130135
-2568.6670915924733
-2458.273079935877
-2603.123305292474
-2558.9582682405653
-2543.3619219206867
-2569.2305805404203
-2461.8102161836036
-2611.337591350328
-2573.643172936124
-2548.6219214902812
-2560.8410164588686
-2473.7163853507536
[INFO][abstract_intensifier.py:596] Added config 42f73c and rejected config cc01da as incumbent because it is not better than the incumbents on 1 instances: 
-2597.7468899544006
-2551.8968025087224
-2534.945250599055
-2557.522356657136
-2455.473176541922
-2595.5369973336337
-2565.7179091575704
-2527.8467635011802
-2563.9366309925203
-2463.739150473906
-2596.8965928395987
-2582.3265027005905
-2542.689152697795
-2564.815413444842
-2458.473417446994
-2577.75917307704
-2576.2483250362984
-2543.6095854109426
-2564.104721216503
-2462.069047595155
-2462.294944794702
-2473.529763799574
-2468.8603763390065
-2514.4909790425463
-2336.4485419681005
-2451.832330738318
-2306.9822532644394
-2413.988963857377
-2406.248627621085
-2340.277954775996
-2608.0425511940466
-2575.9845897723185
-2549.021539013611
-2561.444922338559
-2470.737623983245
-2608.0425511940466
-2574.236830840578
-2550.163567506206
-2565.948802045711
-2470.737623983245
[INFO][abstract_intensifier.py:596] Added config 5b6305 and rejected config 42f73c as incumbent because it is not better than the incumbents on 1 instances: 
-2604.981592302455
-2577.833659469196
-2549.571762318589
-2561.7886673809867
-2470.0018722639293
-2604.981592302455
-2576.0859005333123
-2549.857159602604
-2562.457404823073
-2470.9463504058494
-2604.981592302455
-2577.833659469196
-2549.571762318589
-2561.7886673809867
-2470.0018722639293
-2507.845184861112
-2540.419371038225
-2521.6632172178197
-2545.538186907969
-2406.585630386688
-2604.981592302455
-2574.236830840578
-2548.725955586482
-2561.21009509036
-2473.7163853507536
-2618.404256586283
-2576.0859005333123
-2552.83344119451
-2564.2156441355337
-2470.737623983245
[INFO][abstract_intensifier.py:596] Added config 4a8568 and rejected config 5b6305 as incumbent because it is not better than the incumbents on 1 instances: 
-2587.3782841009024
-2554.314401146873
-2526.4783439849257
-2547.5811768413005
-2453.6183122183265
-2571.709613760752
-2532.7111106351986
-2526.1588327007476
-2577.0392345624155
-2457.5924885692566
-2567.0943765483544
-2560.7303678302364
-2504.409842026083
-2585.900522574903
-2453.536950785812
-2569.748046205913
-2546.9550942217434
-2551.3047988315757
-2563.5200767494916
-2471.4803937465595
-2565.368115417993
-2547.296528135373
-2532.0791418033436
-2566.165200410923
-2473.8963357432917
-2517.773960751807
-2482.5795574260883
-2534.094981786411
-2522.2811777244233
-2405.3016219662427
-2595.3949852287656
-2565.7552158038607
-2554.9901950626004
-2565.7332621325345
-2460.145759333768
-2594.722209224518
-2565.980773843219
-2508.8351220968025
-2591.125681802174
-2461.8778344484326
-2426.6115128652746
-2453.2132745751874
-2467.8682920370957
-2486.715022196115
-2346.9414295167753
-2576.11540571303
-2582.1832122214128
-2532.7269953372047
-2585.897272330775
-2467.2596774660933
-2576.11540571303
-2582.1832122214128
-2532.7269953372047
-2585.897272330775
-2467.2596774660933
-2589.258065830423
-2578.2894453621043
-2551.6116859780677
-2574.466100791517
-2464.1661850797614
-2589.258065830423
-2578.2894453621043
-2551.6116859780677
-2574.466100791517
-2464.1661850797614
-2564.6542995793347
-2549.2599412365225
-2505.38035246619
-2521.5272874193492
-2428.4045791196104
-2576.11540571303
-2582.1832122214128
-2532.7269953372047
-2585.897272330775
-2467.2596774660933
-2576.11540571303
-2582.1832122214128
-2532.7269953372047
-2585.897272330775
-2467.2596774660933
-2554.8440392086686
-2554.91153001942
-2540.2146946132834
-2550.0273877494783
-2460.652968071726
-2497.637305748148
-2428.311628058218
-2436.6564132289536
-2474.995072631862
-2329.3520328072805
-2613.2248335661266
-2536.4844646979154
-2567.151331091527
-2589.5452168650736
-2471.3477849669425
-2603.3787539148625
-2577.093799262015
-2547.4757265284843
-2569.5379728179687
-2461.766893474366
-2595.447549935495
-2568.0494903228623
-2516.3182951257277
-2556.0138021445587
-2459.5533906500796
-2621.4985513037354
-2574.236830836435
-2548.3425268069723
-2560.7439362273467
-2468.6874239776516
-2621.4985513037354
-2574.236830836435
-2548.3425268069723
-2560.7439362273467
-2468.6874239776516
-2621.6156212237656
-2575.9845897681753
-2560.467583283464
-2562.6804565198704
-2468.485899825553
[INFO][abstract_intensifier.py:596] Added config ddde38 and rejected config 4a8568 as incumbent because it is not better than the incumbents on 1 instances: 
-2498.211992165325
-2376.0566549075775
-2402.1473574613346
-2482.2877950122393
-2339.2021349933857
-2621.6156212237656
-2575.9845897681753
-2560.467583283464
-2562.6804565198704
-2468.485899825553
[INFO][smbo.py:327] Finished 100 trials.
-2621.6156212237656
-2575.9845897681753
-2560.467583283464
-2562.6804565198704
-2468.485899825553
-2616.124928717843
-2539.2750068220034
-2559.443417870576
-2575.516127655627
-2472.0654696376428
-2618.5546623321743
-2575.9845897681753
-2560.7529805674785
-2565.6559840662007
-2472.3250837447076
[INFO][abstract_intensifier.py:596] Added config 32ab44 and rejected config ddde38 as incumbent because it is not better than the incumbents on 1 instances: 
-2618.5546623321743
-2575.9845897681753
-2560.7529805674785
-2565.6559840662007
-2472.3250837447076
-2618.5546623321743
-2575.9845897681753
-2560.7529805674785
-2565.6559840662007
-2472.3250837447076
-2576.7523635367124
-2585.994907401408
-2495.9221095471903
-2578.1682945717084
-2437.721263185358
-2507.386772112937
-2513.690988429853
-2484.0923125059694
-2566.0174032417394
-2408.0535857273694
-2528.8410746223967
-2549.102808403555
-2539.9452131955168
-2548.0193069118377
-2431.660748204883
-2590.6172385936375
-2571.2848448575055
-2564.6514325650196
-2561.7245007601314
-2459.1939725079856
-2598.841233161172
-2566.2036960301484
-2537.949555524625
-2566.602215474715
-2467.5715542019857
-2589.700085547595
-2576.7610916578733
-2552.165596048919
-2543.5082250128426
-2457.2844004786884
-2573.3681614105467
-2577.0428933495114
-2546.3271416686975
-2557.90210635692
-2469.7462321113094
-2570.2752307459546
-2554.3635067059595
-2531.76567418983
-2529.8997616453303
-2454.1007374030546
-2604.6464073527086
-2575.285127544369
-2549.644572242107
-2553.2711408494115
-2462.454615902968
-2443.0083858706257
-2423.5003172906545
-2472.8525403989715
-2470.693313033242
-2331.5921170302045
-2618.5546623321743
-2575.9845897681753
-2560.7529805674785
-2565.6559840662007
-2472.3250837447076
-2559.273996250211
-2551.9742907363234
-2520.458928766545
-2544.5068837552953
-2437.4559737150294
-2618.5546623321743
-2575.9845897681753
-2560.7529805674785
-2565.6559840662007
-2472.3250837447076
-2618.5546623321743
-2575.9845897681753
-2560.7529805674785
-2565.6559840662007
-2472.3250837447076
-2475.7922133900342
-2488.958424907483
-2489.851109147049
-2490.8045345566534
-2388.454435085682
-2448.114190278933
-2389.6951105042535
-2432.3205515708914
-2470.189844007082
-2348.594682198247
-2618.4375924121437
-2574.0027484773473
-2558.591854917463
-2561.9483999738513
-2469.5478465292977
-2591.2318920606945
-2575.825361447194
-2556.798933114419
-2574.735529667179
-2458.8733770416816
-2618.5546623321743
-2575.9845897681753
-2560.7529805674785
-2565.6559840662007
-2472.3250837447076
-2618.5546623321743
-2575.9845897681753
-2560.7529805674785
-2565.6559840662007
-2472.3250837447076
-2535.7176734386476
-2544.847979958321
-2533.818174102728
-2549.9852614705824
-2420.2462748872003
-2618.5546623321743
-2575.9845897681753
-2560.7529805674785
-2565.6559840662007
-2472.3250837447076
-2583.1911944100593
-2561.0829645534513
-2534.8016546232566
-2568.603944502571
-2460.317307051424
-2618.5546623321743
-2575.9845897681753
-2560.7529805674785
-2565.6559840662007
-2472.3250837447076
-2589.455756923482
-2575.825361447194
-2556.7989304915486
-2569.5991397169487
-2458.8734400018534
-2600.3536370751876
-2555.555097938164
-2529.9992688523334
-2562.4777989369923
-2462.4856534054297
-2508.2056379548812
-2552.873357643103
-2481.8986975124644
-2509.5878110995727
-2421.1504977054065
-2600.3536370751876
-2555.555097938164
-2529.9992688523334
-2562.4777989369923
-2462.4856534054297
-2598.841233161172
-2566.2036960301484
-2537.949555524625
-2566.602215474715
-2467.5715542019857
-2618.5546623321743
-2575.9845897681753
-2560.7529805674785
-2565.6559840662007
-2472.3250837447076
-2618.5546623321743
-2575.9845897681753
-2560.7529805674785
-2565.6559840662007
-2472.3250837447076
-2618.5546623321743
-2575.9845897681753
-2560.7529805674785
-2565.6559840662007
-2472.3250837447076
-2477.644772912635
-2394.46945694598
-2403.7884790768057
-2488.320123411986
-2359.629481796072
-2478.1373910862153
-2436.370167390207
-2479.7068049920435
-2479.796611125661
-2333.2993129761185
-2618.5546623321743
-2575.9845897681753
-2560.7529805674785
-2565.6559840662007
-2472.3250837447076
-2618.5546623321743
-2575.9845897681753
-2560.7529805674785
-2565.6559840662007
-2472.3250837447076
-2618.5546623321743
-2575.9845897681753
-2560.7529805674785
-2565.6559840662007
-2472.3250837447076
-2618.5546623321743
-2575.9845897681753
-2560.7529805674785
-2565.6559840662007
-2472.3250837447076
-2618.5546623321743
-2575.9845897681753
-2560.7529805674785
-2565.6559840662007
-2472.3250837447076
-2618.5546623321743
-2575.9845897681753
-2560.7529805674785
-2565.6559840662007
-2472.3250837447076
-2428.221929846661
-2377.922177013691
-2425.3121429462153
-2458.2457734413274
-2284.5141485205477
-2521.315310749585
-2529.1216897470863
-2490.359471890639
-2517.193986826415
-2411.8004865496937
-2476.2170006986403
-2512.4933002363923
-2476.06768772747
-2514.5710383897203
-2395.244343909565
-2618.5546623321743
-2575.9845897681753
-2560.7529805674785
-2565.6559840662007
-2472.3250837447076
-2618.5546623321743
-2575.9845897681753
-2560.7529805674785
-2565.6559840662007
-2472.3250837447076
[INFO][smbo.py:327] Finished 150 trials.
-2597.843143715373
-2565.107533221043
-2559.585603324218
-2578.212491374958
-2456.0098735515157
-2597.843143715373
-2565.107533221043
-2559.585603324218
-2578.212491374958
-2456.0098735515157
-2597.843143715373
-2565.107533221043
-2559.585603324218
-2578.212491374958
-2456.0098735515157
-2589.455756923482
-2575.825361447194
-2556.7989304915486
-2569.5991397169487
-2458.8734400018534
-2618.5546623321743
-2575.9845897681753
-2560.7529805674785
-2565.6559840662007
-2472.3250837447076
-2618.5546623321743
-2575.9845897681753
-2560.7529805674785
-2565.6559840662007
-2472.3250837447076
-2525.1867857104894
-2550.2113853593028
-2488.346422110272
-2514.746322847874
-2406.080675826468
-2589.455756923482
-2575.825361447194
-2556.7989304915486
-2569.5991397169487
-2458.8734400018534
-2528.5367760183053
-2519.012621654247
-2492.178148067584
-2562.3513889491505
-2434.5472096684175
-2589.455756923482
-2575.825361447194
-2556.7989304915486
-2569.5991397169487
-2458.8734400018534
-2589.455756923482
-2575.825361447194
-2556.7989304915486
-2569.5991397169487
-2458.8734400018534
-2589.455756923482
-2575.825361447194
-2556.7989304915486
-2569.5991397169487
-2458.8734400018534
-2618.5546623321743
-2575.9845897681753
-2560.7529805674785
-2565.6559840662007
-2472.3250837447076
-2618.5546623321743
-2575.9845897681753
-2560.7529805674785
-2565.6559840662007
-2472.3250837447076
-2503.397859288214
-2505.6108828376177
-2499.2431427627016
-2505.5920919041564
-2371.020637802999
-2618.5546623321743
-2575.9845897681753
-2560.7529805674785
-2565.6559840662007
-2472.3250837447076
-2600.3368039535662
-2584.684165034464
-2552.3910261692768
-2592.218998303929
-2459.9114166105087
-2569.092003699905
-2578.04286225511
-2555.2477592881296
-2580.9972437588294
-2464.2604343132007
-2604.722967442225
-2582.584883832835
-2557.2585954107017
-2575.643523789968
-2466.089528659738
-2595.1877176612834
-2578.8064608119985
-2555.177402426983
-2560.0643372918707
-2467.827694247112
-2513.2060420677058
-2505.564550175404
-2513.0030951527096
-2523.9382342755134
-2389.471674435273
-2618.5546623321743
-2575.9845897681753
-2560.7529805674785
-2565.6559840662007
-2472.3250837447076
-2604.981592302392
-2574.236830836435
-2561.303203872457
-2562.0300156028406
-2472.3250837447076
-2598.841233161172
-2566.2036960301484
-2537.949555524625
-2566.602215474715
-2467.5715542019857
-2598.841233161172
-2566.2036960301484
-2537.949555524625
-2566.602215474715
-2467.5715542019857
-2558.720066192039
-2558.385828993501
-2548.8173390240954
-2566.001109449091
-2457.36148229095
-2598.841233161172
-2566.2036960301484
-2537.949555524625
-2566.602215474715
-2467.5715542019857
-2592.948813666622
-2559.353314603851
-2535.041272005797
-2564.6010477944797
-2460.446406492647
-2618.5546623321743
-2575.9845897681753
-2560.7529805674785
-2565.6559840662007
-2472.3250837447076
-2445.7306666093386
-2470.569467272755
-2463.03837669566
-2473.0496679410617
-2362.123365570773
-2605.814469639497
-2583.3626034204926
-2558.8333703820076
-2556.4628959094975
-2465.34507534223
-2605.814469639497
-2583.3626034204926
-2558.8333703820076
-2556.4628959094975
-2465.34507534223
-2616.2188018907627
-2580.992068449321
-2558.008542091416
-2555.4142252824163
-2464.9836996598347
-2605.814469639497
-2583.3626034204926
-2558.8333703820076
-2556.4628959094975
-2465.34507534223
-2616.2188018907627
-2580.992068449321
-2558.008542091416
-2555.4142252824163
-2464.9836996598347
-2600.3910329726386
-2577.7688576591345
-2558.780830646853
-2553.6450925254017
-2467.365530171334
-2618.5546623321743
-2575.9845897681753
-2560.7529805674785
-2565.6559840662007
-2472.3250837447076
-2618.5546623321743
-2575.9845897681753
-2560.7529805674785
-2565.6559840662007
-2472.3250837447076
-2600.3368039535662
-2584.684165034464
-2552.3910261692768
-2592.218998303929
-2459.9114166105087
-2484.148301040177
-2354.508554110745
-2381.576940266289
-2509.2198241347046
-2372.4160099927076
-2484.148301040177
-2354.508554110745
-2381.576940266289
-2509.2198241347046
-2372.4160099927076
-2566.877430089616
-2567.099863459803
-2564.7328108386473
-2560.9965499107284
-2450.6917137837045
-2551.5742485949067
-2545.7678432271505
-2514.7386441303765
-2555.8115187013236
-2456.675945115751
-2584.631981092357
-2543.2081146914625
-2523.845399180664
-2540.4050552647805
-2476.669048669715
-2618.5546623321743
-2575.9845897681753
-2560.7529805674785
-2565.6559840662007
-2472.3250837447076
-2511.7480542767826
-2521.373390066923
-2531.660520164147
-2532.2302317414915
-2398.1327934858687
-2618.5546623321743
-2575.9845897681753
-2560.7529805674785
-2565.6559840662007
-2472.3250837447076
-2618.5546623321743
-2575.9845897681753
-2560.7529805674785
-2565.6559840662007
-2472.3250837447076
-2618.5546623321743
-2575.9845897681753
-2560.7529805674785
-2565.6559840662007
-2472.3250837447076
-2400.729621675532
-2347.83888544418
-2410.6207521643482
-2468.67426251089
-2298.1051780084936
[INFO][smbo.py:327] Finished 200 trials.
[INFO][smbo.py:335] Configuration budget is exhausted:
[INFO][smbo.py:336] --- Remaining wallclock time: inf
[INFO][smbo.py:337] --- Remaining cpu time: inf
[INFO][smbo.py:338] --- Remaining trials: 0
