Using file: ../data/ela_with_cma_and_algo_normalised/A1_data_5D/A1_B500_5D_ela_with_state.csv
[INFO][abstract_initial_design.py:87] Reducing the number of initial configurations from 60 to 50 (max_ratio == 0.25).
[INFO][abstract_initial_design.py:139] Using 50 initial design configurations and 0 additional configurations.
[INFO][abstract_intensifier.py:307] Using only one seed for deterministic scenario.
-2274.145200179665
-2219.2273123717546
-2292.1672229920778
-2172.5288177433226
-2131.4463116217835
[INFO][abstract_intensifier.py:517] Added config 26fdc2 as new incumbent because there are no incumbents yet.
-2278.354041625764
-2218.843248805032
-2276.869604308333
-2194.8835450203132
-2158.277571961351
[INFO][abstract_intensifier.py:596] Added config 8a205f and rejected config 26fdc2 as incumbent because it is not better than the incumbents on 1 instances: 
-2265.618661034337
-2213.0626663551657
-2269.918767681562
-2176.5185243619653
-2138.0645092355444
-2299.934823887236
-2236.418624290452
-2294.9858287441148
-2179.671210433926
-2156.2807138702574
[INFO][abstract_intensifier.py:596] Added config 71b0a5 and rejected config 8a205f as incumbent because it is not better than the incumbents on 1 instances: 
-2293.1694160215166
-2223.699705613945
-2280.715068057246
-2190.009406115358
-2138.963674349759
-2263.9865490775105
-2181.5905044813094
-2216.7384049120383
-2125.7533147193276
-2093.86999207626
-2246.572359119674
-2197.283308339217
-2256.5744039813258
-2158.161261043545
-2120.818766807532
-2275.31081438238
-2199.208228853729
-2231.5944685833797
-2145.205528187212
-2099.5054799571694
-2282.2573316279622
-2227.557568436926
-2290.2513945206088
-2196.595049070221
-2132.5298982755817
-2282.931305329744
-2190.225096929706
-2251.7508315438104
-2172.667023512751
-2124.7319180994323
-2290.9031327203666
-2227.2486759807584
-2281.1240308874526
-2196.8088067537547
-2125.860018813062
-2240.464595940726
-2207.8785594790634
-2237.780857252239
-2159.1218699405163
-2108.8850706112494
-2286.934481402197
-2214.3071442295427
-2271.37151663505
-2194.579823901584
-2132.2136478115863
-2292.599982842123
-2221.9854775584045
-2272.5895670570917
-2199.4463831495136
-2130.6919868580267
-2258.9160117023175
-2225.9710030388333
-2295.0432764493785
-2168.2026902587722
-2132.576453085383
-2311.2630196976215
-2206.871770083212
-2260.3543566655117
-2183.2459051922965
-2143.7489650948005
-2278.6259454478536
-2240.654167532595
-2281.716996684314
-2175.265183793133
-2139.9141973216397
-2296.64545767622
-2219.8570314481335
-2293.4830364720424
-2202.786104820608
-2153.4611724755487
-2287.124381856325
-2234.894228742977
-2298.2021410825523
-2168.755835235604
-2124.26088586712
-2268.684262017408
-2209.3774103027536
-2231.513012524778
-2209.295402641531
-2124.749554982188
-2291.09923812249
-2222.796191505207
-2275.6600536698
-2169.962466037037
-2111.4440106293123
-2308.9846344487646
-2197.5452591196026
-2255.492055447308
-2182.233196338093
-2129.103665198518
-2286.5860572805013
-2241.665930839135
-2282.2129940248174
-2170.0561080667876
-2130.1055338927563
-2257.961944956776
-2186.981470508695
-2235.6387648837176
-2151.259881142081
-2118.6139994608293
-2287.548314375423
-2226.944065906795
-2264.166134389432
-2213.8308638438666
-2125.7423324690117
-2223.4787042251055
-2192.4403084037867
-2212.3833606434246
-2168.6302026736175
-2041.0563030497312
-2296.2241457400946
-2224.649149840574
-2285.398164812963
-2192.2230775922594
-2123.6476432281256
-2274.288051030048
-2203.4137819599755
-2247.5410215181
-2191.8698924509163
-2125.483846890486
-2275.3119860953034
-2211.961245017436
-2253.3778967270046
-2186.675645435904
-2131.4485050239773
-2284.7510529359347
-2217.2985324128745
-2277.778772947836
-2192.69757395496
-2148.1848408355663
-2299.220369476011
-2215.70753145738
-2256.690766044995
-2203.0226244765954
-2136.8769101997996
-2261.523911001848
-2208.9022711205107
-2279.785047448948
-2203.5563407750874
-2115.0209301847362
-2275.5505397221154
-2235.236902200734
-2268.9596154251435
-2190.242993402562
-2142.7328503692015
-2252.207036731559
-2195.0078521233463
-2210.232622855019
-2134.0911756186056
-2104.1652229455553
-2291.15977270614
-2219.353604702908
-2287.072719697469
-2195.37228806739
-2129.775857917599
-2282.79920934158
-2209.591183607674
-2246.720216855256
-2164.6534950466216
-2111.6953955067493
-2267.4020994068715
-2211.005036702326
-2263.5462348980045
-2184.80678218962
-2117.3588190893497
-2278.02300181745
-2210.04788789146
-2250.43388144673
-2191.927171343837
-2146.4576928209126
-2289.898402655566
-2220.951454603285
-2288.644912123754
-2182.4690586974384
-2124.1097975334574
-2279.6848653944808
-2226.2888718848285
-2280.7546925322004
-2182.776991750165
-2139.360420270752
-2290.6284871937064
-2233.390058232604
-2273.374153829048
-2179.8796708412947
-2138.2359150047537
-2301.495755313764
-2216.0151056066043
-2261.316812296448
-2205.89313900434
-2150.4703827621183
-2287.2077237715766
-2225.1064004410855
-2277.377943831376
-2158.910753295487
-2117.135851420263
-2271.905467496538
-2218.8691742216215
-2271.9786247608417
-2194.1716022454298
-2154.2122120657586
-2293.3437925237454
-2231.4506311187924
-2282.9179390519703
-2188.1482396785373
-2124.7435947011304
-2278.3910724729913
-2207.767593061966
-2244.434655290421
-2183.5175999435
-2133.6235366034302
-2305.5138257571907
-2212.623624326635
-2260.5984120897097
-2192.7294353665056
-2129.127359112327
-2252.3815497735
-2202.4739371784635
-2253.684674466148
-2153.539192316339
-2122.9744275974117
-2291.131219936507
-2219.0086090268805
-2300.0834557481517
-2178.9501826544188
-2124.8688176498026
-2294.4239079721665
-2215.533516810449
-2277.6809884895565
-2178.993367343564
-2147.8754389359838
[INFO][smbo.py:327] Finished 50 trials.
-2305.798288833835
-2242.5781842172796
-2271.135122843597
-2196.129656370209
-2143.552773784446
-2291.3574052801882
-2204.906468142609
-2266.285839391234
-2197.8228505773072
-2149.358378615497
-2311.9936025329393
-2218.21638162519
-2275.966719062136
-2185.6886147849104
-2139.0270210083836
-2311.9936025329393
-2218.21638162519
-2275.966719062136
-2185.6886147849104
-2139.0270210083836
-2298.3477379000956
-2234.0058516477466
-2226.098918490753
-2195.870937279513
-2126.311003407122
-2279.9729292368315
-2205.146246469421
-2268.1610619910916
-2193.443215703398
-2107.8008695245667
-2297.3486522686003
-2219.7055779922443
-2281.915261892215
-2195.808093062368
-2129.679737991456
-2321.260620601469
-2213.729693817469
-2283.063642935983
-2223.968876929834
-2137.618502868781
[INFO][abstract_intensifier.py:596] Added config 310767 and rejected config 71b0a5 as incumbent because it is not better than the incumbents on 1 instances: 
-2299.1748664613233
-2214.960315774035
-2286.8388847060996
-2184.57678793793
-2137.4925735441375
-2287.1367506328206
-2223.442458278641
-2269.2043024247746
-2202.9147601499644
-2155.3977689447956
-2290.693401812809
-2213.8261976335853
-2271.26033726429
-2210.664676368635
-2124.8113129104527
-2299.1748664613233
-2214.960315774035
-2286.8388847060996
-2184.57678793793
-2137.4925735441375
-2287.1367506328206
-2223.442458278641
-2269.2043024247746
-2202.9147601499644
-2155.3977689447956
-2294.165025407698
-2243.5927569188575
-2284.8574847984523
-2195.2881584193833
-2142.5520076631183
-2261.0417279834737
-2217.6641932298744
-2279.913727863941
-2171.08671576271
-2127.3757268310555
-2223.321735587643
-2186.4124693499134
-2162.582479813701
-2110.149793478933
-2042.413199595842
-2299.0431815065067
-2221.5547888294386
-2270.6240723780984
-2191.1687178742554
-2130.0564810906867
-2299.0431815065067
-2221.5547888294386
-2270.6240723780984
-2191.1687178742554
-2130.0564810906867
-2299.0431815065067
-2221.5547888294386
-2270.6240723780984
-2191.1687178742554
-2130.0564810906867
-2299.0431815065067
-2221.5547888294386
-2270.6240723780984
-2191.1687178742554
-2130.0564810906867
-2291.6925172385068
-2216.9761771922495
-2309.6089816825925
-2193.813364881943
-2141.606600738744
-2297.2834003437174
-2197.391803709757
-2263.409460077361
-2193.1132751566483
-2128.1351003504924
-2293.767389277598
-2225.400797794509
-2268.3633146615484
-2214.789844331383
-2130.8956291207996
-2290.338890613263
-2215.8379684682905
-2306.053516343851
-2192.310810008725
-2143.9923343844084
-2312.818787457353
-2217.844179801912
-2282.691368899451
-2226.308323896971
-2137.792685036077
-2280.234438386299
-2246.982653150527
-2285.2125615916084
-2191.60661737085
-2131.5225256952713
-2312.818787457353
-2217.844179801912
-2282.691368899451
-2226.308323896971
-2137.792685036077
-2312.818787457353
-2217.844179801912
-2282.691368899451
-2226.308323896971
-2137.792685036077
-2274.6209351017633
-2237.661133688212
-2301.4366704814493
-2178.6693828060966
-2130.099557260453
-2312.818787457353
-2217.844179801912
-2282.691368899451
-2226.308323896971
-2137.792685036077
-2304.7005326137114
-2223.5207379482094
-2284.0384451357513
-2192.5077176149753
-2129.852010469232
-2314.0013444953593
-2204.820237549464
-2236.292093924894
-2145.367987534545
-2101.0875318847848
-2290.317586979024
-2214.4644151067723
-2286.6718679994906
-2206.0160006872775
-2137.816533783202
-2290.317586979024
-2214.4644151067723
-2286.6718679994906
-2206.0160006872775
-2137.816533783202
-2290.317586979024
-2214.4644151067723
-2286.6718679994906
-2206.0160006872775
-2137.816533783202
-2290.317586979024
-2214.4644151067723
-2286.6718679994906
-2206.0160006872775
-2137.816533783202
-2283.9631114661597
-2230.1437202103725
-2282.902347571292
-2175.722861316287
-2126.6265478484147
-2290.317586979024
-2214.4644151067723
-2286.6718679994906
-2206.0160006872775
-2137.816533783202
-2290.317586979024
-2214.4644151067723
-2286.6718679994906
-2206.0160006872775
-2137.816533783202
-2271.3051952538
-2208.0257931244832
-2288.6177775411234
-2192.41473157313
-2137.5411025595004
-2294.0505441189503
-2234.8633713960476
-2278.936742237613
-2214.31984187017
-2134.3786624388604
-2273.8435336050725
-2177.665816959817
-2252.492809913595
-2156.720091722043
-2120.5082440847523
-2294.0505441189503
-2234.8633713960476
-2278.936742237613
-2214.31984187017
-2134.3786624388604
-2307.7465376406017
-2213.545742736265
-2266.0779252040356
-2190.7873240689187
-2137.6157300323102
-2307.7465376406017
-2213.545742736265
-2266.0779252040356
-2190.7873240689187
-2137.6157300323102
-2294.0505441189503
-2234.8633713960476
-2278.936742237613
-2214.31984187017
-2134.3786624388604
-2307.7465376406017
-2213.545742736265
-2266.0779252040356
-2190.7873240689187
-2137.6157300323102
-2321.260620601469
-2213.729693817469
-2283.063642935983
-2223.968876929834
-2137.618502868781
-2226.151661456984
-2201.3842288522774
-2217.6689358872977
-2102.9207865511744
-2070.0701672391924
-2320.307914188856
-2215.2898494768865
-2281.768543242394
-2220.0392866037
-2136.91314759993
[INFO][smbo.py:327] Finished 100 trials.
-2321.260620601469
-2213.729693817469
-2283.063642935983
-2223.968876929834
-2137.618502868781
-2321.260620601469
-2213.729693817469
-2283.063642935983
-2223.968876929834
-2137.618502868781
-2320.307914188856
-2215.2898494768865
-2281.768543242394
-2220.0392866037
-2136.91314759993
-2320.307914188856
-2215.2898494768865
-2281.768543242394
-2220.0392866037
-2136.91314759993
-2320.307914188856
-2215.2898494768865
-2281.768543242394
-2220.0392866037
-2136.91314759993
-2301.886029443015
-2210.09958115779
-2283.686973862079
-2208.3447989750894
-2152.9676160305667
-2288.930466800969
-2224.4311258099865
-2286.3837819386654
-2166.5828270703228
-2137.5986770141544
-2292.056118043834
-2206.0564139504995
-2274.1888132655886
-2186.4924074302658
-2148.857894664223
-2286.709394834322
-2222.8621645536014
-2267.7125214870225
-2203.486007083486
-2158.251506309164
-2303.8274596545707
-2224.380011455816
-2284.107046188998
-2204.100494742293
-2138.025794498731
-2300.783832977511
-2243.519004630437
-2277.499787165877
-2194.771672872002
-2128.871686284148
-2296.0241713100995
-2211.3572737098743
-2275.124444514572
-2213.604478062206
-2146.066222302242
-2293.441616543364
-2232.331587662487
-2275.3172634883167
-2204.9247305179374
-2132.3926906580164
-2303.8274596545707
-2224.380011455816
-2284.107046188998
-2204.100494742293
-2138.025794498731
-2321.260620601469
-2213.729693817469
-2283.063642935983
-2223.968876929834
-2137.618502868781
-2260.911128720445
-2201.493256571164
-2226.1091059275277
-2140.879512513871
-2086.56431583102
-2321.260620601469
-2213.729693817469
-2283.063642935983
-2223.968876929834
-2137.618502868781
-2285.003124713995
-2201.2581723191456
-2273.342814273774
-2198.482352855325
-2151.163924646578
-2321.260620601469
-2213.729693817469
-2283.063642935983
-2223.968876929834
-2137.618502868781
-2321.260620601469
-2213.729693817469
-2283.063642935983
-2223.968876929834
-2137.618502868781
-2288.852661721709
-2223.8352419172265
-2271.085406326743
-2152.1015099844863
-2125.141432470955
-2226.2170835469265
-2192.1229890244003
-2205.5250034517253
-2134.9661924558586
-2052.1934501900078
-2286.0282214853482
-2218.416236882396
-2281.7087028362366
-2193.341625243168
-2136.5378935463596
-2289.534301924037
-2232.1458702402597
-2285.913517574152
-2191.9762920589587
-2145.2231383833946
-2294.8524299704673
-2241.2430798938904
-2286.013372543184
-2192.836796149308
-2131.187541259165
-2321.260620601469
-2213.729693817469
-2283.063642935983
-2223.968876929834
-2137.618502868781
-2286.7209966378623
-2203.799563409223
-2268.3513965388915
-2196.4705525355303
-2150.4767113335306
-2293.111168349858
-2221.5867529773464
-2289.095498543733
-2199.893901231268
-2142.286095265914
-2290.716526319889
-2213.5077471320947
-2276.5199218891776
-2195.7570700099373
-2153.0062654568574
-2293.5494952280997
-2212.7256894666602
-2287.0585983402716
-2192.4410476795174
-2145.274232002588
-2321.260620601469
-2213.729693817469
-2283.063642935983
-2223.968876929834
-2137.618502868781
-2295.40677313636
-2220.649305603806
-2292.37204546344
-2194.1184539045184
-2135.8659381378984
-2291.7826308059907
-2232.6806311727755
-2291.972395644395
-2170.2527154980985
-2127.9641339298378
-2289.534301924037
-2232.1458702402597
-2285.913517574152
-2191.9762920589587
-2145.2231383833946
-2305.503730217388
-2225.5791165757355
-2267.5793333837473
-2212.4876849273605
-2147.8222079911834
-2321.260620601469
-2213.729693817469
-2283.063642935983
-2223.968876929834
-2137.618502868781
-2313.627186574389
-2216.809013466448
-2259.0607709642854
-2195.4445307037586
-2149.6309424441934
-2296.5034801733364
-2224.6764728405433
-2286.7019824672866
-2201.705549148924
-2130.867028063396
-2268.524824445839
-2221.8416901009105
-2308.7025648735753
-2196.218030925492
-2135.7926263467593
-2265.9192368684057
-2202.358834715651
-2264.9808924888453
-2153.8887585332677
-2116.1576758306783
-2294.3807206483752
-2228.819023815066
-2281.365415048391
-2199.322448525522
-2132.4022653573284
-2321.260620601469
-2213.729693817469
-2283.063642935983
-2223.968876929834
-2137.618502868781
-2294.0505441189503
-2234.8633713960476
-2278.936742237613
-2214.31984187017
-2134.3786624388604
-2321.260620601469
-2213.729693817469
-2283.063642935983
-2223.968876929834
-2137.618502868781
-2294.0505441189503
-2234.8633713960476
-2278.936742237613
-2214.31984187017
-2134.3786624388604
-2321.260620601469
-2213.729693817469
-2283.063642935983
-2223.968876929834
-2137.618502868781
-2280.0216123352634
-2198.2340832016107
-2231.0078107820614
-2205.224268805693
-2140.158842309845
-2282.645484915173
-2221.120514342457
-2289.0361756749617
-2209.271866966214
-2133.9345182109873
-2210.5000545144153
-2210.4390047401903
-2197.0022173911734
-2157.1964616760283
-2078.433562108247
-2321.260620601469
-2213.729693817469
-2283.063642935983
-2223.968876929834
-2137.618502868781
[INFO][smbo.py:327] Finished 150 trials.
-2312.818787457353
-2217.844179801912
-2282.691368899451
-2226.308323896971
-2137.792685036077
-2312.6299768634576
-2220.146428292998
-2280.598690153319
-2225.2193903992184
-2132.40558876865
-2312.6299768634576
-2220.146428292998
-2280.598690153319
-2225.2193903992184
-2132.40558876865
-2321.260620601469
-2213.729693817469
-2283.063642935983
-2223.968876929834
-2137.618502868781
-2321.260620601469
-2213.729693817469
-2283.063642935983
-2223.968876929834
-2137.618502868781
-2294.76603167055
-2229.235988952013
-2288.6482034894752
-2203.275899140902
-2113.5710431154225
-2316.6295922327104
-2221.574722504944
-2272.781623775294
-2197.96855839818
-2140.0038899451197
-2242.2633793924506
-2190.400053296393
-2206.8808440793173
-2135.1395931901375
-2014.23799252453
-2316.6295922327104
-2221.574722504944
-2272.781623775294
-2197.96855839818
-2140.0038899451197
-2278.964562037756
-2228.156975855805
-2268.375807730004
-2196.0044956053725
-2141.030003806502
-2316.6295922327104
-2221.574722504944
-2272.781623775294
-2197.96855839818
-2140.0038899451197
-2316.6295922327104
-2221.574722504944
-2272.781623775294
-2197.96855839818
-2140.0038899451197
-2321.260620601469
-2213.729693817469
-2283.063642935983
-2223.968876929834
-2137.618502868781
-2321.260620601469
-2213.729693817469
-2283.063642935983
-2223.968876929834
-2137.618502868781
-2284.5113207145437
-2220.309452509716
-2271.917311922892
-2202.6204228150536
-2151.616013079496
-2274.9713868555814
-2213.07380045868
-2283.092915308781
-2155.2587123131134
-2126.8852609778733
-2298.559744593602
-2215.117385359904
-2298.3053725327354
-2189.6720763008207
-2139.9566958161604
-2281.5354627807287
-2210.058782752045
-2287.4776531282105
-2199.966159731158
-2143.258024070448
-2294.0505441189503
-2234.8633713960476
-2278.936742237613
-2214.31984187017
-2134.3786624388604
-2294.0505441189503
-2234.8633713960476
-2278.936742237613
-2214.31984187017
-2134.3786624388604
-2321.260620601469
-2213.729693817469
-2283.063642935983
-2223.968876929834
-2137.618502868781
-2282.6665943427693
-2177.344088641749
-2228.575080099533
-2172.628816090567
-2130.2039581297854
-2321.260620601469
-2213.729693817469
-2283.063642935983
-2223.968876929834
-2137.618502868781
-2321.260620601469
-2213.729693817469
-2283.063642935983
-2223.968876929834
-2137.618502868781
-2321.260620601469
-2213.729693817469
-2283.063642935983
-2223.968876929834
-2137.618502868781
-2291.6708679277117
-2240.527357243782
-2259.1278181500616
-2176.828430119195
-2138.3358946313383
-2321.260620601469
-2213.729693817469
-2283.063642935983
-2223.968876929834
-2137.618502868781
-2321.260620601469
-2213.729693817469
-2283.063642935983
-2223.968876929834
-2137.618502868781
-2273.5545724562903
-2222.5667422034194
-2275.813532753842
-2174.4380849094514
-2130.658227282861
-2321.260620601469
-2213.729693817469
-2283.063642935983
-2223.968876929834
-2137.618502868781
-2321.260620601469
-2213.729693817469
-2283.063642935983
-2223.968876929834
-2137.618502868781
-2281.5354627807287
-2210.058782752045
-2287.4776531282105
-2199.966159731158
-2143.258024070448
-2281.5354627807287
-2210.058782752045
-2287.4776531282105
-2199.966159731158
-2143.258024070448
-2281.5354627807287
-2210.058782752045
-2287.4776531282105
-2199.966159731158
-2143.258024070448
-2281.5354627807287
-2210.058782752045
-2287.4776531282105
-2199.966159731158
-2143.258024070448
-2312.6299768634576
-2220.146428292998
-2280.598690153319
-2225.2193903992184
-2132.40558876865
-2321.260620601469
-2213.729693817469
-2283.063642935983
-2223.968876929834
-2137.618502868781
-2321.260620601469
-2213.729693817469
-2283.063642935983
-2223.968876929834
-2137.618502868781
-2321.260620601469
-2213.729693817469
-2283.063642935983
-2223.968876929834
-2137.618502868781
-2321.260620601469
-2213.729693817469
-2283.063642935983
-2223.968876929834
-2137.618502868781
-2321.260620601469
-2213.729693817469
-2283.063642935983
-2223.968876929834
-2137.618502868781
-2291.5760686940935
-2210.8456212602227
-2253.561967684071
-2208.9904884872476
-2134.2589811479816
-2321.260620601469
-2213.729693817469
-2283.063642935983
-2223.968876929834
-2137.618502868781
-2321.260620601469
-2213.729693817469
-2283.063642935983
-2223.968876929834
-2137.618502868781
-2295.2333614224317
-2220.9850930489056
-2241.5610440581663
-2202.9392429063837
-2145.3575596926307
-2321.260620601469
-2213.729693817469
-2283.063642935983
-2223.968876929834
-2137.618502868781
-2321.260620601469
-2213.729693817469
-2283.063642935983
-2223.968876929834
-2137.618502868781
-2298.559744593602
-2215.117385359904
-2298.3053725327354
-2189.6720763008207
-2139.9566958161604
-2292.1254687601167
-2225.6595891524294
-2289.573155108282
-2144.5370469355657
-2138.6002937743597
-2321.260620601469
-2213.729693817469
-2283.063642935983
-2223.968876929834
-2137.618502868781
[INFO][smbo.py:327] Finished 200 trials.
[INFO][smbo.py:335] Configuration budget is exhausted:
[INFO][smbo.py:336] --- Remaining wallclock time: inf
[INFO][smbo.py:337] --- Remaining cpu time: inf
[INFO][smbo.py:338] --- Remaining trials: 0
