Using file: ../data/ela_with_cma_and_algo_normalised/A1_data_5D/A1_B550_5D_ela_with_state.csv
[INFO][abstract_initial_design.py:87] Reducing the number of initial configurations from 60 to 50 (max_ratio == 0.25).
[INFO][abstract_initial_design.py:139] Using 50 initial design configurations and 0 additional configurations.
[INFO][abstract_intensifier.py:307] Using only one seed for deterministic scenario.
-2263.3813284197386
-2182.819500041097
-2225.6292841110217
-2166.736835467233
-2120.210017758919
[INFO][abstract_intensifier.py:517] Added config 26fdc2 as new incumbent because there are no incumbents yet.
-2257.5756019170803
-2169.668075689432
-2237.0052046685796
-2177.7673358615043
-2129.6057771455366
[INFO][abstract_intensifier.py:596] Added config 8a205f and rejected config 26fdc2 as incumbent because it is not better than the incumbents on 1 instances: 
-2270.013589642917
-2163.6573693718037
-2203.321072735862
-2180.2689392032075
-2127.0260294763357
-2265.2874037299994
-2176.442513864056
-2208.8422999447166
-2191.601673076486
-2130.4461641578664
[INFO][abstract_intensifier.py:596] Added config 71b0a5 and rejected config 8a205f as incumbent because it is not better than the incumbents on 1 instances: 
-2250.200875430634
-2188.6950425419855
-2230.7325169280516
-2190.6679486245835
-2127.4905142071043
[INFO][abstract_intensifier.py:596] Added config 87cf8a and rejected config 71b0a5 as incumbent because it is not better than the incumbents on 1 instances: 
-2223.4710331850124
-2141.773869048484
-2188.249027372562
-2104.0959045721897
-2090.4080072179013
-2221.0864782303815
-2163.142428949391
-2188.5352254864497
-2156.217946779987
-2110.079171878494
-2254.8894600708422
-2183.9438247697394
-2213.3839000544663
-2168.558546907058
-2115.11494991039
-2272.231969019903
-2186.235876731705
-2247.0028270465273
-2183.9258274997287
-2131.1236031646995
[INFO][abstract_intensifier.py:596] Added config b7ad6c and rejected config 87cf8a as incumbent because it is not better than the incumbents on 1 instances: 
-2257.4702650416984
-2160.297068795228
-2202.338623953338
-2161.525004985703
-2118.034804219443
-2264.7432671802794
-2182.343673153881
-2236.1395137838435
-2182.250574726603
-2129.37360103881
-2207.837156118559
-2178.9202034472937
-2181.671332705748
-2146.514988518985
-2086.670379158541
-2260.5669873880524
-2191.7723271004825
-2226.5671839587926
-2168.1338530413086
-2127.783512775053
-2241.6725618389883
-2167.5875506199604
-2203.258428388824
-2178.056288357832
-2113.482958829012
-2254.0866663949414
-2183.8181021679343
-2184.195539500837
-2150.1261077470554
-2120.782144664211
-2267.11155972586
-2180.935530680192
-2219.0985096506633
-2180.2630681453534
-2132.834656876065
-2262.8140017514634
-2181.400570952792
-2237.2332064691436
-2161.7315425686097
-2129.156554658707
-2276.567102416736
-2165.8518832181144
-2204.921381070513
-2171.9497367085555
-2138.578489142248
-2255.0481719030195
-2189.0087780575086
-2222.766916388249
-2155.9689152926926
-2117.8214784235383
-2251.047339831408
-2178.2450236817413
-2218.0494406775633
-2167.277983219044
-2129.9503400199374
-2258.858772129053
-2190.944135712743
-2207.5133417531015
-2188.8856777427945
-2121.2073596475657
-2269.6624021739344
-2170.2987524812725
-2207.261759502401
-2168.740552516557
-2109.2469309605076
-2259.1108053031485
-2198.6997353099623
-2213.0690806247603
-2187.219949592545
-2126.265187429198
-2185.8705649530825
-2176.6404076258696
-2156.837839032706
-2140.193106117863
-2069.4840470801532
-2253.1332655584756
-2179.1452116340192
-2202.6354899927733
-2188.386759564272
-2114.132716711987
-2199.5849750974894
-2135.8433467938653
-2138.7776145422736
-2129.0737987801326
-2054.1679236851005
-2262.7032164001366
-2182.717755055138
-2255.971699467449
-2183.2081442542853
-2125.2469247718627
-2252.299020202305
-2194.42847078865
-2206.994940899972
-2161.363827672886
-2107.3601243149096
-2259.508312426574
-2193.0472575930094
-2218.0855804882103
-2185.886015711651
-2142.29782197329
-2234.285365184762
-2184.133290612197
-2213.7514135584397
-2174.9119774688056
-2127.013391677401
-2272.3744325214575
-2192.4842411364248
-2191.778926670004
-2157.8981240256703
-2124.7637262399103
-2263.6541386802796
-2161.2356501613317
-2206.4733573723743
-2150.5295966772783
-2108.71964964597
-2268.830240459481
-2188.777544529121
-2257.183580804649
-2166.753759443361
-2115.2366723327104
-2246.4343481305796
-2177.5125672095883
-2145.1934513070146
-2157.44569329064
-2081.9151473172033
-2280.2591853906033
-2197.1984524283484
-2230.7598853293794
-2188.062808968336
-2124.904527047493
[INFO][abstract_intensifier.py:596] Added config b5c0dd and rejected config b7ad6c as incumbent because it is not better than the incumbents on 1 instances: 
-2247.9819696498935
-2180.814190596355
-2180.408998045442
-2177.001459047137
-2101.2356757961634
-2260.6192931452842
-2170.0378538174464
-2197.957095391047
-2165.459039000095
-2115.5332566033644
-2255.5708324192924
-2183.694152989771
-2209.2084261300843
-2174.2942088158125
-2128.960729518444
-2268.144244040638
-2170.109831188819
-2227.3156418207095
-2187.1987553677286
-2126.988401642533
-2254.1199961432408
-2179.81388951809
-2260.9355580731894
-2178.579296474698
-2127.0961041244223
-2253.783267278155
-2205.7626702868165
-2253.927920185162
-2168.9897603210075
-2128.469073174847
-2270.2770892110548
-2195.1023961510373
-2217.086290374261
-2183.7153644738532
-2139.3137597006885
-2257.5823453875078
-2193.3620572339264
-2192.233527763042
-2133.6136560468276
-2125.0535888786894
-2258.2969914869063
-2166.9324350016796
-2214.862243574183
-2148.5759922326797
-2121.259922738316
-2261.5519733278516
-2166.407793039435
-2260.7564767458975
-2185.702862125797
-2119.367521848539
-2239.967933559329
-2172.373850630014
-2206.187553511094
-2167.2995422830927
-2110.587648011798
-2271.267243337774
-2179.9313046619104
-2234.9787346419726
-2151.197174665067
-2130.6989264223316
-2226.9824160472426
-2169.320667733595
-2181.9841050703003
-2150.5924694256832
-2103.3416865206973
-2269.8622235630664
-2184.7218770142426
-2209.5385017025046
-2181.9856589810724
-2123.781093815721
-2243.9458255480795
-2197.2522774773242
-2206.662693589201
-2170.091072341384
-2125.6880795995457
[INFO][smbo.py:327] Finished 50 trials.
-2255.4694382299917
-2182.7289882387295
-2230.285330724284
-2189.084894928334
-2145.929300587278
-2260.2818449389247
-2206.081804932892
-2225.880822275387
-2191.3057232014567
-2121.896862788214
-2246.9276539399043
-2175.886049824718
-2205.1703326515362
-2186.1533201707107
-2125.151980551408
-2249.892474270663
-2193.8683633831365
-2207.4488074275478
-2186.4264102034585
-2127.1447841593967
-2257.214159960359
-2169.6160093263907
-2196.4933678314696
-2166.0338553042134
-2123.586929261312
-2264.0457635940015
-2174.7650676043168
-2224.604864381179
-2172.3230705435326
-2102.7824744682566
-2267.912860756829
-2186.0654897399477
-2232.954107618258
-2180.9469864593857
-2129.431515201041
-2266.9994653230306
-2205.457115939022
-2217.19489569531
-2188.8633988071033
-2123.4067389849265
-2271.9908317274403
-2179.9870177598395
-2246.633570753385
-2180.026599543185
-2126.3778863792727
-2277.4953798014817
-2189.0691577689918
-2242.8580650445324
-2178.586533736487
-2133.308042661655
[INFO][abstract_intensifier.py:596] Added config e416e1 and rejected config b5c0dd as incumbent because it is not better than the incumbents on 1 instances: 
-2275.4889756334014
-2177.0365698724186
-2212.862538225786
-2189.538042774227
-2120.161576525339
-2266.8829866859683
-2191.959533821976
-2251.5311054644667
-2189.6192704142345
-2126.6411101193353
[INFO][abstract_intensifier.py:596] Added config 10a9c3 and rejected config e416e1 as incumbent because it is not better than the incumbents on 1 instances: 
-2286.2760242648533
-2174.5790425727573
-2239.991960367763
-2180.919764666116
-2143.2354224565006
-2275.4481656157673
-2166.620611373569
-2220.784280353172
-2167.5904978296553
-2122.3138825734104
-2247.5783158212894
-2184.4706779031912
-2185.4824702361034
-2150.6345275381427
-2123.8875516958265
-2227.0436449757235
-2168.459484554186
-2120.862151958655
-2057.483696794947
-2045.7139254926044
-2289.865333635016
-2165.758313464604
-2231.0073655918836
-2175.6062150051425
-2138.5580063304865
-2266.345816144125
-2185.5276933039004
-2226.3663592754215
-2185.7481564005593
-2140.0757468137663
-2268.3342652131932
-2177.015386635992
-2228.5979850006156
-2171.488921751942
-2144.4976107680286
-2270.3957884097736
-2180.381793787822
-2227.1701342121873
-2190.596517866641
-2143.4641761824296
-2265.5488380925194
-2185.9823938814543
-2236.3677392112713
-2185.324821503264
-2140.351747643139
-2271.0710826866944
-2186.060343416296
-2210.1170612649307
-2175.6154374011694
-2127.242481985049
-2290.5199771370603
-2165.69926453802
-2226.3307394149024
-2175.811323771389
-2139.5345470583593
-2278.29700534991
-2175.057648379314
-2190.2830866370396
-2159.927984181352
-2142.7938118985217
-2263.546457140717
-2177.868770024044
-2225.6954330090157
-2162.672629129377
-2130.3252847193453
-2255.9828531259795
-2170.1154310167626
-2255.919403283754
-2186.50033346437
-2132.062143817766
-2271.256692945675
-2197.3539473070964
-2241.1397734748984
-2177.213578905905
-2119.9447427752057
-2271.6455922438026
-2174.5766567835217
-2245.5453276988173
-2168.259347243766
-2132.922583150633
-2268.509518370718
-2178.56478788587
-2256.914292104422
-2165.7107498278083
-2135.253277846891
-2263.6305204670107
-2208.7341097499034
-2222.0766649411603
-2156.0664902982485
-2119.4887980606227
-2262.7259930675714
-2176.5656955210443
-2229.0395744101493
-2166.1356038735803
-2131.0601449198075
-2259.687225531593
-2183.38368294254
-2249.063598542254
-2179.0281658463705
-2128.384970590346
-2222.043828449912
-2156.7942695411302
-2176.5477987804925
-2114.6026017683243
-2097.9311844234717
-2270.724196820609
-2184.763783547704
-2222.793503300227
-2180.6138874031144
-2131.406719959705
-2270.724196820609
-2184.763783547704
-2222.793503300227
-2180.6138874031144
-2131.406719959705
-2270.724196820609
-2184.763783547704
-2222.793503300227
-2180.6138874031144
-2131.406719959705
-2270.724196820609
-2184.763783547704
-2222.793503300227
-2180.6138874031144
-2131.406719959705
-2249.0147524248255
-2198.9780824584154
-2236.4235331747627
-2150.445358410987
-2123.188437611243
-2270.8825531220914
-2189.5391188017607
-2222.3518597308366
-2173.5931868307416
-2132.699026621375
-2268.368037746114
-2175.372944381383
-2227.7838784477253
-2179.09951093727
-2126.3114239806796
-2256.286923379143
-2172.463052238001
-2217.285312329475
-2177.140326795414
-2127.0093351964897
-2276.644451850766
-2176.1499007555453
-2246.164280377611
-2166.856808986997
-2123.562692512328
-2196.827822844098
-2175.653888274278
-2179.930423651473
-2136.2296721914986
-2097.016095636722
-2276.644451850766
-2176.1499007555453
-2246.164280377611
-2166.856808986997
-2123.562692512328
-2276.644451850766
-2176.1499007555453
-2246.164280377611
-2166.856808986997
-2123.562692512328
-2277.869299755765
-2175.7579244335766
-2246.199078700506
-2171.1003966765375
-2123.564657430984
-2273.301464079247
-2177.0789827724807
-2246.6207796445306
-2170.4772164405194
-2120.967554700065
-2277.1164717324555
-2177.024985097285
-2243.327286862248
-2170.7974353418394
-2123.7019771183345
-2269.934599298864
-2173.0504875570746
-2223.493890701515
-2179.4831648025206
-2142.7389856960353
-2250.579789075868
-2175.7453987548915
-2190.1915809023985
-2187.5109904805763
-2095.899929323256
[INFO][smbo.py:327] Finished 100 trials.
-2262.2756208244955
-2184.360766358993
-2242.2683761858916
-2149.5913854632604
-2135.417928764418
-2263.4260987895723
-2177.670408301077
-2235.465932396643
-2181.3556740072077
-2136.2563940162395
-2264.210759367932
-2177.6866331956003
-2236.111730334873
-2178.353394763188
-2141.036864906546
-2265.568955632942
-2188.7480678749325
-2221.4268903808256
-2185.369639114967
-2134.2803347616473
-2264.9830313720186
-2186.7779446412537
-2211.75332508697
-2182.1823775723915
-2134.0983772343816
-2271.736609690459
-2167.1844997596427
-2237.8163141597433
-2172.463018375649
-2142.355567939332
-2240.500136307186
-2184.3036698161686
-2211.9507059478638
-2167.1211923777023
-2118.7719561936274
-2270.8797780353007
-2182.8048433440154
-2259.1149559166993
-2182.116324449551
-2107.763602956349
-2266.3695551741316
-2183.4223273299035
-2229.667050948414
-2153.875670251662
-2127.268761631991
-2275.173208284743
-2176.108428408954
-2236.9879567292733
-2188.7371100150663
-2132.012331970963
-2274.565156468835
-2178.257731453947
-2256.3324351649508
-2174.3461873346164
-2128.3226072007146
-2278.9242010903854
-2188.574080090151
-2250.176935230993
-2166.2544657575845
-2147.991284069656
[INFO][abstract_intensifier.py:596] Added config 26baec and rejected config 10a9c3 as incumbent because it is not better than the incumbents on 1 instances: 
-2270.722083521361
-2173.6696935608857
-2238.3328166446663
-2184.9635353584163
-2135.152194043435
-2272.8187861470306
-2186.7600435366403
-2246.003465035693
-2185.155106302085
-2127.2397309268194
-2261.4168481004517
-2181.52030192198
-2240.012032804084
-2178.7937351018354
-2143.437549182928
-2275.7079765973863
-2183.276180365877
-2224.1816211258283
-2179.95722303856
-2138.051118335846
-2257.656148442249
-2174.0558838815004
-2181.964913436453
-2145.7556958772698
-2128.2431716613746
-2256.1182575074326
-2183.259083301089
-2237.8334511574594
-2177.657447892248
-2133.4485873149415
-2262.1844640281624
-2172.280445353938
-2211.849176730573
-2175.1973499239525
-2121.124866464266
-2272.9529509912
-2170.2822578718306
-2233.9086226623976
-2184.4010435314326
-2138.1569695880758
-2267.078184089949
-2202.1614680460707
-2210.4222039480946
-2190.354790860936
-2131.3441075694736
-2255.4899153460833
-2188.816064471883
-2241.411263840788
-2181.36503526093
-2128.1608121735676
-2272.7681917613527
-2186.1346517976067
-2236.6677634370553
-2162.446472065484
-2120.0331346744706
-2275.927534183931
-2190.320175399786
-2254.358891690291
-2194.8030165087894
-2127.2436146798236
[INFO][abstract_intensifier.py:596] Added config 04e30c and rejected config 26baec as incumbent because it is not better than the incumbents on 1 instances: 
-2265.39879456407
-2195.4749427082324
-2258.1800214332716
-2188.5016368811885
-2134.6956552116535
-2252.968284645375
-2170.9985290528307
-2215.357517376815
-2189.2713501949675
-2141.7094910187107
-2276.9492285202186
-2185.9536553842645
-2253.374246506859
-2182.0573434690723
-2121.71960897244
-2255.3239757218166
-2176.6308136031166
-2233.930958250615
-2165.5331166307715
-2120.5193530492606
-2260.2173503811664
-2178.670214894795
-2242.5525723505784
-2182.059362773586
-2135.7857006263594
-2240.046736335178
-2174.0435517415676
-2179.0978863403634
-2139.2979388679955
-2074.5218970692927
-2257.4889259789866
-2186.629877131577
-2254.663929026011
-2176.848400080232
-2121.4380433220704
-2261.8612415970333
-2199.716618557993
-2257.661806976651
-2173.5009835838664
-2129.972900593937
-2257.4889259789866
-2186.629877131577
-2254.663929026011
-2176.848400080232
-2121.4380433220704
-2263.937612224216
-2188.4822083171885
-2205.9449520562603
-2173.766044332067
-2131.3987641401573
-2266.7304569310345
-2184.1783619300913
-2260.7257058915093
-2187.3368912774254
-2128.7115460695536
-2264.3480676740296
-2199.694064355825
-2257.624694412698
-2173.3231264428036
-2130.682905933402
-2270.743244543132
-2183.2483488191065
-2253.6948370169202
-2178.839479835133
-2125.7004743135412
-2272.850840543421
-2187.174679110698
-2262.0647720402053
-2188.1415252793954
-2126.9570249099725
-2274.3842573261777
-2190.7868966948513
-2255.209292287206
-2194.470640722673
-2129.745236140514
[INFO][abstract_intensifier.py:596] Added config dc4fd8 and rejected config 04e30c as incumbent because it is not better than the incumbents on 1 instances: 
-2275.927534183931
-2190.320175399786
-2254.358891690291
-2194.8030165087894
-2127.2436146798236
-2211.428202090266
-2195.978724006526
-2185.03959908282
-2136.0349063040685
-2101.8185904834827
-2275.8989162719636
-2190.48170216337
-2253.528477483726
-2194.3610883106617
-2129.325215438852
-2275.927534183931
-2190.320175399786
-2254.358891690291
-2194.8030165087894
-2127.2436146798236
-2275.927534183931
-2190.320175399786
-2254.358891690291
-2194.8030165087894
-2127.2436146798236
-2265.9512588981665
-2182.9770115850906
-2222.194617106255
-2174.8006867576682
-2132.796980846792
-2265.9034583995654
-2181.525916932338
-2220.7527475384495
-2174.8008131095803
-2132.5914279293256
-2264.6545764300854
-2194.660350590748
-2255.003165190047
-2196.5310857829973
-2120.5474157625613
-2264.6545764300854
-2194.660350590748
-2255.003165190047
-2196.5310857829973
-2120.5474157625613
-2232.0368437759757
-2188.857648560351
-2217.7065044368524
-2188.6516759281903
-2133.3702847268214
-2237.577458482065
-2197.566368269593
-2202.685252277517
-2162.3655475612577
-2101.911770822645
[INFO][smbo.py:327] Finished 150 trials.
-2269.9120340883524
-2191.5969290335256
-2231.727938527487
-2194.1865620750978
-2120.096658580573
-2263.190210981288
-2188.1186509854224
-2231.609200185046
-2172.7491693031543
-2133.2458013048654
-2276.1330564873765
-2191.0356915873217
-2250.4079967506686
-2194.538871948149
-2129.828051742942
-2274.3842573261777
-2190.7868966948513
-2255.209292287206
-2194.470640722673
-2129.745236140514
-2258.5292173676767
-2179.3680719671647
-2254.445493545639
-2185.1546943058543
-2131.7790361685634
-2258.646928464204
-2193.7078177288518
-2244.349105524062
-2188.639380003472
-2119.4733700396328
-2274.3842573261777
-2190.7868966948513
-2255.209292287206
-2194.470640722673
-2129.745236140514
-2269.509025816483
-2178.548904306046
-2234.370281349424
-2181.7466017233533
-2130.735927239079
-2201.1081670401522
-2183.651346934485
-2170.2808567915936
-2126.8819678216387
-2099.5586893431932
-2254.6343872813436
-2189.642612547931
-2239.465486670615
-2181.710321498852
-2128.7199583243423
-2262.4145272848973
-2184.0062336097253
-2193.1468911599204
-2164.150729667196
-2121.954200141774
-2246.3474081182744
-2190.5721365705626
-2217.8848330153096
-2156.9269866927916
-2116.2416336859555
-2274.3842573261777
-2190.7868966948513
-2255.209292287206
-2194.470640722673
-2129.745236140514
-2274.3842573261777
-2190.7868966948513
-2255.209292287206
-2194.470640722673
-2129.745236140514
-2274.3842573261777
-2190.7868966948513
-2255.209292287206
-2194.470640722673
-2129.745236140514
-2254.920210627075
-2173.882033014941
-2220.8801772252586
-2138.7178120051594
-2123.370866866576
-2272.063133398051
-2185.7188833133528
-2253.6958380109945
-2178.642347392586
-2125.8263229227173
-2257.921561610041
-2194.877464222415
-2248.268786631107
-2173.854223811117
-2126.644540646642
-2276.1330564873765
-2191.0356915873217
-2250.4079967506686
-2194.538871948149
-2129.828051742942
-2276.1330564873765
-2191.0356915873217
-2250.4079967506686
-2194.538871948149
-2129.828051742942
-2271.4233743110226
-2188.727329626554
-2239.761462430071
-2178.659614875353
-2128.459203184106
-2238.863503076531
-2182.938449849753
-2170.227937996516
-2151.5648742955573
-2094.2651035546855
-2274.3842573261777
-2190.7868966948513
-2255.209292287206
-2194.470640722673
-2129.745236140514
-2274.3842573261777
-2190.7868966948513
-2255.209292287206
-2194.470640722673
-2129.745236140514
-2266.645089210877
-2179.4404055870414
-2262.6408543093394
-2181.2686791848914
-2131.7549163485305
-2256.129395715988
-2196.35475141577
-2247.2517738618703
-2172.634926460545
-2119.0348556386602
-2255.8437846837032
-2173.880367654349
-2242.0183550906277
-2171.143978721596
-2115.3936942505306
-2251.7719233168777
-2191.101488653696
-2215.802181454173
-2156.8846157291046
-2124.349488449547
-2271.4233743110226
-2188.727329626554
-2239.761462430071
-2178.659614875353
-2128.459203184106
-2274.3842573261777
-2190.7868966948513
-2255.209292287206
-2194.470640722673
-2129.745236140514
-2258.839128355192
-2185.732737964171
-2243.023481521749
-2197.919210193409
-2129.5028763122036
-2274.3842573261777
-2190.7868966948513
-2255.209292287206
-2194.470640722673
-2129.745236140514
-2275.927534183931
-2190.320175399786
-2254.358891690291
-2194.8030165087894
-2127.2436146798236
-2271.4233743110226
-2188.727329626554
-2239.761462430071
-2178.659614875353
-2128.459203184106
-2274.3842573261777
-2190.7868966948513
-2255.209292287206
-2194.470640722673
-2129.745236140514
-2274.3842573261777
-2190.7868966948513
-2255.209292287206
-2194.470640722673
-2129.745236140514
-2274.3842573261777
-2190.7868966948513
-2255.209292287206
-2194.470640722673
-2129.745236140514
-2274.3842573261777
-2190.7868966948513
-2255.209292287206
-2194.470640722673
-2129.745236140514
-2274.3842573261777
-2190.7868966948513
-2255.209292287206
-2194.470640722673
-2129.745236140514
-2274.3842573261777
-2190.7868966948513
-2255.209292287206
-2194.470640722673
-2129.745236140514
-2274.3842573261777
-2190.7868966948513
-2255.209292287206
-2194.470640722673
-2129.745236140514
-2274.3842573261777
-2190.7868966948513
-2255.209292287206
-2194.470640722673
-2129.745236140514
-2233.5214611303354
-2167.7361522541732
-2191.4124162054477
-2183.4425665335166
-2114.1075057107805
-2265.3959309511797
-2181.332906369126
-2219.7516673182654
-2164.6718487282806
-2132.6359428780765
-2274.3842573261777
-2190.7868966948513
-2255.209292287206
-2194.470640722673
-2129.745236140514
-2256.2607113415856
-2200.066961419519
-2234.0403526567966
-2144.39719237106
-2113.6422507131347
-2274.3842573261777
-2190.7868966948513
-2255.209292287206
-2194.470640722673
-2129.745236140514
-2260.287465564039
-2186.210158261017
-2256.5120633084307
-2188.9212029128853
-2126.552500412572
-2274.3842573261777
-2190.7868966948513
-2255.209292287206
-2194.470640722673
-2129.745236140514
-2267.936394423005
-2172.298724325354
-2208.9826278292885
-2181.7757503288167
-2127.2026828483727
[INFO][smbo.py:327] Finished 200 trials.
[INFO][smbo.py:335] Configuration budget is exhausted:
[INFO][smbo.py:336] --- Remaining wallclock time: inf
[INFO][smbo.py:337] --- Remaining cpu time: inf
[INFO][smbo.py:338] --- Remaining trials: 0
