Using file: ../data/ela_with_cma_and_algo_normalised/A1_data_5D/A1_B56_5D_ela_with_state.csv
[INFO][abstract_initial_design.py:87] Reducing the number of initial configurations from 60 to 50 (max_ratio == 0.25).
[INFO][abstract_initial_design.py:139] Using 50 initial design configurations and 0 additional configurations.
[INFO][abstract_intensifier.py:307] Using only one seed for deterministic scenario.
-2465.035543741833
-2518.1266876713335
-2446.162560687427
-2534.9382162002703
-2314.5762175149625
[INFO][abstract_intensifier.py:517] Added config 26fdc2 as new incumbent because there are no incumbents yet.
-2539.4185908938034
-2565.2454720738415
-2478.774378282489
-2523.3984887676784
-2404.1305648590287
[INFO][abstract_intensifier.py:596] Added config 8a205f and rejected config 26fdc2 as incumbent because it is not better than the incumbents on 1 instances: 
-2474.8233039780303
-2524.863834964047
-2479.175164195537
-2497.603700796023
-2340.272759770633
-2558.479434734233
-2568.9534999068806
-2487.178436342049
-2537.9353453717163
-2427.047669870348
[INFO][abstract_intensifier.py:596] Added config 71b0a5 and rejected config 8a205f as incumbent because it is not better than the incumbents on 1 instances: 
-2557.9081630331475
-2569.0412563728196
-2481.670464128536
-2541.8582945296785
-2422.345571979649
-2373.5218343774927
-2454.3818061221314
-2379.314832533557
-2450.1985503975293
-2277.7373762748894
-2576.6069404746913
-2577.309677449677
-2504.854002075363
-2515.2223574116056
-2389.3868591059495
-2484.6814646877037
-2480.006564142926
-2498.4794424922825
-2460.3837722617013
-2304.736087895377
-2584.5988127708224
-2604.4886253941745
-2519.344500940347
-2535.292241598505
-2407.6202613656296
[INFO][abstract_intensifier.py:596] Added config b7ad6c and rejected config 71b0a5 as incumbent because it is not better than the incumbents on 1 instances: 
-2460.928674778027
-2525.1264039609227
-2489.8950592043657
-2505.288097897196
-2324.316515654562
-2566.1855495817135
-2558.139042884661
-2493.159884012928
-2506.4486118515833
-2399.5618751348748
-2471.4638889461385
-2509.532761403598
-2405.4965036094923
-2455.482985127622
-2298.627847878981
-2541.1708823712015
-2573.765279214584
-2474.841039990686
-2523.565580862296
-2410.2033524038397
-2574.5436772148814
-2563.3798818424457
-2511.308645739943
-2552.4522678778203
-2412.3767760971346
-2473.669524460228
-2548.6075631817844
-2480.717347083084
-2531.1487547872493
-2293.601266562145
-2519.4453847151826
-2574.3518138778254
-2494.7540255813783
-2503.397626567703
-2385.591980945803
-2546.5906249587015
-2568.4837376824507
-2500.4000690377043
-2532.741702826214
-2366.224634765411
-2578.6711868180932
-2593.71390864043
-2494.7598163457524
-2542.3631090153813
-2426.634601428531
-2507.9982354396957
-2528.682983187777
-2480.5914321522905
-2533.59927379933
-2342.0325275233904
-2456.2418418584652
-2513.6590480897053
-2454.8166187740067
-2465.5695526864906
-2333.447725990224
-2555.972565708155
-2525.413623348708
-2479.5130320624735
-2537.2379529580844
-2411.719663323158
-2503.4033029267257
-2533.293225288381
-2469.1097554930175
-2537.689586609948
-2372.193301693469
-2572.293587098683
-2566.716782496152
-2493.044194181971
-2545.0547871096524
-2423.490449716435
-2440.515597274588
-2496.177757001443
-2390.325287665762
-2451.2170932412087
-2260.732325638793
-2563.274566704023
-2557.2936382812927
-2492.9996151965524
-2537.454622204928
-2420.406361106582
-2453.2641806423603
-2405.1847057085756
-2402.617189451614
-2393.9863590734863
-2282.4533935856825
-2568.0195588914
-2586.5776473748274
-2481.134295595485
-2547.6313115961434
-2419.747976939013
-2510.0789833737913
-2550.7698666101223
-2457.5476877848764
-2501.9412832101416
-2343.9072379678364
-2483.6435523352634
-2510.448438213478
-2479.8600581689243
-2514.926006626137
-2331.843404630393
-2513.4857272380264
-2566.348920982701
-2476.7633458846303
-2499.4116110819714
-2400.501972399254
-2515.0843575842496
-2508.4656757427933
-2462.1469435555246
-2483.5356856552326
-2357.936692677097
-2564.8653487201445
-2580.24393884139
-2498.557774135961
-2568.9108586248194
-2408.016485207121
-2556.858995125107
-2573.4109430692315
-2482.1958297805286
-2527.4928896726306
-2406.486850359815
-2455.837646813628
-2423.775931090056
-2410.378656121894
-2427.881060058668
-2288.9099780519887
-2586.5741906546286
-2586.5273856856493
-2494.8435280707427
-2559.481329421351
-2408.5488158325297
-2477.089419414403
-2505.3702314142206
-2486.484002619785
-2433.009410217884
-2338.7015434135783
-2486.990347554208
-2522.3551055009666
-2460.2614135211434
-2441.6426534829116
-2323.5398702384673
-2523.8506423541103
-2560.7274981594837
-2491.463152781349
-2531.3631746121728
-2418.521973249871
-2526.324753312609
-2557.692898289901
-2509.1161834991017
-2527.541820745349
-2366.6212564157304
-2549.1670865047067
-2576.1218911790447
-2482.9197751562215
-2535.618952772804
-2418.5802594333336
-2553.910061040443
-2569.720908898336
-2490.3913755996214
-2529.818529054465
-2391.2562297447826
-2565.605712782433
-2575.1641661095505
-2506.5620222531775
-2551.958058216434
-2391.8310180873323
-2481.6756924167453
-2525.2819003380832
-2484.970085029173
-2537.9334544172416
-2295.2146945193786
-2551.3039086728977
-2559.674776046306
-2500.19506912303
-2531.233886617334
-2381.1698913423015
-2580.5953147849787
-2600.558418135635
-2488.233052234673
-2570.977035707081
-2407.4683998430223
-2479.039384014006
-2516.0284210923833
-2474.5859368580227
-2493.437125099571
-2334.687685432575
-2558.4023333039695
-2583.7043429716946
-2519.6064262284503
-2524.116519640208
-2377.6955519631797
-2441.5449931802814
-2509.1633823084503
-2444.7038271511283
-2479.0733398415505
-2319.4012701406555
-2569.673394881664
-2577.560651387221
-2514.2161699944945
-2528.717886785443
-2418.8004770227662
-2500.648959671701
-2533.689514124819
-2509.3843597011937
-2500.907274236716
-2386.596672450769
[INFO][smbo.py:327] Finished 50 trials.
-2571.833005725861
-2560.353571782816
-2520.920679888875
-2556.412180647483
-2386.329702200572
-2549.8810415045796
-2574.919407613881
-2477.157613794551
-2521.78379448725
-2424.88580399525
-2556.9125970566056
-2566.6687884038192
-2509.372502335107
-2527.391875142078
-2385.7020192229156
-2555.235697393032
-2595.832848338213
-2505.783821612172
-2547.1905575359547
-2410.8482122581922
-2525.4377336666525
-2505.4337134306006
-2494.380092832049
-2510.83844300826
-2339.1975552225854
-2561.3363870932776
-2517.571075944724
-2508.7647860413986
-2497.3386402521946
-2364.7966227837774
-2558.7301736141208
-2567.331422566406
-2475.835685604844
-2537.22215558557
-2394.8623239103736
-2567.80092308938
-2553.0137685855166
-2500.6617698589416
-2532.6715534180275
-2390.8899274252035
-2567.1605521738225
-2554.52620520965
-2474.598733945853
-2523.505779599931
-2401.7318970103934
-2570.026560713105
-2564.79422147444
-2477.1057399809397
-2522.57869125338
-2401.8835976383543
-2542.194178462171
-2540.464746542094
-2503.8134008945867
-2544.2236094428617
-2402.956119208296
-2559.6936721440534
-2570.007529890942
-2516.5644837514246
-2519.154948870054
-2418.695511550273
-2554.0941375932966
-2579.3484450844353
-2502.8171535706297
-2517.2695264141425
-2418.314793966317
-2570.026560713105
-2564.79422147444
-2477.1057399809397
-2522.57869125338
-2401.8835976383543
-2465.005664530396
-2536.507769440489
-2460.872915794058
-2512.879714740804
-2296.4312152568255
-2414.688049376087
-2386.5232621495243
-2324.29008620316
-2358.365816150248
-2280.4143023603638
-2580.698033912354
-2585.984510302942
-2485.593323327677
-2554.955446270906
-2394.134617901268
-2570.5954750531996
-2557.5637112891195
-2502.231339782053
-2528.2253905289726
-2416.5443336510475
-2576.9528670697464
-2594.294871665573
-2484.9032923153854
-2541.888242345345
-2408.20465734187
-2556.5078311083953
-2589.126478085203
-2508.959941286419
-2552.5655101464263
-2418.3484016732727
-2582.459953637325
-2538.5368569165475
-2490.6612063364455
-2552.834461136635
-2393.4755046203313
-2500.1681185189427
-2554.281927956083
-2485.507574710657
-2525.209556634638
-2356.0847516629883
-2557.701227313444
-2560.067792256769
-2537.369627201875
-2542.71181588897
-2418.3564578253586
-2536.4387095969205
-2588.916611144211
-2513.5001862321797
-2553.266389676478
-2414.0525528882495
-2556.8421943996555
-2577.4926279023257
-2505.1524207316547
-2567.079432393095
-2408.966357224996
-2567.6071534585203
-2573.1411073063914
-2499.5559962015805
-2578.9402564216193
-2408.1110202722266
-2562.2471607989055
-2570.009379502694
-2474.2817448664196
-2553.1097740950627
-2403.0542387081696
-2571.101825241487
-2577.4956780901975
-2488.966888246072
-2561.5582827198527
-2405.385979616482
-2569.6558326867807
-2582.4282047278657
-2491.8454098972625
-2556.079403688621
-2404.6246401290014
-2525.3920643970014
-2561.3817848540484
-2479.499944419471
-2532.774895851216
-2340.263137675597
-2567.6071534585203
-2573.1411073063914
-2499.5559962015805
-2578.9402564216193
-2408.1110202722266
-2571.2067631166065
-2589.141086183296
-2479.2477299544057
-2555.4818063841685
-2420.9711420885615
-2427.6955678369645
-2484.946377053766
-2421.714045478274
-2436.1301313743484
-2284.558183396799
-2580.2278140768976
-2600.3793210965555
-2533.3005702973096
-2554.322318850817
-2404.8736280795456
[INFO][abstract_intensifier.py:596] Added config 2f22ca and rejected config b7ad6c as incumbent because it is not better than the incumbents on 1 instances: 
-2557.2134720564295
-2579.1124326436156
-2495.5119857502905
-2527.538864024901
-2394.0494057019678
-2579.6108872456625
-2584.414784944062
-2508.9426308044635
-2547.393148422163
-2401.9618738777385
-2562.6260055847115
-2548.5430729808077
-2485.151766816042
-2561.7476120919346
-2405.020015917762
-2554.411921717886
-2559.490789146379
-2497.294155645513
-2529.743498013857
-2397.466125263383
-2557.2134720564295
-2579.1124326436156
-2495.5119857502905
-2527.538864024901
-2394.0494057019678
-2560.109918785079
-2598.8979093502257
-2515.0540919543087
-2543.362153208201
-2402.043991468076
-2537.9107328625987
-2582.3461074757565
-2481.1839453254033
-2522.910537643068
-2401.026477903076
-2565.461054457162
-2589.2374307140226
-2505.87995393417
-2555.7874796289802
-2413.2792146344877
-2455.451301474629
-2496.0652512567685
-2385.4313339165087
-2444.668508796286
-2273.517625550947
-2570.127926951803
-2585.9672137988564
-2482.7268862419955
-2555.2806133594863
-2405.2205067032933
-2577.1367339975873
-2602.597997769306
-2548.4793529116932
-2557.5613327255896
-2407.778007832505
[INFO][abstract_intensifier.py:596] Added config 285cb7 and rejected config 2f22ca as incumbent because it is not better than the incumbents on 1 instances: 
-2561.0239900292227
-2586.6575314667416
-2491.7851631559397
-2548.3500929020493
-2388.8847755853394
-2560.7577530269073
-2577.620246218728
-2478.5109858480755
-2553.7743393206893
-2399.6619977963883
-2561.6125683467635
-2586.7478440477425
-2504.5799781451037
-2552.505525609159
-2415.7431478806843
-2569.186445653377
-2589.7950754222957
-2493.095752135623
-2541.1824969649606
-2391.7656582349614
-2493.9417654307226
-2525.429693457562
-2472.828864932633
-2482.216297256199
-2354.493518305807
[INFO][smbo.py:327] Finished 100 trials.
-2561.0438311102553
-2589.7543513613637
-2503.0835906160896
-2562.7632717522965
-2405.7221993659123
-2575.4034920752947
-2580.4627383474335
-2508.9128688468477
-2539.2133754518063
-2408.085320236352
-2559.3247957397416
-2602.077035735025
-2506.279208967726
-2553.563042982845
-2406.2801442054756
-2544.990831338954
-2584.3287082403003
-2529.194643761807
-2552.2119552276286
-2414.4073373324673
-2579.2525998538936
-2572.464784052574
-2512.254264820558
-2538.800580979444
-2418.141230633936
-2560.8626326857925
-2590.233680376812
-2492.3309110064456
-2530.588449725829
-2392.3017423217825
-2512.8560789350654
-2524.86781644729
-2461.82794890722
-2517.1919118999886
-2337.385657176268
-2575.964544839819
-2567.1752521252397
-2501.0762141823247
-2540.926374247796
-2414.2158940162417
-2482.384180205096
-2564.124138251409
-2467.4340489821197
-2513.8050265589877
-2337.255784042557
-2578.4164751028866
-2608.7761566353465
-2517.0657934283986
-2557.4961621508373
-2406.823882190849
-2577.9710776222596
-2608.545130156177
-2523.5150225318307
-2556.727194224328
-2406.4259429672766
-2581.684664588567
-2601.976743163715
-2544.632698921617
-2554.793999621124
-2403.592826621325
-2578.4164751028866
-2608.7761566353465
-2517.0657934283986
-2557.4961621508373
-2406.823882190849
-2577.9710776222596
-2608.545130156177
-2523.5150225318307
-2556.727194224328
-2406.4259429672766
-2547.465249141345
-2555.402659791202
-2484.89552941273
-2507.6478563461233
-2396.5844801133567
-2563.0417782608865
-2552.859314894631
-2484.3651961690757
-2565.328172513
-2403.925041713701
-2548.2719009016137
-2582.5910008133737
-2487.1824303003614
-2545.876026479857
-2400.418462459947
-2577.1367339975873
-2602.597997769306
-2548.4793529116932
-2557.5613327255896
-2407.778007832505
-2564.413830654443
-2592.1206460741096
-2498.4877377996527
-2555.310893322807
-2406.166506907628
-2514.7108106830024
-2542.575243288701
-2488.3241193728886
-2491.4072404892167
-2304.791752575758
-2577.1367339975873
-2602.597997769306
-2548.4793529116932
-2557.5613327255896
-2407.778007832505
-2579.4634548959266
-2572.11184461755
-2470.5653938648584
-2544.48375584021
-2403.8017627515123
-2569.6278887291996
-2586.0496416600868
-2508.4916661055977
-2559.7259223553456
-2401.705645874455
-2577.1367339975873
-2602.597997769306
-2548.4793529116932
-2557.5613327255896
-2407.778007832505
-2432.980541197289
-2455.951132171371
-2354.3492350574174
-2453.1031557628016
-2327.062912959309
-2577.1367339975873
-2602.597997769306
-2548.4793529116932
-2557.5613327255896
-2407.778007832505
-2577.1367339975873
-2602.597997769306
-2548.4793529116932
-2557.5613327255896
-2407.778007832505
-2577.1367339975873
-2602.597997769306
-2548.4793529116932
-2557.5613327255896
-2407.778007832505
-2475.7445599121725
-2416.0883426451524
-2435.4468976482053
-2405.920742122118
-2295.229611889331
-2577.1367339975873
-2602.597997769306
-2548.4793529116932
-2557.5613327255896
-2407.778007832505
-2577.1367339975873
-2602.597997769306
-2548.4793529116932
-2557.5613327255896
-2407.778007832505
-2579.4634548959266
-2572.11184461755
-2470.5653938648584
-2544.48375584021
-2403.8017627515123
-2568.4025111745104
-2588.7509223393718
-2489.5892725334925
-2547.636983633943
-2404.541944785147
-2576.207334855974
-2562.5666125389243
-2507.820152361422
-2516.8173713391934
-2423.018129565343
-2425.225989567188
-2491.2837616753036
-2433.25174929068
-2420.675020564599
-2308.293787207607
-2533.443470570079
-2560.960121501259
-2512.9683008968145
-2535.534799064771
-2393.2825105180864
-2548.6033439279627
-2571.878553942811
-2511.1655323187106
-2538.803151912523
-2391.4476794819766
-2552.7345273563888
-2546.610276175408
-2520.805219575459
-2546.997663081478
-2396.2191229311397
-2577.1367339975873
-2602.597997769306
-2548.4793529116932
-2557.5613327255896
-2407.778007832505
-2559.7808152233706
-2564.0511277675932
-2511.2078000185465
-2541.7558038783764
-2394.862093196842
-2559.7808152233706
-2564.0511277675932
-2511.2078000185465
-2541.7558038783764
-2394.862093196842
-2498.9184065959694
-2546.25075351592
-2486.389451420542
-2508.9610471473593
-2367.7761412074037
-2567.892734972204
-2568.896617111661
-2464.005298979211
-2537.8409045969556
-2406.0214313116644
-2528.031938721274
-2555.6915995611375
-2479.6665761834165
-2548.2256661172023
-2397.2004600408636
-2559.7808152233706
-2564.0511277675932
-2511.2078000185465
-2541.7558038783764
-2394.862093196842
-2577.1367339975873
-2602.597997769306
-2548.4793529116932
-2557.5613327255896
-2407.778007832505
-2577.1367339975873
-2602.597997769306
-2548.4793529116932
-2557.5613327255896
-2407.778007832505
-2577.1367339975873
-2602.597997769306
-2548.4793529116932
-2557.5613327255896
-2407.778007832505
-2577.1367339975873
-2602.597997769306
-2548.4793529116932
-2557.5613327255896
-2407.778007832505
-2577.1367339975873
-2602.597997769306
-2548.4793529116932
-2557.5613327255896
-2407.778007832505
[INFO][smbo.py:327] Finished 150 trials.
-2577.1367339975873
-2602.597997769306
-2548.4793529116932
-2557.5613327255896
-2407.778007832505
-2549.318437289552
-2542.2484126471195
-2487.1692402528242
-2505.2099010537486
-2374.6417051574017
-2577.1367339975873
-2602.597997769306
-2548.4793529116932
-2557.5613327255896
-2407.778007832505
-2476.0947321366807
-2509.141921540308
-2470.0996558363095
-2519.073475998215
-2311.409144342401
-2577.1367339975873
-2602.597997769306
-2548.4793529116932
-2557.5613327255896
-2407.778007832505
-2577.1367339975873
-2602.597997769306
-2548.4793529116932
-2557.5613327255896
-2407.778007832505
-2577.1367339975873
-2602.597997769306
-2548.4793529116932
-2557.5613327255896
-2407.778007832505
-2571.8397634451194
-2566.5598227114365
-2515.66812419964
-2572.8767096256397
-2406.9390753521247
-2571.8397634451194
-2566.5598227114365
-2515.66812419964
-2572.8767096256397
-2406.9390753521247
-2504.4003036376103
-2492.3009395830936
-2488.061210968183
-2502.1895801869937
-2338.954138834085
-2571.8397634451194
-2566.5598227114365
-2515.66812419964
-2572.8767096256397
-2406.9390753521247
-2571.8397634451194
-2566.5598227114365
-2515.66812419964
-2572.8767096256397
-2406.9390753521247
-2549.518775729217
-2595.3423720463475
-2502.7293012337686
-2531.2604282480006
-2401.5569117069695
-2549.518775729217
-2595.3423720463475
-2502.7293012337686
-2531.2604282480006
-2401.5569117069695
-2578.196129340172
-2602.5019628114337
-2545.6807348455122
-2554.3350744046825
-2409.127787683654
-2488.297168951195
-2524.8351657430794
-2492.655230843211
-2503.2212672676856
-2341.8838378158666
-2578.196129340172
-2602.5019628114337
-2545.6807348455122
-2554.3350744046825
-2409.127787683654
-2578.196129340172
-2602.5019628114337
-2545.6807348455122
-2554.3350744046825
-2409.127787683654
-2578.196129340172
-2602.5019628114337
-2545.6807348455122
-2554.3350744046825
-2409.127787683654
-2578.196129340172
-2602.5019628114337
-2545.6807348455122
-2554.3350744046825
-2409.127787683654
-2499.2996489953503
-2549.1738019704558
-2472.381994504618
-2543.621657739406
-2327.6420366790885
-2565.461054457162
-2589.2374307140226
-2505.87995393417
-2555.7874796289802
-2413.2792146344877
-2565.461054457162
-2589.2374307140226
-2505.87995393417
-2555.7874796289802
-2413.2792146344877
-2565.461054457162
-2589.2374307140226
-2505.87995393417
-2555.7874796289802
-2413.2792146344877
-2547.396708984628
-2570.485950427779
-2503.9011790197183
-2536.495606193897
-2398.33558334128
-2581.684664588567
-2601.976743163715
-2544.632698921617
-2554.793999621124
-2403.592826621325
-2581.684664588567
-2601.976743163715
-2544.632698921617
-2554.793999621124
-2403.592826621325
-2572.1483340012182
-2579.4906166105607
-2488.625530633913
-2536.9645016862933
-2417.566481989478
-2577.1367339975873
-2602.597997769306
-2548.4793529116932
-2557.5613327255896
-2407.778007832505
-2577.1367339975873
-2602.597997769306
-2548.4793529116932
-2557.5613327255896
-2407.778007832505
-2577.1367339975873
-2602.597997769306
-2548.4793529116932
-2557.5613327255896
-2407.778007832505
-2577.1367339975873
-2602.597997769306
-2548.4793529116932
-2557.5613327255896
-2407.778007832505
-2577.1367339975873
-2602.597997769306
-2548.4793529116932
-2557.5613327255896
-2407.778007832505
-2579.4634548959266
-2572.11184461755
-2470.5653938648584
-2544.48375584021
-2403.8017627515123
-2579.4634548959266
-2572.11184461755
-2470.5653938648584
-2544.48375584021
-2403.8017627515123
-2579.4634548959266
-2572.11184461755
-2470.5653938648584
-2544.48375584021
-2403.8017627515123
-2577.1367339975873
-2602.597997769306
-2548.4793529116932
-2557.5613327255896
-2407.778007832505
-2493.8048303375535
-2545.986792116353
-2474.8582316343663
-2502.996676862831
-2339.627322645355
-2567.1466818231115
-2577.691238548511
-2508.116747840798
-2534.400402894788
-2386.7373737594603
-2568.0768508892957
-2601.4170782862216
-2518.3494391442327
-2536.6932540257576
-2386.312344130796
-2514.4364448776796
-2561.352091430286
-2494.896903423657
-2524.139270883461
-2402.6362187216137
-2570.641643272238
-2590.5922605595997
-2497.683191813091
-2532.477876363506
-2389.9449327608504
-2571.539144035125
-2581.2370331847264
-2503.068879051901
-2532.4857516639104
-2391.0794350092933
-2570.927870798784
-2595.1068783169167
-2506.618205600027
-2538.4585418778697
-2395.444032951201
-2539.402143097865
-2587.9688940264687
-2505.683185526714
-2528.9081476703745
-2406.5759012272947
-2577.1367339975873
-2602.597997769306
-2548.4793529116932
-2557.5613327255896
-2407.778007832505
-2577.1367339975873
-2602.597997769306
-2548.4793529116932
-2557.5613327255896
-2407.778007832505
-2577.1367339975873
-2602.597997769306
-2548.4793529116932
-2557.5613327255896
-2407.778007832505
-2388.268093924061
-2398.4715729292548
-2329.2938850743035
-2369.1832849779803
-2212.173639680953
-2409.627919157657
-2421.0864470676424
-2359.4893883020845
-2404.0744458072722
-2217.937294594092
[INFO][smbo.py:327] Finished 200 trials.
[INFO][smbo.py:335] Configuration budget is exhausted:
[INFO][smbo.py:336] --- Remaining wallclock time: inf
[INFO][smbo.py:337] --- Remaining cpu time: inf
[INFO][smbo.py:338] --- Remaining trials: 0
