Using file: ../data/ela_with_cma_and_algo_normalised/A1_data_5D/A1_B600_5D_ela_with_state.csv
[INFO][abstract_initial_design.py:87] Reducing the number of initial configurations from 60 to 50 (max_ratio == 0.25).
[INFO][abstract_initial_design.py:139] Using 50 initial design configurations and 0 additional configurations.
[INFO][abstract_intensifier.py:307] Using only one seed for deterministic scenario.
-2216.291629778041
-2154.9765374822664
-2181.9106506907124
-2140.6640243756983
-2087.88822086659
[INFO][abstract_intensifier.py:517] Added config 26fdc2 as new incumbent because there are no incumbents yet.
-2240.2458050971863
-2161.963633639232
-2185.460683834339
-2153.4716342694564
-2110.108564401329
[INFO][abstract_intensifier.py:596] Added config 8a205f and rejected config 26fdc2 as incumbent because it is not better than the incumbents on 1 instances: 
-2227.75917005986
-2140.0299184982446
-2169.7690338583016
-2138.1225421634344
-2098.572822635413
-2248.2640176008063
-2163.1526944171114
-2196.092437701985
-2164.134872268458
-2110.6721494440117
[INFO][abstract_intensifier.py:596] Added config 71b0a5 and rejected config 8a205f as incumbent because it is not better than the incumbents on 1 instances: 
-2239.466806889087
-2166.8893381887215
-2191.980444148669
-2162.059292425654
-2109.1593525382814
-2181.7703860464135
-2124.235144898429
-2131.308713654206
-2052.246286834397
-2043.6746136484458
-2227.2020198398104
-2112.6386448939475
-2202.2253935663207
-2114.8973496403705
-2084.6600482840945
-2191.877225540288
-2126.72809810939
-2169.177181950355
-2111.100532679435
-2088.7802919991427
-2254.374893351452
-2177.4893113071375
-2199.3716966341135
-2144.113144304148
-2097.7844449941454
-2219.5448208665616
-2137.8313416837555
-2166.424228391644
-2131.1638067896483
-2079.487073940413
-2215.7415903386354
-2146.1670849976326
-2189.758580389581
-2155.208540291968
-2107.9722393431675
-2177.180038751154
-2143.912962620277
-2159.62068239597
-2103.1882982385832
-2106.5419103779604
-2227.715277977952
-2173.427770815178
-2187.577514766438
-2154.8628777188496
-2096.8855545888546
-2225.8633927738238
-2134.1152618430397
-2178.9701199452047
-2139.41577528179
-2096.6838339701417
-2204.221389812955
-2163.2044121078834
-2169.1464618562422
-2152.948274544549
-2084.7912513655906
-2242.4557837060975
-2150.899003182141
-2169.267187375188
-2156.9133677937266
-2095.2892951741796
-2216.1897690407454
-2161.6749947113694
-2188.898795906945
-2143.467907913705
-2101.299563521553
-2246.8374247486972
-2131.451272431774
-2193.732531560172
-2150.931006178497
-2101.5403499970466
-2223.452930035798
-2168.6467227307817
-2183.4703016272833
-2158.4205554358787
-2098.2246656842176
-2241.9403735243645
-2135.1061808780905
-2187.525048030572
-2131.9987256442737
-2087.427190659172
-2243.8425054073614
-2119.5297680481603
-2159.2209658614815
-2144.628344361235
-2090.940012568804
-2218.101065814809
-2150.9334393814206
-2175.7754374169454
-2150.9408444026535
-2097.6481062658313
-2240.9727405772287
-2170.9705480161324
-2209.6742735958414
-2150.6578663391588
-2106.8105791882776
-2168.170934913351
-2142.233464114102
-2173.054752344995
-2082.116753385099
-2074.488275040149
-2228.692139267695
-2165.9687489356056
-2183.6374768004
-2143.603865955797
-2105.7130711509058
-2148.774115983025
-2124.6903618719484
-2140.2652084015785
-2041.0894817014828
-2047.375285238083
-2237.5280049901958
-2155.0781052397297
-2196.83944942229
-2135.222718197898
-2103.4350649819485
-2211.445918171657
-2139.302812911784
-2178.7462176037607
-2150.4795709321565
-2083.4961223227815
-2204.540504448447
-2145.657463607938
-2200.4038881332444
-2162.9498764783375
-2102.700552511683
-2210.7992248963947
-2165.2998349799814
-2172.879263001618
-2162.130319170596
-2088.9586467254994
-2207.356218218359
-2129.581887523411
-2178.0861259383496
-2157.2194732600547
-2088.662456840189
-2237.616621569103
-2161.147611372765
-2213.023931755749
-2153.8412294916634
-2091.6160933260903
-2238.178405922416
-2142.921274232621
-2192.1039066259955
-2149.9183625460023
-2098.5518098453226
-2200.4531248017847
-2120.327429566502
-2143.878974110272
-2096.7599615747445
-2063.8698978387024
-2244.861440939171
-2176.816717977156
-2205.1942080805766
-2145.385259352302
-2112.9620665306766
[INFO][abstract_intensifier.py:596] Added config b5c0dd and rejected config 71b0a5 as incumbent because it is not better than the incumbents on 1 instances: 
-2209.6464246143187
-2121.9972636035473
-2170.340942482059
-2126.736571985339
-2076.2775501917185
-2215.1212724611564
-2122.3617243360504
-2183.9747080359452
-2125.1344727340866
-2073.3907185320004
-2231.156406998866
-2150.117479244366
-2176.706341652606
-2161.4528977077866
-2100.539961308477
-2228.9794839786773
-2151.48433405837
-2179.599714507018
-2152.034591265251
-2095.818897993362
-2249.249968011074
-2158.7371469223717
-2174.9165551626566
-2157.937129250864
-2093.925900035782
-2223.1460121621058
-2156.829134843897
-2188.347804049021
-2129.9079993148434
-2089.502345793997
-2242.1423866325226
-2161.925187468482
-2199.0415808671896
-2158.1500389448297
-2092.6237931473966
-2219.05148762648
-2169.0341031035127
-2186.374172590432
-2139.590258966118
-2103.7737277552064
-2246.420410759633
-2152.9077193692574
-2177.143778621936
-2147.5081443920817
-2108.8534601569995
-2246.981154572739
-2136.459608195185
-2216.150234371973
-2160.90294209514
-2067.012540522044
-2203.8285947423383
-2154.9722321968334
-2160.565287255235
-2119.424159826105
-2090.056370993053
-2239.2203200305403
-2138.7231292274246
-2182.42097756436
-2150.1035949752013
-2104.4877169923507
-2211.0015682343583
-2141.464780460204
-2171.8280571519767
-2121.471520940938
-2069.0995955816848
-2245.2522812848665
-2157.1555780216154
-2198.2803387776485
-2150.634497903793
-2092.2163688088253
-2194.1154737952997
-2157.6448552051866
-2178.4090855423897
-2156.191878288355
-2093.685848210347
[INFO][smbo.py:327] Finished 50 trials.
-2250.126944923502
-2151.4628317620036
-2198.4327255005364
-2141.8772190320105
-2094.688859460629
-2244.667252791352
-2161.1898999933237
-2193.252996090419
-2140.23156154019
-2101.171936983697
-2248.5993012236686
-2158.641915370601
-2203.1496719201004
-2154.2090676687635
-2103.6781961459046
-2232.524078330998
-2170.4527929011983
-2197.808011522749
-2161.516249668254
-2090.4680841771997
-2207.8128302051546
-2121.9928286175495
-2201.5922799030022
-2159.647737695268
-2094.7935384783514
-2240.434966971185
-2122.9551072597815
-2179.4431040543363
-2118.915135487076
-2089.0459883518774
-2227.6239534280576
-2169.027602483063
-2181.7570012737006
-2146.2457988482947
-2104.57649130737
-2243.565849598296
-2165.5610371106277
-2188.234975974514
-2147.127270006303
-2099.806288112322
-2247.4511541937923
-2142.616646932886
-2187.197495515193
-2152.856554288045
-2103.214989478968
-2247.965065209661
-2139.2749006353306
-2193.018834261357
-2159.0337439704203
-2092.715291337995
-2225.6159047351507
-2147.0638176209904
-2178.370485033084
-2141.6618658644384
-2092.612710351285
-2248.3120252946633
-2148.500487130151
-2203.179594114821
-2164.4238353971814
-2110.4858772762873
-2247.7578166124995
-2143.1640820609546
-2186.82472881477
-2152.6294360233896
-2103.1300008009707
-2247.4511541937923
-2142.616646932886
-2187.197495515193
-2152.856554288045
-2103.214989478968
-2207.3666165794775
-2162.6872579777696
-2196.961587446341
-2129.460961721257
-2079.823404327823
-2151.4828868397194
-2118.8889589192536
-2111.8321438440344
-2018.0305865963605
-2029.1005408140293
-2236.925584327806
-2160.700501052794
-2220.240309799171
-2151.840472462387
-2095.452478424561
-2249.6359289995876
-2166.8507392423303
-2201.811188324888
-2151.1908918744007
-2107.6457714287494
-2249.924216963602
-2167.0236028105023
-2201.811041670442
-2151.4266189756854
-2101.667099383094
-2249.7788677232957
-2164.4817528515014
-2201.8110386698654
-2151.6143970110584
-2101.750586191402
-2247.6716487657004
-2162.2435558546836
-2201.8110385432337
-2153.6297004137323
-2095.937651771952
-2212.9349997663
-2153.9917929010844
-2188.949539863652
-2163.4005062801098
-2105.1809666054846
-2227.8476616111434
-2159.460961839588
-2217.692546719837
-2143.0831731991548
-2112.9283371242304
-2250.5440902427617
-2172.3761153007554
-2191.960168521797
-2147.082407583965
-2095.414064093474
-2244.861440939171
-2176.816717977156
-2205.1942080805766
-2145.385259352302
-2112.9620665306766
-2232.38464155335
-2174.5131855453747
-2207.768813084261
-2137.9964656435804
-2093.9847136896187
-2240.6215580253074
-2172.2423357622474
-2201.216402949637
-2156.8683446222076
-2097.7599073754045
-2244.8076322313727
-2173.452921068796
-2206.0238531721398
-2145.3690489316537
-2106.9331066123405
-2244.1224905447134
-2161.930808245084
-2210.0714919914244
-2146.3700010650646
-2103.847199090781
-2224.3503227121787
-2171.9601347501793
-2185.1457958577344
-2162.2802115264335
-2086.86333257169
-2245.441926209034
-2156.6142112320285
-2191.273389759345
-2160.3745122080804
-2104.664638816245
-2250.501259533616
-2163.687573082282
-2181.263940223411
-2159.166478147512
-2097.1211978713804
-2206.5769220081515
-2110.7965837609145
-2168.3895132658945
-2107.740874291514
-2061.382449151555
-2246.3178532780366
-2143.7640916988403
-2210.9186501827244
-2138.2546601385866
-2114.300827491535
-2246.3178532780366
-2143.7640916988403
-2210.9186501827244
-2138.2546601385866
-2114.300827491535
-2246.3178532780366
-2143.7640916988403
-2210.9186501827244
-2138.2546601385866
-2114.300827491535
-2245.8804941311273
-2146.0182729089756
-2211.3997595081455
-2138.1208019397873
-2113.0153815947456
-2226.877371120607
-2173.0031012571503
-2189.436299812096
-2146.3164125938783
-2105.813656658525
-2245.8804941311273
-2146.0182729089756
-2211.3997595081455
-2138.1208019397873
-2113.0153815947456
-2246.3178532780366
-2143.7640916988403
-2210.9186501827244
-2138.2546601385866
-2114.300827491535
-2225.1886162776304
-2162.763747176923
-2181.0672075872203
-2151.3942692024934
-2103.391056999677
-2181.680329509153
-2142.258528861723
-2165.0886573363946
-2111.7079197592852
-2096.3432027759977
-2244.861440939171
-2176.816717977156
-2205.1942080805766
-2145.385259352302
-2112.9620665306766
-2244.861440939171
-2176.816717977156
-2205.1942080805766
-2145.385259352302
-2112.9620665306766
-2244.729531058509
-2153.016498240303
-2208.6444568628654
-2147.295119340005
-2088.1110265158763
-2244.861440939171
-2176.816717977156
-2205.1942080805766
-2145.385259352302
-2112.9620665306766
-2244.8076322313727
-2173.452921068796
-2206.0238531721398
-2145.3690489316537
-2106.9331066123405
-2187.539053238723
-2091.875781267263
-2142.8273474425464
-2095.629618075271
-2057.083902953377
-2245.8965719095363
-2151.092991006865
-2200.5431290853876
-2151.112710644949
-2110.26969355843
-2246.0564445315595
-2151.8115001087735
-2202.4802211432466
-2151.112710645074
-2112.0687096612473
[INFO][smbo.py:327] Finished 100 trials.
-2244.861440939171
-2176.816717977156
-2205.1942080805766
-2145.385259352302
-2112.9620665306766
-2244.861440939171
-2176.816717977156
-2205.1942080805766
-2145.385259352302
-2112.9620665306766
-2244.861440939171
-2176.816717977156
-2205.1942080805766
-2145.385259352302
-2112.9620665306766
-2246.744404803598
-2165.230865261829
-2201.288793428779
-2145.7490320576353
-2086.55705269414
-2244.1224760089517
-2169.785640804157
-2178.961294643612
-2151.6880947392215
-2088.292353132533
-2203.252351324409
-2156.771668750216
-2166.9829200379077
-2143.2281153801396
-2106.2220909219427
-2233.402267364879
-2161.4468413383615
-2178.9303829740925
-2145.582037610439
-2102.038150086789
-2245.3274823067823
-2166.880796493707
-2195.696699686964
-2144.3771925816563
-2105.6768146420577
-2244.861440939171
-2176.816717977156
-2205.1942080805766
-2145.385259352302
-2112.9620665306766
-2244.861440939171
-2176.816717977156
-2205.1942080805766
-2145.385259352302
-2112.9620665306766
-2244.861440939171
-2176.816717977156
-2205.1942080805766
-2145.385259352302
-2112.9620665306766
-2244.861440939171
-2176.816717977156
-2205.1942080805766
-2145.385259352302
-2112.9620665306766
-2245.510725108847
-2176.845561502558
-2206.226912046524
-2145.369048786403
-2115.152339371246
[INFO][abstract_intensifier.py:596] Added config f548fa and rejected config b5c0dd as incumbent because it is not better than the incumbents on 1 instances: 
-2244.861440939171
-2176.816717977156
-2205.1942080805766
-2145.385259352302
-2112.9620665306766
-2252.6951043296476
-2129.9911770301496
-2190.612769264485
-2144.5114994121686
-2084.196910379223
-2245.5251833466514
-2166.9736266137957
-2188.7235738343434
-2144.3850655693545
-2105.671230663718
-2209.101902080683
-2128.3621852842834
-2172.3507573199
-2114.630477923171
-2090.21796628812
-2248.062546218206
-2153.7483517048813
-2201.073551736151
-2147.782896451653
-2100.157124781658
-2233.500523860933
-2161.8540738689862
-2188.671182820986
-2138.4635493946685
-2097.844434220863
-2224.4196855535274
-2147.8286845579732
-2199.308814623551
-2160.7250941668854
-2089.312126610538
-2240.2320158156244
-2171.0628066187687
-2189.163033479277
-2158.2413117482984
-2099.4790660312137
-2244.871382455377
-2167.0357184638483
-2209.0167310634024
-2158.9296080846325
-2105.523724542819
-2244.5534421947755
-2159.58686374064
-2206.7284087576345
-2147.7249861134865
-2089.9123551187886
-2231.5797461003012
-2155.203974561904
-2190.9557649275603
-2134.3138491208365
-2091.3209989614634
-2213.130416587544
-2171.2504774280224
-2194.201083778392
-2160.4932673024764
-2101.946017733992
-2203.511636940232
-2136.05295847875
-2167.4635092350936
-2124.429363938088
-2093.5928280283356
-2228.802872632364
-2173.1488576383517
-2200.813480876157
-2155.5699746181485
-2089.120214647688
-2245.2420029468108
-2147.795135621676
-2197.268897924482
-2157.2196989220442
-2107.33314639954
-2213.130416587544
-2171.2504774280224
-2194.201083778392
-2160.4932673024764
-2101.946017733992
-2214.2944106563486
-2172.8007129322577
-2182.5906651544547
-2155.347330454139
-2094.747604644093
-2246.0564445315595
-2151.8115001087735
-2202.4802211432466
-2151.112710645074
-2112.0687096612473
-2228.5205788088215
-2165.1950294904605
-2210.3922730858376
-2154.5735847217356
-2085.0234831581092
-2244.861440939171
-2176.816717977156
-2205.1942080805766
-2145.385259352302
-2112.9620665306766
-2245.8965719095363
-2151.092991006865
-2200.5431290853876
-2151.112710644949
-2110.26969355843
-2245.8965719095363
-2151.092991006865
-2200.5431290853876
-2151.112710644949
-2110.26969355843
-2248.3740024120734
-2163.313362002043
-2199.704758116055
-2159.52198805961
-2096.527603960843
-2242.003335655937
-2159.330069003361
-2194.570369397381
-2153.742226207756
-2096.397039617878
-2247.2469059122623
-2158.165472631614
-2182.2039104422483
-2150.6169618759886
-2095.392565038076
-2192.6111017044177
-2166.1564499497654
-2153.2897236899676
-2128.6380364187953
-2094.390457259011
-2245.510725108847
-2176.845561502558
-2206.226912046524
-2145.369048786403
-2115.152339371246
-2245.510725108847
-2176.845561502558
-2206.226912046524
-2145.369048786403
-2115.152339371246
-2244.729531058509
-2153.016498240303
-2208.6444568628654
-2147.295119340005
-2088.1110265158763
-2244.861440939171
-2176.816717977156
-2205.1942080805766
-2145.385259352302
-2112.9620665306766
-2246.3678592014253
-2163.473777364664
-2208.7680700441974
-2158.578711419644
-2105.4771858999634
-2244.8076322313727
-2173.452921068796
-2206.0238531721398
-2145.3690489316537
-2106.9331066123405
-2130.26634400107
-2126.8812855994124
-2132.9695140833715
-2086.12564266786
-2079.1180847642395
-2200.9428379396822
-2164.2049443594206
-2169.2461600330516
-2145.6388151181072
-2103.733348083393
-2222.1611281685414
-2150.479055765605
-2198.085619906544
-2141.6376833192817
-2108.9983052777347
-2249.634799620984
-2163.2344155512014
-2195.3482894470867
-2149.393521270137
-2098.308837337604
-2249.634799620984
-2163.2344155512014
-2195.3482894470867
-2149.393521270137
-2098.308837337604
[INFO][smbo.py:327] Finished 150 trials.
-2245.8804941311273
-2146.0182729089756
-2211.3997595081455
-2138.1208019397873
-2113.0153815947456
-2247.981369940223
-2162.990478572944
-2204.969851722768
-2148.5538307638453
-2106.9718528987255
-2244.192601289935
-2156.532002122505
-2206.0519716549297
-2144.5897698845515
-2110.682984397549
-2246.0564445315595
-2151.8115001087735
-2202.4802211432466
-2151.112710645074
-2112.0687096612473
-2245.510725108847
-2176.845561502558
-2206.226912046524
-2145.369048786403
-2115.152339371246
-2245.510725108847
-2176.845561502558
-2206.226912046524
-2145.369048786403
-2115.152339371246
-2224.812757726358
-2160.1558621561653
-2169.751285228441
-2162.107266802798
-2099.9693289142097
-2245.510725108847
-2176.845561502558
-2206.226912046524
-2145.369048786403
-2115.152339371246
-2230.431057798992
-2143.944756959721
-2184.1524872367722
-2157.6821169479417
-2081.439491767971
-2233.864920055632
-2155.252011784378
-2193.4548295762206
-2132.138565989988
-2091.4959702904175
-2233.864920055632
-2155.252011784378
-2193.4548295762206
-2132.138565989988
-2091.4959702904175
-2244.861440939171
-2176.816717977156
-2205.1942080805766
-2145.385259352302
-2112.9620665306766
-2245.510725108847
-2176.845561502558
-2206.226912046524
-2145.369048786403
-2115.152339371246
-2245.510725108847
-2176.845561502558
-2206.226912046524
-2145.369048786403
-2115.152339371246
-2213.24674204818
-2167.4088473367465
-2189.028187985501
-2151.9735280447867
-2106.904691710102
-2245.510725108847
-2176.845561502558
-2206.226912046524
-2145.369048786403
-2115.152339371246
-2245.510725108847
-2176.845561502558
-2206.226912046524
-2145.369048786403
-2115.152339371246
-2245.510725108847
-2176.845561502558
-2206.226912046524
-2145.369048786403
-2115.152339371246
-2245.510725108847
-2176.845561502558
-2206.226912046524
-2145.369048786403
-2115.152339371246
-2245.510725108847
-2176.845561502558
-2206.226912046524
-2145.369048786403
-2115.152339371246
-2218.2355131725494
-2126.6326518315254
-2173.703104551549
-2136.346315254117
-2093.03392095269
-2234.145559006596
-2161.1448030812003
-2196.803296407641
-2149.6262700789953
-2089.7837912331815
-2238.0942868108414
-2163.8292320850605
-2220.2422169047063
-2152.0343479555777
-2097.7199869418687
-2231.5797461003012
-2155.203974561904
-2190.9557649275603
-2134.3138491208365
-2091.3209989614634
-2234.145559006596
-2161.1448030812003
-2196.803296407641
-2149.6262700789953
-2089.7837912331815
-2241.41494480945
-2143.3571802680717
-2186.0929039240777
-2148.410254743439
-2097.32065574935
-2245.510725108847
-2176.845561502558
-2206.226912046524
-2145.369048786403
-2115.152339371246
-2245.510725108847
-2176.845561502558
-2206.226912046524
-2145.369048786403
-2115.152339371246
-2245.510725108847
-2176.845561502558
-2206.226912046524
-2145.369048786403
-2115.152339371246
-2210.2026579105373
-2131.2860154878013
-2176.9148816764446
-2122.868390304463
-2078.8910579049248
-2245.510725108847
-2176.845561502558
-2206.226912046524
-2145.369048786403
-2115.152339371246
-2246.0564445315595
-2151.8115001087735
-2202.4802211432466
-2151.112710645074
-2112.0687096612473
-2246.0564445315595
-2151.8115001087735
-2202.4802211432466
-2151.112710645074
-2112.0687096612473
-2246.0564445315595
-2151.8115001087735
-2202.4802211432466
-2151.112710645074
-2112.0687096612473
-2245.510725108847
-2176.845561502558
-2206.226912046524
-2145.369048786403
-2115.152339371246
-2247.641695225219
-2167.039486225155
-2201.714357801362
-2155.8234115241967
-2099.2405726734814
-2245.510725108847
-2176.845561502558
-2206.226912046524
-2145.369048786403
-2115.152339371246
-2245.510725108847
-2176.845561502558
-2206.226912046524
-2145.369048786403
-2115.152339371246
-2245.510725108847
-2176.845561502558
-2206.226912046524
-2145.369048786403
-2115.152339371246
-2245.510725108847
-2176.845561502558
-2206.226912046524
-2145.369048786403
-2115.152339371246
-2245.510725108847
-2176.845561502558
-2206.226912046524
-2145.369048786403
-2115.152339371246
-2245.510725108847
-2176.845561502558
-2206.226912046524
-2145.369048786403
-2115.152339371246
-2242.650096506198
-2169.917606557498
-2180.4626317713596
-2125.649518551868
-2085.59022478459
-2244.4140264204875
-2168.4515789269417
-2202.153525014297
-2152.4899961405717
-2108.7394189427127
-2245.510725108847
-2176.845561502558
-2206.226912046524
-2145.369048786403
-2115.152339371246
-2227.4136294495784
-2141.0053858456386
-2171.6082176442924
-2166.8367432118634
-2100.150447353991
-2245.510725108847
-2176.845561502558
-2206.226912046524
-2145.369048786403
-2115.152339371246
-2245.510725108847
-2176.845561502558
-2206.226912046524
-2145.369048786403
-2115.152339371246
-2245.510725108847
-2176.845561502558
-2206.226912046524
-2145.369048786403
-2115.152339371246
-2139.4109738641228
-2120.5685827198813
-2127.9392962585516
-2082.9363158604665
-2081.832512948985
[INFO][smbo.py:327] Finished 200 trials.
[INFO][smbo.py:335] Configuration budget is exhausted:
[INFO][smbo.py:336] --- Remaining wallclock time: inf
[INFO][smbo.py:337] --- Remaining cpu time: inf
[INFO][smbo.py:338] --- Remaining trials: 0
