Using file: ../data/ela_with_cma_and_algo_normalised/A1_data_5D/A1_B64_5D_ela_with_state.csv
[INFO][abstract_initial_design.py:87] Reducing the number of initial configurations from 60 to 50 (max_ratio == 0.25).
[INFO][abstract_initial_design.py:139] Using 50 initial design configurations and 0 additional configurations.
[INFO][abstract_intensifier.py:307] Using only one seed for deterministic scenario.
-2478.4536437132565
-2502.0719701402595
-2518.4425668323142
-2486.816458806351
-2300.6817611515853
[INFO][abstract_intensifier.py:517] Added config 26fdc2 as new incumbent because there are no incumbents yet.
-2558.778467556782
-2591.6288407950715
-2486.4085528408955
-2457.242167350909
-2373.6590651702004
[INFO][abstract_intensifier.py:596] Added config 8a205f and rejected config 26fdc2 as incumbent because it is not better than the incumbents on 1 instances: 
-2489.7480600155964
-2504.2362199465433
-2510.1555393321005
-2459.0751045280495
-2315.657486450642
-2576.0540970174593
-2582.7838426594676
-2507.326619331843
-2492.2789676804823
-2381.0676226848814
[INFO][abstract_intensifier.py:596] Added config 71b0a5 and rejected config 8a205f as incumbent because it is not better than the incumbents on 1 instances: 
-2596.3488036125186
-2590.628969162841
-2496.9645251540915
-2499.123868438547
-2383.625624163622
[INFO][abstract_intensifier.py:596] Added config 87cf8a and rejected config 71b0a5 as incumbent because it is not better than the incumbents on 1 instances: 
-2413.063142125375
-2390.9591422938174
-2386.2272317318775
-2395.4520518365644
-2290.11977428971
-2612.9058109586804
-2586.507606096855
-2523.7324768870185
-2487.3921984852363
-2382.09070800937
[INFO][abstract_intensifier.py:596] Added config 423f12 and rejected config 87cf8a as incumbent because it is not better than the incumbents on 1 instances: 
-2459.1174183675894
-2511.4661550953942
-2475.8294995540246
-2441.8305790052977
-2355.3468144392073
-2603.8232575692405
-2585.3315912484113
-2539.6817583885186
-2500.888526945787
-2392.968559286216
[INFO][abstract_intensifier.py:596] Added config b7ad6c and rejected config 423f12 as incumbent because it is not better than the incumbents on 1 instances: 
-2486.8524592187478
-2502.368036127648
-2520.8620963058647
-2439.758598807156
-2314.767022878596
-2466.9068721011718
-2568.6104322524243
-2496.460878330884
-2507.952376509074
-2350.3998570652693
-2463.417425973143
-2498.953719818944
-2442.6526380975743
-2412.8693788527407
-2339.5707095053217
-2528.0603042714474
-2561.4333944647856
-2492.7318723203125
-2503.8881750455525
-2364.9471713573776
-2580.5419798574517
-2528.1319728771377
-2522.4782151542404
-2480.3184188352902
-2368.9112642279624
-2479.0940687137713
-2478.2692989004067
-2531.1794974680297
-2465.7910850161797
-2300.358147676441
-2524.2083028366287
-2539.934102255404
-2499.2730918789093
-2464.1372745127164
-2367.5519579982565
-2494.1370407260833
-2531.5410810839944
-2501.904614251528
-2421.7191452870975
-2303.857765181037
-2567.6156281686694
-2579.0068051409357
-2499.6257900467726
-2473.042961866342
-2384.2784862150074
-2502.2346593662915
-2531.9123421111635
-2491.6499808750145
-2476.87304586545
-2306.0775176259453
-2492.2591574495154
-2480.3470356856515
-2450.920935838718
-2473.3137369908245
-2300.6266286408054
-2594.43105037889
-2567.8226888543254
-2494.1909513062697
-2435.844921758313
-2388.997188846137
-2466.8058387885276
-2533.826939063084
-2490.9849501719827
-2455.724948051414
-2343.0900536066642
-2588.177001205994
-2564.577716290213
-2539.7019137351554
-2483.4945723166757
-2382.582805729743
-2492.2009293686524
-2471.2299416011238
-2422.55737470369
-2411.8181158599114
-2324.0541061826893
-2577.2863373435384
-2542.7912648856855
-2504.877912244932
-2480.443805364247
-2388.215485688185
-2404.069113501427
-2399.6172688256847
-2308.12580999469
-2414.62261674057
-2292.9676570470315
-2631.696090550105
-2590.286910969733
-2494.7677113608215
-2482.444349117073
-2384.2812952825625
-2505.5527112378986
-2499.8889143897954
-2511.081972000471
-2418.9375269098628
-2325.9046752201816
-2503.0523727920017
-2529.710514929293
-2485.375054431571
-2467.1082467401948
-2331.084909039519
-2560.940845320797
-2556.9020488097804
-2490.299368041703
-2450.043073693908
-2358.6737140669698
-2468.7688104934514
-2512.680841443588
-2482.690131583475
-2478.3577939656548
-2338.754077891968
-2604.6597760508694
-2548.185216815684
-2536.8513469591453
-2474.10741084922
-2390.457899338052
-2558.9443146475815
-2546.419924842997
-2509.8261909956236
-2461.2073189184616
-2343.7099015962626
-2437.8508516294455
-2432.884131146076
-2421.470098845095
-2415.261971936366
-2322.71661806576
-2608.408919399278
-2597.5063439823302
-2527.7526274526545
-2497.6185321076196
-2384.1539680062997
-2456.1243503919495
-2448.8504133185525
-2435.3987547436354
-2441.785685349061
-2371.2462816984653
-2443.1787879802187
-2503.1432429754996
-2462.0041371410352
-2443.00046726387
-2338.128588845442
-2580.5443815185654
-2555.652136233705
-2487.1084141274887
-2464.7907156604188
-2387.3143060426246
-2523.3140769913994
-2515.1472321260926
-2526.019332193627
-2470.6897430598788
-2336.7396024069294
-2607.1780668890215
-2574.7919746449525
-2527.842782981219
-2470.2121040471084
-2377.9593133941853
-2529.7454516061534
-2554.8573567636176
-2505.6247384381754
-2475.1000627907274
-2334.3333911667232
-2562.112565657788
-2565.8566624626947
-2502.6948606921046
-2460.9595263264296
-2383.349819713156
-2480.7265448386815
-2525.5704262957233
-2448.1231114604943
-2459.2580080512603
-2291.1016338221552
-2466.8319643132654
-2491.2833860545843
-2460.0706311523127
-2474.850095075024
-2359.597234465562
-2578.8672232427475
-2593.2809768870884
-2572.731643609529
-2487.184088915619
-2380.9024801232827
-2487.1643568276354
-2522.090125904208
-2459.233039437046
-2416.420964183564
-2331.3268625296046
-2520.5465516969807
-2535.4581643680044
-2471.6261265673747
-2451.6593582984033
-2361.933952270576
-2509.6385614133637
-2506.4429110443407
-2474.0876569615084
-2448.3418645804268
-2352.162452095263
-2581.9209563419568
-2581.4252234824344
-2500.145078823565
-2478.534587498595
-2385.1474179465436
-2569.976248738519
-2551.6002040325952
-2520.4808397839547
-2473.0985050745066
-2377.556651275999
[INFO][smbo.py:327] Finished 50 trials.
-2599.262674778825
-2586.232114302824
-2533.051596479681
-2483.1246076220223
-2384.1612939540723
-2603.565580252958
-2578.6973705171495
-2533.482232712097
-2453.172345522915
-2382.6670095421714
-2600.407916639447
-2561.5797279522594
-2509.183376738564
-2472.8871249832314
-2397.261215261504
-2606.5942830063022
-2571.4684167211117
-2519.719820873017
-2469.251456818678
-2384.4036260037515
-2474.4522330874543
-2509.390114759926
-2488.7401780994132
-2447.801157677804
-2367.785269852903
-2567.055873353945
-2555.8247636713704
-2499.7592852417756
-2479.6575403010925
-2333.9206658684298
-2534.3453398237525
-2533.1176547142068
-2514.4295258713505
-2486.83823339339
-2370.3778382428773
-2598.6078055428143
-2581.6728783706285
-2530.835265231514
-2506.7343565918236
-2386.4093291753525
-2561.15025437706
-2562.771149683512
-2501.3270284936257
-2486.9317195890562
-2396.6739896466
-2591.83641578521
-2562.7157750537167
-2551.020673991254
-2498.1471564472154
-2385.7970667319614
-2578.738845274338
-2587.4282715173103
-2486.5453461797233
-2453.121512383296
-2385.0196632855996
-2598.4415441477618
-2576.968978056846
-2518.3948395009375
-2481.156333740276
-2383.3670779375793
-2603.2810050833828
-2552.1426928960072
-2503.1106145668077
-2507.0832030960437
-2391.088709982331
-2620.744217625758
-2564.5837957437816
-2545.1798827309685
-2490.0820696710784
-2389.538835539916
-2444.1497906269387
-2487.2327101339392
-2504.642260952476
-2427.613902618359
-2294.664933037719
-2351.5702767446323
-2329.748747500956
-2383.4165910122492
-2353.399123020114
-2266.588204434505
-2581.7520345344424
-2586.808806701122
-2539.3836120883398
-2496.367596543055
-2388.6887086127626
-2581.7520345344424
-2586.808806701122
-2539.3836120883398
-2496.367596543055
-2388.6887086127626
-2581.7520345344424
-2586.808806701122
-2539.3836120883398
-2496.367596543055
-2388.6887086127626
-2601.5407338614045
-2574.0964525035674
-2524.114839322654
-2460.4077257390354
-2387.8388856304628
-2570.125962772003
-2581.830139135366
-2524.73957516707
-2459.83865308573
-2387.9152203989206
-2488.275950333356
-2548.805771771789
-2515.689112697132
-2480.610401771117
-2339.051778766368
-2601.5407338614045
-2574.0964525035674
-2524.114839322654
-2460.4077257390354
-2387.8388856304628
-2601.5407338614045
-2574.0964525035674
-2524.114839322654
-2460.4077257390354
-2387.8388856304628
-2603.8232575692405
-2585.3315912484113
-2539.6817583885186
-2500.888526945787
-2392.968559286216
-2571.503782001722
-2559.826596008153
-2531.106803453305
-2499.923779685672
-2383.537085067089
-2603.8232575692405
-2585.3315912484113
-2539.6817583885186
-2500.888526945787
-2392.968559286216
-2602.57790938586
-2608.2736150081655
-2534.9716825187415
-2481.256566913047
-2384.989357225863
-2539.749881667538
-2508.3336797654274
-2501.6959384415795
-2475.794362825549
-2337.7508206808016
-2640.049039138931
-2598.8159331945135
-2546.305259195077
-2490.0502208342696
-2387.1918374124343
[INFO][abstract_intensifier.py:596] Added config 03623e and rejected config b7ad6c as incumbent because it is not better than the incumbents on 1 instances: 
-2615.8950429046618
-2595.054439133951
-2501.2103535394385
-2483.679323576902
-2383.651158550515
-2434.3750349259344
-2412.1430590670893
-2434.5006892897236
-2400.790014549599
-2305.4524889699223
-2635.4123413727275
-2602.341995879026
-2546.5453540121957
-2489.9506181806937
-2386.0732724022937
-2635.4123413727275
-2602.341995879026
-2546.5453540121957
-2489.9506181806937
-2386.0732724022937
-2644.304757149876
-2608.3888085526255
-2535.6153756970634
-2482.2895579349947
-2374.622152134729
-2654.1133997195866
-2595.018859558978
-2552.986783520332
-2478.759504685944
-2385.7454203081156
[INFO][abstract_intensifier.py:596] Added config 9da481 and rejected config 03623e as incumbent because it is not better than the incumbents on 1 instances: 
-2538.3058368860166
-2546.056105984503
-2487.559006564539
-2482.048318964252
-2347.075953222327
-2650.801083878079
-2583.210693411061
-2546.040147682279
-2480.428720071487
-2384.6681423393347
-2631.4842123006592
-2594.273262844961
-2540.265540642694
-2485.81419197716
-2386.196255114931
-2572.399278546117
-2558.3539011869957
-2518.4012472583777
-2461.0041604376866
-2376.679135215353
-2596.3442344258533
-2583.742950046142
-2529.9129452675065
-2480.8873574219438
-2382.7614734166955
-2526.01820963476
-2485.3298120990403
-2451.2274537657063
-2424.7133921198647
-2339.69732841601
-2597.991951733146
-2566.36953180239
-2514.184882638222
-2479.459479019606
-2381.4205595364824
-2605.486678532306
-2607.7250895269563
-2516.972695458223
-2494.521294747636
-2378.912513757642
-2600.773006013041
-2595.162216020287
-2555.6784014874734
-2491.2767620776353
-2378.95726180512
-2622.8078621364725
-2567.4976439481998
-2534.257605827728
-2461.4553616484463
-2390.2657646662346
-2582.6463431620796
-2559.275235788894
-2525.235691254331
-2453.6869156179137
-2364.137179734435
-2565.8003991797655
-2571.715866740984
-2500.3425042174385
-2516.8854690026005
-2355.196255913713
-2451.508009913252
-2440.9710181248593
-2487.697102649863
-2395.9719578007007
-2307.3756029015863
-2628.1259554211465
-2599.8769815331675
-2539.5305672588347
-2494.785083595261
-2386.0183031119386
[INFO][smbo.py:327] Finished 100 trials.
-2628.1259554211465
-2599.8769815331675
-2539.5305672588347
-2494.785083595261
-2386.0183031119386
-2656.8187235099576
-2606.5363906610537
-2538.0573440631397
-2482.8577667279314
-2385.022634151802
[INFO][abstract_intensifier.py:596] Added config b702de and rejected config 9da481 as incumbent because it is not better than the incumbents on 1 instances: 
-2656.8187235099576
-2606.5363906610537
-2538.0573440631397
-2482.8577667279314
-2385.022634151802
-2628.1259554211465
-2599.8769815331675
-2539.5305672588347
-2494.785083595261
-2386.0183031119386
-2585.000215729096
-2605.9915271517334
-2491.9504223102613
-2473.3224871389957
-2384.6344754046363
-2519.5738117086976
-2506.665910330655
-2501.3030267011927
-2428.942470286108
-2290.2575310653006
-2561.627298840155
-2554.447835130536
-2509.186442554625
-2455.7728442560965
-2375.609379434969
-2657.892468222576
-2599.9006051372453
-2552.284181591805
-2489.1438490696446
-2384.9691195977002
[INFO][abstract_intensifier.py:596] Added config 6cb098 and rejected config b702de as incumbent because it is not better than the incumbents on 1 instances: 
-2657.892468222576
-2599.9006051372453
-2552.284181591805
-2489.1438490696446
-2384.9691195977002
-2656.926235932571
-2601.4553729338477
-2544.4855082154363
-2488.930632549847
-2385.2934495720756
-2657.892468222576
-2599.9006051372453
-2552.284181591805
-2489.1438490696446
-2384.9691195977002
-2657.0471488914477
-2601.4553729338477
-2542.0252592226216
-2488.930632549847
-2385.030908094631
-2657.892468222576
-2599.9006051372453
-2552.284181591805
-2489.1438490696446
-2384.9691195977002
-2657.892468222576
-2599.9006051372453
-2552.284181591805
-2489.1438490696446
-2384.9691195977002
-2584.9189229868216
-2552.7672868401924
-2508.6808723102035
-2483.62697785906
-2381.3651332070567
-2607.7213011609124
-2596.9217835382888
-2537.1207505947386
-2495.322333770173
-2385.813820377038
-2484.769841568103
-2501.1321013914103
-2484.045361172207
-2450.517044183608
-2331.1674890685954
-2613.550359356519
-2592.042244622795
-2534.7941551771773
-2488.5253073417116
-2385.547188025952
-2634.822931767176
-2592.9415691247737
-2568.571919261467
-2485.1165702260655
-2385.2561240246655
-2575.4476607399297
-2564.2595930182283
-2518.28527672788
-2497.7658360177993
-2389.328049064177
-2624.0672113838255
-2596.932312405065
-2500.4884108428255
-2498.13064631596
-2384.8457800671154
-2613.231264220759
-2589.449284835541
-2534.814941739367
-2488.609339354152
-2385.7698217178613
-2582.2800128785275
-2601.400399047465
-2538.7056579613563
-2487.1230928038203
-2390.0643530790985
-2593.010386683888
-2618.942188127557
-2532.782785208
-2473.0076063437155
-2377.5518418350975
-2595.55808175369
-2564.8829246701225
-2518.1846797316853
-2483.889075896829
-2386.552420518387
-2468.70793803091
-2527.961134423543
-2510.30220768936
-2459.4987127930654
-2367.538773491763
-2589.616832627592
-2591.061817353654
-2543.5978672009837
-2481.7976158952924
-2385.6882669070706
-2576.8115170057135
-2557.194321322621
-2513.5285841694495
-2494.9411459029056
-2383.9386197770455
-2595.8078029341577
-2565.2839431909047
-2530.679612737388
-2483.6623786136915
-2375.849634249471
-2612.3296939120128
-2576.4417870457632
-2527.981575247836
-2478.0961208291146
-2381.100743429856
-2660.2706838402037
-2605.9940964764564
-2566.0925354659503
-2484.3902372560037
-2384.3347153383834
[INFO][abstract_intensifier.py:596] Added config 72516a and rejected config 6cb098 as incumbent because it is not better than the incumbents on 1 instances: 
-2533.2420682019565
-2572.8444588079865
-2523.427928753574
-2472.8961806545767
-2329.22597333781
-2655.059747685398
-2600.7912164916274
-2558.4509740051367
-2483.3667960442954
-2383.750622509538
-2653.8664992183794
-2615.021334694363
-2546.014222041389
-2484.634846084019
-2383.7585903248764
-2653.8664992183794
-2619.5915565501596
-2550.522455979397
-2483.9182229321304
-2383.7585903248764
-2638.70926497184
-2593.297125194472
-2537.9819921915064
-2489.9084612367988
-2385.3068963810083
-2638.6973657813696
-2592.470079932543
-2531.5302387297706
-2490.1216772921744
-2385.028614163938
-2639.0117163977693
-2594.7481036582403
-2549.863351566638
-2497.365249522788
-2384.13550601218
-2470.912610295864
-2500.735275077324
-2450.946388656951
-2451.033227633835
-2304.1853285282314
-2611.834527143481
-2595.2869319284646
-2538.222130293272
-2484.169711087099
-2385.8929919115494
-2598.6173846300194
-2595.0649286128146
-2550.8018504553283
-2476.9847866464816
-2384.3266244871775
-2598.6173846300194
-2595.0649286128146
-2550.8018504553283
-2476.9847866464816
-2384.3266244871775
-2611.834527143481
-2595.2869319284646
-2538.222130293272
-2484.169711087099
-2385.8929919115494
-2598.6173846300194
-2595.0649286128146
-2550.8018504553283
-2476.9847866464816
-2384.3266244871775
-2611.834527143481
-2595.2869319284646
-2538.222130293272
-2484.169711087099
-2385.8929919115494
-2594.389566130031
-2593.36708945551
-2525.2661985536542
-2486.642801774009
-2383.7616066879937
-2468.72430613486
-2434.594664973387
-2415.633157766095
-2407.9399966150545
-2309.1877686664084
-2482.2714021072525
-2549.466353818074
-2505.8302611420204
-2456.9125574570903
-2301.4279392343215
-2505.437061721956
-2507.4807936558573
-2498.8341014032303
-2478.500562869607
-2349.8454757045674
-2652.367540224446
-2602.451097665515
-2556.7275556930254
-2484.390237259003
-2384.5610461712017
[INFO][smbo.py:327] Finished 150 trials.
-2660.2706838402037
-2605.9940964764564
-2566.0925354659503
-2484.3902372560037
-2384.3347153383834
-2652.367540224446
-2602.451097665515
-2556.7275556930254
-2484.390237259003
-2384.5610461712017
-2650.566207848894
-2601.538074931701
-2555.011323284826
-2484.390237259003
-2384.5610461712017
-2660.2706838402037
-2605.9940964764564
-2566.0925354659503
-2484.3902372560037
-2384.3347153383834
-2651.4447154298155
-2617.251873553425
-2545.273367559163
-2485.5748085754162
-2384.768909305048
-2651.4447154298155
-2617.251873553425
-2545.273367559163
-2485.5748085754162
-2384.768909305048
-2651.4447154298155
-2617.251873553425
-2545.273367559163
-2485.5748085754162
-2384.768909305048
-2515.9600938576414
-2541.212470264231
-2495.867353061733
-2464.314940381644
-2320.304088650756
-2651.4447154298155
-2617.251873553425
-2545.273367559163
-2485.5748085754162
-2384.768909305048
-2475.693370173776
-2517.9945406958686
-2457.712328027753
-2461.012039935164
-2349.305619830351
-2651.4447154298155
-2617.251873553425
-2545.273367559163
-2485.5748085754162
-2384.768909305048
-2651.4447154298155
-2617.251873553425
-2545.273367559163
-2485.5748085754162
-2384.768909305048
-2660.2706838402037
-2605.9940964764564
-2566.0925354659503
-2484.3902372560037
-2384.3347153383834
-2660.2706838402037
-2605.9940964764564
-2566.0925354659503
-2484.3902372560037
-2384.3347153383834
-2660.2706838402037
-2605.9940964764564
-2566.0925354659503
-2484.3902372560037
-2384.3347153383834
-2439.857743392364
-2483.617493934728
-2497.3471093924445
-2457.750052876985
-2299.4362776090147
-2660.2706838402037
-2605.9940964764564
-2566.0925354659503
-2484.3902372560037
-2384.3347153383834
-2660.2706838402037
-2605.9940964764564
-2566.0925354659503
-2484.3902372560037
-2384.3347153383834
-2660.2706838402037
-2605.9940964764564
-2566.0925354659503
-2484.3902372560037
-2384.3347153383834
-2660.2706838402037
-2605.9940964764564
-2566.0925354659503
-2484.3902372560037
-2384.3347153383834
-2481.769090405427
-2505.633382731604
-2518.418676200543
-2442.3985697014127
-2318.0651253528645
-2660.2706838402037
-2605.9940964764564
-2566.0925354659503
-2484.3902372560037
-2384.3347153383834
-2660.2706838402037
-2605.9940964764564
-2566.0925354659503
-2484.3902372560037
-2384.3347153383834
-2660.2706838402037
-2605.9940964764564
-2566.0925354659503
-2484.3902372560037
-2384.3347153383834
-2649.6644421091005
-2591.4136329725916
-2509.8411246862033
-2490.692522254663
-2375.392059859102
-2660.2706838402037
-2605.9940964764564
-2566.0925354659503
-2484.3902372560037
-2384.3347153383834
-2611.834527143481
-2595.2869319284646
-2538.222130293272
-2484.169711087099
-2385.8929919115494
-2660.2706838402037
-2605.9940964764564
-2566.0925354659503
-2484.3902372560037
-2384.3347153383834
-2322.7402497953667
-2305.108996304933
-2315.7179619026774
-2355.6675794934026
-2240.0629141899617
-2660.2706838402037
-2605.9940964764564
-2566.0925354659503
-2484.3902372560037
-2384.3347153383834
-2660.2706838402037
-2605.9940964764564
-2566.0925354659503
-2484.3902372560037
-2384.3347153383834
-2611.834527143481
-2595.2869319284646
-2538.222130293272
-2484.169711087099
-2385.8929919115494
-2480.7495605182485
-2515.7406280573396
-2457.4067752692376
-2476.2167214456836
-2289.507956683398
-2517.2833123134424
-2550.806002473534
-2478.8811190060756
-2468.9311177718437
-2307.8234248977587
-2537.304880091904
-2574.1833985381986
-2492.578133550865
-2494.3637468496327
-2375.3833041408916
-2537.304880091904
-2574.1833985381986
-2492.578133550865
-2494.3637468496327
-2375.3833041408916
-2660.2706838402037
-2605.9940964764564
-2566.0925354659503
-2484.3902372560037
-2384.3347153383834
-2464.036621823102
-2483.0692240096964
-2433.5355475574715
-2452.995947555522
-2352.403716381671
-2609.685304079643
-2592.847807716118
-2530.6206869190055
-2482.836817392894
-2385.756502962212
-2603.1143520073592
-2589.115790359475
-2528.3017957487564
-2480.667780672529
-2383.01302019669
-2496.2813185687887
-2534.561685637096
-2480.7797819876714
-2452.2730276797597
-2325.62582118699
-2603.1143520073592
-2589.115790359475
-2528.3017957487564
-2480.667780672529
-2383.01302019669
-2653.8013767070975
-2586.593543715568
-2546.002358838894
-2470.536908046778
-2385.120147154933
-2653.8013767070975
-2586.593543715568
-2546.002358838894
-2470.536908046778
-2385.120147154933
-2562.3967235144646
-2531.400075569171
-2513.8405143766736
-2449.7150775672567
-2304.192586407601
-2660.2706838402037
-2605.9940964764564
-2566.0925354659503
-2484.3902372560037
-2384.3347153383834
-2660.2706838402037
-2605.9940964764564
-2566.0925354659503
-2484.3902372560037
-2384.3347153383834
-2660.2706838402037
-2605.9940964764564
-2566.0925354659503
-2484.3902372560037
-2384.3347153383834
-2660.2706838402037
-2605.9940964764564
-2566.0925354659503
-2484.3902372560037
-2384.3347153383834
-2640.6420004601296
-2596.623567443295
-2559.172171964106
-2485.6779452484943
-2384.6311967552756
[INFO][smbo.py:327] Finished 200 trials.
[INFO][smbo.py:335] Configuration budget is exhausted:
[INFO][smbo.py:336] --- Remaining wallclock time: inf
[INFO][smbo.py:337] --- Remaining cpu time: inf
[INFO][smbo.py:338] --- Remaining trials: 0
