Using file: ../data/ela_with_cma_and_algo_normalised/A1_data_5D/A1_B650_5D_ela_with_state.csv
[INFO][abstract_initial_design.py:87] Reducing the number of initial configurations from 60 to 50 (max_ratio == 0.25).
[INFO][abstract_initial_design.py:139] Using 50 initial design configurations and 0 additional configurations.
[INFO][abstract_intensifier.py:307] Using only one seed for deterministic scenario.
-2204.410255024446
-2045.2712101838201
-2074.9288870310115
-2099.0533172800006
-2033.7855297047195
[INFO][abstract_intensifier.py:517] Added config 26fdc2 as new incumbent because there are no incumbents yet.
-2207.0306694130204
-2048.1794918883306
-2096.7362554186698
-2101.7395204816753
-2028.852514024695
[INFO][abstract_intensifier.py:596] Added config 8a205f and rejected config 26fdc2 as incumbent because it is not better than the incumbents on 1 instances: 
-2203.476622887347
-2040.349567024129
-2082.104700555479
-2078.940759629988
-2032.2237978419112
-2218.1356233913225
-2042.0944031297363
-2094.94572348296
-2108.3250487704017
-2042.8899881690961
[INFO][abstract_intensifier.py:596] Added config 71b0a5 and rejected config 8a205f as incumbent because it is not better than the incumbents on 1 instances: 
-2197.4584854513214
-2038.64552423799
-2095.9173191141053
-2103.519216384518
-2029.450521424174
-2164.3082717607367
-2053.275074314525
-2082.4042728815657
-1984.6561833418043
-2003.546426796608
-2187.7059239667674
-2046.7860949019669
-2104.4076508634853
-2079.3601288799227
-2015.372792932786
-2178.954367393813
-2053.2608848148457
-2064.8044039171277
-2071.218773371318
-2034.0839776066005
-2203.86352984353
-2069.8882707805565
-2111.74281744187
-2097.709161448108
-2038.8949570896243
[INFO][abstract_intensifier.py:596] Added config b7ad6c and rejected config 71b0a5 as incumbent because it is not better than the incumbents on 1 instances: 
-2184.5526556405503
-2010.933829236992
-2067.605700238817
-2076.6731426051433
-2015.9579278264837
-2190.5770451174367
-2043.2917444273914
-2098.3400692295436
-2118.3896168749516
-2038.4447707860063
-2152.277064132897
-2006.9905368261032
-2049.7669842373502
-2058.196410212978
-2019.5154628678652
-2196.495865220442
-2039.6233902560366
-2112.342834205489
-2088.15146003976
-2039.7231233508267
-2217.647611546689
-2027.6458133188512
-2100.6600687089203
-2095.94470883733
-2018.764915275799
-2204.075452747191
-2035.805667807363
-2068.076865007626
-2096.414317991427
-2028.6809125468744
-2213.9250141669345
-2084.5165529314336
-2092.7782077413553
-2102.6426631099525
-2061.986949582686
[INFO][abstract_intensifier.py:596] Added config e66913 and rejected config b7ad6c as incumbent because it is not better than the incumbents on 1 instances: 
-2202.882967732336
-2036.2132568214734
-2113.0450767663574
-2077.888762141278
-2025.0490689931316
-2211.7648731951426
-2041.5488812710012
-2101.3354769999996
-2086.4789297246725
-2043.7245084184726
-2191.6977645888255
-2043.1750289912875
-2084.97987738133
-2104.058770495266
-2033.9776004769697
-2202.5229033582086
-2066.2030205602105
-2128.794797394216
-2067.0368545396027
-2032.0932889263975
-2192.8797770673186
-2071.690181924165
-2144.341218545748
-2079.5771595399865
-2030.6625985034239
-2200.3307429577535
-2033.0575321610825
-2079.4209875983734
-2086.880742666026
-2039.498136469413
-2208.926605161467
-2038.9908051472262
-2114.4147314048005
-2109.0401076787257
-2030.8416398991199
-2159.574740434885
-1989.0657297437751
-2054.0047520950416
-2050.345000899033
-2007.9868651732052
-2195.6833458099272
-2035.500835788228
-2123.7106096841426
-2094.8959437282892
-2022.897716287811
-2128.37592492781
-2024.7238583422636
-2048.6852149355573
-2019.492416126697
-1995.247814474995
-2197.15737104803
-2027.8718314081425
-2123.8426957061038
-2102.230533951412
-2033.4982270706125
-2183.301811701807
-2041.0447099970966
-2076.4561558967166
-2075.1687657879465
-2039.1437511736272
-2197.1727379717227
-2044.1981771098963
-2079.565204197695
-2076.351193304107
-2035.732972092786
-2188.5520050812065
-2038.144835020935
-2077.7659961563845
-2098.350237685703
-2042.4757771288816
-2202.279267430839
-2045.562805542075
-2100.500948916939
-2103.9451875570094
-2038.070524571528
-2200.810199738457
-2029.7869047219303
-2122.6933886352235
-2093.2855566759276
-2036.8731037182752
-2192.39829840972
-2030.2134122823145
-2104.040950322051
-2091.364035243467
-2039.1048750230302
-2132.773962544897
-2038.3831827356676
-2044.9260864152072
-2035.982450563019
-2029.7444914164769
-2206.859274480194
-2053.4790925506413
-2129.563023995935
-2098.162494211678
-2026.7405780717036
-2195.8264041107736
-2064.8817155071224
-2067.483027119974
-2067.159952452491
-2034.0511459766967
-2183.6290298562444
-2021.8574659423618
-2076.569299904083
-2067.5752170427536
-2025.517085951027
-2211.060415822693
-2038.2830799173348
-2086.387752453801
-2093.566115466375
-2027.261294732577
-2196.78852677677
-2045.3610083536137
-2093.139679821295
-2097.923834473193
-2041.0782708245956
-2202.386180909776
-2042.162759767378
-2128.015555384194
-2102.0659036549177
-2019.9311691173114
-2213.827355169913
-2036.2378290163936
-2121.1559849644564
-2095.251765767006
-2042.2667811224444
-2207.2074022239967
-2062.9222220934917
-2131.1122899406923
-2107.582852072881
-2043.5559136469042
-2199.7072792106223
-2047.124459762745
-2079.0719436249847
-2094.0103715611294
-2025.7852435671668
-2188.9147877482037
-2039.6198356437142
-2087.3976688302537
-2094.075947748882
-2029.0844851004058
-2213.197215514867
-2042.3673839336564
-2126.400667560714
-2098.5653003329103
-2025.8734514807084
-2178.0511034198153
-2023.528284743083
-2073.555426206211
-2074.69140283373
-2021.1610439953395
-2219.501356855124
-2045.0923419714923
-2106.2731381479575
-2085.576661112803
-2041.747346267673
-2156.0391197114704
-2029.8136362100806
-2081.1618331851337
-2052.9862237664374
-2034.69439395886
-2212.032324981147
-2039.1795672791286
-2115.0977531534213
-2098.6545707790497
-2023.1963875711526
-2190.652275458858
-2037.655005736683
-2076.4663300033717
-2081.5105523788634
-2028.1083343562318
[INFO][smbo.py:327] Finished 50 trials.
-2197.923823359123
-2074.871333489852
-2089.8360745359673
-2087.682450725071
-2050.8609944543236
-2193.677411078768
-2065.8394259122415
-2112.382203410417
-2102.6896437555283
-2038.2398323620898
-2198.9382089213495
-2068.337275597157
-2087.0867633762778
-2085.5416460013553
-2054.9956661537603
-2205.6330540271765
-2049.9786811255703
-2099.617341197596
-2108.954045612298
-2047.4829826036062
-2186.767400865757
-2046.0452692112126
-2077.932531619291
-2072.5625936945717
-2034.2543760158214
-2194.6487879899887
-2030.619354832259
-2110.6564363122798
-2086.220104911211
-2019.7185580689343
-2201.44382007217
-2042.4169805373263
-2098.429637095061
-2093.3549002335253
-2048.937773430812
-2203.744814600462
-2057.7162173373263
-2102.254155548372
-2092.6455261889832
-2058.603461811819
-2209.1162938582697
-2039.537241243919
-2093.455880478179
-2085.082460951188
-2057.3932221122222
-2212.6735767666614
-2068.702559272475
-2106.845589250742
-2088.0879332860827
-2052.0819502701165
-2205.472256274409
-2046.1674088991713
-2103.4389740934266
-2098.6340850277707
-2038.8687281604962
-2212.6735767666614
-2068.702559272475
-2106.845589250742
-2088.0879332860827
-2052.0819502701165
-2203.645298049455
-2063.705901199465
-2100.419987683454
-2107.3036354778205
-2052.9129513547014
-2210.2369906087465
-2056.731932360791
-2094.636900156665
-2077.4471239334393
-2047.3564944613559
-2188.3936398976475
-2028.8773911264034
-2077.74462661944
-2086.1712300203985
-2032.327443290659
-2120.1054770622586
-2024.2112954835127
-2011.5097118407848
-1990.019648776528
-1940.955440248799
-2207.760884524362
-2066.882987272798
-2124.0335116488045
-2105.974391636773
-2047.0520510204776
-2202.9368085726132
-2056.111374509148
-2101.6318099947366
-2100.346252224163
-2046.6775711433568
-2192.952363473815
-2051.8426797250972
-2137.660311890029
-2092.4881254721486
-2054.362338112696
-2214.684167311057
-2047.7819349486545
-2095.3183885335893
-2101.754909298399
-2048.397264723632
-2212.3021694631684
-2068.8139341696897
-2120.448607647521
-2111.5398250189046
-2045.911319793664
[INFO][abstract_intensifier.py:596] Added config 24ebfc and rejected config e66913 as incumbent because it is not better than the incumbents on 1 instances: 
-2214.232404404046
-2059.5145754541186
-2119.4412677061664
-2095.529695753448
-2049.1973324828045
-2211.260910785255
-2040.1568364038512
-2132.021154487832
-2104.365739466529
-2039.8173764790427
-2224.509161329387
-2053.430951902102
-2098.534869325914
-2104.836299910795
-2032.8989271188523
-2204.9081648038837
-2055.5070294265925
-2099.5485955786903
-2106.5920119162097
-2058.059163239567
-2208.2503168563594
-2076.4059443629217
-2106.476563729914
-2088.491881615091
-2055.718916012792
-2184.3223068929847
-2046.7481144589958
-2134.3402645157603
-2097.023520857505
-2031.8357194837636
-2212.310800727447
-2070.066906158818
-2118.6423671652146
-2094.5065466308724
-2044.6646522786773
-2219.7362991851073
-2061.9775517302132
-2128.8497887460967
-2096.231143029754
-2055.997289773676
[INFO][abstract_intensifier.py:596] Added config e418db and rejected config 24ebfc as incumbent because it is not better than the incumbents on 1 instances: 
-2185.5700992221387
-2039.104379435156
-2093.5310876155227
-2108.4091898906836
-2032.7839415345425
-2210.4800760656617
-2053.75321494107
-2108.5625881256037
-2122.1447734590374
-2039.7961423415554
-2206.4617263868745
-2042.3381613958416
-2136.2024737590937
-2104.9601230877433
-2029.6286089885305
-2179.7799695900867
-2030.9676353340765
-2069.0229584216086
-2048.589812359997
-2046.8261745717705
-2209.365134228067
-2054.438249189046
-2114.9049203608943
-2104.1997848289916
-2038.9950351274583
-2196.252580609249
-2071.5069405863946
-2116.971765174167
-2104.4865461330874
-2047.5444519192167
-2209.03417248026
-2072.676788865188
-2093.5150344626522
-2096.021364445297
-2048.773750590445
-2220.6366927455097
-2046.9103637928365
-2099.488984825906
-2101.2326736508985
-2035.5502554711393
-2211.7674360169667
-2040.9806227188296
-2094.888793238935
-2107.933714145348
-2038.5887259819094
-2203.965569672581
-2064.1620635427716
-2096.2658889488794
-2090.440239612804
-2047.5536848117188
-2220.609604791044
-2048.1839364186435
-2106.64636401987
-2094.5434571760675
-2041.8873817084725
-2197.868122409682
-2031.5073409187162
-2112.0135030575466
-2093.4903070294567
-2035.2397093335353
-2219.7362991851073
-2061.9775517302132
-2128.8497887460967
-2096.231143029754
-2055.997289773676
-2169.178288607534
-2005.3594581048621
-2050.8192122684627
-2057.1556212827377
-2010.2522528341715
-2223.7098334393013
-2037.6296396237458
-2119.517676794164
-2087.5321339630977
-2039.404026782865
-2223.7098334393013
-2037.6296396237458
-2119.517676794164
-2087.5321339630977
-2039.404026782865
-2222.974388990938
-2061.121731553638
-2132.485424238866
-2088.5802123416347
-2045.9888977815344
-2219.7362991851073
-2061.9775517302132
-2128.8497887460967
-2096.231143029754
-2055.997289773676
-2205.4164036224056
-2061.85207829013
-2096.617180377826
-2094.986148618097
-2047.2679225453744
-2192.2050512381334
-2043.238764807085
-2075.029501817112
-2069.3709296275206
-2024.7232541834378
-2219.736299223083
-2052.584636562036
-2134.1818923076826
-2096.160473965179
-2056.9548166193617
[INFO][smbo.py:327] Finished 100 trials.
-2220.934053300759
-2053.740885803343
-2136.9890451311035
-2093.4899133564363
-2053.6715103740053
-2219.142643802752
-2063.139609669299
-2137.0698128097392
-2089.9092224341553
-2051.848586076785
-2211.2068406384883
-2066.8569754730547
-2137.712065942052
-2103.8788944170165
-2047.0807712114247
[INFO][abstract_intensifier.py:596] Added config e86864 and rejected config e418db as incumbent because it is not better than the incumbents on 1 instances: 
-2220.934053300759
-2053.740885803343
-2136.9890451311035
-2093.4899133564363
-2053.6715103740053
-2205.8566181759975
-2042.7112154300175
-2083.782680520721
-2096.2565341735544
-2029.0052329876348
-2212.3349979113023
-2040.1089719465085
-2135.4016608599513
-2104.1772943491487
-2026.4355488163615
-2193.7253646706204
-2040.340623453579
-2089.027289501307
-2101.7215811784545
-2035.8280589910373
-2211.2097760792485
-2067.2907812432722
-2135.877695518577
-2104.595605642048
-2047.599469907461
-2211.2068406384883
-2066.8569754730547
-2137.712065942052
-2103.8788944170165
-2047.0807712114247
-2211.2097760792485
-2067.2907812432722
-2135.877695518577
-2104.595605642048
-2047.599469907461
-2211.2068406384883
-2066.8569754730547
-2137.712065942052
-2103.8788944170165
-2047.0807712114247
-2211.2068406384883
-2066.8569754730547
-2137.712065942052
-2103.8788944170165
-2047.0807712114247
-2211.2068406384883
-2066.8569754730547
-2137.712065942052
-2103.8788944170165
-2047.0807712114247
-2205.1696274743636
-2069.4985004351033
-2127.950279630521
-2101.5458820521076
-2044.5961409017375
-2200.2904256293623
-2051.033973306175
-2115.3648392346204
-2083.6943073170332
-2051.9692717991265
-2226.742099758222
-2080.612216543674
-2123.3369324601
-2114.2583504493805
-2041.8667484840544
[INFO][abstract_intensifier.py:596] Added config 0a50c5 and rejected config e86864 as incumbent because it is not better than the incumbents on 1 instances: 
-2207.5302228421233
-2035.3265663472337
-2099.2630740305044
-2082.605792105958
-2043.4929902117362
-2211.2068406384883
-2066.8569754730547
-2137.712065942052
-2103.8788944170165
-2047.0807712114247
-2212.4791598486704
-2093.667634998514
-2115.4772578144484
-2106.5194174607395
-2046.874252774449
-2205.955632775798
-2045.6702630210573
-2132.6547878415504
-2095.279142973515
-2023.4808999103723
-2197.2959331225898
-2039.1546336456859
-2096.142388911622
-2079.777296757337
-2046.5149915906643
-2216.0407282046344
-2054.9288464125975
-2106.2242422235922
-2094.9892529262784
-2032.1992602431553
-2226.742099758222
-2080.612216543674
-2123.3369324601
-2114.2583504493805
-2041.8667484840544
-2226.742099758222
-2080.612216543674
-2123.3369324601
-2114.2583504493805
-2041.8667484840544
-2226.742099758222
-2080.612216543674
-2123.3369324601
-2114.2583504493805
-2041.8667484840544
-2188.986647068217
-2042.472216194825
-2117.983324180909
-2104.531522828718
-2048.407820178123
-2226.742099758222
-2080.612216543674
-2123.3369324601
-2114.2583504493805
-2041.8667484840544
-2138.664882103704
-2001.8127703697182
-2055.5615285858175
-2072.226970418672
-2010.784423374333
-2226.742099758222
-2080.612216543674
-2123.3369324601
-2114.2583504493805
-2041.8667484840544
-2226.742099758222
-2080.612216543674
-2123.3369324601
-2114.2583504493805
-2041.8667484840544
-2227.1257426995116
-2070.83394449352
-2121.2418113325753
-2112.124403153589
-2049.048710109641
-2196.5727286354727
-2025.430013495567
-2121.8885056359118
-2102.392109484188
-2035.7761223338784
-2214.366798527282
-2044.7618062138606
-2114.4912861554194
-2097.206275370486
-2039.7757768352403
-2210.9273578986913
-2053.43192676194
-2111.0573197492786
-2092.087107624846
-2035.6596646366925
-2222.4659901676523
-2048.5355822424417
-2100.965120803928
-2107.2056078136075
-2045.451791541304
-2227.1257426995116
-2070.83394449352
-2121.2418113325753
-2112.124403153589
-2049.048710109641
-2216.7638168909225
-2041.6093636201092
-2109.434152426672
-2103.8250921582403
-2048.3675840901205
-2215.7145195753064
-2053.439285979363
-2105.2893479914987
-2099.7752724724915
-2034.1196732220722
-2161.8854229974327
-2012.5286448507736
-2052.0726614711793
-2068.1653019818286
-2029.3796094313625
-2226.7363755048327
-2080.9977955160193
-2124.6014181674736
-2113.9496985757796
-2039.5426699012164
-2226.7363755048327
-2080.9977955160193
-2124.6014181674736
-2113.9496985757796
-2039.5426699012164
-2226.1343188592414
-2073.7118328522256
-2125.3796687828208
-2113.1822224592215
-2039.7330007915707
-2225.53846394981
-2073.7149687135316
-2125.1482358315297
-2114.609254388658
-2042.2022632248836
-2223.7895908549053
-2052.1153479286854
-2132.4079415542856
-2082.0317840430503
-2044.7847935747413
-2223.0380054287484
-2055.1171500996843
-2132.103084214977
-2090.2843917921546
-2045.6372586267412
-2226.742099758222
-2080.612216543674
-2123.3369324601
-2114.2583504493805
-2041.8667484840544
-2138.1509507942783
-1996.9767945483643
-2015.5135190404076
-2048.4711219383585
-1980.2777719418766
-2207.852406308151
-2035.0068707596788
-2120.4539713841286
-2087.8598888196775
-2023.8073978514344
-2200.0582380769847
-2042.0282184279574
-2093.7472865506907
-2099.6425165888145
-2032.9858007086304
-2226.742099758222
-2080.612216543674
-2123.3369324601
-2114.2583504493805
-2041.8667484840544
[INFO][smbo.py:327] Finished 150 trials.
-2226.742099758222
-2080.612216543674
-2123.3369324601
-2114.2583504493805
-2041.8667484840544
-2226.742099758222
-2080.612216543674
-2123.3369324601
-2114.2583504493805
-2041.8667484840544
-2194.988262095017
-2067.763705566213
-2113.3396382783703
-2096.7141122145617
-2044.5779023375487
-2201.6398308433295
-2058.1151517313083
-2100.8459018263006
-2096.89866210524
-2046.250451061797
-2226.742099758222
-2080.612216543674
-2123.3369324601
-2114.2583504493805
-2041.8667484840544
-2218.6354362049096
-2063.8317997479407
-2116.9178180773183
-2110.045036460949
-2038.1604604742797
-2223.840012594231
-2075.6460290786276
-2088.3854500676907
-2100.8703996740805
-2036.2424812838478
-2196.2065746188246
-2036.781270366965
-2097.6497467709446
-2104.355728314112
-2034.5811563825523
-2226.742099758222
-2080.612216543674
-2123.3369324601
-2114.2583504493805
-2041.8667484840544
-2200.22858869516
-2055.6435136222317
-2136.377518783983
-2086.2555301842144
-2049.848192961364
-2226.742099758222
-2080.612216543674
-2123.3369324601
-2114.2583504493805
-2041.8667484840544
-2218.6354362049096
-2063.8317997479407
-2116.9178180773183
-2110.045036460949
-2038.1604604742797
-2225.53846394981
-2073.7149687135316
-2125.1482358315297
-2114.609254388658
-2042.2022632248836
-2225.53846394981
-2073.7149687135316
-2125.1482358315297
-2114.609254388658
-2042.2022632248836
-2225.53846394981
-2073.7149687135316
-2125.1482358315297
-2114.609254388658
-2042.2022632248836
-2197.8037966016173
-2051.4922793700925
-2080.9493879861575
-2104.1171335003914
-2031.880457901049
-2225.524585251655
-2080.5840995063572
-2122.4155324741096
-2105.7535371699378
-2049.657752246686
-2225.53846394981
-2073.7149687135316
-2125.1482358315297
-2114.609254388658
-2042.2022632248836
-2225.53846394981
-2073.7149687135316
-2125.1482358315297
-2114.609254388658
-2042.2022632248836
-2225.53846394981
-2073.7149687135316
-2125.1482358315297
-2114.609254388658
-2042.2022632248836
-2225.53846394981
-2073.7149687135316
-2125.1482358315297
-2114.609254388658
-2042.2022632248836
-2190.411596671771
-2033.3946509921093
-2131.39416335055
-2093.991247060751
-2024.8386401845223
-2226.742099758222
-2080.612216543674
-2123.3369324601
-2114.2583504493805
-2041.8667484840544
-2216.5407006756113
-2052.015187340013
-2107.3924429103085
-2104.3240775848476
-2039.5060692006646
-2216.4509437490815
-2051.9618485487676
-2118.7583309324423
-2105.234312728894
-2039.5120495239362
-2216.5407006756113
-2052.015187340013
-2107.3924429103085
-2104.3240775848476
-2039.5060692006646
-2214.5695620261754
-2062.036717214298
-2128.820666493191
-2096.656946377124
-2013.8596141550856
-2224.3747018255362
-2052.9100434076317
-2116.4926091384605
-2097.612982580525
-2041.2941126124015
-2226.742099758222
-2080.612216543674
-2123.3369324601
-2114.2583504493805
-2041.8667484840544
-2216.4509437490815
-2051.9618485487676
-2118.7583309324423
-2105.234312728894
-2039.5120495239362
-2176.8939010281138
-2026.1852744271446
-2069.3243107567005
-2066.5727781456117
-2024.1615862700348
-2212.4791598486704
-2093.667634998514
-2115.4772578144484
-2106.5194174607395
-2046.874252774449
-2196.252580609249
-2071.5069405863946
-2116.971765174167
-2104.4865461330874
-2047.5444519192167
-2202.7307761560164
-2011.8804129547273
-2116.2101214571344
-2072.2043348415496
-2020.1750201546226
-2202.7307761560164
-2011.8804129547273
-2116.2101214571344
-2072.2043348415496
-2020.1750201546226
-2202.7307761560164
-2011.8804129547273
-2116.2101214571344
-2072.2043348415496
-2020.1750201546226
-2226.742099758222
-2080.612216543674
-2123.3369324601
-2114.2583504493805
-2041.8667484840544
-2226.742099758222
-2080.612216543674
-2123.3369324601
-2114.2583504493805
-2041.8667484840544
-2226.742099758222
-2080.612216543674
-2123.3369324601
-2114.2583504493805
-2041.8667484840544
-2226.742099758222
-2080.612216543674
-2123.3369324601
-2114.2583504493805
-2041.8667484840544
-2207.474172871732
-2081.815776436652
-2119.1971888686617
-2110.568369545681
-2042.8662748048919
-2175.5769431722088
-2036.8587650754762
-2079.855160331559
-2069.4761274133
-2037.1525049425968
-2226.742099758222
-2080.612216543674
-2123.3369324601
-2114.2583504493805
-2041.8667484840544
-2223.0380054287484
-2055.1171500996843
-2132.103084214977
-2090.2843917921546
-2045.6372586267412
-2205.550485737097
-2036.4693146619495
-2089.43880621794
-2099.264770672951
-2042.3548601144003
-2226.742099758222
-2080.612216543674
-2123.3369324601
-2114.2583504493805
-2041.8667484840544
-2226.742099758222
-2080.612216543674
-2123.3369324601
-2114.2583504493805
-2041.8667484840544
-2226.742099758222
-2080.612216543674
-2123.3369324601
-2114.2583504493805
-2041.8667484840544
-2208.140081776748
-2025.9684280641336
-2095.739476794512
-2083.752840436616
-2049.725011271488
-2226.742099758222
-2080.612216543674
-2123.3369324601
-2114.2583504493805
-2041.8667484840544
[INFO][smbo.py:327] Finished 200 trials.
[INFO][smbo.py:335] Configuration budget is exhausted:
[INFO][smbo.py:336] --- Remaining wallclock time: inf
[INFO][smbo.py:337] --- Remaining cpu time: inf
[INFO][smbo.py:338] --- Remaining trials: 0
