Using file: ../data/ela_with_cma_and_algo_normalised/A1_data_5D/A1_B700_5D_ela_with_state.csv
[INFO][abstract_initial_design.py:87] Reducing the number of initial configurations from 60 to 50 (max_ratio == 0.25).
[INFO][abstract_initial_design.py:139] Using 50 initial design configurations and 0 additional configurations.
[INFO][abstract_intensifier.py:307] Using only one seed for deterministic scenario.
-2146.2559811706933
-1978.0507576714413
-2023.101516718627
-2022.6586305012167
-1958.7414425812317
[INFO][abstract_intensifier.py:517] Added config 26fdc2 as new incumbent because there are no incumbents yet.
-2145.6706691992745
-1992.2080614272952
-2052.625894196615
-2041.2261090239826
-1957.317066198176
[INFO][abstract_intensifier.py:596] Added config 8a205f and rejected config 26fdc2 as incumbent because it is not better than the incumbents on 1 instances: 
-2147.130734470835
-1990.943493202367
-2011.8224426963732
-2035.0936218540442
-1961.3999405374318
-2142.1410064792585
-2000.7701224063098
-2044.5566137433611
-2055.4594285230605
-1979.7562148196953
[INFO][abstract_intensifier.py:596] Added config 71b0a5 and rejected config 8a205f as incumbent because it is not better than the incumbents on 1 instances: 
-2133.347194752175
-1991.0406107961958
-2027.5216529671284
-2041.6227838205352
-1967.4870920121098
-2074.2391730232594
-1996.8427008204512
-1997.0670014506004
-1992.7929052479735
-1952.1498034333126
-2128.1843732327698
-1998.638369947795
-2068.0381921996427
-2019.6457753906698
-1941.6212211690017
-2134.2772452327767
-1996.2842160478745
-1996.4459042396911
-2014.3297641189988
-1987.5244689750023
-2141.9257320863953
-2001.938479342677
-2058.412305787868
-2056.7949098546846
-1966.468176823737
[INFO][abstract_intensifier.py:596] Added config b7ad6c and rejected config 71b0a5 as incumbent because it is not better than the incumbents on 1 instances: 
-2139.6945124963922
-1980.3181593911975
-2020.055686888554
-2014.768422538247
-1953.7518508191001
-2143.763390039275
-2003.8854614698387
-2018.9276514606727
-2035.6815150863579
-1974.1582016563184
-2093.1938460963147
-1972.951435578987
-1970.7689548250403
-1960.443616964569
-1958.6250213169678
-2134.799578117958
-1986.4456975209325
-2067.8036271415986
-2026.7300677892663
-1958.0588903734738
-2145.4880042389964
-2011.995973353481
-2059.883014815304
-2035.9692688330063
-1963.2331374079897
-2126.3045222718356
-1986.6011045025375
-2028.51190632627
-2023.7934829882938
-1967.4447389474399
-2145.381024815054
-2013.4314940570712
-2036.2144768917922
-2043.1668627176389
-1974.815253360018
-2144.9824074957864
-1990.227598995597
-2054.4134072302186
-2024.2633796508171
-1970.2542330266406
-2160.2340390953673
-2002.2613920644635
-2057.5368160910034
-2056.3555724528646
-1987.1269080530217
[INFO][abstract_intensifier.py:596] Added config 46b4e3 and rejected config b7ad6c as incumbent because it is not better than the incumbents on 1 instances: 
-2129.780157489587
-1988.0334208619431
-2018.9844758336167
-2030.8622594131743
-1949.3457638754785
-2127.6441260649935
-2024.51787261678
-2058.2264431948092
-2024.7533782576606
-1974.9768083821577
-2153.7009756725333
-1999.8830594211076
-2065.0747655909236
-2033.2800972619464
-1975.7790815142432
-2139.6422286336156
-2005.9504707990502
-2014.895255504917
-2029.3245091209728
-1953.8444316732339
-2134.0231689933644
-1997.012783641346
-2044.4330455619452
-2043.105956179746
-1978.3009226779568
-2086.4493450919904
-1971.4807959302732
-1978.8292902115409
-1973.3275123044577
-1961.70812651749
-2148.1399322298316
-2002.6376173929098
-2054.617655020479
-2054.007035963467
-1956.9518758768259
-2091.0311116680327
-1934.4362117999742
-1970.0902576861527
-1951.1895768076756
-1916.4840102797843
-2132.835945272341
-1991.3107158918779
-2052.3257786743684
-2038.1648989939786
-1959.5952088949214
-2142.739701308392
-2003.9075992566209
-2023.1070940587938
-2011.0752627424943
-1966.5158116704517
-2146.761675492317
-1982.7175441313755
-1997.6990037114979
-2046.4244922604366
-1969.9068916717126
-2130.6729937326068
-1994.2211641594522
-1990.8864370721185
-2024.7441327422946
-1961.9024301199015
-2135.5053672880044
-2023.4628648863415
-2014.9640810061508
-2032.7920368572807
-1977.1724400008686
-2115.227703273409
-2003.6663310281147
-2049.5533737789724
-2053.5736742700615
-1956.9345438988996
-2123.851505359608
-1977.479013591272
-2065.9208536786723
-2022.570841365412
-1955.8979094065091
-2124.968465848597
-1980.6561136614912
-1958.5564904234793
-1979.0674357646662
-1948.3964421435699
-2133.0727259496316
-1992.6455374257207
-2053.609496776273
-2037.3571908119209
-1970.6517010418188
-2136.6662827367486
-2007.1358691257556
-2013.9673631148662
-2002.1703514229093
-1964.7121249031054
-2140.144792180917
-1999.0955109059803
-2025.320340781684
-2034.502482562226
-1957.7262211314503
-2132.7649442263364
-1986.0232963364479
-2033.686007039948
-2042.7706177274504
-1963.238456420159
-2149.7904612767516
-2000.8854710679623
-2015.2530050612147
-2043.6297680253747
-1968.790568590859
-2131.84451240447
-1984.6759289821375
-2048.9903329363324
-2050.052106636833
-1982.6874394849556
-2143.2851073976753
-1994.8179990330252
-2055.298250612987
-2047.4229605616229
-1957.1484891379257
-2147.665127313073
-2025.9883918455523
-2073.8903603424733
-2039.6400900083104
-1976.3793021329068
[INFO][abstract_intensifier.py:596] Added config 8358d2 and rejected config 46b4e3 as incumbent because it is not better than the incumbents on 1 instances: 
-2129.6027869597337
-1992.9941922290714
-2014.9062106330098
-2023.759329501304
-1974.3537908851467
-2142.17609054863
-1996.986865779777
-2047.6297461101535
-2026.4369598495582
-1962.9860907939055
-2138.9863578026475
-2002.8134933004947
-2048.9282788845812
-2059.3306614248872
-1954.219718854417
-2128.0881785835163
-1997.8977904668877
-2005.1656056302327
-2002.1123214079619
-1963.330834028697
-2145.4662889408523
-1996.5842749131205
-2024.6212401085816
-2050.7369448866034
-1981.8285229777525
-2133.8162027012727
-1989.2555677502214
-1983.747510896248
-1945.071423184934
-1926.6231318052298
-2142.7938489356966
-1996.4957029092966
-2052.390179784493
-2038.995470495557
-1958.0219814110192
-2142.13451238808
-1995.8660226198876
-1996.1714882696845
-2021.2482161204402
-1952.3057356869385
[INFO][smbo.py:327] Finished 50 trials.
-2134.7755551406594
-2017.2281180961018
-2058.8743602896375
-2053.1808976026873
-1967.0753547075367
-2145.744399798444
-2009.6456820366493
-2066.8006217938696
-2056.6225925191516
-1972.3393973586733
-2147.007964540052
-2014.6688804714304
-2067.9231227539517
-2033.353558137441
-1990.4355673394239
-2145.0221080339743
-2015.194202048187
-2062.1013638962254
-2028.5008071916538
-1986.641721710063
-2146.440657021886
-2010.0073839824404
-2021.7654470345315
-2019.2827437204346
-1983.1875937974876
-2126.833669962412
-2016.1291030207908
-2036.5650496749154
-2034.1260973225853
-1977.9029303403258
-2137.8875781171755
-1985.9581714823491
-2027.69792104158
-2010.0222236112536
-1974.011258926325
-2145.2338953124254
-2011.6125327905245
-2074.982127063019
-2052.762633583796
-1972.9412014595598
-2146.6890739365535
-2000.8085416582487
-2051.26076404805
-2032.0528058922005
-1971.1316806215777
-2146.6890739365535
-2000.8085416582487
-2051.26076404805
-2032.0528058922005
-1971.1316806215777
-2138.0468757549193
-1993.7543286253629
-2056.878633956038
-2035.9569756983592
-1958.9249682286663
-2145.613859737305
-2002.8973911497983
-2051.382847654504
-2032.3315597354037
-1975.7231507582617
-2149.40717132969
-1990.8578110583067
-2061.1641494599653
-2043.0003783386362
-1979.9046233394179
-2149.606268410911
-2005.1958628206544
-2041.2523626376042
-2045.8940732833157
-1985.626117828965
-2126.2212192986035
-1984.7892909895438
-2032.7495686622715
-2018.7914768523895
-1949.8050621230198
-2101.0398475246043
-1902.5640927341124
-1959.0012160804717
-1919.2690785243283
-1908.2258718657513
-2158.0804918330837
-2023.6755351381216
-2054.7669156066577
-2045.6062209784025
-1983.1200216457269
[INFO][abstract_intensifier.py:596] Added config d5381c and rejected config 8358d2 as incumbent because it is not better than the incumbents on 1 instances: 
-2146.606235357998
-2023.9034114486071
-2056.0014879250693
-2044.8871582022139
-1983.076295743138
-2146.8588785423785
-1998.2951230352696
-2063.349585586227
-2072.117484962141
-1970.739014169821
-2150.3086745159676
-2028.928162892828
-2061.083521338453
-2063.2833381138385
-1956.7013687457488
-2146.8588785423785
-1998.2951230352696
-2063.349585586227
-2072.117484962141
-1970.739014169821
-2146.0350966539627
-1993.112869594437
-2022.0988234430724
-2041.2752472685233
-1978.9132575403246
-2151.0323714266215
-2028.8573012530228
-2061.7890331381577
-2059.9306293013024
-1956.6259803317475
-2159.8050638481936
-2030.1175983848552
-2052.5501195673
-2039.5902571920014
-1987.316771705474
[INFO][abstract_intensifier.py:596] Added config 964893 and rejected config d5381c as incumbent because it is not better than the incumbents on 1 instances: 
-2147.806697777162
-2031.1514349565439
-2056.630906211968
-2035.153338943887
-1973.624782206478
-2147.3958090492765
-2014.8396287094188
-2031.5549822175776
-2034.5188231719162
-1992.5653173618412
-2154.1321850266077
-1994.274315702357
-2055.5437661502588
-2046.6656988272882
-1951.3957326730897
-2147.806697777162
-2031.1514349565439
-2056.630906211968
-2035.153338943887
-1973.624782206478
-2147.8274906087045
-2018.202620625729
-2067.6818318858946
-2050.1094858413862
-1962.8190393617765
-2132.1485154652237
-1987.4390768027652
-2027.348759822603
-2037.330258194134
-1951.7781638063825
-2147.952540947932
-2013.250382735284
-2031.1972616162143
-2040.839295192778
-1994.3265738194032
-2149.6718282869747
-1990.7390657643919
-2055.979101895031
-2041.2142763908732
-1966.8292499553495
-2098.7467385493237
-2015.476071536763
-2000.9589183954017
-2017.410383504239
-1962.8291616133952
-2159.8050638481936
-2030.1175983848552
-2052.5501195673
-2039.5902571920014
-1987.316771705474
-2159.8050638481936
-2030.1175983848552
-2052.5501195673
-2039.5902571920014
-1987.316771705474
-2159.8050638481936
-2030.1175983848552
-2052.5501195673
-2039.5902571920014
-1987.316771705474
-2148.7528718767585
-2022.6722862055312
-2067.025107408755
-2036.3278134020857
-1962.9153044984866
-2135.42878394181
-1985.81665958885
-2061.9506966204126
-2054.7911024138944
-1958.0838762663288
-2146.624310340256
-2003.9077641705821
-2047.809320203943
-2050.8784186946204
-1981.2287279613602
-2148.7528718767585
-2022.6722862055312
-2067.025107408755
-2036.3278134020857
-1962.9153044984866
-2144.61489403931
-2001.1743422550762
-1989.0144977117939
-2031.4508095416845
-1980.8534010327046
-2142.528679839733
-2016.4355015776287
-2059.1838444487817
-2054.0699802630406
-1969.9881079422357
-2092.7955892577343
-1975.4053658582247
-1997.827343921981
-1974.4671471551208
-1948.6564859888788
-2135.9308103976787
-2010.769996526663
-2040.8492414734658
-2032.2140365596529
-1961.60281350538
-2163.252989833922
-2015.7175488775545
-2056.5777678399477
-2024.3221148297966
-1971.056719416557
-2135.9308103976787
-2010.769996526663
-2040.8492414734658
-2032.2140365596529
-1961.60281350538
-2161.4918793290617
-2020.2502015686634
-2050.8715261280277
-2044.3603158036906
-1986.6022032184576
-2149.4061776407484
-2019.898566501236
-2069.871291716554
-2044.126955261906
-1981.2865037662
-2141.6925762543087
-2013.480453311667
-2059.1367493614607
-2044.154736558563
-1987.8535065620124
-2139.0445040398827
-2004.0275081685193
-2032.5262972927396
-2002.9109848487597
-1959.1356119288403
[INFO][smbo.py:327] Finished 100 trials.
-2141.6925762543087
-2013.480453311667
-2059.1367493614607
-2044.154736558563
-1987.8535065620124
-2141.6925762543087
-2013.480453311667
-2059.1367493614607
-2044.154736558563
-1987.8535065620124
-2159.8050638481936
-2030.1175983848552
-2052.5501195673
-2039.5902571920014
-1987.316771705474
-2149.28616993973
-2020.3117467499471
-2057.849307877852
-2044.1882828107405
-1979.7598539397682
-2149.28616993973
-2020.3117467499471
-2057.849307877852
-2044.1882828107405
-1979.7598539397682
-2133.123814064574
-1984.595159866218
-2012.7842392077407
-2027.6973525015235
-1965.150110699262
-2131.2453478449447
-1991.7770274484842
-2061.9142760023565
-2055.9173192695257
-1952.0635383420813
-2127.753539803399
-1995.914350618124
-2034.9247180011007
-2022.3366418411595
-1970.4016485533418
-2151.123905458493
-2011.9277697788807
-2045.7686728085225
-2037.8171010529538
-1954.3557103853677
-2148.2683629786748
-2010.483740469151
-2045.4582420939012
-2030.572556952191
-1959.611649093565
-2146.9646281421974
-2019.6349524905918
-2059.065650610846
-2034.7969309083123
-1955.2383342229778
-2147.2028133932467
-2007.609146801585
-2068.507577454027
-2056.493459679262
-1959.5415377991872
-2146.9646281421974
-2019.6349524905918
-2059.065650610846
-2034.7969309083123
-1955.2383342229778
-2145.515643766282
-2013.099669614749
-2064.211559540483
-2035.5408483988908
-1962.361286147159
-2159.8050638481936
-2030.1175983848552
-2052.5501195673
-2039.5902571920014
-1987.316771705474
-2157.9127949234444
-1982.3038111936144
-1991.1633207226428
-2016.6372683049015
-1971.0108210982157
-2159.8050638481936
-2030.1175983848552
-2052.5501195673
-2039.5902571920014
-1987.316771705474
-2142.0524963693347
-2030.2469553618798
-2063.31039502759
-2028.5565179717198
-1995.3380171126114
-2159.8050638481936
-2030.1175983848552
-2052.5501195673
-2039.5902571920014
-1987.316771705474
-2159.8050638481936
-2030.1175983848552
-2052.5501195673
-2039.5902571920014
-1987.316771705474
-2145.314702343937
-1987.8393237217356
-2041.4158298189204
-2037.3008927227697
-1969.2098267590845
-2130.5531214397515
-1999.5603193005602
-2064.8017247629577
-2055.469374437745
-1949.9309685927426
-2141.6925762543087
-2013.480453311667
-2059.1367493614607
-2044.154736558563
-1987.8535065620124
-2141.6925762543087
-2013.480453311667
-2059.1367493614607
-2044.154736558563
-1987.8535065620124
-2158.6835813879493
-2017.5395097352236
-2053.57791358411
-2045.5223465771705
-1985.8370799320578
-2133.203222086134
-1992.360351173254
-2067.2254954780915
-2045.398187214308
-1953.16956533835
-2148.291233237509
-1990.2416528947033
-2061.3876467326336
-2052.0296363320367
-1979.8731387619925
-2090.766071844382
-1958.9470509846892
-2004.576766040158
-1968.9357665561258
-1942.4925979940062
-2159.8050638481936
-2030.1175983848552
-2052.5501195673
-2039.5902571920014
-1987.316771705474
-2138.5747496697127
-2011.247734953301
-2049.9951045315706
-2038.463924767938
-1963.287134102658
-2144.6126548725038
-2027.0435434371977
-2057.1275063190233
-2022.6103283868492
-1973.8385791589467
-2129.59732565681
-1981.0959600201306
-2038.9696571301665
-2033.707898901821
-1963.3032317111645
-2159.8050638481936
-2030.1175983848552
-2052.5501195673
-2039.5902571920014
-1987.316771705474
-2159.8050638481936
-2030.1175983848552
-2052.5501195673
-2039.5902571920014
-1987.316771705474
-2159.8050638481936
-2030.1175983848552
-2052.5501195673
-2039.5902571920014
-1987.316771705474
-2112.158011924391
-1980.0089821509955
-1991.6218017187625
-2002.0187864346963
-1954.1331318421126
-2151.6723396703796
-2020.7488965591697
-2039.0349153929128
-2039.6168418787458
-1965.9062361038177
-2121.555343669141
-2005.3242986136906
-2038.2725636397797
-2037.472864787686
-1954.91008429095
-2152.3184171010676
-2019.485448757926
-2059.4293544556576
-2038.0141541871863
-1978.0707555766394
-2159.8050638481936
-2030.1175983848552
-2052.5501195673
-2039.5902571920014
-1987.316771705474
-2081.361790703841
-1946.6438727086113
-1960.3371795922562
-1950.4558190949697
-1915.5868045118036
-2142.36350647392
-1993.0046922600836
-2035.8481880144118
-2038.6793986001235
-1945.641265847419
-2146.557390154561
-1993.1005619009104
-2021.3418965093106
-2049.308464655225
-1947.7250964527707
-2152.3184171010676
-2019.485448757926
-2059.4293544556576
-2038.0141541871863
-1978.0707555766394
-2152.3184171010676
-2019.485448757926
-2059.4293544556576
-2038.0141541871863
-1978.0707555766394
-2132.9799048842374
-1989.5080858370798
-2044.143907242692
-2052.13817335113
-1981.534923843747
-2157.1903432002296
-2031.5632146707912
-2052.87122318781
-2039.3823267444773
-1987.1697326118133
-2151.7126105587513
-1990.900770208129
-2050.416566044144
-2051.881949301953
-1989.5854975818006
-2147.592194724739
-2017.944315232126
-2040.5109715899375
-2037.4943922299053
-1992.8621255887265
-2147.592194724739
-2017.944315232126
-2040.5109715899375
-2037.4943922299053
-1992.8621255887265
[INFO][smbo.py:327] Finished 150 trials.
-2155.934433906546
-1994.0022735887744
-2026.7516919672134
-2027.159019103365
-1968.6777436654606
-2147.592194724739
-2017.944315232126
-2040.5109715899375
-2037.4943922299053
-1992.8621255887265
-2086.9629758764454
-1952.092098400024
-1979.3178806512747
-1948.1751278953902
-1914.2571877292507
-2147.592194724739
-2017.944315232126
-2040.5109715899375
-2037.4943922299053
-1992.8621255887265
-2159.8050638481936
-2030.1175983848552
-2052.5501195673
-2039.5902571920014
-1987.316771705474
-2159.8050638481936
-2030.1175983848552
-2052.5501195673
-2039.5902571920014
-1987.316771705474
-2159.8050638481936
-2030.1175983848552
-2052.5501195673
-2039.5902571920014
-1987.316771705474
-2128.9271499244414
-1978.3320592608238
-2025.1986293501218
-2022.0448149068222
-1953.1005453868383
-2161.2139725960283
-1997.0863385491193
-2046.4417764375946
-2051.2303943141596
-1982.2501615493193
-2151.782428491581
-2002.129518553017
-2047.5141858705078
-2041.7832705152223
-1976.9559477211833
-2131.0644246828533
-2035.3076950213244
-2057.1515054650736
-2015.9246474213983
-1965.6531327872976
-2148.68292004319
-2019.7350069430668
-2079.7565874234674
-2037.0259102025707
-1984.9213057380282
[INFO][abstract_intensifier.py:596] Added config d56f2d and rejected config 964893 as incumbent because it is not better than the incumbents on 1 instances: 
-2088.5937688139184
-1942.3312854255466
-1944.9154124582888
-1884.1226882885917
-1888.5092404654124
-2148.4551310310394
-2019.7510402194061
-2077.3129337354885
-2048.1529840002186
-1979.3951498695853
[INFO][abstract_intensifier.py:596] Added config 30e86e and rejected config d56f2d as incumbent because it is not better than the incumbents on 1 instances: 
-2149.9497343880203
-2028.7202789977714
-2059.3773750311684
-2030.1387532881868
-1967.420488015316
-2150.020201178204
-2029.8745424338688
-2059.3161063099974
-2029.9357250326268
-1965.9663169337707
-2148.50423877533
-2029.6795797832633
-2058.6585342732924
-2027.5695545800218
-1967.0926262633498
-2086.92370616908
-1994.294192693621
-1969.4251690169497
-1955.1387590973095
-1927.2140875682423
-2148.9482789759704
-2018.3618440428104
-2061.445195327048
-2026.0033878929416
-1958.5199363688093
-2150.020201178204
-2029.8745424338688
-2059.3161063099974
-2029.9357250326268
-1965.9663169337707
-2150.13854823203
-2014.626052409431
-2055.5310167468583
-2041.7025901068068
-1981.0434762811274
-2126.7708656890827
-1979.2770502256851
-2020.3965170228676
-2022.0938989953597
-1959.5190142515526
-2146.464056529012
-2018.2176653449862
-2069.8074161467043
-2044.867095046355
-1991.8267734920887
-2148.3434301915386
-2024.272529072334
-2069.2274992546045
-2045.65599673669
-1988.4196403124129
[INFO][abstract_intensifier.py:596] Added config 5e9207 and rejected config 30e86e as incumbent because it is not better than the incumbents on 1 instances: 
-2147.6199680358336
-2020.4603697549987
-2076.5743691144544
-2037.003198244321
-1976.6615719927495
-2141.8695152718897
-2033.2167798005423
-2062.7077594259913
-2019.4573003816076
-1976.7188000824137
-2148.746261292254
-2013.8335644975275
-2076.516073786089
-2036.4100837286524
-1977.2586602750566
-2159.8050638481936
-2030.1175983848552
-2052.5501195673
-2039.5902571920014
-1987.316771705474
-2147.2028770715824
-2024.7794063565543
-2050.125748637013
-2029.8808749827497
-1965.1346270196516
-2159.316489873321
-2026.0223039620128
-2061.6308874172882
-2024.8201539085576
-1967.3549085168584
-2148.429001021475
-2021.613938512012
-2079.791748103787
-2036.5651155402597
-1998.4606543633827
[INFO][abstract_intensifier.py:596] Added config dd07a4 and rejected config 5e9207 as incumbent because it is not better than the incumbents on 1 instances: 
-2145.4640892941643
-2009.9315877293657
-2061.714201623644
-2038.3599449039693
-1972.615695796847
-2148.22258280244
-2000.6429923277033
-2054.600351021324
-2029.688003396747
-1961.6594332981535
-2159.8050638481936
-2030.1175983848552
-2052.5501195673
-2039.5902571920014
-1987.316771705474
-2136.634988034738
-2003.9305773091342
-2034.6210718852515
-2032.9749259569985
-1973.8660647579845
-2153.6952592137663
-2014.6488112756833
-2051.1607038884617
-2032.9415049074732
-1979.2901982199853
-2148.429001021475
-2021.613938512012
-2079.791748103787
-2036.5651155402597
-1998.4606543633827
-2112.2308570512946
-2016.7875895027519
-2034.1963630123832
-2031.4988803797357
-1970.2498419445883
-2146.9633818592984
-2022.0709524592303
-2080.2448991718265
-2037.3590141436057
-1997.8026139740232
-2157.823174505006
-2026.4980800552971
-2067.5842625360633
-2041.5405994225198
-1989.918122547665
-2161.803882090884
-2009.0725299100568
-2060.837560104702
-2026.6722376079847
-1971.791684118531
-2135.54853833662
-1983.448031493816
-2022.540652467726
-2045.6511277442564
-1941.5231082956702
-2148.7088737934173
-2017.5521374263103
-2066.232215197587
-2027.1095174405468
-1983.6997941330958
-2149.2163468654944
-2020.0607458929617
-2065.824901315298
-2031.755036760955
-1983.7245282714075
-2146.605093814472
-2021.8043970391518
-2080.0026371697036
-2042.7862915141461
-1988.2159074344922
-2145.844449715554
-2016.4618213539065
-2058.0214904585882
-2028.9007884303935
-1975.684768673558
-2148.9569324001545
-2015.8976033385816
-2058.152528746891
-2029.2583225833707
-1973.399603870023
-2146.9780239770907
-2023.8284019655428
-2079.9868320029022
-2033.9372406151092
-1986.8987730379092
-2148.9569324001545
-2015.8976033385816
-2058.152528746891
-2029.2583225833707
-1973.399603870023
-2146.9780239770907
-2023.8284019655428
-2079.9868320029022
-2033.9372406151092
-1986.8987730379092
[INFO][smbo.py:327] Finished 200 trials.
[INFO][smbo.py:335] Configuration budget is exhausted:
[INFO][smbo.py:336] --- Remaining wallclock time: inf
[INFO][smbo.py:337] --- Remaining cpu time: inf
[INFO][smbo.py:338] --- Remaining trials: 0
