Using file: ../data/ela_with_cma_and_algo_normalised/A1_data_5D/A1_B72_5D_ela_with_state.csv
[INFO][abstract_initial_design.py:87] Reducing the number of initial configurations from 60 to 50 (max_ratio == 0.25).
[INFO][abstract_initial_design.py:139] Using 50 initial design configurations and 0 additional configurations.
[INFO][abstract_intensifier.py:307] Using only one seed for deterministic scenario.
-2493.3744105732285
-2451.7610901696153
-2515.5774220392464
-2477.003564551032
-2289.6884361771454
[INFO][abstract_intensifier.py:517] Added config 26fdc2 as new incumbent because there are no incumbents yet.
-2542.5111385990776
-2499.8377735686954
-2523.7819306064343
-2475.182369485268
-2363.9540027789953
[INFO][abstract_intensifier.py:596] Added config 8a205f and rejected config 26fdc2 as incumbent because it is not better than the incumbents on 1 instances: 
-2480.746097002473
-2469.1546388969164
-2503.2792034849426
-2448.0311723952414
-2333.5174389967633
-2565.1337469719274
-2494.9753051875996
-2544.757449997526
-2472.357083674338
-2366.946007600337
[INFO][abstract_intensifier.py:596] Added config 71b0a5 and rejected config 8a205f as incumbent because it is not better than the incumbents on 1 instances: 
-2568.8420614930446
-2534.7122199346586
-2545.0123871931955
-2505.9595341441036
-2354.066858300731
[INFO][abstract_intensifier.py:596] Added config 87cf8a and rejected config 71b0a5 as incumbent because it is not better than the incumbents on 1 instances: 
-2443.9402229389893
-2339.3493364148894
-2445.4213195839684
-2399.701156354561
-2312.1977491508546
-2547.9192443639113
-2532.58092405119
-2517.786532418174
-2476.822251228262
-2341.1694058938174
-2476.4546690022116
-2397.993564334992
-2492.7743007790577
-2432.2962115755245
-2321.2856466055773
-2574.6973281109767
-2547.3627965784126
-2548.434626746331
-2484.7816764071104
-2367.3936332655185
[INFO][abstract_intensifier.py:596] Added config b7ad6c and rejected config 87cf8a as incumbent because it is not better than the incumbents on 1 instances: 
-2487.698541866027
-2407.4624861667526
-2508.1072608906616
-2458.339748916922
-2295.7166556363095
-2536.652998853012
-2523.4365978879996
-2516.352569600429
-2474.8422705757166
-2342.459016991681
-2472.032324155797
-2413.2286344182926
-2480.797061682497
-2425.900558333913
-2297.352196981866
-2565.5532351343686
-2513.4552885338317
-2543.8445920303775
-2506.0351308420195
-2333.8533887637914
-2540.2582644083564
-2495.7198001623588
-2521.784090036149
-2497.830128058961
-2368.6540851082636
-2507.1251920252475
-2449.0297953490335
-2541.1600382019064
-2455.2851585077606
-2288.5677878841952
-2547.1411881088093
-2491.772817892259
-2558.6069329615784
-2463.9817972361243
-2343.8027518222634
-2509.248060849164
-2463.564290734902
-2530.2009197299044
-2458.3130979742455
-2262.9427747791533
-2551.5847346882983
-2534.7055760484764
-2538.7396621470257
-2490.3334388876046
-2365.2879283134976
-2528.3009342082546
-2487.466210295968
-2539.6481006195427
-2476.109330674609
-2278.8547526080606
-2476.44601261966
-2450.710160812603
-2472.532740759789
-2435.224688077131
-2311.4747467984535
-2544.756881081752
-2522.6892450582773
-2497.1339240007983
-2460.516596229851
-2335.5960552372712
-2528.8743765588542
-2440.6172590525775
-2520.0400408425803
-2486.769729882016
-2355.4266766395162
-2573.4119043742858
-2527.443232231892
-2555.39851790942
-2507.297988182024
-2348.3068509964287
-2455.1003150457523
-2386.828306806382
-2462.085053505388
-2425.19466547282
-2289.4693759575607
-2559.9810152857463
-2513.78158176855
-2542.865885959399
-2488.533841614836
-2317.7070723298866
-2395.515411893064
-2326.8388207528487
-2430.1295044721023
-2352.575891835285
-2258.645742714518
-2579.180830048226
-2565.6310317155094
-2581.134943823991
-2502.001613640652
-2366.9892887242877
[INFO][abstract_intensifier.py:596] Added config c6987a and rejected config b7ad6c as incumbent because it is not better than the incumbents on 1 instances: 
-2485.259764855598
-2434.6625099789253
-2520.8788831232305
-2485.699138536304
-2301.087624514755
-2490.4946645063637
-2492.768171376365
-2557.6634737542754
-2453.6085670948883
-2282.3675033487757
-2536.1081261558184
-2494.2488992296976
-2506.2072618233524
-2460.288609954886
-2355.0885611479625
-2504.316788266954
-2491.525854152087
-2526.1484834115254
-2461.279375450243
-2285.1828060465577
-2527.594617884638
-2538.7944453928912
-2569.629509091338
-2484.684101007625
-2352.1092434595635
-2565.92554447873
-2531.8189396238067
-2550.9972395287123
-2507.177737352151
-2316.209745441928
-2434.6356012889282
-2365.3243736250893
-2463.1243103045435
-2424.418354724628
-2306.1717265891607
-2566.6664850774614
-2572.1924007168654
-2555.7852236286612
-2492.608853824823
-2366.3180673535344
-2435.225225610395
-2426.5186442227428
-2479.285314397058
-2464.515659044352
-2337.213847680516
-2462.4664171771483
-2461.7591505418222
-2507.3411977480055
-2417.8138704757207
-2294.408415075628
-2554.7361289989035
-2528.9611887838064
-2550.962111841037
-2476.5543468425103
-2360.4229607769375
-2527.613257384428
-2500.949144298389
-2538.5810917224026
-2476.4040428701237
-2293.521397138082
-2559.40942495927
-2550.6816434080506
-2522.091996258182
-2483.2921361594795
-2365.0747925050637
-2549.395851869922
-2509.9496173678585
-2539.432027431105
-2495.4649322771234
-2342.608409718453
-2541.1102351377285
-2491.462083060832
-2504.4720971847187
-2470.9443624520054
-2357.0217065760025
-2486.6489753044953
-2444.966271612776
-2516.117101238114
-2437.2442730476864
-2273.1774263260995
-2476.5760050372533
-2452.255799258282
-2522.1271278050253
-2488.151689325526
-2352.258381142125
-2575.0857697225038
-2536.4479617417605
-2562.875558945024
-2494.99617228028
-2366.5525089944467
-2479.863272232939
-2435.447738429563
-2500.5420062399817
-2463.9186702680527
-2281.223340245946
-2508.1607140979677
-2501.795431544885
-2496.446383621147
-2467.607340779161
-2312.53094367964
-2476.6910685134762
-2390.274327542687
-2490.37070732596
-2427.717605188828
-2285.9664613846217
-2559.711760602702
-2532.7279479803174
-2552.3244980873746
-2490.844658609005
-2357.8134062023028
-2528.770391555219
-2455.804465225067
-2522.2102974573736
-2484.2154736699
-2349.832620448962
[INFO][smbo.py:327] Finished 50 trials.
-2584.9834476935066
-2526.4831534609784
-2564.1926650930795
-2506.1725432711637
-2367.297965101955
-2575.344347996815
-2537.8597431986045
-2567.0870157667023
-2506.5525988470163
-2367.2979700255673
-2577.254762763193
-2557.9060865010315
-2580.0668530547136
-2503.9344003248953
-2367.4194681299055
-2580.6560026229704
-2567.044183109175
-2563.646800713706
-2509.8904719149823
-2367.3187439947824
-2512.0648851821074
-2460.6354648031615
-2504.986643281113
-2465.830256620649
-2316.1816796605367
-2521.994295260188
-2481.0229379996126
-2599.2780900746957
-2473.2179783566817
-2358.6485093970573
-2554.0694934498133
-2532.7671204967564
-2542.7750491112183
-2446.3160440372985
-2306.515321461112
-2575.344347996815
-2537.8597431986045
-2567.0870157667023
-2506.5525988470163
-2367.2979700255673
-2575.4128953840195
-2567.874525876442
-2546.699453995013
-2503.012199697131
-2366.152080854064
-2572.7202249015972
-2568.154458021005
-2561.3330651905007
-2500.5881600355565
-2364.149715645393
-2573.0137348346675
-2529.245215181098
-2554.821606756775
-2529.8495910870197
-2372.470524314351
-2586.736397053913
-2573.73171416659
-2546.972016132239
-2502.0495159570055
-2362.2443256275947
-2593.7678762875535
-2553.421030356327
-2566.4305188480735
-2502.940441140946
-2367.2797389623715
-2574.555548719015
-2569.521077405031
-2547.8144549315957
-2503.005033889901
-2365.6628324802746
-2476.683733050574
-2442.6270204561843
-2533.497858507759
-2416.085999289913
-2259.3567293704837
-2356.0724714964213
-2373.1522742089114
-2411.556376259294
-2384.839205932072
-2243.6695451728597
-2541.1587591945445
-2526.5515769221493
-2554.2183978591293
-2471.7660579337835
-2364.9874162522683
-2547.0051902880873
-2518.6309746929337
-2532.5013107724976
-2480.8341466113375
-2364.2127922282807
-2547.0051902880873
-2518.6309746929337
-2532.5013107724976
-2480.8341466113375
-2364.2127922282807
-2547.0051902880873
-2518.6309746929337
-2532.5013107724976
-2480.8341466113375
-2364.2127922282807
-2541.1587591945445
-2526.5515769221493
-2554.2183978591293
-2471.7660579337835
-2364.9874162522683
-2493.8977651091254
-2502.978118057438
-2505.9085216441736
-2446.709019783508
-2284.676031236021
-2547.087004849135
-2513.6644223776607
-2539.395337551311
-2484.0935848265685
-2364.3431759041014
-2569.4086539385908
-2520.14277147906
-2524.852568649795
-2508.7398903871854
-2363.3952160719246
-2593.668962725621
-2543.4863646105687
-2567.2238059380447
-2503.360432737106
-2367.720235840432
-2593.668962725621
-2543.4863646105687
-2567.2238059380447
-2503.360432737106
-2367.720235840432
-2549.8458809779154
-2544.749614582178
-2563.8917273743373
-2501.461957517257
-2349.7774295948834
-2593.668962725621
-2543.4863646105687
-2567.2238059380447
-2503.360432737106
-2367.720235840432
-2593.668962725621
-2543.4863646105687
-2567.2238059380447
-2503.360432737106
-2367.720235840432
-2500.674461016427
-2481.6564750104017
-2520.9314777394566
-2443.4706016372184
-2293.911492827588
-2593.668962725621
-2543.4863646105687
-2567.2238059380447
-2503.360432737106
-2367.720235840432
-2578.1819747587424
-2560.1437560725126
-2540.2368065092533
-2489.681789145203
-2366.79517909076
-2449.947456724255
-2362.5054194487793
-2485.799209469372
-2419.838277865192
-2320.0782924562964
-2567.51454128891
-2556.5386324559363
-2579.6658157033835
-2495.640151690348
-2367.3143049475493
-2567.51454128891
-2556.5386324559363
-2579.6658157033835
-2495.640151690348
-2367.3143049475493
-2567.51454128891
-2556.5386324559363
-2579.6658157033835
-2495.640151690348
-2367.3143049475493
-2567.51454128891
-2556.5386324559363
-2579.6658157033835
-2495.640151690348
-2367.3143049475493
-2568.506311804166
-2530.920109706866
-2530.5222760230236
-2506.9493556907414
-2320.457113224026
-2567.51454128891
-2556.5386324559363
-2579.6658157033835
-2495.640151690348
-2367.3143049475493
-2567.325824592043
-2545.2443235378196
-2541.236369681821
-2507.314353623986
-2367.3373172930333
-2532.0124911639004
-2506.3453595866167
-2554.0521814117524
-2480.650866919047
-2360.891013364728
-2561.9564754245534
-2543.342416771869
-2548.3560648388175
-2463.0124828543285
-2366.477979424043
-2455.3563800819566
-2384.4075953780884
-2453.365935852107
-2423.5831457297827
-2302.6555709624317
-2561.9564754245534
-2543.342416771869
-2548.3560648388175
-2463.0124828543285
-2366.477979424043
-2561.9564754245534
-2543.342416771869
-2548.3560648388175
-2463.0124828543285
-2366.477979424043
-2561.9564754245534
-2543.342416771869
-2548.3560648388175
-2463.0124828543285
-2366.477979424043
-2561.9564754245534
-2543.342416771869
-2548.3560648388175
-2463.0124828543285
-2366.477979424043
-2561.9564754245534
-2543.342416771869
-2548.3560648388175
-2463.0124828543285
-2366.477979424043
-2579.180830048226
-2565.6310317155094
-2581.134943823991
-2502.001613640652
-2366.9892887242877
-2484.788227368924
-2435.1240088913773
-2475.8120343993833
-2395.2313362453488
-2321.33195619592
[INFO][smbo.py:327] Finished 100 trials.
-2579.180830048226
-2565.6310317155094
-2581.134943823991
-2502.001613640652
-2366.9892887242877
-2579.180830048226
-2565.6310317155094
-2581.134943823991
-2502.001613640652
-2366.9892887242877
-2579.180830048226
-2565.6310317155094
-2581.134943823991
-2502.001613640652
-2366.9892887242877
-2579.180830048226
-2565.6310317155094
-2581.134943823991
-2502.001613640652
-2366.9892887242877
-2579.180830048226
-2565.6310317155094
-2581.134943823991
-2502.001613640652
-2366.9892887242877
-2579.180830048226
-2565.6310317155094
-2581.134943823991
-2502.001613640652
-2366.9892887242877
-2469.610146050465
-2489.662381007803
-2533.6921105604847
-2440.6908293694655
-2281.88601107091
-2586.2365519916643
-2541.7545766117055
-2557.2398943784947
-2494.8808312978426
-2364.312039641859
-2518.0986637713922
-2519.219714000822
-2566.9991637036114
-2458.3105012465676
-2291.5060763521956
-2593.668962725621
-2543.4863646105687
-2567.2238059380447
-2503.360432737106
-2367.720235840432
-2579.180830048226
-2565.6310317155094
-2581.134943823991
-2502.001613640652
-2366.9892887242877
-2581.33417428335
-2563.9862288881322
-2550.8329127001134
-2506.4519164103717
-2361.916177025243
-2579.180830048226
-2565.6310317155094
-2581.134943823991
-2502.001613640652
-2366.9892887242877
-2572.169319707336
-2555.156731074042
-2562.1278092209677
-2501.1446949395267
-2364.379572963798
-2577.254762763193
-2557.9060865010315
-2580.0668530547136
-2503.9344003248953
-2367.4194681299055
-2463.208455767286
-2457.652758458675
-2495.6405345964276
-2455.2824987449
-2291.7855619962907
-2577.19563571048
-2564.794568058844
-2580.5374032508626
-2506.1357131623017
-2367.1228801842362
[INFO][abstract_intensifier.py:596] Added config 249380 and rejected config c6987a as incumbent because it is not better than the incumbents on 1 instances: 
-2580.188511910892
-2507.767655960391
-2501.5323243781118
-2482.6075424656206
-2375.077617007917
-2579.180830048226
-2565.6310317155094
-2581.134943823991
-2502.001613640652
-2366.9892887242877
-2579.180830048226
-2565.6310317155094
-2581.134943823991
-2502.001613640652
-2366.9892887242877
-2563.023065901246
-2536.6427139011403
-2552.9917631622043
-2486.83447790864
-2358.516847522864
-2520.7888516655353
-2530.1118192192325
-2553.2923567308953
-2482.5909610078534
-2338.5335606096137
-2577.19563571048
-2564.794568058844
-2580.5374032508626
-2506.1357131623017
-2367.1228801842362
-2577.19563571048
-2564.794568058844
-2580.5374032508626
-2506.1357131623017
-2367.1228801842362
-2577.19563571048
-2564.794568058844
-2580.5374032508626
-2506.1357131623017
-2367.1228801842362
-2577.19563571048
-2564.794568058844
-2580.5374032508626
-2506.1357131623017
-2367.1228801842362
-2564.890832142052
-2557.9492583688775
-2572.419548620566
-2483.2735199017116
-2361.5733912738374
-2577.19563571048
-2564.794568058844
-2580.5374032508626
-2506.1357131623017
-2367.1228801842362
-2427.6329690049893
-2407.096420174046
-2457.8161173566696
-2429.679586007177
-2300.9671322136837
-2577.312388942243
-2555.047488307337
-2563.8508100671193
-2497.1222789961616
-2366.1524992841414
-2577.19563571048
-2564.794568058844
-2580.5374032508626
-2506.1357131623017
-2367.1228801842362
-2577.19563571048
-2564.794568058844
-2580.5374032508626
-2506.1357131623017
-2367.1228801842362
-2518.0877620924566
-2500.3929065803977
-2544.0730126661283
-2495.213191582798
-2325.721384154888
-2577.19563571048
-2564.794568058844
-2580.5374032508626
-2506.1357131623017
-2367.1228801842362
-2577.19563571048
-2564.794568058844
-2580.5374032508626
-2506.1357131623017
-2367.1228801842362
-2577.19563571048
-2564.794568058844
-2580.5374032508626
-2506.1357131623017
-2367.1228801842362
-2577.19563571048
-2564.794568058844
-2580.5374032508626
-2506.1357131623017
-2367.1228801842362
-2577.19563571048
-2564.794568058844
-2580.5374032508626
-2506.1357131623017
-2367.1228801842362
-2556.83910454793
-2543.4365191246525
-2544.9670077856345
-2466.7666105498165
-2366.7421012918085
-2473.2398681611435
-2393.559864165281
-2504.4034227519105
-2438.1587214095453
-2277.341811283198
-2556.83910454793
-2543.4365191246525
-2544.9670077856345
-2466.7666105498165
-2366.7421012918085
-2553.4081003724377
-2538.672776669633
-2514.5113622305653
-2475.2446673115737
-2365.528281426018
-2557.568680278138
-2532.7799783614
-2535.1608920525414
-2484.069577302467
-2365.5199081244427
-2577.19563571048
-2564.794568058844
-2580.5374032508626
-2506.1357131623017
-2367.1228801842362
-2577.19563571048
-2564.794568058844
-2580.5374032508626
-2506.1357131623017
-2367.1228801842362
-2411.3972850155733
-2349.0286769482705
-2430.6422578831834
-2418.304093192845
-2296.511406117615
-2577.19563571048
-2564.794568058844
-2580.5374032508626
-2506.1357131623017
-2367.1228801842362
-2519.945116711554
-2455.1360132366135
-2481.4462837638566
-2431.2236114798397
-2358.0453052410257
-2514.9238547131054
-2451.56827033951
-2518.854186118682
-2409.635188965634
-2289.6228447313415
-2557.971770615146
-2503.3252522129783
-2576.175071858798
-2473.780544092794
-2322.7255256068665
[INFO][smbo.py:327] Finished 150 trials.
-2582.64769552707
-2524.503698386615
-2532.32088921433
-2491.867369245435
-2368.60127329926
-2573.59302284891
-2553.958216180666
-2555.50756994716
-2483.3700753943895
-2367.5310822457664
-2581.145830261321
-2520.4558052846705
-2543.614246370187
-2491.6495110284545
-2360.847243673611
-2581.145830261321
-2520.4558052846705
-2543.614246370187
-2491.6495110284545
-2360.847243673611
-2568.5483585582097
-2559.3497999414403
-2556.2514753955124
-2509.4095764845165
-2365.6020651622252
-2566.242488144579
-2538.295265590192
-2554.5340309223648
-2501.3246053250696
-2365.042023906857
-2574.8043957841937
-2568.2510377739613
-2547.8144549315957
-2502.934844283809
-2365.437598995635
-2577.254762763193
-2565.519917683541
-2579.164288619769
-2504.006369030059
-2367.344405921397
-2438.4418255670057
-2401.589168242155
-2464.263354661629
-2407.186846678201
-2316.0708576696215
-2595.3500028035733
-2542.982325861283
-2561.324059264417
-2504.001483340957
-2366.4445523805216
-2515.2675622940496
-2439.391225375374
-2530.658964137566
-2494.8089102710683
-2295.0185362281736
-2547.0051902880873
-2518.6309746929337
-2532.5013107724976
-2480.8341466113375
-2364.2127922282807
-2567.318040733976
-2554.9004485821
-2565.8480025650006
-2504.1164635238847
-2367.174448000255
-2577.19563571048
-2564.794568058844
-2580.5374032508626
-2506.1357131623017
-2367.1228801842362
-2567.318040733976
-2554.9004485821
-2565.8480025650006
-2504.1164635238847
-2367.174448000255
-2580.1162787106095
-2544.300049909911
-2546.292148559164
-2488.7971871773743
-2366.994586568484
-2491.870304538056
-2448.382034943849
-2536.422235912106
-2438.6601899789366
-2284.4120535406164
-2580.1162787106095
-2544.300049909911
-2546.292148559164
-2488.7971871773743
-2366.994586568484
-2580.1162787106095
-2544.300049909911
-2546.292148559164
-2488.7971871773743
-2366.994586568484
-2580.1162787106095
-2544.300049909911
-2546.292148559164
-2488.7971871773743
-2366.994586568484
-2577.19563571048
-2564.794568058844
-2580.5374032508626
-2506.1357131623017
-2367.1228801842362
-2577.19563571048
-2564.794568058844
-2580.5374032508626
-2506.1357131623017
-2367.1228801842362
-2449.4726130914933
-2404.590243233528
-2502.3224464706655
-2448.6304568228406
-2330.837542339854
-2577.19563571048
-2564.794568058844
-2580.5374032508626
-2506.1357131623017
-2367.1228801842362
-2577.19563571048
-2564.794568058844
-2580.5374032508626
-2506.1357131623017
-2367.1228801842362
-2577.19563571048
-2564.794568058844
-2580.5374032508626
-2506.1357131623017
-2367.1228801842362
-2577.19563571048
-2564.794568058844
-2580.5374032508626
-2506.1357131623017
-2367.1228801842362
-2511.0095062515493
-2518.793214823476
-2516.3876796602626
-2473.8143295142672
-2331.2553611767803
-2577.19563571048
-2564.794568058844
-2580.5374032508626
-2506.1357131623017
-2367.1228801842362
-2577.19563571048
-2564.794568058844
-2580.5374032508626
-2506.1357131623017
-2367.1228801842362
-2577.19563571048
-2564.794568058844
-2580.5374032508626
-2506.1357131623017
-2367.1228801842362
-2562.1545750661157
-2522.9987410553467
-2510.694435715428
-2491.136412465568
-2359.4981785318314
-2577.19563571048
-2564.794568058844
-2580.5374032508626
-2506.1357131623017
-2367.1228801842362
-2577.19563571048
-2564.794568058844
-2580.5374032508626
-2506.1357131623017
-2367.1228801842362
-2577.19563571048
-2564.794568058844
-2580.5374032508626
-2506.1357131623017
-2367.1228801842362
-2577.19563571048
-2564.794568058844
-2580.5374032508626
-2506.1357131623017
-2367.1228801842362
-2577.19563571048
-2564.794568058844
-2580.5374032508626
-2506.1357131623017
-2367.1228801842362
-2577.19563571048
-2564.794568058844
-2580.5374032508626
-2506.1357131623017
-2367.1228801842362
-2577.19563571048
-2564.794568058844
-2580.5374032508626
-2506.1357131623017
-2367.1228801842362
-2577.19563571048
-2564.794568058844
-2580.5374032508626
-2506.1357131623017
-2367.1228801842362
-2577.19563571048
-2564.794568058844
-2580.5374032508626
-2506.1357131623017
-2367.1228801842362
-2577.19563571048
-2564.794568058844
-2580.5374032508626
-2506.1357131623017
-2367.1228801842362
-2577.19563571048
-2564.794568058844
-2580.5374032508626
-2506.1357131623017
-2367.1228801842362
-2577.19563571048
-2564.794568058844
-2580.5374032508626
-2506.1357131623017
-2367.1228801842362
-2505.499136603943
-2411.0053358082805
-2526.89966528721
-2445.303779518691
-2326.441804881413
-2550.0245826350183
-2557.6862866121073
-2538.3416840825075
-2509.5134749268186
-2365.911610123814
-2550.0245826350183
-2557.6862866121073
-2538.3416840825075
-2509.5134749268186
-2365.911610123814
-2469.028620709535
-2451.376042387825
-2530.5380584308073
-2423.0879727294464
-2268.3602472252337
-2550.0245826350183
-2557.6862866121073
-2538.3416840825075
-2509.5134749268186
-2365.911610123814
-2550.0245826350183
-2557.6862866121073
-2538.3416840825075
-2509.5134749268186
-2365.911610123814
[INFO][smbo.py:327] Finished 200 trials.
[INFO][smbo.py:335] Configuration budget is exhausted:
[INFO][smbo.py:336] --- Remaining wallclock time: inf
[INFO][smbo.py:337] --- Remaining cpu time: inf
[INFO][smbo.py:338] --- Remaining trials: 0
