Using file: ../data/ela_with_cma_and_algo_normalised/A1_data_5D/A1_B750_5D_ela_with_state.csv
[INFO][abstract_initial_design.py:87] Reducing the number of initial configurations from 60 to 50 (max_ratio == 0.25).
[INFO][abstract_initial_design.py:139] Using 50 initial design configurations and 0 additional configurations.
[INFO][abstract_intensifier.py:307] Using only one seed for deterministic scenario.
-1942.9317594761503
-1894.292980478157
-1881.929725439539
-1897.9692265935646
-1796.225539223938
[INFO][abstract_intensifier.py:517] Added config 26fdc2 as new incumbent because there are no incumbents yet.
-1951.3792795984805
-1901.74554850377
-1879.654701748354
-1877.3140125962213
-1812.8260553690636
[INFO][abstract_intensifier.py:596] Added config 8a205f and rejected config 26fdc2 as incumbent because it is not better than the incumbents on 1 instances: 
-1950.4228115608485
-1899.682874125442
-1858.3356972796078
-1873.4450941789355
-1821.56489969029
-1953.6043943038803
-1891.5016625944495
-1869.0773017903036
-1895.1575758647928
-1835.6825398362375
[INFO][abstract_intensifier.py:596] Added config 71b0a5 and rejected config 8a205f as incumbent because it is not better than the incumbents on 1 instances: 
-1957.2918797582251
-1895.8983050968127
-1894.6684779228344
-1912.599070315168
-1831.488258984029
[INFO][abstract_intensifier.py:596] Added config 87cf8a and rejected config 71b0a5 as incumbent because it is not better than the incumbents on 1 instances: 
-1913.3975405938454
-1872.2578755899342
-1818.989250800652
-1860.1560429141261
-1781.1230325321071
-1936.5043426146563
-1886.057519468321
-1866.3723840426235
-1897.3350975389521
-1799.0735019584472
-1935.0847039293808
-1887.0571446987203
-1837.5106258017945
-1889.4918499449573
-1791.216886008665
-1954.303002731907
-1876.1992811883104
-1879.7698587131595
-1874.2907414633933
-1816.8683701279083
-1945.481518377685
-1882.6839611708547
-1827.9172875553068
-1887.6528721940363
-1781.0331216497732
-1954.1282780792303
-1890.0376168393093
-1870.1727982136345
-1892.383867021536
-1821.0224856361829
-1918.8191090532112
-1877.350266406046
-1838.809821669732
-1878.9627832199003
-1787.8036376800437
-1957.6929898706576
-1893.1308388067691
-1872.2217538855084
-1894.9509490477485
-1799.5952999819494
-1944.6132811410882
-1880.6334035573223
-1844.2048539555683
-1892.6092329674414
-1816.2494492180253
-1941.717468922056
-1899.8927802269302
-1870.6688719880194
-1884.2550077931683
-1800.1173515123196
-1956.6599804780249
-1901.7560438120588
-1853.1472396165934
-1883.1493889585793
-1820.9281294723746
-1948.8444492450903
-1887.7494296763339
-1864.8908820726106
-1897.9750379425598
-1792.1744086309113
-1956.1799187284953
-1897.0233083011035
-1873.9235533607657
-1912.2082394111653
-1821.4891922612323
-1951.677867699047
-1887.5327433272505
-1860.2855245403916
-1900.2926319999988
-1801.293863082099
-1946.7742937156745
-1895.4655382453177
-1867.7432621437756
-1885.792950293027
-1820.5699037625645
-1958.1129967613156
-1901.657237804045
-1881.6800172241724
-1874.12172578209
-1795.5668909702456
-1952.7434981401614
-1889.028931740417
-1863.0814515045513
-1893.7334863083834
-1791.4974450164768
-1948.7185838057103
-1906.1334992684863
-1895.7426614929948
-1905.6209472198211
-1804.5728885989674
-1920.4341050012697
-1870.5821655465656
-1787.678371779456
-1885.7204269720435
-1787.7519829722828
-1962.0665440797643
-1887.0072742168265
-1882.099957670183
-1893.397066826134
-1830.1645279478585
-1889.199596935814
-1859.595354429591
-1825.4923351440082
-1851.8145435658912
-1780.0084936833873
-1956.7230795321602
-1891.1661338394592
-1901.806340683517
-1887.8014096484462
-1817.0056069181446
-1933.510267417135
-1873.9895686726486
-1851.1516075744496
-1883.9087092489704
-1809.5647746914292
-1950.3955115437466
-1897.6979658680325
-1864.797633687612
-1884.0658836374596
-1803.6635229980998
-1952.0023381235358
-1895.744840103052
-1863.4689114944306
-1878.2303934975143
-1803.5989509232509
-1955.8128018337181
-1888.6005803537362
-1873.7920374758544
-1896.8513019007978
-1818.4524629356097
-1951.6101449153293
-1894.8065287986865
-1881.336672305668
-1911.0998690190477
-1815.2228842618138
-1949.2426728491728
-1887.349518834346
-1877.5104834210101
-1902.3037973952687
-1797.4543348173765
-1911.6019602278693
-1860.4566800725509
-1828.8642329696884
-1884.0510112371503
-1776.1851131164515
-1949.8373482954107
-1904.8933404276256
-1894.8239960367102
-1912.9642180649143
-1826.2010435159177
-1946.744912897233
-1891.3425688000548
-1847.599089191771
-1877.2473465065264
-1793.5117667126938
-1932.3896368426213
-1890.6553001161749
-1867.2123089903407
-1877.423566873474
-1799.0984824842812
-1952.1135229579015
-1888.933793552813
-1877.0774954690614
-1866.3246403843996
-1798.9135262237055
-1950.1345099491355
-1901.6783246773252
-1873.0357021667865
-1894.4854023168
-1814.8723429629913
-1956.0683173884227
-1895.66306893362
-1880.644720228203
-1885.1353693438773
-1810.2855052912807
-1947.0144376386452
-1901.5783848901992
-1874.3210657422196
-1905.8933106467252
-1809.938666578535
-1953.8498296067537
-1900.4414885499832
-1855.6719243962862
-1910.2822582215576
-1811.8060327465773
-1938.6581354746927
-1879.8654284611268
-1837.0725660657067
-1902.2889572900508
-1794.119582946655
-1968.6549056345373
-1895.4900906671896
-1873.4489871312219
-1885.1825820396089
-1815.4165482452077
-1955.2260763434188
-1893.1909367067274
-1898.3820304674757
-1896.5793095453528
-1822.0997226832906
-1926.1023839491972
-1877.9499749410836
-1845.6350712541623
-1854.7253609763607
-1785.3866072182072
-1957.371687408817
-1903.1258840176324
-1863.2821816535454
-1883.5632587051946
-1828.154951680313
-1923.8036819440517
-1889.3649342337999
-1839.3732512237318
-1879.2748825188564
-1789.2095870089233
-1947.409765094127
-1895.4219507483526
-1891.6496478744539
-1899.7721543341872
-1816.7799775678263
-1948.0980826602954
-1888.672477773467
-1853.3234293288565
-1881.188424938091
-1793.4357939857823
[INFO][smbo.py:327] Finished 50 trials.
-1951.5949371928036
-1894.9972418421485
-1870.6945231478935
-1880.7644462566186
-1811.8647919553982
-1953.1101902299665
-1909.7425804624304
-1868.102061373665
-1888.1043893582369
-1826.6466735062295
-1951.59647998497
-1905.6755947577556
-1859.720606027406
-1885.8221433552235
-1826.6584360014365
-1948.647716460548
-1894.931581962554
-1870.6024713292766
-1887.1914304309878
-1816.7696694540837
-1954.5751418361
-1893.5215409447765
-1862.0533634055535
-1875.2734255169735
-1804.439578898663
-1944.0915211737235
-1896.1242586865078
-1882.2771579766631
-1876.1573038346742
-1799.4403265700166
-1953.4112036503684
-1894.8855939911402
-1869.8733445344112
-1893.518346113459
-1818.2894123960896
-1951.711174206333
-1892.9466298605985
-1870.4656541826562
-1894.8612506135973
-1808.3866277324075
-1957.4993135692725
-1893.3561630581407
-1887.8770242487778
-1920.3591316248114
-1822.2987110338736
-1956.8541673084756
-1895.6505684034546
-1890.9646927143667
-1912.4681780673136
-1830.3259763557835
-1952.0394903366455
-1888.7215137280082
-1874.5552596976265
-1898.3188975476778
-1814.9910083162977
-1956.3446218714653
-1904.7973419011541
-1885.7513619514818
-1905.3555804012249
-1829.349771964059
-1958.7756383545425
-1883.9040048348074
-1886.841181040033
-1920.4007449155188
-1830.9853490421633
-1956.407834405004
-1904.7079935616114
-1885.7963458364452
-1905.3584742558023
-1828.744952499135
-1931.2373172799244
-1895.5957085598668
-1841.9787245266018
-1877.2612277236171
-1797.9086533584987
-1862.4299444834546
-1840.3002555820362
-1814.5821627511855
-1852.1499298814128
-1756.2374243428562
-1950.6378270416703
-1896.994986347474
-1872.5547413101303
-1903.354257317646
-1797.8772329141161
-1948.4063416886286
-1904.1914052255827
-1861.324673835752
-1906.820211776463
-1844.5697967915557
-1948.4063416886286
-1904.1914052255827
-1861.324673835752
-1906.820211776463
-1844.5697967915557
-1948.4985277262313
-1904.1429751117594
-1861.2094609076005
-1909.561349186668
-1844.6919351297438
-1949.5233712987833
-1903.2122160779165
-1861.206205068225
-1896.0101717922298
-1843.6058505985748
-1951.106719842754
-1897.0864570202461
-1861.338270412293
-1899.9580552152368
-1825.8898413752222
-1948.4985277262313
-1904.1429751117594
-1861.2094609076005
-1909.561349186668
-1844.6919351297438
-1949.5233712987833
-1903.2122160779165
-1861.206205068225
-1896.0101717922298
-1843.6058505985748
-1949.0804408976946
-1896.9273061392523
-1889.339254065421
-1905.30625456602
-1810.0872390012923
-1955.4156559504218
-1893.9741107238337
-1890.4765293806759
-1912.7358525062343
-1843.023201079599
[INFO][abstract_intensifier.py:596] Added config 4d2b3d and rejected config 87cf8a as incumbent because it is not better than the incumbents on 1 instances: 
-1951.3508588197597
-1895.878276684784
-1878.377974468921
-1899.1601348619197
-1814.7208272443345
-1953.850978432858
-1894.7776103686454
-1889.4040694572927
-1897.5360761434986
-1829.692597729331
-1957.1170804652381
-1896.4366931189522
-1881.5536145491308
-1897.552945113023
-1804.7527142252084
-1955.1526759492026
-1894.805610590347
-1865.8992658804364
-1891.3648455020511
-1796.3392101679242
-1955.16934377951
-1903.101234225233
-1888.8304479064175
-1898.6953845528665
-1823.747318127621
-1950.2215043493193
-1895.5374357110995
-1904.5707973775188
-1891.7091694729095
-1810.033887666817
-1915.793894051715
-1886.768761303207
-1825.0901719999665
-1852.0648831993976
-1799.5962141647929
-1957.5387280442465
-1898.3621060819905
-1889.416328311482
-1902.5534981268097
-1817.2771855606047
-1957.5387280442465
-1898.3621060819905
-1889.416328311482
-1902.5534981268097
-1817.2771855606047
-1957.5387280442465
-1898.3621060819905
-1889.416328311482
-1902.5534981268097
-1817.2771855606047
-1957.5430509119922
-1900.0300388560402
-1889.411560371971
-1902.5670759581758
-1817.2201399371042
-1951.9274670698405
-1905.7471108124423
-1868.5099453216826
-1902.3238400862338
-1809.7868889865745
-1957.5708679239763
-1894.576480356331
-1889.4130724719805
-1902.1122282522422
-1817.0198369389095
-1957.5387280442465
-1898.3621060819905
-1889.416328311482
-1902.5534981268097
-1817.2771855606047
-1947.4347153122424
-1887.8677478894238
-1893.6474543734976
-1910.8749751344776
-1799.7908825146612
-1959.025087831418
-1892.9366637656676
-1883.2849830984778
-1922.7074885339152
-1843.6008872054003
[INFO][abstract_intensifier.py:596] Added config 7a816c and rejected config 4d2b3d as incumbent because it is not better than the incumbents on 1 instances: 
-1921.8930223620716
-1879.5430704476394
-1807.601840646556
-1885.142040048228
-1765.3503508545564
-1955.4156559504218
-1893.9741107238337
-1890.4765293806759
-1912.7358525062343
-1843.023201079599
-1952.7153104826116
-1903.9308298345668
-1888.333401282912
-1906.6665359164135
-1818.6344052441082
-1955.5603294208113
-1901.6210313940242
-1878.920001523969
-1902.196710833218
-1824.0959396802436
-1957.52083726109
-1894.5480593753284
-1882.3151333018156
-1908.1372757440943
-1835.0621357708376
-1953.9561801671766
-1893.4002610929194
-1875.3988203185957
-1903.9138113619306
-1825.881024226508
-1956.4590761350173
-1897.7886951065652
-1871.7901748766562
-1904.08283853797
-1832.1304866576565
-1943.104566986929
-1880.323907467453
-1848.1063173131352
-1886.2298388033178
-1801.8521307636506
[INFO][smbo.py:327] Finished 100 trials.
-1954.9689789560316
-1901.9138289825269
-1887.1736476407368
-1895.6219036521647
-1827.8345041354316
-1955.069870714664
-1906.6938806949322
-1888.164504266033
-1904.0189916053484
-1813.6767970006192
-1957.513163257083
-1900.5952266348636
-1884.4769718693144
-1912.5659187169604
-1830.2563895520902
-1957.0474326618473
-1903.5987047402805
-1899.0380410962937
-1905.379780433807
-1823.983670617977
-1954.9852746618149
-1886.8096329348798
-1881.9575576975778
-1909.436163433406
-1821.8091615419637
-1955.0497671732528
-1901.9553142621912
-1888.7398656369203
-1895.7725306913917
-1815.3299718815001
-1940.832581206318
-1897.8908226434894
-1869.7663759879258
-1909.1801311571269
-1811.6568159888793
-1968.749998521389
-1899.2778424899038
-1867.8261826085877
-1899.4650065804196
-1820.9062606864195
-1945.3974700624713
-1891.0941404881132
-1858.9051777384625
-1893.7307076666634
-1805.5642262850006
-1958.1740081437933
-1892.8696780001692
-1873.8036560222333
-1922.275742163486
-1841.7024681308253
-1959.025087831418
-1892.9366637656676
-1883.2849830984778
-1922.7074885339152
-1843.6008872054003
-1959.025087831418
-1892.9366637656676
-1883.2849830984778
-1922.7074885339152
-1843.6008872054003
-1959.025087831418
-1892.9366637656676
-1883.2849830984778
-1922.7074885339152
-1843.6008872054003
-1959.025087831418
-1892.9366637656676
-1883.2849830984778
-1922.7074885339152
-1843.6008872054003
-1886.5598689501978
-1867.572550402107
-1813.831198207694
-1849.0547869776801
-1769.8316847113663
-1886.5598689501978
-1867.572550402107
-1813.831198207694
-1849.0547869776801
-1769.8316847113663
-1924.9218095786528
-1888.5614440312488
-1866.3043956808265
-1875.8184486746538
-1810.2089482645817
-1941.851491117009
-1887.2908741360266
-1861.208960807712
-1871.8930746215156
-1789.938888368245
-1958.1586753023
-1906.158801372521
-1875.2750146482135
-1889.0934891428037
-1827.003068526932
-1928.0700714970499
-1881.729798761067
-1836.7060455728842
-1866.590458510244
-1788.7548465977661
-1946.9544358607693
-1884.8881242589928
-1865.9088112781992
-1890.8726270004759
-1789.9221636156647
-1953.016095749445
-1902.219035387926
-1871.207341084377
-1906.1067721450954
-1819.7833098661545
-1960.1713280606114
-1887.8241077942957
-1886.0324234728628
-1888.7989954379095
-1808.5027396476648
-1959.025087831418
-1892.9366637656676
-1883.2849830984778
-1922.7074885339152
-1843.6008872054003
-1956.4714184474547
-1897.8032635448471
-1874.7907905663205
-1904.019884035273
-1811.4911057417314
-1955.1990381178089
-1890.387180489405
-1876.6666409468278
-1881.9409294381903
-1805.6623281837965
-1955.1990381178089
-1890.387180489405
-1876.6666409468278
-1881.9409294381903
-1805.6623281837965
-1960.6615317788599
-1888.130012147563
-1884.5501916296307
-1890.4318569630657
-1819.9300678280013
-1955.2251825338935
-1903.797380789028
-1860.5631493868916
-1890.7134572790649
-1835.1218889131706
-1912.455914466456
-1873.2238284430352
-1819.1211044350566
-1875.2922254992327
-1757.7552019064042
-1959.025087831418
-1892.9366637656676
-1883.2849830984778
-1922.7074885339152
-1843.6008872054003
-1959.025087831418
-1892.9366637656676
-1883.2849830984778
-1922.7074885339152
-1843.6008872054003
-1959.025087831418
-1892.9366637656676
-1883.2849830984778
-1922.7074885339152
-1843.6008872054003
-1950.0042418510216
-1896.1230391052386
-1883.8538404238345
-1901.9595892279967
-1805.391232500112
-1959.025087831418
-1892.9366637656676
-1883.2849830984778
-1922.7074885339152
-1843.6008872054003
-1959.025087831418
-1892.9366637656676
-1883.2849830984778
-1922.7074885339152
-1843.6008872054003
-1959.025087831418
-1892.9366637656676
-1883.2849830984778
-1922.7074885339152
-1843.6008872054003
-1952.0818271343317
-1902.8221029781425
-1889.2389394460527
-1911.4674322945848
-1802.227400045828
-1959.025087831418
-1892.9366637656676
-1883.2849830984778
-1922.7074885339152
-1843.6008872054003
-1928.446682889863
-1880.8075200173457
-1846.2136641898794
-1894.9245979204713
-1774.4912159465766
-1959.025087831418
-1892.9366637656676
-1883.2849830984778
-1922.7074885339152
-1843.6008872054003
-1959.025087831418
-1892.9366637656676
-1883.2849830984778
-1922.7074885339152
-1843.6008872054003
-1959.025087831418
-1892.9366637656676
-1883.2849830984778
-1922.7074885339152
-1843.6008872054003
-1951.491049304946
-1899.6474936028103
-1889.3110407557704
-1905.3853545649445
-1818.1840850351407
-1959.025087831418
-1892.9366637656676
-1883.2849830984778
-1922.7074885339152
-1843.6008872054003
-1966.2301814470482
-1895.072782432719
-1863.1016192420946
-1873.238371430241
-1820.8704096229126
-1954.9619415038717
-1912.829315921745
-1876.9166261163737
-1876.3238693954793
-1830.9856950261171
-1886.311851755975
-1850.1519090260629
-1809.1961832443867
-1870.7993545385946
-1778.6565451853091
-1959.025087831418
-1892.9366637656676
-1883.2849830984778
-1922.7074885339152
-1843.6008872054003
-1959.025087831418
-1892.9366637656676
-1883.2849830984778
-1922.7074885339152
-1843.6008872054003
[INFO][smbo.py:327] Finished 150 trials.
-1959.025087831418
-1892.9366637656676
-1883.2849830984778
-1922.7074885339152
-1843.6008872054003
-1952.3173623851671
-1903.458230762666
-1889.8631322055812
-1899.3732928408076
-1839.3585232117237
-1952.3173623851671
-1903.458230762666
-1889.8631322055812
-1899.3732928408076
-1839.3585232117237
-1959.025087831418
-1892.9366637656676
-1883.2849830984778
-1922.7074885339152
-1843.6008872054003
-1959.025087831418
-1892.9366637656676
-1883.2849830984778
-1922.7074885339152
-1843.6008872054003
-1959.025087831418
-1892.9366637656676
-1883.2849830984778
-1922.7074885339152
-1843.6008872054003
-1896.8170586620838
-1864.5067177500946
-1809.4723533837537
-1876.3482424388635
-1793.3099844549447
-1959.025087831418
-1892.9366637656676
-1883.2849830984778
-1922.7074885339152
-1843.6008872054003
-1953.8827277315968
-1888.6811152083403
-1883.1051836159872
-1876.0714003080427
-1817.6929721589772
-1959.025087831418
-1892.9366637656676
-1883.2849830984778
-1922.7074885339152
-1843.6008872054003
-1959.025087831418
-1892.9366637656676
-1883.2849830984778
-1922.7074885339152
-1843.6008872054003
-1959.025087831418
-1892.9366637656676
-1883.2849830984778
-1922.7074885339152
-1843.6008872054003
-1959.025087831418
-1892.9366637656676
-1883.2849830984778
-1922.7074885339152
-1843.6008872054003
-1952.3173623851671
-1903.458230762666
-1889.8631322055812
-1899.3732928408076
-1839.3585232117237
-1925.5629909332781
-1879.9223354314481
-1855.1183757365677
-1892.6437286104772
-1793.0682025160597
-1952.3173623851671
-1903.458230762666
-1889.8631322055812
-1899.3732928408076
-1839.3585232117237
-1952.3173623851671
-1903.458230762666
-1889.8631322055812
-1899.3732928408076
-1839.3585232117237
-1952.3173623851671
-1903.458230762666
-1889.8631322055812
-1899.3732928408076
-1839.3585232117237
-1952.3173623851671
-1903.458230762666
-1889.8631322055812
-1899.3732928408076
-1839.3585232117237
-1952.3173623851671
-1903.458230762666
-1889.8631322055812
-1899.3732928408076
-1839.3585232117237
-1954.3778507204024
-1910.5210367902653
-1868.1748444753034
-1911.2184699630438
-1824.8928048290345
-1959.025087831418
-1892.9366637656676
-1883.2849830984778
-1922.7074885339152
-1843.6008872054003
-1959.025087831418
-1892.9366637656676
-1883.2849830984778
-1922.7074885339152
-1843.6008872054003
-1959.025087831418
-1892.9366637656676
-1883.2849830984778
-1922.7074885339152
-1843.6008872054003
-1959.025087831418
-1892.9366637656676
-1883.2849830984778
-1922.7074885339152
-1843.6008872054003
-1951.3450785436455
-1910.3833870845704
-1868.3214778338493
-1882.4661365352974
-1810.9338631632684
-1959.025087831418
-1892.9366637656676
-1883.2849830984778
-1922.7074885339152
-1843.6008872054003
-1958.3623984224973
-1898.6968900919173
-1890.7088439454665
-1907.966696726694
-1824.0127765364402
-1959.025087831418
-1892.9366637656676
-1883.2849830984778
-1922.7074885339152
-1843.6008872054003
-1941.2497951786806
-1883.6054820614338
-1865.9129400112215
-1883.7104671634293
-1813.2122065292588
-1959.025087831418
-1892.9366637656676
-1883.2849830984778
-1922.7074885339152
-1843.6008872054003
-1951.491049304946
-1899.6474936028103
-1889.3110407557704
-1905.3853545649445
-1818.1840850351407
-1951.491049304946
-1899.6474936028103
-1889.3110407557704
-1905.3853545649445
-1818.1840850351407
-1951.491049304946
-1899.6474936028103
-1889.3110407557704
-1905.3853545649445
-1818.1840850351407
-1951.491049304946
-1899.6474936028103
-1889.3110407557704
-1905.3853545649445
-1818.1840850351407
-1951.491049304946
-1899.6474936028103
-1889.3110407557704
-1905.3853545649445
-1818.1840850351407
-1957.0474326618473
-1903.5987047402805
-1899.0380410962937
-1905.379780433807
-1823.983670617977
-1957.0474326618473
-1903.5987047402805
-1899.0380410962937
-1905.379780433807
-1823.983670617977
-1955.1990381178089
-1890.387180489405
-1876.6666409468278
-1881.9409294381903
-1805.6623281837965
-1955.1990381178089
-1890.387180489405
-1876.6666409468278
-1881.9409294381903
-1805.6623281837965
-1955.1990381178089
-1890.387180489405
-1876.6666409468278
-1881.9409294381903
-1805.6623281837965
-1955.1990381178089
-1890.387180489405
-1876.6666409468278
-1881.9409294381903
-1805.6623281837965
-1956.2094274959438
-1900.7734882255777
-1885.4479751511224
-1914.4630056634867
-1835.1634167055302
-1955.1990381178089
-1890.387180489405
-1876.6666409468278
-1881.9409294381903
-1805.6623281837965
-1954.9852746618149
-1886.8096329348798
-1881.9575576975778
-1909.436163433406
-1821.8091615419637
-1887.3495103389994
-1851.9638510356265
-1804.8312686829804
-1809.1120420257002
-1776.2517950746733
-1954.9852746618149
-1886.8096329348798
-1881.9575576975778
-1909.436163433406
-1821.8091615419637
-1954.9852746618149
-1886.8096329348798
-1881.9575576975778
-1909.436163433406
-1821.8091615419637
-1954.9852746618149
-1886.8096329348798
-1881.9575576975778
-1909.436163433406
-1821.8091615419637
-1898.0954835062098
-1874.0202700311029
-1856.1609535147138
-1847.8936353000781
-1793.2783126353422
[INFO][smbo.py:327] Finished 200 trials.
[INFO][smbo.py:335] Configuration budget is exhausted:
[INFO][smbo.py:336] --- Remaining wallclock time: inf
[INFO][smbo.py:337] --- Remaining cpu time: inf
[INFO][smbo.py:338] --- Remaining trials: 0
