Using file: ../data/ela_with_cma_and_algo_normalised/A1_data_5D/A1_B800_5D_ela_with_state.csv
[INFO][abstract_initial_design.py:87] Reducing the number of initial configurations from 60 to 50 (max_ratio == 0.25).
[INFO][abstract_initial_design.py:139] Using 50 initial design configurations and 0 additional configurations.
[INFO][abstract_intensifier.py:307] Using only one seed for deterministic scenario.
-1680.4497698803157
-1628.4986794226209
-1585.644146500803
-1677.4719316003543
-1554.6178152608757
[INFO][abstract_intensifier.py:517] Added config 26fdc2 as new incumbent because there are no incumbents yet.
-1679.6274205766256
-1631.2371734990427
-1587.56732700273
-1690.9881798096076
-1563.2712205764742
[INFO][abstract_intensifier.py:596] Added config 8a205f and rejected config 26fdc2 as incumbent because it is not better than the incumbents on 1 instances: 
-1696.4213339598437
-1620.8244351562726
-1593.4519861586498
-1679.3844907852294
-1564.523878620616
[INFO][abstract_intensifier.py:596] Added config 9b0ae0 and rejected config 8a205f as incumbent because it is not better than the incumbents on 1 instances: 
-1674.3215560969556
-1630.5885659992948
-1597.741003091633
-1686.5431323639095
-1551.7509001468538
-1674.0532703842432
-1629.182327998188
-1574.5758279839029
-1674.8447019406772
-1565.5645796207195
-1659.991953923151
-1596.0406160867126
-1553.0752043055859
-1627.3206541246107
-1540.0430806757934
-1664.907251693006
-1620.0268172992392
-1540.5102541215892
-1677.4340968385181
-1546.683151677927
-1684.0855761170674
-1602.0760023201842
-1566.5123193833208
-1650.2367109113889
-1541.958049044301
-1672.5644365888866
-1623.232350918602
-1596.3838199346155
-1673.194811465043
-1559.7354511857163
-1676.488485503684
-1624.6503209552052
-1606.7910912690818
-1676.6861429532291
-1554.1654365353709
-1683.6908620868728
-1631.2932704751827
-1597.875673668953
-1667.1636229462783
-1558.5019150544322
-1669.0975947880593
-1612.0254070100775
-1552.4381977499327
-1667.3696151513677
-1540.4100756692021
-1677.8683078139807
-1628.6899123921708
-1590.427014128305
-1676.564216607615
-1563.494523978883
-1670.2869367745589
-1618.247801099757
-1588.2598083295643
-1661.6301486082202
-1558.8759949340406
-1678.5927091998365
-1633.7593683833109
-1573.8515791105362
-1669.8348885150617
-1562.1161423594642
-1687.1212713041753
-1634.0228540251069
-1586.846116089751
-1674.6911283146783
-1551.6422349423808
-1671.1180425452744
-1628.0701585166958
-1569.9211767433017
-1676.0473030459611
-1555.5331675219925
-1674.8401937764243
-1627.5176081546863
-1596.577105854
-1680.5982390266172
-1563.8464433889872
-1675.0379257886016
-1631.2238600348194
-1569.8101698853072
-1680.1411772343822
-1558.5162001064818
-1676.1948023450402
-1624.3542732471265
-1598.6721567403104
-1635.6557622494702
-1555.5922761441375
-1666.782985978421
-1630.540059847975
-1546.1287620233588
-1661.6308591863406
-1547.4504350959758
-1670.9018603084542
-1627.3614211569784
-1585.1620892031708
-1670.3463636091021
-1546.5946768089195
-1674.8214876365505
-1633.889066639052
-1599.4746191069153
-1668.851490052422
-1569.2798585082098
-1675.0534562429855
-1615.9256935822164
-1571.0009923135049
-1637.9958572735654
-1539.220791330069
-1674.0619228675123
-1633.1939378086402
-1571.9990852279448
-1684.5482035154473
-1552.2561676717592
-1681.6547934312366
-1570.7021678509293
-1488.3511304418178
-1581.4180401883668
-1511.0630108135779
-1676.7858882613791
-1625.7340287669947
-1613.5017066671394
-1674.8625283596411
-1557.1482324787069
-1672.9825133715442
-1609.5555599611262
-1592.0481741115766
-1655.047986404805
-1530.6498158719924
-1681.7641560902366
-1627.3579650040942
-1565.7883254315898
-1672.176983977049
-1561.5431285707634
-1679.8103379850816
-1622.047740470528
-1589.6251140828008
-1682.4145164393613
-1553.6257759365208
-1693.4754729763033
-1627.4911817610346
-1601.1196453671816
-1681.8873430259694
-1558.6324457429805
[INFO][abstract_intensifier.py:596] Added config e80b87 and rejected config 9b0ae0 as incumbent because it is not better than the incumbents on 1 instances: 
-1674.926149627367
-1628.1400620788866
-1570.1919017409073
-1675.1253181999073
-1561.8275785200256
-1668.0436639736888
-1616.2830849102309
-1590.1916852171898
-1660.9933444161384
-1558.6557365264048
-1669.6842823533266
-1597.0019426915908
-1530.7272480098825
-1616.5690803511743
-1533.4543492752732
-1674.569425181627
-1629.7839940973283
-1584.1143483619192
-1683.9916217351408
-1558.5782776055112
-1671.996031433399
-1616.3431753313992
-1572.2794382908105
-1632.2982827099731
-1534.8200611913273
-1679.370091848677
-1633.9273147637018
-1598.1259857492132
-1658.0564518252845
-1560.92979393899
-1673.1287984147018
-1625.5215731352998
-1598.039658776235
-1681.970503397085
-1556.268699436805
-1675.411484468492
-1624.7487085701264
-1572.5228182286664
-1685.470024561673
-1557.692118457889
-1678.1529326437535
-1638.083996401374
-1610.9725759063613
-1682.3305922583204
-1556.3598741460028
[INFO][abstract_intensifier.py:596] Added config 23bbbc and rejected config e80b87 as incumbent because it is not better than the incumbents on 1 instances: 
-1675.1007770133444
-1630.2539466886
-1575.083571486197
-1677.1235610707506
-1565.0483688525624
-1685.348011370863
-1638.9545565372287
-1606.2180672182692
-1675.5365241029472
-1560.1240494260896
[INFO][abstract_intensifier.py:596] Added config 8358d2 and rejected config 23bbbc as incumbent because it is not better than the incumbents on 1 instances: 
-1679.6914323052192
-1622.1279325511346
-1556.8507659619129
-1681.2658021077327
-1557.5349502861259
-1668.6019223593455
-1612.9628033514716
-1583.3186120977484
-1668.826081045864
-1543.8147120033714
-1671.0676068927974
-1619.5585550072435
-1592.5696033052648
-1667.6827332187192
-1555.090734220688
-1670.8712885063037
-1622.40663329978
-1600.1906005954484
-1682.5096003269691
-1552.1749533022692
-1671.0303369625376
-1638.8553823983225
-1599.8529475774208
-1687.2118309279736
-1557.7238481980119
-1670.972368809172
-1623.8341721802929
-1548.3655587905814
-1635.084269760422
-1539.0426862174722
-1669.715651740562
-1626.8623565331002
-1609.5059021140721
-1691.9708065662528
-1553.1503000981572
-1668.8632927879266
-1627.7258063841791
-1579.2325644543257
-1671.7763563129283
-1558.9826869699086
[INFO][smbo.py:327] Finished 50 trials.
-1669.9247395464508
-1624.4555700317642
-1601.0425849731253
-1667.0732094658752
-1564.6736331087325
-1680.7357580810256
-1629.7509555463002
-1617.63409198516
-1679.336344046531
-1566.7586224070064
[INFO][abstract_intensifier.py:596] Added config c3f4b7 and rejected config 8358d2 as incumbent because it is not better than the incumbents on 1 instances: 
-1694.278875439726
-1626.002382343686
-1616.4990086805146
-1662.8841030972642
-1559.708960239998
-1672.9325937874269
-1622.856562088027
-1598.1766005926133
-1679.9668890943713
-1563.1645674822066
-1670.4493139156436
-1619.2581355875209
-1588.4009050599175
-1650.5883061070722
-1551.410103093881
-1664.4051635055825
-1628.2759853330306
-1588.5195336912047
-1650.0898981560429
-1562.4380161146728
-1663.6315101746932
-1631.1110948593646
-1591.114218362506
-1688.5055466225872
-1550.6380017781269
-1668.422193629091
-1625.9760266912695
-1604.6864608872336
-1668.5981249974525
-1561.7329356249759
-1672.7741699877417
-1644.2606185011882
-1572.2503094377048
-1673.6338595841398
-1561.1097607526135
-1671.8556345145307
-1640.0458110494924
-1597.0543549745407
-1661.3792118363817
-1547.570053743
-1670.920799399184
-1630.1676100425436
-1584.8115810893464
-1683.6595650546578
-1557.8155623057833
-1672.7741699877417
-1644.2606185011882
-1572.2503094377048
-1673.6338595841398
-1561.1097607526135
-1674.5807146582517
-1630.4620204446244
-1606.0954869939824
-1681.0115589172392
-1558.8407427375942
-1691.3175258004935
-1640.6835533839453
-1609.1814397525138
-1686.8231534080132
-1559.8441434126985
[INFO][abstract_intensifier.py:596] Added config ba3dc5 and rejected config c3f4b7 as incumbent because it is not better than the incumbents on 1 instances: 
-1673.037247804125
-1624.7199489699915
-1567.7818445752257
-1673.7305941142006
-1556.777324030606
-1670.9415021438163
-1561.2918413538837
-1479.7724298833357
-1566.0777223033465
-1526.0754586124501
-1680.7410466310132
-1628.2682491985295
-1618.2195476462555
-1680.2835549292988
-1566.5413206194335
-1691.977841367253
-1625.219408600709
-1615.9707991807024
-1667.4318337467985
-1560.1151661580354
-1670.9444260716919
-1598.2218472784907
-1572.2247442149956
-1670.648675439534
-1540.735491256901
-1670.9444260716919
-1598.2218472784907
-1572.2247442149956
-1670.648675439534
-1540.735491256901
-1670.9444260716919
-1598.2218472784907
-1572.2247442149956
-1670.648675439534
-1540.735491256901
-1689.6613987019994
-1636.7142482733268
-1572.8721111658635
-1676.850304570817
-1560.9644597699453
-1682.415896070413
-1623.4733312757728
-1586.0834055425228
-1670.1717887946897
-1555.3073920673594
-1680.3698414329256
-1630.8838146415756
-1586.4236716903476
-1667.7210159478104
-1565.941857182493
-1682.3537562601489
-1627.5108678675008
-1605.771975026912
-1678.7168074305803
-1564.4358149785567
-1673.5375985571354
-1637.0492425206614
-1607.7966460860862
-1690.7568698809068
-1563.879520419236
-1666.5215395028495
-1638.4606105566097
-1576.9773712771662
-1670.509277346426
-1563.5698092949435
-1677.8253434002488
-1640.1282517198752
-1613.5890822209344
-1677.4429055079947
-1566.4953996759696
-1688.8580355443248
-1637.9175870574923
-1586.5552045899522
-1665.35486164452
-1565.1580513871681
-1677.9245414968718
-1628.2967694173508
-1582.8653324457264
-1677.1843064837522
-1564.1014445018682
-1682.8438419580293
-1633.1459360368171
-1597.873821566669
-1680.3828318380574
-1567.1911946911205
-1672.9081025804703
-1628.1343231806247
-1612.0278498364812
-1690.7108844084446
-1559.932052268037
-1674.6535665041972
-1606.5114090319214
-1574.8880506995556
-1652.8181688478503
-1550.9353428386357
-1678.7268029080587
-1630.9955367374318
-1606.1117371745486
-1673.4364470274077
-1557.9149669253372
-1678.7268029080587
-1630.9955367374318
-1606.1117371745486
-1673.4364470274077
-1557.9149669253372
-1691.3175258004935
-1640.6835533839453
-1609.1814397525138
-1686.8231534080132
-1559.8441434126985
-1672.7254363216898
-1631.853319081076
-1566.576394758409
-1674.8893645826975
-1566.937700588349
-1677.3830926685887
-1628.8715371698304
-1605.0055155542077
-1663.4577539354073
-1559.270756928967
-1686.7374842844688
-1639.072381920078
-1604.7697676086364
-1685.2633459805725
-1562.7674831277056
-1674.3833390360273
-1629.890599605258
-1594.7090756524246
-1673.5487287522046
-1563.709649730038
-1682.8438419580293
-1633.1459360368171
-1597.873821566669
-1680.3828318380574
-1567.1911946911205
-1674.6468825812328
-1619.7224074449916
-1573.3821835856975
-1669.226874669367
-1551.946163028023
-1687.8527289993626
-1629.123206677595
-1599.82617323397
-1673.8756840769781
-1566.2420761020007
-1691.3175258004935
-1640.6835533839453
-1609.1814397525138
-1686.8231534080132
-1559.8441434126985
-1685.598107915675
-1626.861433158
-1611.7010851460323
-1670.730919865467
-1558.0326659937368
-1687.752508618944
-1628.0285952169438
-1607.00111513114
-1677.1285197308516
-1559.369225690523
-1666.022624466802
-1588.9981954297416
-1542.0856719857595
-1617.7323098022594
-1532.2966713455812
-1685.598107915675
-1626.861433158
-1611.7010851460323
-1670.730919865467
-1558.0326659937368
-1685.3423788863222
-1641.1026646287194
-1609.3118838336745
-1676.1221755736826
-1560.1348267935107
-1691.3175258004935
-1640.6835533839453
-1609.1814397525138
-1686.8231534080132
-1559.8441434126985
[INFO][smbo.py:327] Finished 100 trials.
-1689.0477112349877
-1640.519387879876
-1609.4338977230504
-1676.5074795941746
-1559.8842297271917
-1670.020355453059
-1627.0429109565346
-1597.7072570265414
-1666.647121460031
-1549.6371122863866
-1667.8282408488117
-1629.5575984996929
-1582.1576625202244
-1676.1088155675136
-1555.7660534491056
-1681.041467683821
-1623.7602407172812
-1579.212991821285
-1673.641814490349
-1557.773736011658
-1689.0477112349877
-1640.519387879876
-1609.4338977230504
-1676.5074795941746
-1559.8842297271917
-1691.3175258004935
-1640.6835533839453
-1609.1814397525138
-1686.8231534080132
-1559.8441434126985
-1691.3175258004935
-1640.6835533839453
-1609.1814397525138
-1686.8231534080132
-1559.8441434126985
-1691.3175258004935
-1640.6835533839453
-1609.1814397525138
-1686.8231534080132
-1559.8441434126985
-1691.3175258004935
-1640.6835533839453
-1609.1814397525138
-1686.8231534080132
-1559.8441434126985
-1691.3175258004935
-1640.6835533839453
-1609.1814397525138
-1686.8231534080132
-1559.8441434126985
-1691.3175258004935
-1640.6835533839453
-1609.1814397525138
-1686.8231534080132
-1559.8441434126985
-1685.710924405224
-1614.9416583107618
-1586.0551251950787
-1675.8219995103464
-1540.4189664898709
-1688.023207259666
-1632.6503866774337
-1607.8199826562623
-1685.258847654978
-1558.6386927698138
-1680.3690985610197
-1619.4120129862954
-1595.9498513179326
-1654.2389737184728
-1551.6860114207639
-1664.2653162934778
-1626.756414709327
-1594.4542047449086
-1661.5409075644475
-1549.7755272785575
-1674.587029424917
-1634.635041949561
-1590.2859116288676
-1669.437438676303
-1551.6392406848845
-1677.6405827544038
-1630.961290921904
-1608.507565674116
-1673.220865504431
-1561.1392309596808
-1679.3475088469515
-1631.6980338813833
-1613.869717764503
-1654.7238798758913
-1562.6477745489242
-1679.3475088469515
-1631.6980338813833
-1613.869717764503
-1654.7238798758913
-1562.6477745489242
-1688.0133599530081
-1637.1723136582443
-1600.1404126553139
-1684.0663715041383
-1566.9820773795673
-1670.9787139037144
-1625.5567049337706
-1590.762790028978
-1693.4206745400106
-1557.4827022947682
-1673.4250896289316
-1628.6830133841597
-1609.2948853145808
-1662.3157337107943
-1563.4334871570168
-1679.438111790675
-1629.0707690732777
-1574.470528671078
-1666.954331132261
-1555.4048491780568
-1675.7226306640237
-1638.60699408886
-1598.2373367622395
-1678.0548458320766
-1555.521387018228
-1674.5807146582517
-1630.4620204446244
-1606.0954869939824
-1681.0115589172392
-1558.8407427375942
-1691.3175258004935
-1640.6835533839453
-1609.1814397525138
-1686.8231534080132
-1559.8441434126985
-1676.1090099525459
-1587.0467387858519
-1553.5022180754106
-1605.9490890508505
-1537.6588426684666
-1691.3175258004935
-1640.6835533839453
-1609.1814397525138
-1686.8231534080132
-1559.8441434126985
-1691.3175258004935
-1640.6835533839453
-1609.1814397525138
-1686.8231534080132
-1559.8441434126985
-1684.7446775804835
-1631.562827426134
-1608.6067335153393
-1684.806849684063
-1559.5355039591182
-1691.3175258004935
-1640.6835533839453
-1609.1814397525138
-1686.8231534080132
-1559.8441434126985
-1691.3175258004935
-1640.6835533839453
-1609.1814397525138
-1686.8231534080132
-1559.8441434126985
-1678.7626618941777
-1631.3077186013086
-1577.837199141688
-1682.7627577989629
-1566.443653316268
-1691.3175258004935
-1640.6835533839453
-1609.1814397525138
-1686.8231534080132
-1559.8441434126985
-1691.3175258004935
-1640.6835533839453
-1609.1814397525138
-1686.8231534080132
-1559.8441434126985
-1689.6915495568383
-1630.2881167467594
-1588.4085763902435
-1660.5858292404391
-1556.3931231524573
-1677.1113071557904
-1634.4737342262933
-1587.068743201109
-1680.639202742661
-1546.856605699579
-1691.3175258004935
-1640.6835533839453
-1609.1814397525138
-1686.8231534080132
-1559.8441434126985
-1688.0133599530081
-1637.1723136582443
-1600.1404126553139
-1684.0663715041383
-1566.9820773795673
-1671.252809300623
-1601.8554217978135
-1571.4996030745651
-1669.753265490996
-1536.71564735501
-1675.993815988311
-1631.7216792793913
-1573.2909486260846
-1647.238700427798
-1543.0731281587355
-1671.3653149445568
-1637.1132958419657
-1613.003908751664
-1677.5116254989448
-1563.797120539044
-1691.3175258004935
-1640.6835533839453
-1609.1814397525138
-1686.8231534080132
-1559.8441434126985
-1691.3175258004935
-1640.6835533839453
-1609.1814397525138
-1686.8231534080132
-1559.8441434126985
-1689.4577179015607
-1624.2904416873089
-1595.6602138325281
-1674.2977734634246
-1561.1063709406994
-1689.4577179015607
-1624.2904416873089
-1595.6602138325281
-1674.2977734634246
-1561.1063709406994
-1691.3175258004935
-1640.6835533839453
-1609.1814397525138
-1686.8231534080132
-1559.8441434126985
-1691.3175258004935
-1640.6835533839453
-1609.1814397525138
-1686.8231534080132
-1559.8441434126985
-1691.3175258004935
-1640.6835533839453
-1609.1814397525138
-1686.8231534080132
-1559.8441434126985
-1691.3175258004935
-1640.6835533839453
-1609.1814397525138
-1686.8231534080132
-1559.8441434126985
[INFO][smbo.py:327] Finished 150 trials.
-1667.2164786480419
-1638.5012692405373
-1593.124584895131
-1680.2837483337814
-1559.1098682043573
-1691.3175258004935
-1640.6835533839453
-1609.1814397525138
-1686.8231534080132
-1559.8441434126985
-1675.2003524503743
-1642.1746397660709
-1572.12978046032
-1675.9567665608172
-1567.6465554049437
-1691.3175258004935
-1640.6835533839453
-1609.1814397525138
-1686.8231534080132
-1559.8441434126985
-1689.0477112349877
-1640.519387879876
-1609.4338977230504
-1676.5074795941746
-1559.8842297271917
-1689.0477112349877
-1640.519387879876
-1609.4338977230504
-1676.5074795941746
-1559.8842297271917
-1684.7446775804835
-1631.562827426134
-1608.6067335153393
-1684.806849684063
-1559.5355039591182
-1684.7446775804835
-1631.562827426134
-1608.6067335153393
-1684.806849684063
-1559.5355039591182
-1663.3408027284188
-1599.000442438385
-1575.3227817317952
-1627.5974222193636
-1544.265160083276
-1684.7446775804835
-1631.562827426134
-1608.6067335153393
-1684.806849684063
-1559.5355039591182
-1684.7446775804835
-1631.562827426134
-1608.6067335153393
-1684.806849684063
-1559.5355039591182
-1691.3175258004935
-1640.6835533839453
-1609.1814397525138
-1686.8231534080132
-1559.8441434126985
-1678.7268029080587
-1630.9955367374318
-1606.1117371745486
-1673.4364470274077
-1557.9149669253372
-1691.3175258004935
-1640.6835533839453
-1609.1814397525138
-1686.8231534080132
-1559.8441434126985
-1666.749340246376
-1608.1938776157651
-1544.9558402451435
-1620.7981612898952
-1527.5190519776816
-1678.7268029080587
-1630.9955367374318
-1606.1117371745486
-1673.4364470274077
-1557.9149669253372
-1678.7268029080587
-1630.9955367374318
-1606.1117371745486
-1673.4364470274077
-1557.9149669253372
-1678.7268029080587
-1630.9955367374318
-1606.1117371745486
-1673.4364470274077
-1557.9149669253372
-1678.7268029080587
-1630.9955367374318
-1606.1117371745486
-1673.4364470274077
-1557.9149669253372
-1678.7143582767862
-1630.3207313408643
-1589.6182077847702
-1678.8590829280158
-1565.8964835086815
-1691.3175258004935
-1640.6835533839453
-1609.1814397525138
-1686.8231534080132
-1559.8441434126985
-1691.3175258004935
-1640.6835533839453
-1609.1814397525138
-1686.8231534080132
-1559.8441434126985
-1691.3175258004935
-1640.6835533839453
-1609.1814397525138
-1686.8231534080132
-1559.8441434126985
-1669.2939578731537
-1619.744956133526
-1610.1597923528404
-1672.7401883423868
-1558.268663850153
-1691.3175258004935
-1640.6835533839453
-1609.1814397525138
-1686.8231534080132
-1559.8441434126985
-1666.3103623351499
-1628.4771994019618
-1602.710683057292
-1682.7868891757776
-1559.7104919733642
-1666.3103623351499
-1628.4771994019618
-1602.710683057292
-1682.7868891757776
-1559.7104919733642
-1690.8238193445611
-1631.9336785622295
-1603.6242485922633
-1668.8294130806319
-1556.8628479498325
-1691.3175258004935
-1640.6835533839453
-1609.1814397525138
-1686.8231534080132
-1559.8441434126985
-1691.3175258004935
-1640.6835533839453
-1609.1814397525138
-1686.8231534080132
-1559.8441434126985
-1691.3175258004935
-1640.6835533839453
-1609.1814397525138
-1686.8231534080132
-1559.8441434126985
-1691.3175258004935
-1640.6835533839453
-1609.1814397525138
-1686.8231534080132
-1559.8441434126985
-1691.3175258004935
-1640.6835533839453
-1609.1814397525138
-1686.8231534080132
-1559.8441434126985
-1691.3175258004935
-1640.6835533839453
-1609.1814397525138
-1686.8231534080132
-1559.8441434126985
-1689.9683176701494
-1623.0656041492066
-1596.5426431188198
-1674.8831401837597
-1560.6997128867376
-1689.9683176701494
-1623.0656041492066
-1596.5426431188198
-1674.8831401837597
-1560.6997128867376
-1677.481466954238
-1619.1599846876827
-1605.6744901388615
-1667.1791463986428
-1563.3774895593303
-1691.3175258004935
-1640.6835533839453
-1609.1814397525138
-1686.8231534080132
-1559.8441434126985
-1691.3175258004935
-1640.6835533839453
-1609.1814397525138
-1686.8231534080132
-1559.8441434126985
-1678.1082714774448
-1630.1748233562912
-1599.3025190301883
-1688.3018988760164
-1558.481100572223
-1691.3175258004935
-1640.6835533839453
-1609.1814397525138
-1686.8231534080132
-1559.8441434126985
-1691.3175258004935
-1640.6835533839453
-1609.1814397525138
-1686.8231534080132
-1559.8441434126985
-1691.3175258004935
-1640.6835533839453
-1609.1814397525138
-1686.8231534080132
-1559.8441434126985
-1678.3244950818025
-1612.4754706091044
-1568.229124846259
-1673.5102248860235
-1537.4487010125624
-1691.3175258004935
-1640.6835533839453
-1609.1814397525138
-1686.8231534080132
-1559.8441434126985
-1691.3175258004935
-1640.6835533839453
-1609.1814397525138
-1686.8231534080132
-1559.8441434126985
-1691.3175258004935
-1640.6835533839453
-1609.1814397525138
-1686.8231534080132
-1559.8441434126985
-1691.3175258004935
-1640.6835533839453
-1609.1814397525138
-1686.8231534080132
-1559.8441434126985
-1691.3175258004935
-1640.6835533839453
-1609.1814397525138
-1686.8231534080132
-1559.8441434126985
-1691.3175258004935
-1640.6835533839453
-1609.1814397525138
-1686.8231534080132
-1559.8441434126985
[INFO][smbo.py:327] Finished 200 trials.
[INFO][smbo.py:335] Configuration budget is exhausted:
[INFO][smbo.py:336] --- Remaining wallclock time: inf
[INFO][smbo.py:337] --- Remaining cpu time: inf
[INFO][smbo.py:338] --- Remaining trials: 0
