Using file: ../data/ela_with_cma_and_algo_normalised/A1_data_5D/A1_B80_5D_ela_with_state.csv
[INFO][abstract_initial_design.py:87] Reducing the number of initial configurations from 60 to 50 (max_ratio == 0.25).
[INFO][abstract_initial_design.py:139] Using 50 initial design configurations and 0 additional configurations.
[INFO][abstract_intensifier.py:307] Using only one seed for deterministic scenario.
-2472.467089858528
-2455.675718857142
-2520.023071559173
-2491.4421044912488
-2310.8536024392706
[INFO][abstract_intensifier.py:517] Added config 26fdc2 as new incumbent because there are no incumbents yet.
-2539.367076593382
-2531.9528254828792
-2499.1846872341157
-2525.804353893547
-2368.394005579831
[INFO][abstract_intensifier.py:596] Added config 8a205f and rejected config 26fdc2 as incumbent because it is not better than the incumbents on 1 instances: 
-2511.9065892947697
-2488.142243111782
-2529.147230232683
-2483.6154974493784
-2331.063260124602
-2541.0026486061124
-2540.8175602418623
-2478.7948056525947
-2499.0020111508484
-2368.3629372651694
-2550.137951332291
-2573.3944418592177
-2505.0374729087116
-2476.9295164087516
-2383.460481125702
[INFO][abstract_intensifier.py:596] Added config 87cf8a and rejected config 8a205f as incumbent because it is not better than the incumbents on 1 instances: 
-2397.646415118987
-2369.70847355309
-2480.4354056362636
-2470.452623796
-2302.1255912449797
-2543.642058383069
-2539.7862822171755
-2498.5231969009574
-2492.708330734795
-2368.8638463589486
-2477.1659831385264
-2434.508435644467
-2466.708093612081
-2471.2489661012714
-2290.4251214135766
-2583.9076867557287
-2555.586869976091
-2533.7665313739353
-2498.964273490708
-2377.5168454284913
[INFO][abstract_intensifier.py:596] Added config b7ad6c and rejected config 87cf8a as incumbent because it is not better than the incumbents on 1 instances: 
-2465.7066393309574
-2408.5440489569414
-2473.7112481727127
-2462.5527110532475
-2312.388733427638
-2526.219415479077
-2520.7985917798437
-2495.4939228564313
-2453.7323284204203
-2373.464969673299
-2410.108776847276
-2431.717444954977
-2473.1473927275993
-2456.4129507690536
-2314.1867382189225
-2538.620074287868
-2517.1595935589944
-2501.9542639630763
-2489.233426817483
-2352.31364313144
-2491.0912426095774
-2515.008266254054
-2487.0043847821
-2502.3638682844467
-2371.047349962117
-2476.353901384931
-2496.16276995983
-2494.7447294991
-2471.925396864637
-2317.7454709865237
-2532.1730606183814
-2555.8890722279175
-2493.376591708284
-2497.415974156368
-2367.5185579540052
-2499.2027701006696
-2518.1058457340073
-2489.9456331086585
-2493.0679750456707
-2338.0687874687524
-2541.181882500684
-2559.2578400608145
-2505.9566225600574
-2543.0451299949696
-2378.89040851324
-2502.1573860963786
-2502.0968241765613
-2518.0605613244215
-2490.4421779468703
-2381.242439774906
-2472.817780492609
-2454.278669282784
-2450.5342625186368
-2468.485663734566
-2330.2660230307306
-2592.141301546031
-2487.9374316849917
-2464.5039464666797
-2507.7406377440598
-2374.9214688088705
-2467.55237279262
-2436.9890521939456
-2454.4966218767067
-2482.192289860345
-2340.1396029189614
-2543.16204113947
-2543.3804397332315
-2511.7213121269956
-2471.3083173739724
-2377.0379122702757
-2473.812909664149
-2414.570419992312
-2461.452408589547
-2472.2319080664097
-2273.7411289356314
-2567.3463693945114
-2531.341955888507
-2504.5185468072577
-2478.160251062147
-2371.863905892981
-2411.230690734084
-2359.585867631624
-2358.494832821412
-2411.9104068047936
-2289.4549956998276
-2596.852993931617
-2561.2199879257996
-2491.6056757935303
-2493.5634541495665
-2381.0283626591254
-2476.7025735057014
-2473.4267684307993
-2488.2139873471333
-2484.6942460970536
-2322.4911199317494
-2479.213150991035
-2486.247320446547
-2507.9975016426306
-2472.741468743816
-2342.274592361371
-2499.3544686202167
-2519.1468910843514
-2495.4480775671386
-2496.5707169153234
-2361.122683095969
-2494.324152244423
-2498.762126939875
-2500.0163105481533
-2486.749437890244
-2359.4962762836526
-2594.4415556893955
-2539.848057180518
-2511.6177898700307
-2510.1080632646676
-2387.5976375494884
-2540.2397959281634
-2483.8999668554643
-2462.135703216495
-2468.986093832879
-2362.1461795614778
-2431.2977741670893
-2406.6597349215626
-2464.5374006779225
-2469.053750455062
-2271.5473858651285
-2607.3170042944867
-2575.5062278016085
-2508.9492270399933
-2509.0534506278227
-2382.5047962894864
[INFO][abstract_intensifier.py:596] Added config b5c0dd and rejected config b7ad6c as incumbent because it is not better than the incumbents on 1 instances: 
-2439.3715216427236
-2449.823577940804
-2456.9829859947763
-2522.419775467405
-2314.279965422479
-2453.343179928841
-2447.470703751882
-2507.178917329289
-2480.015511477351
-2327.913283747825
-2531.3538026130664
-2516.1772021950806
-2500.6898473428455
-2511.504092710091
-2376.5523531168114
-2519.289320473642
-2545.6024089713874
-2491.2678758344055
-2483.61089516958
-2345.53483125254
-2573.560400940008
-2560.2844209670966
-2517.5488333426892
-2475.551516581247
-2383.217966022006
-2538.22119839788
-2507.5573341348722
-2510.5226470588404
-2475.803576750881
-2361.151276671095
-2539.9839201139316
-2542.715827717915
-2510.3173276147363
-2513.0764962321336
-2367.817928232572
-2426.8621474771194
-2457.0266038894943
-2510.222206472733
-2488.0465893608516
-2309.3999838239333
-2474.900373216693
-2466.908646643399
-2488.723767570694
-2476.5259105594473
-2347.3900682215176
-2572.6067120631606
-2538.1972644234847
-2501.1329228373493
-2522.5730768244953
-2384.13696884099
-2470.9336666525624
-2437.5929976783505
-2478.444076610528
-2494.5642318693162
-2322.2550883045265
-2550.6164767765677
-2546.7590562762357
-2496.488504858045
-2506.332990471008
-2353.2514375663786
-2417.623212156971
-2398.8873644317264
-2467.46041380326
-2490.0459824300283
-2273.107958710742
-2554.8933847017033
-2551.344112596429
-2507.9295640156765
-2489.200298108799
-2383.2861711275905
-2503.2868585834813
-2496.502160923118
-2494.133359490481
-2488.44772286488
-2361.5559194816246
[INFO][smbo.py:327] Finished 50 trials.
-2565.869163445614
-2545.6651085741464
-2514.3977788896004
-2539.8962916814066
-2384.5476318064307
-2565.869163445614
-2545.6651085741464
-2514.3977788896004
-2539.8962916814066
-2384.5476318064307
-2565.869163445614
-2545.6651085741464
-2514.3977788896004
-2539.8962916814066
-2384.5476318064307
-2565.604037122681
-2541.5610443352857
-2515.169034577819
-2540.470114539771
-2384.3831329175355
-2468.760186028154
-2471.9642611885347
-2494.070820774151
-2499.068818810952
-2325.8592388084016
-2543.7963696794827
-2509.1858489593983
-2507.223495944743
-2458.926788918823
-2360.3545347402055
-2521.2057045383776
-2531.7401499273783
-2517.975491102987
-2459.215885035678
-2327.176731685061
-2566.352959821834
-2540.295864231277
-2515.924417239418
-2539.8105465158014
-2384.753269729671
-2579.6346938199267
-2572.177302010509
-2524.2044741884984
-2518.3743927551645
-2382.5638560964207
-2590.7725687924685
-2562.4165387580333
-2510.497720560129
-2506.6121902327236
-2382.158376835206
-2568.693057736283
-2562.6913443452927
-2512.824541339258
-2531.805534413018
-2370.2919116264497
-2593.2774152221027
-2558.1757451020567
-2510.3072645927577
-2510.5255371169237
-2380.0046739110685
-2590.976403367376
-2562.4201997920436
-2510.4977853366895
-2509.9366188334743
-2380.9744895662543
-2602.223539139391
-2553.1128880079477
-2516.888568715614
-2536.233464558079
-2383.277085483695
[INFO][abstract_intensifier.py:596] Added config 5f6f7c and rejected config b5c0dd as incumbent because it is not better than the incumbents on 1 instances: 
-2445.6559549237268
-2444.8044250721678
-2526.9494865915462
-2479.8919302971253
-2294.2455357412673
-2429.744747643674
-2269.9766145739586
-2384.339001205746
-2402.367313272359
-2284.1634229199776
-2568.9125820477866
-2563.656868179374
-2510.655605189787
-2524.071170358601
-2387.6606676386746
-2587.8088970209456
-2565.7129845363575
-2518.7017184487686
-2509.3316607683328
-2380.27183972112
-2574.3444435063184
-2558.748988281019
-2516.4976039347657
-2517.2954289011705
-2380.3130798920083
-2565.1354699530502
-2559.008527710581
-2521.733506979985
-2517.2801651693508
-2380.313079892002
-2569.437026390374
-2562.2515144385793
-2509.0848457022826
-2523.368715168239
-2389.312423428784
-2517.1105034496313
-2511.160802168418
-2486.2850318936717
-2486.702332371685
-2363.9241906967563
-2549.7192652621698
-2544.57361556768
-2505.6224277192923
-2540.637274835474
-2383.658052137561
-2564.5099415766326
-2558.5741661852853
-2524.611462859483
-2516.412855482409
-2378.319030086971
-2560.0457971464666
-2549.951102385128
-2487.299177376407
-2486.979373649851
-2377.137243365353
-2581.0888136453937
-2520.7542880622377
-2515.9907176127267
-2520.7970370805097
-2393.3023814531834
-2587.5660354415804
-2513.4310269047146
-2495.6766276767744
-2486.6908391057154
-2370.9855967411954
-2578.329422996376
-2557.294617324853
-2514.3893594774545
-2516.306496717024
-2370.7796661301545
-2579.3563844127975
-2553.9551551826057
-2506.0733286120985
-2543.898148624574
-2391.7353082511336
-2472.4016000263045
-2522.1313143937423
-2537.2299177920568
-2497.904334775866
-2345.8087634847207
-2594.205349066262
-2561.273086744309
-2533.8552266879874
-2510.45872193299
-2380.864842215288
-2605.949178435439
-2569.0611584458147
-2514.21855239499
-2510.9155368302318
-2383.418007701283
-2381.2561461689565
-2394.0135373687913
-2456.1143583717285
-2487.748220217958
-2325.9651368539344
-2581.2955296647333
-2534.545860582437
-2518.824224114325
-2512.515749796632
-2383.355454191819
-2579.3297001453316
-2535.9273555398263
-2518.2290122355853
-2512.8577121579565
-2383.8396478921304
-2595.7911439864483
-2567.8452738697765
-2510.2748481943336
-2518.20831629895
-2382.8860690581582
-2580.482511322073
-2535.4520723010237
-2519.736700005713
-2511.8675209307703
-2383.8396478921304
-2516.931683082502
-2549.7249330399545
-2499.305850984576
-2513.465591382853
-2375.7587337457626
-2607.8312233622955
-2580.1462851035903
-2502.0015122097766
-2512.600924971389
-2381.1627883746914
-2579.3844497274463
-2550.7706197751068
-2524.1260112454665
-2491.221670449586
-2380.304485564359
-2540.5973817506865
-2509.8923931956124
-2502.392806117636
-2500.0172675668136
-2374.890658495324
-2612.2178619788992
-2551.538798438689
-2521.6054223295987
-2541.209113150857
-2372.694217679974
[INFO][abstract_intensifier.py:596] Added config de8356 and rejected config 5f6f7c as incumbent because it is not better than the incumbents on 1 instances: 
-2490.6035330808536
-2431.630669847541
-2480.5503257625464
-2480.9665269944
-2292.4346769902336
-2613.2653726946755
-2556.8894017156335
-2517.810695322762
-2540.239985497391
-2381.1463355182564
[INFO][abstract_intensifier.py:596] Added config ed2de7 and rejected config de8356 as incumbent because it is not better than the incumbents on 1 instances: 
-2602.223539139391
-2553.1128880079477
-2516.888568715614
-2536.233464558079
-2383.277085483695
-2568.067594629294
-2544.2378200453504
-2512.9826981616206
-2536.094810736067
-2381.195219777013
-2568.067594629294
-2544.2378200453504
-2512.9826981616206
-2536.094810736067
-2381.195219777013
-2586.363196912577
-2575.8812781429183
-2502.775348335387
-2511.7908878078256
-2380.2777729058607
-2454.053031620018
-2447.432823009027
-2468.1164878789664
-2486.1284107589986
-2323.669639673659
-2590.671731031631
-2565.965602973786
-2510.9995855632787
-2512.3681497522516
-2391.6713202845644
[INFO][smbo.py:327] Finished 100 trials.
-2586.653047587307
-2565.091146585727
-2508.7445416076607
-2520.0294988513974
-2380.437087571772
-2613.2653726946755
-2556.8894017156335
-2517.810695322762
-2540.239985497391
-2381.1463355182564
-2613.349935549008
-2552.8861533197983
-2517.788193036187
-2541.3643863728958
-2381.257669962572
-2602.775579430747
-2556.4360483035994
-2523.97495923184
-2540.8908049679717
-2367.549572107196
-2576.82231102619
-2554.5981284548466
-2518.4027084604895
-2512.0078974001763
-2377.866033432139
-2463.1054820908826
-2486.5351030130873
-2519.4205876184324
-2486.0934048835643
-2302.0394088209664
-2581.378426848414
-2545.561159524791
-2487.686793527854
-2491.319491923444
-2367.67954187316
-2499.8399230221194
-2513.4087820090417
-2512.8427810316616
-2476.569673978427
-2329.3824184031896
-2548.9843705224075
-2539.3194796736475
-2510.635366662642
-2510.51365006325
-2380.812262350732
-2548.9843705224075
-2539.3194796736475
-2510.635366662642
-2510.51365006325
-2380.812262350732
-2581.0794266150583
-2560.7905331106663
-2497.8052936788426
-2534.4654991067505
-2375.6911515234224
-2613.2653726946755
-2556.8894017156335
-2517.810695322762
-2540.239985497391
-2381.1463355182564
-2613.2653726946755
-2556.8894017156335
-2517.810695322762
-2540.239985497391
-2381.1463355182564
-2613.2653726946755
-2556.8894017156335
-2517.810695322762
-2540.239985497391
-2381.1463355182564
-2587.6699668816523
-2567.9114888165705
-2520.0901149416554
-2517.3587128507215
-2380.427760848085
-2483.82351398997
-2453.747171337245
-2500.170314402562
-2505.6114900639627
-2324.5681596188547
-2585.5158724340045
-2549.7508921804833
-2530.9512205291185
-2529.6817134317184
-2391.8572908285
-2595.029867784149
-2563.0603030724715
-2513.2999008212328
-2519.4382462102403
-2386.22889061313
-2613.2653726946755
-2556.8894017156335
-2517.810695322762
-2540.239985497391
-2381.1463355182564
-2584.454423974348
-2563.6041965418794
-2503.0296611293224
-2497.4008190848167
-2386.40493479539
-2572.2009108940383
-2558.7000412076823
-2491.894529886877
-2490.787463880873
-2388.9195849375938
-2576.117198531145
-2555.7431701825763
-2493.1099268430025
-2493.9759528663726
-2378.291962779152
-2613.2653726946755
-2556.8894017156335
-2517.810695322762
-2540.239985497391
-2381.1463355182564
-2613.2653726946755
-2556.8894017156335
-2517.810695322762
-2540.239985497391
-2381.1463355182564
-2613.2653726946755
-2556.8894017156335
-2517.810695322762
-2540.239985497391
-2381.1463355182564
-2613.2653726946755
-2556.8894017156335
-2517.810695322762
-2540.239985497391
-2381.1463355182564
-2590.5983644726766
-2570.0980760407265
-2526.5162117955415
-2497.945420452297
-2385.4069920701995
-2613.2653726946755
-2556.8894017156335
-2517.810695322762
-2540.239985497391
-2381.1463355182564
-2417.953820989389
-2373.2373278148443
-2438.066989590204
-2454.3325294315364
-2290.9652596600718
-2613.2653726946755
-2556.8894017156335
-2517.810695322762
-2540.239985497391
-2381.1463355182564
-2613.2653726946755
-2556.8894017156335
-2517.810695322762
-2540.239985497391
-2381.1463355182564
-2585.4503663970163
-2566.343344835137
-2515.066756341539
-2517.788866269763
-2380.437087571772
-2524.4137445734777
-2538.5442723022984
-2511.7021261065283
-2483.0662530279706
-2356.850111386574
-2585.4503663970163
-2566.343344835137
-2515.066756341539
-2517.788866269763
-2380.437087571772
-2613.2653726946755
-2556.8894017156335
-2517.810695322762
-2540.239985497391
-2381.1463355182564
-2613.2653726946755
-2556.8894017156335
-2517.810695322762
-2540.239985497391
-2381.1463355182564
-2548.9843705224075
-2539.3194796736475
-2510.635366662642
-2510.51365006325
-2380.812262350732
-2548.9843705224075
-2539.3194796736475
-2510.635366662642
-2510.51365006325
-2380.812262350732
-2613.2653726946755
-2556.8894017156335
-2517.810695322762
-2540.239985497391
-2381.1463355182564
-2413.459491763749
-2421.58865852221
-2474.4625311155373
-2483.825672506294
-2288.3534897366467
-2594.9033250691996
-2579.147480520335
-2508.640575396277
-2505.086971454957
-2376.134530770431
-2613.2653726946755
-2556.8894017156335
-2517.810695322762
-2540.239985497391
-2381.1463355182564
-2581.3239285089044
-2541.400699500162
-2516.430650642469
-2508.2890717924342
-2377.9757937988497
-2581.3239285089044
-2541.400699500162
-2516.430650642469
-2508.2890717924342
-2377.9757937988497
-2581.3239285089044
-2541.400699500162
-2516.430650642469
-2508.2890717924342
-2377.9757937988497
-2581.3239285089044
-2541.400699500162
-2516.430650642469
-2508.2890717924342
-2377.9757937988497
-2580.606031700859
-2557.433022126361
-2526.9860657701684
-2517.2412337942937
-2366.3743995020486
-2462.528392252671
-2426.6922971511995
-2468.45036522416
-2499.700450077031
-2350.951556243884
-2454.2674589905323
-2461.641399633409
-2483.39919617801
-2483.1662664484065
-2328.5942486809645
-2544.865341588352
-2513.5015054506744
-2518.867727842684
-2459.6928086512344
-2362.95041583909
[INFO][smbo.py:327] Finished 150 trials.
-2564.5230032534346
-2556.098248640568
-2519.7333178868844
-2510.441056660944
-2363.299663138725
-2568.514161031996
-2573.240723588194
-2504.5828073214097
-2537.9506533942995
-2362.0075583755324
-2580.606031700859
-2557.433022126361
-2526.9860657701684
-2517.2412337942937
-2366.3743995020486
-2592.8247404472477
-2562.039931339295
-2527.2687469225975
-2510.6081551107445
-2365.521301516036
-2613.2653726946755
-2556.8894017156335
-2517.810695322762
-2540.239985497391
-2381.1463355182564
-2613.2653726946755
-2556.8894017156335
-2517.810695322762
-2540.239985497391
-2381.1463355182564
-2613.2653726946755
-2556.8894017156335
-2517.810695322762
-2540.239985497391
-2381.1463355182564
-2613.2653726946755
-2556.8894017156335
-2517.810695322762
-2540.239985497391
-2381.1463355182564
-2435.719005220003
-2380.6621739726825
-2465.232575097076
-2485.5661121101934
-2256.0938878001693
-2613.2653726946755
-2556.8894017156335
-2517.810695322762
-2540.239985497391
-2381.1463355182564
-2501.9937917150055
-2427.7955972873706
-2495.0298180806485
-2473.899630981774
-2349.5867477862375
-2587.4823791188037
-2581.0218710940126
-2508.8836632962184
-2522.8642313286623
-2379.352177861331
-2613.2653726946755
-2556.8894017156335
-2517.810695322762
-2540.239985497391
-2381.1463355182564
-2613.2653726946755
-2556.8894017156335
-2517.810695322762
-2540.239985497391
-2381.1463355182564
-2613.2653726946755
-2556.8894017156335
-2517.810695322762
-2540.239985497391
-2381.1463355182564
-2495.0145418059465
-2461.5649854817852
-2520.0551105363975
-2501.3747581337184
-2344.0799984729724
-2471.1956664750996
-2466.5236789352207
-2529.5952535700367
-2480.6344505378615
-2365.477327601896
-2531.867793188103
-2550.3870400773903
-2488.5132841133654
-2492.402547428373
-2366.503968710585
-2584.6798505287225
-2529.130032687578
-2527.3801516194317
-2505.8251779387533
-2382.8835392973724
-2584.6798505287225
-2529.130032687578
-2527.3801516194317
-2505.8251779387533
-2382.8835392973724
-2613.2653726946755
-2556.8894017156335
-2517.810695322762
-2540.239985497391
-2381.1463355182564
-2613.2653726946755
-2556.8894017156335
-2517.810695322762
-2540.239985497391
-2381.1463355182564
-2441.18926749156
-2428.0769855662716
-2484.456292406957
-2489.878080817284
-2322.232887365446
-2600.7499510962643
-2561.771758453922
-2517.3544385467494
-2541.9516525435756
-2375.849740117268
-2583.3505695656017
-2557.48852210299
-2511.953805278908
-2529.6452827021794
-2375.8017639179157
-2588.909837990196
-2569.12939400593
-2513.924371382467
-2537.7092778161186
-2375.7937666778535
-2583.3505695656017
-2557.48852210299
-2511.953805278908
-2529.6452827021794
-2375.8017639179157
-2614.214237289765
-2519.0634978177295
-2516.0867062471852
-2484.157460775195
-2361.2859417303566
-2613.2653726946755
-2556.8894017156335
-2517.810695322762
-2540.239985497391
-2381.1463355182564
-2613.2653726946755
-2556.8894017156335
-2517.810695322762
-2540.239985497391
-2381.1463355182564
-2613.2653726946755
-2556.8894017156335
-2517.810695322762
-2540.239985497391
-2381.1463355182564
-2585.322011825834
-2570.865907832865
-2487.9411637850453
-2478.5047084615235
-2376.5971814291647
-2572.8402957183966
-2557.1628797403755
-2525.8362285944613
-2513.792081669101
-2377.5869662116775
-2572.8402957183966
-2557.1628797403755
-2525.8362285944613
-2513.792081669101
-2377.5869662116775
-2613.4224766480206
-2559.9481134739935
-2517.613018249011
-2541.5244068941333
-2381.538544308441
[INFO][abstract_intensifier.py:596] Added config bd8923 and rejected config ed2de7 as incumbent because it is not better than the incumbents on 1 instances: 
-2585.8212975539977
-2562.279351548007
-2506.590726480592
-2499.456775663902
-2390.483404502734
-2613.4224766480206
-2559.9481134739935
-2517.613018249011
-2541.5244068941333
-2381.538544308441
-2613.4224766480206
-2559.9481134739935
-2517.613018249011
-2541.5244068941333
-2381.538544308441
-2613.4224766480206
-2559.9481134739935
-2517.613018249011
-2541.5244068941333
-2381.538544308441
-2613.4224766480206
-2559.9481134739935
-2517.613018249011
-2541.5244068941333
-2381.538544308441
-2613.4224766480206
-2559.9481134739935
-2517.613018249011
-2541.5244068941333
-2381.538544308441
-2582.4228226231867
-2534.950379363899
-2501.4991429818683
-2512.314278647359
-2383.2109914411035
-2585.6378985594615
-2533.266185783049
-2490.957997045112
-2507.4175504658897
-2374.1928283154357
-2585.7625128725867
-2540.8864515267933
-2496.075788232546
-2503.568953221081
-2372.060746225293
-2478.781596139447
-2402.5335287042362
-2472.582037431555
-2505.4971553092764
-2295.7053709058528
-2613.4224766480206
-2559.9481134739935
-2517.613018249011
-2541.5244068941333
-2381.538544308441
-2613.4224766480206
-2559.9481134739935
-2517.613018249011
-2541.5244068941333
-2381.538544308441
-2440.953707138855
-2464.556739154279
-2517.440164792899
-2469.126220037985
-2307.786339464347
-2613.4224766480206
-2559.9481134739935
-2517.613018249011
-2541.5244068941333
-2381.538544308441
-2613.4224766480206
-2559.9481134739935
-2517.613018249011
-2541.5244068941333
-2381.538544308441
[INFO][smbo.py:327] Finished 200 trials.
[INFO][smbo.py:335] Configuration budget is exhausted:
[INFO][smbo.py:336] --- Remaining wallclock time: inf
[INFO][smbo.py:337] --- Remaining cpu time: inf
[INFO][smbo.py:338] --- Remaining trials: 0
