Using file: ../data/ela_with_cma_and_algo_normalised/A1_data_5D/A1_B850_5D_ela_with_state.csv
[INFO][abstract_initial_design.py:87] Reducing the number of initial configurations from 60 to 50 (max_ratio == 0.25).
[INFO][abstract_initial_design.py:139] Using 50 initial design configurations and 0 additional configurations.
[INFO][abstract_intensifier.py:307] Using only one seed for deterministic scenario.
-1498.5363099082592
-1423.3484688134236
-1430.1768805726642
-1523.728362411762
-1392.4097889974005
[INFO][abstract_intensifier.py:517] Added config 26fdc2 as new incumbent because there are no incumbents yet.
-1501.059033894052
-1412.4208629684074
-1434.959224826981
-1518.3930907867239
-1383.6390768653914
-1503.0606166624739
-1423.7627156237504
-1415.6821296972375
-1530.6927770733466
-1385.3723429447343
-1497.9401511105393
-1422.4433504785648
-1432.7611908506312
-1514.8815130621551
-1389.5897579957862
-1498.7407495149532
-1428.5310173194755
-1426.2185894515724
-1534.3718108729797
-1391.989387199202
[INFO][abstract_intensifier.py:596] Added config 87cf8a and rejected config 26fdc2 as incumbent because it is not better than the incumbents on 1 instances: 
-1472.1910573966552
-1404.3533944573655
-1380.5555739667402
-1492.8308020625066
-1362.9528300418897
-1478.1845888648354
-1411.0032473023082
-1409.4530376619434
-1519.6036517095379
-1380.0600787179299
-1499.2909465494458
-1419.4749740961574
-1413.8253681112712
-1520.546980593171
-1394.756220384067
-1486.7505034278693
-1418.869367403756
-1426.1925923120743
-1523.221505453273
-1381.1234181212537
-1501.9633728679257
-1420.356332194434
-1426.38165988245
-1505.0193029316947
-1398.1869917328975
-1494.1753769302145
-1423.13684765771
-1416.1364296463294
-1516.6745242769462
-1393.2143763163463
-1491.1617892519898
-1404.1438605143696
-1398.4007335246388
-1506.1906220988078
-1373.8765575495768
-1499.3447296673132
-1422.7514100136473
-1431.589842611529
-1533.8451159358222
-1391.7100739663451
-1495.7090031327048
-1424.6799381691328
-1413.7609757420869
-1529.0883781512782
-1382.6059687387922
-1493.6492062198922
-1425.4287964372759
-1416.9145594932947
-1517.864612026308
-1391.7822340323792
-1499.1913743748123
-1427.0171128157338
-1419.7113706608316
-1518.5331488901215
-1387.4855460342462
-1499.2287211800217
-1411.725296176624
-1417.6255109801803
-1538.8037245497912
-1389.7060834734548
-1495.2725021146953
-1427.2816198558019
-1430.1279653876934
-1516.212887571083
-1385.5330228801513
-1502.9329351080094
-1426.6866175768175
-1426.2870200443258
-1535.1361156789255
-1389.1451417416924
[INFO][abstract_intensifier.py:596] Added config 7b1dda and rejected config 87cf8a as incumbent because it is not better than the incumbents on 1 instances: 
-1499.8530898418653
-1405.3400990782147
-1412.1942034569302
-1514.5576440037557
-1389.9289298933131
-1485.9720456362784
-1426.3794875805552
-1405.977789632633
-1518.4042709427347
-1384.8489629569913
-1500.8082496789918
-1421.8069083945156
-1427.5772173644705
-1532.8443450994318
-1386.528242060006
-1498.7141072779564
-1430.0487533960843
-1431.0223142867649
-1541.0076838172868
-1390.6608973633574
[INFO][abstract_intensifier.py:596] Added config 2aa8be and rejected config 7b1dda as incumbent because it is not better than the incumbents on 1 instances: 
-1487.6333200897902
-1406.6906667700373
-1381.287442037369
-1507.0740346807306
-1372.6085960369949
-1494.323245435538
-1419.3428895609936
-1424.478638950431
-1525.6153657641219
-1380.1701907426554
-1461.9608894239495
-1400.5631750434395
-1357.2689937116995
-1488.7112842070096
-1334.8844316999412
-1497.150388882615
-1427.6719820896164
-1427.235257017225
-1533.2043191187424
-1391.1031461846599
-1497.2559773594733
-1425.2320102857148
-1417.5755344397694
-1524.029919040269
-1396.9813702903443
-1497.0245509396739
-1420.1326424097942
-1420.2005015248747
-1527.2759534117008
-1392.030858988169
-1496.1050685838845
-1426.142480465226
-1428.0092744688318
-1518.7983208190055
-1391.3744034791634
-1490.7575126920872
-1425.0424909501448
-1435.0709776253743
-1512.312228890113
-1390.6355638659888
-1493.599853197185
-1412.2471475966472
-1417.500931001097
-1520.6522140975485
-1381.0101948918327
-1493.2643693910277
-1422.6607337956968
-1415.6169077323204
-1539.698753734936
-1389.7180253286701
-1487.4406464258213
-1393.1551983933684
-1407.2386902824574
-1516.8652373416974
-1358.2700151321972
-1495.6054960732804
-1428.3587913079805
-1417.8591258458837
-1530.0165279630864
-1388.6340913588863
-1478.606235560404
-1412.8882998323252
-1406.1648573684133
-1510.2053901385043
-1382.883684619107
-1483.2291773058232
-1412.4523276708196
-1422.8092314194546
-1524.4574692140059
-1387.964352036413
-1496.782318540078
-1430.0479449837117
-1430.3724148333627
-1532.11209669578
-1385.1277357669462
-1497.157756827783
-1426.7721041958102
-1430.0218892650594
-1536.5091394543415
-1393.0879285334604
-1503.9040648380405
-1421.126657444874
-1430.4985860709414
-1534.7870669457934
-1388.6015026235063
-1497.6578058904893
-1423.2200349450932
-1432.898042249279
-1532.7735178383318
-1388.1106376430062
-1497.329152936816
-1413.3205270307567
-1430.0485088671217
-1512.4224269635738
-1393.1505365053108
-1501.1249283730076
-1428.0587296000522
-1417.4988224019326
-1531.7083516431535
-1393.5102320256276
-1498.742448929313
-1414.7683050684716
-1426.5074894968463
-1512.3440318330127
-1386.6403265183967
-1494.0106591819579
-1422.6312031259051
-1417.0579287440105
-1548.5704864204085
-1387.1382459604981
-1496.0392680416742
-1419.8421475481919
-1416.1652800829788
-1510.8752927096145
-1396.6418853930322
-1495.134548519968
-1428.902376021479
-1429.409255216337
-1524.185758320015
-1392.4593982774359
-1494.8293966808471
-1408.954154601446
-1405.2943609692966
-1514.3999462585932
-1389.4829803140121
-1500.0201247380242
-1433.7591692671606
-1419.1071377193875
-1534.6264368323216
-1388.115318778826
-1496.4442656047734
-1423.3351557967671
-1428.5381414836124
-1518.6915650648573
-1390.2981746845114
[INFO][smbo.py:327] Finished 50 trials.
-1497.525249937255
-1422.0662516183897
-1435.1842590439858
-1513.4548587783
-1393.20307980102
-1500.7614263842368
-1423.3983667669015
-1424.5900309762892
-1524.179086199771
-1388.1049754121818
-1502.9402827309962
-1422.4941724415003
-1423.4320012592555
-1527.3801423336442
-1386.7176657108057
-1496.1982207586716
-1429.3543083694594
-1434.580261801627
-1535.7898085070424
-1389.48315491518
-1495.194918210017
-1419.7983059762682
-1414.6570688487675
-1528.9768183547917
-1392.323612799922
-1492.0575319999375
-1423.5515094606208
-1406.41760767749
-1500.231041195364
-1383.2835709560582
-1495.7823585219753
-1429.4167224010139
-1431.9730911921226
-1526.0907169312468
-1392.3403670769421
-1494.387947253469
-1435.0103491529042
-1418.4696868779324
-1541.461754816698
-1390.732947997669
-1501.4668876244486
-1414.5005342093452
-1422.0381454468297
-1528.620609437436
-1388.7896854366918
-1502.2628233045725
-1427.175131919223
-1431.978694912865
-1536.9859091591818
-1389.1915756647807
-1492.6089750376186
-1416.8552479703835
-1414.1780080331266
-1524.2964541445642
-1385.1894831929412
-1499.6315047146268
-1419.4789081600306
-1423.0189658828158
-1542.3583758487953
-1392.6887150903901
-1500.9222522537711
-1425.01890013201
-1422.792996243909
-1544.6314863242553
-1390.4838065937302
-1499.1395647654094
-1429.9057654489836
-1431.9787185147966
-1534.7317490997686
-1389.6396726135122
-1500.8715984943935
-1425.169601205588
-1421.9481971018236
-1517.7358669749985
-1386.900529032434
-1472.012967871747
-1392.5298433835892
-1343.6746267881113
-1475.3653308765797
-1343.9990762588995
-1495.5783478652627
-1424.7480883139701
-1429.9409828535322
-1541.5107687900402
-1393.9069520633166
-1498.2128020825169
-1429.7651142775658
-1423.3148482578472
-1528.5215918026836
-1382.7051231750047
-1498.2128020825169
-1429.7651142775658
-1423.3148482578472
-1528.5215918026836
-1382.7051231750047
-1495.5783478652627
-1424.7480883139701
-1429.9409828535322
-1541.5107687900402
-1393.9069520633166
-1498.322041119833
-1429.7906819492105
-1420.453906399141
-1527.6423237735114
-1389.3236420604042
-1487.0173472694923
-1430.1795427688771
-1425.1318485742336
-1526.9833409253963
-1392.4763052172493
-1496.1524323456367
-1417.6148060534015
-1430.1710441814785
-1527.1859173150112
-1392.71721434525
-1498.261303088219
-1429.608314505725
-1421.9196787838405
-1523.495227993034
-1385.2170162770465
-1498.7141072779564
-1430.0487533960843
-1431.0223142867649
-1541.0076838172868
-1390.6608973633574
-1498.7141072779564
-1430.0487533960843
-1431.0223142867649
-1541.0076838172868
-1390.6608973633574
-1497.6217480353948
-1427.368741535314
-1428.459814802337
-1541.3004775416541
-1387.2197144274055
-1498.7141072779564
-1430.0487533960843
-1431.0223142867649
-1541.0076838172868
-1390.6608973633574
-1498.7141072779564
-1430.0487533960843
-1431.0223142867649
-1541.0076838172868
-1390.6608973633574
-1495.505505788039
-1428.4087620154937
-1429.0679255058524
-1519.7587843352242
-1393.283413872991
-1498.7141072779564
-1430.0487533960843
-1431.0223142867649
-1541.0076838172868
-1390.6608973633574
-1499.8032821733275
-1426.2780758463623
-1414.464812169882
-1531.7012045834729
-1384.8872933682287
-1491.1234837064867
-1404.9642744703165
-1402.236389828564
-1510.3428634757333
-1392.2928906723164
-1500.2550502261329
-1430.2053275099859
-1430.0523817598942
-1527.399792100495
-1390.4769385208974
-1498.7141072779564
-1430.0487533960843
-1431.0223142867649
-1541.0076838172868
-1390.6608973633574
-1498.7141072779564
-1430.0487533960843
-1431.0223142867649
-1541.0076838172868
-1390.6608973633574
-1498.7141072779564
-1430.0487533960843
-1431.0223142867649
-1541.0076838172868
-1390.6608973633574
-1502.7088233769255
-1425.271163709805
-1422.2058747094147
-1539.2439952679742
-1389.3887808116165
-1500.2550502261329
-1430.2053275099859
-1430.0523817598942
-1527.399792100495
-1390.4769385208974
-1500.2550502261329
-1430.2053275099859
-1430.0523817598942
-1527.399792100495
-1390.4769385208974
-1497.4888369891696
-1423.1071536759346
-1433.236496367661
-1515.1499407340093
-1393.4087881131877
-1498.7141072779564
-1430.0487533960843
-1431.0223142867649
-1541.0076838172868
-1390.6608973633574
-1488.5332314080115
-1404.6902062078145
-1398.319542135625
-1509.515786136666
-1373.7766662688489
-1500.4963122927236
-1428.227895106726
-1429.5510239312675
-1532.9007603309622
-1391.66082139008
-1500.4963122927236
-1428.227895106726
-1429.5510239312675
-1532.9007603309622
-1391.66082139008
-1498.7141072779564
-1430.0487533960843
-1431.0223142867649
-1541.0076838172868
-1390.6608973633574
-1498.7141072779564
-1430.0487533960843
-1431.0223142867649
-1541.0076838172868
-1390.6608973633574
-1498.7141072779564
-1430.0487533960843
-1431.0223142867649
-1541.0076838172868
-1390.6608973633574
-1498.7141072779564
-1430.0487533960843
-1431.0223142867649
-1541.0076838172868
-1390.6608973633574
-1480.8503437072402
-1410.8784134427738
-1413.1438258308008
-1508.2247228300125
-1382.6304734240239
[INFO][smbo.py:327] Finished 100 trials.
-1498.7141072779564
-1430.0487533960843
-1431.0223142867649
-1541.0076838172868
-1390.6608973633574
-1498.7141072779564
-1430.0487533960843
-1431.0223142867649
-1541.0076838172868
-1390.6608973633574
-1503.2148531125702
-1432.4545146028647
-1424.9549319989314
-1533.368850462677
-1392.9043064966618
-1500.702287641107
-1417.1554033484172
-1429.9602288412552
-1537.3138092776087
-1392.0034263755495
-1502.2628233045725
-1427.175131919223
-1431.978694912865
-1536.9859091591818
-1389.1915756647807
-1499.5600275238075
-1419.5192925061117
-1423.4550847299033
-1539.5227796020538
-1391.2038044407157
-1498.4337776210862
-1419.5775802336304
-1432.78392681573
-1519.335471858891
-1388.215221906787
-1501.7145128163693
-1418.7297705335163
-1420.69863010697
-1533.0478540609727
-1383.7900327228826
-1497.4368497507526
-1428.0600115187235
-1420.4110995570677
-1521.6793074994391
-1390.434181557192
-1498.7141072779564
-1430.0487533960843
-1431.0223142867649
-1541.0076838172868
-1390.6608973633574
-1498.7141072779564
-1430.0487533960843
-1431.0223142867649
-1541.0076838172868
-1390.6608973633574
-1501.8227377340104
-1416.189666656288
-1421.5063718456852
-1539.7325944392967
-1386.7787966735111
-1499.5904519809148
-1431.2802087541947
-1430.461366030559
-1517.1718162315228
-1391.8299112883335
-1501.8227377340104
-1416.189666656288
-1421.5063718456852
-1539.7325944392967
-1386.7787966735111
-1501.5483610513784
-1420.6318794465863
-1419.987863461361
-1529.681177892343
-1391.2536328085864
-1501.5483610513784
-1420.6318794465863
-1419.987863461361
-1529.681177892343
-1391.2536328085864
-1497.078751522433
-1415.1618107143709
-1408.8316036741278
-1514.9461023248964
-1388.609853854185
-1501.5483610513784
-1420.6318794465863
-1419.987863461361
-1529.681177892343
-1391.2536328085864
-1495.270594639418
-1414.0265680005211
-1421.1851242895877
-1518.1011254406203
-1388.3192100777887
-1501.5483610513784
-1420.6318794465863
-1419.987863461361
-1529.681177892343
-1391.2536328085864
-1501.5483610513784
-1420.6318794465863
-1419.987863461361
-1529.681177892343
-1391.2536328085864
-1500.887980461359
-1415.3276603797085
-1429.3314110609508
-1533.177189522404
-1390.0481040517268
-1505.673783585022
-1419.0102953305081
-1415.4650199609187
-1525.3412298206545
-1388.4714401571232
-1498.6225987556995
-1430.4297255283345
-1432.232136660527
-1541.7132241927675
-1390.022400793469
[INFO][abstract_intensifier.py:596] Added config f506f9 and rejected config 2aa8be as incumbent because it is not better than the incumbents on 1 instances: 
-1498.7141072779564
-1430.0487533960843
-1431.0223142867649
-1541.0076838172868
-1390.6608973633574
-1498.7141072779564
-1430.0487533960843
-1431.0223142867649
-1541.0076838172868
-1390.6608973633574
-1498.7141072779564
-1430.0487533960843
-1431.0223142867649
-1541.0076838172868
-1390.6608973633574
-1493.496155386139
-1424.9011519667595
-1417.9539152264779
-1526.255695475301
-1387.502482214796
-1498.7141072779564
-1430.0487533960843
-1431.0223142867649
-1541.0076838172868
-1390.6608973633574
-1485.2779838160159
-1396.7281757317849
-1388.8757241371168
-1513.951209398916
-1373.9570589728871
-1498.6531099484655
-1430.7724206776395
-1432.5364961023338
-1541.6071405706325
-1390.05769309402
[INFO][abstract_intensifier.py:596] Added config 992284 and rejected config f506f9 as incumbent because it is not better than the incumbents on 1 instances: 
-1501.3756102241896
-1416.2115042285648
-1420.9972305259214
-1539.3771652851046
-1386.5385599922802
-1501.3756102241896
-1416.2115042285648
-1420.9972305259214
-1539.3771652851046
-1386.5385599922802
-1499.3387045888749
-1426.0448763733687
-1428.0402773242504
-1526.6637697751833
-1392.0372910664175
-1499.8833137937968
-1419.2503343185656
-1435.1745264738674
-1521.516340137367
-1387.5595537617146
-1499.8833137937968
-1419.2503343185656
-1435.1745264738674
-1521.516340137367
-1387.5595537617146
-1498.5296794182175
-1423.3231064506913
-1435.8219048978049
-1516.7618452575343
-1391.6313839615098
-1499.8833137937968
-1419.2503343185656
-1435.1745264738674
-1521.516340137367
-1387.5595537617146
-1498.5645258171378
-1429.5632166281757
-1432.7266348024477
-1541.9878307817933
-1389.6628089882026
-1498.6531099484655
-1430.7724206776395
-1432.5364961023338
-1541.6071405706325
-1390.05769309402
-1500.0418394871267
-1419.1619429246607
-1398.7069681645485
-1501.3492559944575
-1382.3565971170997
-1498.5645258171378
-1429.5632166281757
-1432.7266348024477
-1541.9878307817933
-1389.6628089882026
-1498.6531099484655
-1430.7724206776395
-1432.5364961023338
-1541.6071405706325
-1390.05769309402
-1498.6531099484655
-1430.7724206776395
-1432.5364961023338
-1541.6071405706325
-1390.05769309402
-1498.6531099484655
-1430.7724206776395
-1432.5364961023338
-1541.6071405706325
-1390.05769309402
-1498.6225987556995
-1430.4297255283345
-1432.232136660527
-1541.7132241927675
-1390.022400793469
-1498.6531099484655
-1430.7724206776395
-1432.5364961023338
-1541.6071405706325
-1390.05769309402
-1500.6599203248643
-1429.8536184227135
-1430.2817897671976
-1531.2038538106058
-1391.0019355864447
-1500.4988171818068
-1425.4043467590593
-1427.4415688757417
-1518.220509011248
-1380.53723378783
-1493.6039415548294
-1409.9955043821333
-1413.7370161124297
-1506.580041744639
-1388.8908332085648
[INFO][smbo.py:327] Finished 150 trials.
-1498.8302793967832
-1432.6766682908183
-1431.3675334411369
-1530.3724019906174
-1394.2428694914083
-1500.6599203248643
-1429.8536184227135
-1430.2817897671976
-1531.2038538106058
-1391.0019355864447
-1500.6599203248643
-1429.8536184227135
-1430.2817897671976
-1531.2038538106058
-1391.0019355864447
-1500.6599203248643
-1429.8536184227135
-1430.2817897671976
-1531.2038538106058
-1391.0019355864447
-1498.6531099484655
-1430.7724206776395
-1432.5364961023338
-1541.6071405706325
-1390.05769309402
-1498.6531099484655
-1430.7724206776395
-1432.5364961023338
-1541.6071405706325
-1390.05769309402
-1499.6004240974958
-1419.2573827429999
-1423.1327392097862
-1542.2310897642908
-1393.4990109977352
-1500.567422213992
-1416.9814179282116
-1429.134944052045
-1534.2886256449437
-1391.8251868337263
-1499.6004240974958
-1419.2573827429999
-1423.1327392097862
-1542.2310897642908
-1393.4990109977352
-1492.945877271241
-1399.2978599034775
-1413.2614899883956
-1504.2653505424782
-1361.9674233685942
-1500.567422213992
-1416.9814179282116
-1429.134944052045
-1534.2886256449437
-1391.8251868337263
-1496.7231243610972
-1423.0416580726346
-1424.1969052955037
-1514.1087535486758
-1390.029613488498
-1498.6531099484655
-1430.7724206776395
-1432.5364961023338
-1541.6071405706325
-1390.05769309402
-1498.6531099484655
-1430.7724206776395
-1432.5364961023338
-1541.6071405706325
-1390.05769309402
-1498.6531099484655
-1430.7724206776395
-1432.5364961023338
-1541.6071405706325
-1390.05769309402
-1498.6531099484655
-1430.7724206776395
-1432.5364961023338
-1541.6071405706325
-1390.05769309402
-1502.5251724747527
-1419.4321126704644
-1419.314073404714
-1525.7210598489494
-1391.246577686243
-1498.6531099484655
-1430.7724206776395
-1432.5364961023338
-1541.6071405706325
-1390.05769309402
-1498.6531099484655
-1430.7724206776395
-1432.5364961023338
-1541.6071405706325
-1390.05769309402
-1500.5914238996947
-1427.4384053119238
-1429.5128279315786
-1536.3649950206254
-1391.1860971923916
-1496.7299232130567
-1415.1920732316967
-1429.908208317289
-1535.904101670184
-1387.9551077039396
-1495.4916623877996
-1432.752031095188
-1430.747382120725
-1523.0267073799755
-1393.051808814583
-1496.0201092224584
-1411.3188404389398
-1414.0066187470088
-1529.2126997898658
-1394.2196570441263
-1503.019844970179
-1426.869157846801
-1429.218447075346
-1519.7150794600943
-1392.6883935620253
-1495.390852833787
-1429.4265905121104
-1422.9693519956004
-1512.8898553155855
-1391.7863814239856
-1486.3215468121246
-1422.8107875311994
-1432.0914516048183
-1526.5391862722602
-1395.088631523301
-1492.0073836659267
-1428.0377641040886
-1417.3734981660857
-1526.8340327381995
-1390.7301762200848
-1496.9062012965624
-1425.5611315000222
-1418.7559417755501
-1524.1593626637782
-1390.9889580374206
-1490.1892251096278
-1414.8039864980547
-1434.0071621660986
-1527.1897335580284
-1390.495354883045
-1490.1892251096278
-1414.8039864980547
-1434.0071621660986
-1527.1897335580284
-1390.495354883045
-1499.6035410389784
-1428.67096322225
-1433.0602944977454
-1535.7227977662947
-1389.0089118526244
-1497.419932193155
-1422.0694120592725
-1427.3698944060932
-1529.7539322829994
-1385.996290323089
-1497.0973778141383
-1426.362456886541
-1422.2208476720652
-1537.4518167329818
-1396.0305488059262
-1493.8911276754618
-1421.2430825016336
-1430.8113056203679
-1538.9922163726524
-1394.131703411464
-1498.6531099484655
-1430.7724206776395
-1432.5364961023338
-1541.6071405706325
-1390.05769309402
-1498.6531099484655
-1430.7724206776395
-1432.5364961023338
-1541.6071405706325
-1390.05769309402
-1497.2983707156195
-1429.5166260511692
-1427.5557750407402
-1532.399229312459
-1390.6073325789803
-1502.381655834648
-1429.4905124029985
-1424.415759678884
-1521.3559529366094
-1388.9113712331268
-1498.6531099484655
-1430.7724206776395
-1432.5364961023338
-1541.6071405706325
-1390.05769309402
-1498.6531099484655
-1430.7724206776395
-1432.5364961023338
-1541.6071405706325
-1390.05769309402
-1500.6599203248643
-1429.8536184227135
-1430.2817897671976
-1531.2038538106058
-1391.0019355864447
-1500.6599203248643
-1429.8536184227135
-1430.2817897671976
-1531.2038538106058
-1391.0019355864447
-1499.160410846533
-1425.8988589278822
-1427.7221493369577
-1521.5353172566465
-1391.7216421524458
-1500.6599203248643
-1429.8536184227135
-1430.2817897671976
-1531.2038538106058
-1391.0019355864447
-1498.4856592674987
-1409.2320954409522
-1426.868427624791
-1509.4588095809152
-1396.450465816084
-1501.121561011376
-1427.002116496713
-1422.8126533215845
-1536.6569187489608
-1390.098033434498
-1501.1997666203038
-1424.1830890517717
-1424.3959301577834
-1527.2741225221334
-1387.0868590572193
-1497.4756756055906
-1413.660475119328
-1413.2426790703166
-1529.6217605545444
-1387.7474003569682
-1498.3164123986876
-1415.4208293236893
-1417.5284764329567
-1535.1727625781361
-1380.5509443650649
-1501.5125280510279
-1416.1290739728395
-1419.9930569720805
-1539.9477918075368
-1386.8007218260304
[INFO][smbo.py:327] Finished 200 trials.
[INFO][smbo.py:335] Configuration budget is exhausted:
[INFO][smbo.py:336] --- Remaining wallclock time: inf
[INFO][smbo.py:337] --- Remaining cpu time: inf
[INFO][smbo.py:338] --- Remaining trials: 0
