Using file: ../data/ela_with_cma_and_algo_normalised/A1_data_5D/A1_B88_5D_ela_with_state.csv
[INFO][abstract_initial_design.py:87] Reducing the number of initial configurations from 60 to 50 (max_ratio == 0.25).
[INFO][abstract_initial_design.py:139] Using 50 initial design configurations and 0 additional configurations.
[INFO][abstract_intensifier.py:307] Using only one seed for deterministic scenario.
-2463.470040309587
-2435.416946315363
-2507.235367917908
-2406.565229682795
-2285.0831026790866
[INFO][abstract_intensifier.py:517] Added config 26fdc2 as new incumbent because there are no incumbents yet.
-2528.694269738187
-2463.0834490429493
-2509.434272216191
-2432.914863278087
-2336.2773195468
[INFO][abstract_intensifier.py:596] Added config 8a205f and rejected config 26fdc2 as incumbent because it is not better than the incumbents on 1 instances: 
-2447.1553148104695
-2429.9846854501266
-2500.737075220615
-2414.3056858922414
-2291.3092129530805
-2541.570388736163
-2490.1042936355097
-2487.9972957238474
-2427.651143957737
-2336.8734623237406
[INFO][abstract_intensifier.py:596] Added config 71b0a5 and rejected config 8a205f as incumbent because it is not better than the incumbents on 1 instances: 
-2576.0716615535293
-2492.12427149578
-2490.503605763577
-2425.863096290807
-2334.9221447434893
[INFO][abstract_intensifier.py:596] Added config 87cf8a and rejected config 71b0a5 as incumbent because it is not better than the incumbents on 1 instances: 
-2383.936088453963
-2289.139335095583
-2403.270920097735
-2364.861562460051
-2265.136246055692
-2555.912454204799
-2467.894398183231
-2517.8615609196786
-2443.2567491919403
-2313.7570965402574
-2413.345481033237
-2424.714942607564
-2480.90177514297
-2379.1288164864914
-2281.5727559120724
-2562.635395373349
-2505.095960970625
-2513.663301508107
-2408.7333491507898
-2327.9182349437974
-2477.311648964412
-2398.8250932351957
-2457.9137686101876
-2392.7900132979767
-2275.94838020951
-2539.705359049263
-2469.7172079833085
-2499.592954116953
-2405.9196647336335
-2332.3244295260884
-2397.2391512510267
-2362.954355862264
-2457.927338521402
-2412.2628765525274
-2273.140020743267
-2540.057292498369
-2491.7833467707624
-2475.8051611073033
-2442.769805644907
-2307.3041078872648
-2506.3288576120012
-2479.3234013421024
-2511.749467984247
-2389.4387300217018
-2340.6174690504145
-2430.0036514660515
-2433.167473124794
-2484.911272019879
-2424.9291722170947
-2290.877297884891
-2515.2885699066424
-2451.789732751233
-2474.3448604591676
-2422.854780778145
-2334.6287171510357
-2470.8939312587477
-2423.961020551924
-2465.656049815165
-2412.1025773899364
-2275.5629595428095
-2552.5206572802276
-2489.635917270287
-2489.2268629357386
-2410.1629588823685
-2340.1468073191445
-2473.125748355129
-2430.7701355978757
-2478.686606527158
-2426.107967383602
-2293.3573079536304
-2447.580150176937
-2400.051237456441
-2429.8100431169905
-2388.2267712485987
-2290.7973755539274
-2505.5366962656653
-2458.5423314835816
-2504.055288853292
-2427.6459902262927
-2323.8504981439078
-2485.2153348729325
-2406.722135511559
-2467.2162296464053
-2398.1272932890215
-2302.345453909109
-2541.6738212258047
-2500.501740913929
-2476.846339348612
-2419.4433214111305
-2353.554002303357
-2442.2242379895097
-2321.03127396999
-2479.016168330446
-2380.9184761689157
-2268.493662915781
-2537.247886880867
-2466.4986449547273
-2489.8899650675303
-2404.8029788841563
-2330.1470293883394
-2374.3598237574993
-2319.021937549972
-2429.9795258497093
-2334.2805258899807
-2240.0151038849335
-2587.0130265901653
-2502.5497626109836
-2519.1739315595764
-2447.359495925116
-2345.5675436441197
[INFO][abstract_intensifier.py:596] Added config c6987a and rejected config 87cf8a as incumbent because it is not better than the incumbents on 1 instances: 
-2469.3429881862594
-2368.428213468527
-2486.12861219981
-2362.302292696356
-2329.8963621358416
-2469.7658926267513
-2413.1620976516488
-2471.8362012067905
-2425.9419175436087
-2294.5463650994893
-2496.8292359529432
-2450.4364788516777
-2483.617204605095
-2402.9836555116726
-2327.08589941722
-2484.887338790133
-2427.8844788351525
-2473.2475396209966
-2415.3552720827192
-2296.732647300583
-2547.5049664202243
-2514.0680479549574
-2501.824259903781
-2436.831326546342
-2325.7466139766893
-2548.6304331060437
-2488.244628283627
-2489.6470134320216
-2440.3194662725273
-2334.400267651778
-2399.7884517725442
-2283.1234903669088
-2484.449601195933
-2369.8840986024206
-2254.2296976398857
-2564.595192140695
-2521.7653283459895
-2531.4052343590274
-2421.012040291339
-2344.7135186126616
-2463.7988848519462
-2390.4953945157586
-2442.9912463826727
-2349.6860741031005
-2298.914565783708
-2451.821188105322
-2403.368961072611
-2488.6260583994135
-2371.331835986011
-2289.3728442656147
-2514.7365640395396
-2473.335512617515
-2475.8248463086334
-2420.810545832939
-2329.089063681252
-2508.3722086562093
-2451.0775181478834
-2498.2490387432535
-2426.6054043400686
-2309.9073598383775
-2584.350695212437
-2495.1808407384146
-2499.047493691387
-2423.8300461333342
-2351.1434156731852
-2504.293493544392
-2440.176216725986
-2502.0073037186003
-2440.014929580942
-2330.818077175919
-2522.274340936368
-2473.7716115544467
-2488.7103828820764
-2421.384039260988
-2333.9103772682806
-2451.316061758823
-2437.3757649164536
-2474.1674133931238
-2429.9034955297475
-2288.2967289029316
-2532.7320197270965
-2385.1946837360338
-2474.7671618652694
-2380.727317549206
-2335.688795061716
-2558.8711166126127
-2524.707653497819
-2519.6329367878234
-2411.2139533937857
-2348.491679301307
-2433.033981305402
-2371.7277580629243
-2460.756165411265
-2371.384950159734
-2273.179568681495
-2486.4457399398843
-2483.30981647322
-2491.139740224973
-2452.8224153539727
-2325.009631048048
-2418.217582799191
-2294.3136139642893
-2460.94002305649
-2372.6365922270234
-2278.4866881478247
-2551.9014133714218
-2521.9353153482593
-2507.426406862511
-2421.5055585117416
-2330.811181903919
-2503.5538798251187
-2394.696097911198
-2464.184012316753
-2423.928707600626
-2316.1910658550883
[INFO][smbo.py:327] Finished 50 trials.
-2572.2404929076847
-2504.055512412352
-2511.7701382570094
-2457.465098163976
-2336.249087696804
-2572.2404929076847
-2504.055512412352
-2511.7701382570094
-2457.465098163976
-2336.249087696804
-2572.28021239985
-2502.226252329834
-2516.236038140829
-2457.4842470384383
-2344.931851700251
-2572.2404929076847
-2504.055512412352
-2511.7701382570094
-2457.465098163976
-2336.249087696804
-2475.960052908768
-2413.5147623069515
-2444.358551629456
-2394.482924139994
-2327.170466307709
-2525.749176602004
-2457.3490747953056
-2470.7332641070643
-2377.08484831039
-2313.9957932874845
-2533.7622137717453
-2429.509038942717
-2491.369109096717
-2436.332997151987
-2311.653841560729
-2570.4317961493275
-2503.059913113262
-2515.2313605213294
-2447.8949920560913
-2337.6477446323925
-2544.1721947255646
-2475.012940669999
-2495.0093572805918
-2438.074682119363
-2332.1267804849904
-2548.2036046569224
-2478.422630661297
-2484.6854993071984
-2437.854608421296
-2332.1228836866903
-2556.4032493488444
-2490.421580156575
-2481.2546739202444
-2436.788543341699
-2349.0578412130517
-2545.5022415569165
-2475.268553134376
-2496.61484461252
-2436.895293524591
-2332.085084107199
-2590.6350479508947
-2504.51729432485
-2511.7423791922874
-2446.2478343503844
-2336.602119682907
-2590.4882940026805
-2503.4921803988236
-2504.1599553481196
-2445.036121079725
-2340.4195138291852
-2398.1085259105157
-2424.7447040933944
-2456.886601134385
-2394.6050990369195
-2280.6693864199033
-2341.117751914587
-2309.3411257548787
-2387.5122604439503
-2342.963583705818
-2228.955396522557
-2587.0130265901653
-2502.5497626109836
-2519.1739315595764
-2447.359495925116
-2345.5675436441197
-2586.694760483822
-2499.9486882795936
-2511.3804300489155
-2448.4672576821827
-2338.565971359735
-2578.9201511875244
-2491.596800566305
-2507.4701581806266
-2451.882960282885
-2326.820739604509
-2580.6583582823064
-2491.2040472356034
-2500.434652621679
-2451.70471098746
-2327.5838310069275
-2580.6583582823064
-2491.2040472356034
-2500.434652621679
-2451.70471098746
-2327.5838310069275
-2507.760881453218
-2443.3808307730374
-2485.583623139863
-2422.51167151402
-2272.6630301753517
-2578.9201511875244
-2491.596800566305
-2507.4701581806266
-2451.882960282885
-2326.820739604509
-2580.6583582823064
-2491.2040472356034
-2500.434652621679
-2451.70471098746
-2327.5838310069275
-2587.2252461018984
-2487.4172430212457
-2507.3207339155565
-2444.837968315626
-2348.5921177600935
-2574.0656927750824
-2511.1521227256953
-2510.172046851431
-2428.8858391529357
-2343.7009575360885
-2565.018688127478
-2512.4496414393434
-2485.3286083080047
-2422.6261425626058
-2342.760499053596
-2561.8979278330244
-2501.566141370903
-2502.122711269384
-2442.0957928470334
-2339.539841419004
-2580.8235482204996
-2487.3244360213075
-2534.8246604648066
-2428.45179425806
-2342.0210776787544
-2440.500971946703
-2467.297071684452
-2510.5485970282452
-2415.665540099328
-2304.462741469208
-2584.293769917599
-2499.3682881370305
-2509.252660265616
-2442.042001629605
-2340.2389516664252
-2577.552446569396
-2508.6088819591996
-2523.6171530456995
-2445.8038355218964
-2337.300041135494
-2377.704328717022
-2366.6906931677736
-2425.0802471205184
-2363.189247623152
-2293.7904710476655
-2577.8086294012724
-2506.834779954412
-2523.409127185586
-2452.544703990524
-2348.0148164670045
[INFO][abstract_intensifier.py:596] Added config 9e6a8c and rejected config c6987a as incumbent because it is not better than the incumbents on 1 instances: 
-2577.8086294012724
-2506.834779954412
-2523.409127185586
-2452.544703990524
-2348.0148164670045
-2577.8086294012724
-2506.834779954412
-2523.409127185586
-2452.544703990524
-2348.0148164670045
-2580.301301065661
-2508.3172624672
-2518.6061585076086
-2444.6894206367047
-2337.459101643689
-2527.965567956622
-2478.8953735516543
-2474.664179246031
-2455.0021543797857
-2330.5651782021814
-2580.301301065661
-2508.3172624672
-2518.6061585076086
-2444.6894206367047
-2337.459101643689
-2563.829985364502
-2516.7256235886935
-2496.428870112627
-2424.317724924777
-2306.1469060247423
-2501.3540425311667
-2439.274642432509
-2477.9741661497346
-2395.21527006476
-2309.4955500412707
-2588.1096432746035
-2494.480591354383
-2507.63839323497
-2461.4671618334983
-2336.9542115132017
-2407.2822644733546
-2322.032578817283
-2452.8576152908395
-2389.0740798630313
-2266.7052648915583
-2568.641926144687
-2495.6389957282554
-2509.556687461831
-2461.330024755767
-2337.3618579070094
-2568.641926144687
-2495.6806566617943
-2509.3805844971685
-2461.8695672851427
-2338.1712984209807
-2570.7006237791675
-2511.0191296024127
-2512.93471784874
-2439.5948807066334
-2338.234362201407
-2568.641926144687
-2495.6806566617943
-2509.3805844971685
-2461.8695672851427
-2338.1712984209807
-2568.641926144687
-2495.6806566617943
-2509.3805844971685
-2461.8695672851427
-2338.1712984209807
-2581.6580745418833
-2505.2830862854616
-2482.6445372322823
-2441.914022548801
-2333.4741651388713
-2462.5711323342
-2385.8792686857073
-2455.2414619477445
-2375.8452207961527
-2300.6578293724383
[INFO][smbo.py:327] Finished 100 trials.
-2582.193856405359
-2505.6822627004476
-2483.2274800478535
-2443.704721407214
-2333.627975991222
-2579.7775757860545
-2506.4458883739408
-2487.3143063889383
-2444.005750596244
-2333.123051455489
-2582.193856405359
-2505.6822627004476
-2483.2274800478535
-2443.704721407214
-2333.627975991222
-2582.193856405359
-2505.6822627004476
-2483.2274800478535
-2443.704721407214
-2333.627975991222
-2582.193856405359
-2505.6822627004476
-2483.2274800478535
-2443.704721407214
-2333.627975991222
-2579.7775757860545
-2506.4458883739408
-2487.3143063889383
-2444.005750596244
-2333.123051455489
-2459.551812133013
-2429.2328470786715
-2501.273793806716
-2404.3934970004307
-2284.3251839561544
-2567.3701229416833
-2492.221284430092
-2524.875156823363
-2432.443604790705
-2316.4559924561763
-2482.8598588712416
-2450.1241540700566
-2472.3294762453597
-2435.560983483967
-2315.695433864526
-2577.8086294012724
-2506.834779954412
-2523.409127185586
-2452.544703990524
-2348.0148164670045
-2577.8086295690573
-2507.0666428349787
-2526.7801251230376
-2452.5694402474824
-2348.3659301503653
[INFO][abstract_intensifier.py:596] Added config 4c027e and rejected config 9e6a8c as incumbent because it is not better than the incumbents on 1 instances: 
-2577.8086295690573
-2507.0666428349787
-2526.7801251230376
-2452.5694402474824
-2348.3659301503653
-2577.8086295690573
-2507.0666428349787
-2526.7801251230376
-2452.5694402474824
-2348.3659301503653
-2577.8086295690573
-2507.0666428349787
-2526.7801251230376
-2452.5694402474824
-2348.3659301503653
-2594.7820047494706
-2485.850492409254
-2506.054437790571
-2437.0367666122756
-2348.679995299699
-2586.146569658539
-2487.1783440419795
-2511.4444180143
-2436.3067832518427
-2347.657432463546
-2446.4566383324877
-2451.217103647821
-2507.202360319136
-2433.6410837188014
-2298.7407560771753
-2587.2252461018984
-2487.4172430212457
-2507.3207339155565
-2444.837968315626
-2348.5921177600935
-2531.4195863767454
-2490.2756193682476
-2474.998658354315
-2428.0428899284957
-2343.272514122414
-2587.2252461018984
-2487.4172430212457
-2507.3207339155565
-2444.837968315626
-2348.5921177600935
-2586.146569658539
-2487.1783440419795
-2511.4444180143
-2436.3067832518427
-2347.657432463546
-2559.7879840356673
-2497.311933424544
-2472.988338780824
-2450.3051203682517
-2338.792041782903
-2523.370208428658
-2481.2092232587593
-2503.6536894073993
-2407.303990590223
-2305.026404797828
-2578.955428982899
-2509.3261563847173
-2524.5675372136693
-2452.581112999734
-2348.3659301503435
[INFO][abstract_intensifier.py:596] Added config a2d6e4 and rejected config 4c027e as incumbent because it is not better than the incumbents on 1 instances: 
-2577.8086295690573
-2507.0666428349787
-2526.7801251230376
-2452.5694402474824
-2348.3659301503653
-2577.8086295690573
-2507.0666428349787
-2526.7801251230376
-2452.5694402474824
-2348.3659301503653
-2577.8086295690573
-2507.0666428349787
-2526.7801251230376
-2452.5694402474824
-2348.3659301503653
-2558.5314688738727
-2496.9551212340475
-2514.2363628062685
-2439.155466513049
-2327.3687236756427
-2577.8086295690573
-2507.0666428349787
-2526.7801251230376
-2452.5694402474824
-2348.3659301503653
-2405.1960109104043
-2284.254583075033
-2453.717088339369
-2394.887971903786
-2271.7760826337367
-2574.8849611115406
-2478.9081582321223
-2517.985528775503
-2437.380076163864
-2333.91938190663
-2574.8849611115406
-2478.9081582321223
-2517.985528775503
-2437.380076163864
-2333.91938190663
-2528.800862615354
-2464.847250134846
-2474.3171308926785
-2416.0160098122115
-2328.330248980948
-2574.8849611115406
-2478.9081582321223
-2517.985528775503
-2437.380076163864
-2333.91938190663
-2574.8849611115406
-2478.9081582321223
-2517.985528775503
-2437.380076163864
-2333.91938190663
-2574.8849611115406
-2478.9081582321223
-2517.985528775503
-2437.380076163864
-2333.91938190663
-2574.8849611115406
-2478.9081582321223
-2517.985528775503
-2437.380076163864
-2333.91938190663
-2578.955428982899
-2509.3261563847173
-2524.5675372136693
-2452.581112999734
-2348.3659301503435
-2408.14191117428
-2382.7560513276567
-2458.2921041156287
-2395.0928921665472
-2278.760251351943
-2574.580232632682
-2478.9081582321223
-2518.262617085698
-2443.143472569035
-2331.774440800658
-2574.580232632682
-2478.9081582321223
-2518.262617085698
-2443.143472569035
-2331.774440800658
-2574.580232632682
-2478.9081582321223
-2518.262617085698
-2443.143472569035
-2331.774440800658
-2574.580232632682
-2478.9081582321223
-2518.262617085698
-2443.143472569035
-2331.774440800658
-2574.580232632682
-2478.9081582321223
-2518.262617085698
-2443.143472569035
-2331.774440800658
-2478.8961528168657
-2386.879112988234
-2483.0317231414747
-2400.6894061644443
-2324.0167681867943
-2556.4656186864368
-2511.3699801560642
-2495.6665127871206
-2427.440804745055
-2352.6567362064898
-2403.3108250430228
-2283.9396223082754
-2445.204533632468
-2325.034064609499
-2258.2028511626086
-2578.955428982899
-2509.3261563847173
-2524.5675372136693
-2452.581112999734
-2348.3659301503435
-2578.955428982899
-2509.3261563847173
-2524.5675372136693
-2452.581112999734
-2348.3659301503435
-2578.955428982899
-2509.3261563847173
-2524.5675372136693
-2452.581112999734
-2348.3659301503435
[INFO][smbo.py:327] Finished 150 trials.
-2578.955428982899
-2509.3261563847173
-2524.5675372136693
-2452.581112999734
-2348.3659301503435
-2578.955428982899
-2509.3261563847173
-2524.5675372136693
-2452.581112999734
-2348.3659301503435
-2578.955428982899
-2509.3261563847173
-2524.5675372136693
-2452.581112999734
-2348.3659301503435
-2578.955428982899
-2509.3261563847173
-2524.5675372136693
-2452.581112999734
-2348.3659301503435
-2579.4267340535307
-2506.299985150457
-2517.0006027203754
-2444.2726160593647
-2348.350571653016
-2356.117758554842
-2311.513607313997
-2449.453910741823
-2353.1672206839175
-2235.3723497155606
-2579.4267340535307
-2506.299985150457
-2517.0006027203754
-2444.2726160593647
-2348.350571653016
-2514.1521042769077
-2467.946904896761
-2480.118438315065
-2393.3700984322895
-2311.8610514108695
-2580.3172835986857
-2507.4868986150495
-2528.867970075509
-2453.4019406230154
-2348.477983247546
[INFO][abstract_intensifier.py:596] Added config 80521e and rejected config a2d6e4 as incumbent because it is not better than the incumbents on 1 instances: 
-2579.4267340535307
-2506.299985150457
-2517.0006027203754
-2444.2726160593647
-2348.350571653016
-2579.6750909062166
-2501.541571844385
-2517.277306366479
-2453.0545868988565
-2349.2246522866435
-2579.6750909062166
-2501.541571844385
-2517.277306366479
-2453.0545868988565
-2349.2246522866435
-2580.3172835986857
-2507.4868986150495
-2528.867970075509
-2453.4019406230154
-2348.477983247546
-2436.324558041155
-2438.7800356251446
-2488.552305957581
-2426.8334266541033
-2290.1292359248832
-2580.3172835986857
-2507.4868986150495
-2528.867970075509
-2453.4019406230154
-2348.477983247546
-2579.660339713379
-2506.0964903149834
-2492.8021956958232
-2443.6312141905964
-2340.188150377059
-2580.3172835986857
-2507.4868986150495
-2528.867970075509
-2453.4019406230154
-2348.477983247546
-2580.3172835986857
-2507.4868986150495
-2528.867970075509
-2453.4019406230154
-2348.477983247546
-2580.3172835986857
-2507.4868986150495
-2528.867970075509
-2453.4019406230154
-2348.477983247546
-2502.0667082699033
-2461.011504591474
-2481.115441767224
-2423.134170121365
-2339.5624853012646
-2580.3172835986857
-2507.4868986150495
-2528.867970075509
-2453.4019406230154
-2348.477983247546
-2580.3172835986857
-2507.4868986150495
-2528.867970075509
-2453.4019406230154
-2348.477983247546
-2580.3172835986857
-2507.4868986150495
-2528.867970075509
-2453.4019406230154
-2348.477983247546
-2580.3172835986857
-2507.4868986150495
-2528.867970075509
-2453.4019406230154
-2348.477983247546
-2547.602747297997
-2527.742923250852
-2505.8115253866085
-2426.380187582213
-2322.690512402415
-2580.3172835986857
-2507.4868986150495
-2528.867970075509
-2453.4019406230154
-2348.477983247546
-2580.3172835986857
-2507.4868986150495
-2528.867970075509
-2453.4019406230154
-2348.477983247546
-2575.361782285128
-2503.3258248960815
-2520.6594859730185
-2446.260929741416
-2337.8465315055532
-2568.3551879577367
-2503.3144664602464
-2512.9993063163456
-2428.0288350244973
-2340.3470156200337
-2581.4846494386657
-2497.5476971692806
-2511.2265738870883
-2451.829866823182
-2349.676105038728
-2557.1571419562474
-2474.7326322676417
-2515.7902499886795
-2435.0862751664076
-2342.42732376749
-2556.847738336346
-2476.961234178322
-2515.7038607423565
-2435.4641917726894
-2342.4273237642174
-2579.854651621082
-2501.3285080861774
-2510.291461861236
-2436.960326765857
-2349.7881581316865
-2548.545268869596
-2512.1623675448454
-2502.8435965779954
-2423.6925331509847
-2347.4959498933454
-2537.102408216574
-2479.6217780732914
-2521.4988232950063
-2435.2185797899288
-2347.053513724867
-2569.9223610711406
-2470.392365394253
-2512.9332009654354
-2436.9300479204103
-2341.290371258503
-2574.8849611115406
-2478.9081582321223
-2517.985528775503
-2437.380076163864
-2333.91938190663
-2567.5438798039722
-2476.908922504025
-2517.1982482102567
-2442.8197599472314
-2333.919381906674
-2567.5438798039722
-2476.908922504025
-2517.1982482102567
-2442.8197599472314
-2333.919381906674
-2580.3172835986857
-2507.4868986150495
-2528.867970075509
-2453.4019406230154
-2348.477983247546
-2499.474882954014
-2448.9673333067703
-2493.7075360897384
-2426.693058574619
-2321.172855373618
-2567.5438798039722
-2476.908922504025
-2517.1982482102567
-2442.8197599472314
-2333.919381906674
-2567.5438798039722
-2476.908922504025
-2517.1982482102567
-2442.8197599472314
-2333.919381906674
-2535.976655152024
-2489.777870918863
-2502.8640521926077
-2431.725512434695
-2339.0074917976867
-2594.1452620322552
-2509.7354337223887
-2510.1753513031144
-2448.978881375933
-2350.0896284255514
-2580.3172835986857
-2507.4868986150495
-2528.867970075509
-2453.4019406230154
-2348.477983247546
-2331.927192589664
-2298.2681912698777
-2380.682343769955
-2363.4571752072984
-2196.7278434598275
-2580.3172835986857
-2507.4868986150495
-2528.867970075509
-2453.4019406230154
-2348.477983247546
-2553.005685733151
-2505.5028400856168
-2518.4541697338154
-2436.9400113901543
-2341.495649189758
-2568.1597080226256
-2502.2385052612117
-2524.500562051913
-2437.203824766439
-2319.2865045942394
[INFO][smbo.py:327] Finished 200 trials.
[INFO][smbo.py:335] Configuration budget is exhausted:
[INFO][smbo.py:336] --- Remaining wallclock time: inf
[INFO][smbo.py:337] --- Remaining cpu time: inf
[INFO][smbo.py:338] --- Remaining trials: 0
