Using file: ../data/ela_with_cma_and_algo_normalised/A1_data_5D/A1_B8_5D_ela_with_state.csv
[INFO][abstract_initial_design.py:87] Reducing the number of initial configurations from 60 to 50 (max_ratio == 0.25).
[INFO][abstract_initial_design.py:139] Using 50 initial design configurations and 0 additional configurations.
[INFO][abstract_intensifier.py:307] Using only one seed for deterministic scenario.
-2486.030296822337
-2488.8374332107132
-2476.27172496994
-2491.2559520924415
-2415.327213600397
[INFO][abstract_intensifier.py:517] Added config 26fdc2 as new incumbent because there are no incumbents yet.
-2522.2227526354773
-2588.310523534453
-2458.355508905435
-2519.3391977084566
-2411.3966599449523
[INFO][abstract_intensifier.py:596] Added config 8a205f and rejected config 26fdc2 as incumbent because it is not better than the incumbents on 1 instances: 
-2473.628175460343
-2538.1649057488053
-2445.019077163635
-2495.932079046831
-2375.672145879054
-2546.8169511955793
-2566.501130813253
-2475.8786493598673
-2575.226873822832
-2381.805736968811
[INFO][abstract_intensifier.py:596] Added config 71b0a5 and rejected config 8a205f as incumbent because it is not better than the incumbents on 1 instances: 
-2536.6286804621036
-2564.8762064518983
-2482.1617829458587
-2572.659962519094
-2428.269477253707
[INFO][abstract_intensifier.py:596] Added config 87cf8a and rejected config 71b0a5 as incumbent because it is not better than the incumbents on 1 instances: 
-2423.322837483151
-2360.6858530323443
-2299.764374359136
-2322.7297369069756
-2282.481814913124
-2542.1989327848128
-2550.776533603629
-2467.689841312291
-2530.929428421394
-2372.2233207066
-2443.9800648943246
-2469.931156167485
-2410.98605940142
-2417.785133422485
-2338.418275912701
-2530.0930441643277
-2591.983903439981
-2482.7446670630547
-2544.3953298084166
-2426.1611927158765
-2467.801127164716
-2489.930106314344
-2442.9886650757717
-2433.841203882018
-2376.921178132181
-2498.844020884595
-2567.7626890917836
-2470.6783741670474
-2548.1283474561224
-2416.443186823803
-2445.3768089655396
-2445.999354304163
-2412.2712406774494
-2429.1866473894906
-2344.578862700676
-2506.2785801185128
-2543.8206764515753
-2485.0638697169597
-2539.158003072706
-2408.742637759512
-2545.0812809055933
-2551.4250352470535
-2483.9159016481317
-2507.655335314203
-2395.5634000272294
-2487.9091283275593
-2481.9809596497685
-2453.869968369242
-2451.066280391181
-2417.5585636697456
-2486.3114844040592
-2516.646904506705
-2454.45853944012
-2518.9343586415757
-2414.873669679925
-2485.2204580277294
-2436.535571342712
-2454.918620402368
-2527.627602199622
-2430.70658401746
-2545.503895852897
-2567.8303881824486
-2447.2876565657407
-2568.2256059769234
-2386.0874518587016
-2466.696691436559
-2507.4784454211012
-2465.4108973683506
-2498.662448465453
-2415.4878423665923
-2459.7345305624644
-2510.1794088348643
-2442.0888673137206
-2450.1314868812956
-2382.0295533458343
-2479.2921198472286
-2573.827837784712
-2421.1786196618423
-2504.0666498780884
-2376.008405539086
-2512.0173079246624
-2489.647739945661
-2420.9341032864804
-2425.539092643899
-2396.907292435293
-2529.507441925529
-2590.183136258217
-2479.7472232814202
-2540.1125675156736
-2419.1504743769947
-2407.254705598926
-2396.885833948175
-2391.6362339151337
-2354.252730797779
-2339.7384400086144
-2502.120615869994
-2530.8939381985597
-2479.7767045219694
-2521.8489875784826
-2425.0655935178593
-2295.927365581276
-2324.949138396953
-2314.582015481964
-2317.737638187937
-2241.4002600393833
-2544.288595864221
-2582.7726865966247
-2478.8753280733044
-2545.54331717272
-2418.030833320101
-2497.561074647182
-2511.5280452480883
-2474.316162295766
-2399.8001243771682
-2384.523874339729
-2473.2401680173707
-2497.187978747316
-2464.3271460025644
-2494.4998488270257
-2377.8397181100386
-2528.8475971226644
-2517.807352177087
-2428.1363095629104
-2533.0451035955884
-2429.9782709468054
-2496.547907365239
-2494.842557341485
-2450.32083153049
-2479.368334363109
-2411.8120673733506
-2541.585874059274
-2576.3330576216704
-2493.094573747542
-2572.5658948690166
-2374.232047953261
-2458.732648048939
-2577.3356715562313
-2437.5807560253947
-2545.744809824754
-2384.3123177312727
-2364.353890363527
-2428.921622121241
-2374.088695278335
-2378.2275923774505
-2321.2550122995126
-2533.317350366567
-2579.205366088928
-2487.7423239831805
-2562.426760179604
-2408.125206428256
-2459.780349025811
-2387.9777721434207
-2350.994707912183
-2413.557347711079
-2334.13762482895
-2418.069626112146
-2432.2501151348715
-2408.9449825193597
-2358.057014454203
-2386.2911589143155
-2529.003699960788
-2538.1096872488833
-2469.2994369041935
-2528.1981607564585
-2423.0649747426523
-2493.6401002042294
-2538.2229524093555
-2470.478649883271
-2504.425813523353
-2438.617069801508
-2540.3543161281186
-2605.0115184589704
-2473.3937346738144
-2559.1022753879142
-2416.041628808651
[INFO][abstract_intensifier.py:596] Added config 23bbbc and rejected config 87cf8a as incumbent because it is not better than the incumbents on 1 instances: 
-2482.714050712031
-2555.274778371332
-2449.6667734093076
-2565.8207845045345
-2403.253321238176
-2516.3950574349255
-2549.8916453041306
-2469.2881395698587
-2519.081637066165
-2376.5881363950766
-2492.1153075430775
-2463.4045291225857
-2481.767578222177
-2498.005766167209
-2398.4807884741895
-2475.003711378505
-2490.2692929541704
-2434.3304810543023
-2535.6659396056275
-2376.2180852435476
-2529.1114792959743
-2575.228695332234
-2471.6474363864113
-2565.9308536571025
-2393.670708808065
-2491.6064657348984
-2488.151301449465
-2440.2815537716715
-2454.822514123357
-2374.741758119718
-2527.788352814717
-2580.940812355664
-2436.6184227400836
-2504.4337372331343
-2421.8035764947404
-2453.5889580153444
-2425.415163207527
-2408.0800957325946
-2420.271464184007
-2363.7738145170433
-2540.769481498426
-2573.3605816059126
-2495.758684138187
-2537.9100855179004
-2399.805670842345
-2534.182179661167
-2538.4013532432145
-2447.9691183553737
-2512.653609209374
-2415.6775299625506
[INFO][smbo.py:327] Finished 50 trials.
-2553.6744593797976
-2579.0717620123073
-2455.444952151294
-2562.5131487431763
-2388.419079654209
-2572.6324720542907
-2560.3447102373825
-2463.1723127378255
-2563.1203324540393
-2397.505887032512
-2531.827516131031
-2598.843647447906
-2499.0016356629485
-2537.6986397708333
-2393.99183115222
-2557.984135027355
-2582.862839158365
-2480.7560464209982
-2562.7652332504026
-2411.6642029578593
[INFO][abstract_intensifier.py:596] Added config 40ab82 and rejected config 23bbbc as incumbent because it is not better than the incumbents on 1 instances: 
-2508.0408661297843
-2493.614709740377
-2407.291231605202
-2496.7051547679157
-2355.685405936582
-2492.480809059234
-2494.276233475843
-2433.626855578829
-2472.6910890268855
-2335.1452703864156
-2504.309708865826
-2517.256576278998
-2478.5270389956677
-2515.7069487415115
-2426.5144219639888
-2545.469045135016
-2586.5013618421026
-2463.0383106421036
-2545.3628827457615
-2398.3267368731185
-2537.3238323756354
-2581.8484148381335
-2469.5187840339113
-2550.7063846769265
-2391.372761300833
-2532.8343913819735
-2576.6062162935714
-2466.4258869638575
-2578.465971224454
-2401.971563333145
-2521.1740479197188
-2582.7373425659575
-2448.447303870687
-2568.2820386443154
-2390.374332714886
-2540.04976717015
-2598.2161087893614
-2450.937325978339
-2580.238009021574
-2404.2990137569486
-2532.8343913819735
-2576.6062162935714
-2466.4258869638575
-2578.465971224454
-2401.971563333145
-2537.3238323756354
-2581.8484148381335
-2469.5187840339113
-2550.7063846769265
-2391.372761300833
-2485.969876796123
-2439.6286834014054
-2459.272843953212
-2483.9968229582923
-2394.770135883417
-2246.143517980883
-2341.7259674673915
-2320.979657702464
-2252.5331767377725
-2221.6514985927615
-2550.7497533749984
-2582.427533306936
-2495.297988757454
-2559.0478165113304
-2401.143948003355
-2536.881873621591
-2588.5724255328732
-2486.6750950685723
-2570.4507358481696
-2398.7298495837017
-2550.7497533749984
-2582.427533306936
-2495.297988757454
-2559.0478165113304
-2401.143948003355
-2536.881873621591
-2588.5724255328732
-2486.6750950685723
-2570.4507358481696
-2398.7298495837017
-2536.881873621591
-2588.5724255328732
-2486.6750950685723
-2570.4507358481696
-2398.7298495837017
-2513.703360047719
-2523.5973549092987
-2463.7794202368605
-2463.0379848379202
-2403.924898294592
-2536.881873621591
-2588.5724255328732
-2486.6750950685723
-2570.4507358481696
-2398.7298495837017
-2532.426994441185
-2610.1434434363077
-2472.1408821261266
-2555.4343595320333
-2411.5639160855008
-2572.6324720542907
-2560.3447102373825
-2463.1723127378255
-2563.1203324540393
-2397.505887032512
-2572.6324720542907
-2560.3447102373825
-2463.1723127378255
-2563.1203324540393
-2397.505887032512
-2537.0276518820965
-2590.5466727164853
-2462.6465780785284
-2541.368763532956
-2422.850051343175
-2572.6324720542907
-2560.3447102373825
-2463.1723127378255
-2563.1203324540393
-2397.505887032512
-2572.6324720542907
-2560.3447102373825
-2463.1723127378255
-2563.1203324540393
-2397.505887032512
-2490.173228898739
-2510.9158976453523
-2468.2600543098315
-2502.4221496315145
-2413.9009346228927
-2572.6324720542907
-2560.3447102373825
-2463.1723127378255
-2563.1203324540393
-2397.505887032512
-2547.9800047443296
-2583.1130088609034
-2506.050780277731
-2584.2796926963524
-2406.9785862602607
[INFO][abstract_intensifier.py:596] Added config f6e95d and rejected config 40ab82 as incumbent because it is not better than the incumbents on 1 instances: 
-2388.818007031096
-2390.259088091751
-2337.0355646356843
-2340.4512913542303
-2321.065700537039
-2564.97430199706
-2580.663166851335
-2476.7601977424283
-2575.280419566816
-2401.634660380306
-2571.862086249086
-2580.663166851335
-2475.319575028284
-2574.829289382126
-2401.634660380306
-2565.1763933199736
-2579.2410099770423
-2488.0027880527123
-2581.7463780611415
-2406.460587168195
-2565.1763933199736
-2579.2410099770423
-2489.8315558446548
-2581.7463780611415
-2405.3278760056896
-2525.3430695893417
-2514.8858883865914
-2460.1961284949302
-2515.5545072083196
-2413.52904226193
-2565.1763933199736
-2579.2410099770423
-2488.0027880527123
-2581.7463780611415
-2406.460587168195
-2565.1763933199736
-2579.2410099770423
-2489.8315558446548
-2581.7463780611415
-2405.3278760056896
-2515.706876033548
-2563.1568201168134
-2449.3076471734676
-2515.7291334728443
-2403.5812311182863
-2552.8669003990935
-2584.9202395618163
-2515.2627669830417
-2588.0769787835347
-2402.252444033759
[INFO][abstract_intensifier.py:596] Added config f817e1 and rejected config f6e95d as incumbent because it is not better than the incumbents on 1 instances: 
-2405.923906300408
-2437.9364771033743
-2414.8077735781444
-2374.871738082814
-2345.9656196521164
-2557.930559905204
-2584.9202395618163
-2526.205952266272
-2569.1049574298195
-2401.6264853458597
-2552.8669003990935
-2584.9202395618163
-2515.2627669830417
-2588.0769787835347
-2402.252444033759
-2552.8669003990935
-2584.9202395618163
-2515.2627669830417
-2588.0769787835347
-2402.252444033759
-2557.930559905204
-2584.9202395618163
-2526.205952266272
-2569.1049574298195
-2401.6264853458597
-2557.930559905204
-2584.9202395618163
-2526.205952266272
-2569.1049574298195
-2401.6264853458597
-2543.404586196365
-2570.3189693781824
-2466.4413506622122
-2545.275742833983
-2418.0586997428663
-2451.261084541321
-2428.1003897659016
-2388.457040994711
-2396.1872304118583
-2348.3869644743518
[INFO][smbo.py:327] Finished 100 trials.
-2550.5286648892843
-2570.832284249588
-2451.496701739169
-2528.7307681127786
-2408.3565596745093
-2539.9653692675915
-2570.3189693781824
-2462.2123682477386
-2545.171559773551
-2419.250989805379
-2564.30759155695
-2580.4386418790577
-2481.4076604611496
-2550.7415630519617
-2389.393374930552
-2547.5126473244873
-2556.9884771378347
-2476.2585950908447
-2505.8708041532486
-2395.9583918301682
-2546.1074747881166
-2569.4503681626566
-2474.799935783598
-2545.0824844980193
-2395.5828661190944
-2544.677001455971
-2583.251373001308
-2483.506796265552
-2553.995715729083
-2388.2491052078444
-2522.3240651928054
-2491.5068368596158
-2466.9767109109544
-2508.015576643806
-2427.8185466437017
-2567.517269566963
-2595.9683427285636
-2434.9068709414287
-2576.788717355072
-2405.7112081419727
-2477.310906993646
-2505.2774867507615
-2490.484078498238
-2477.975445557758
-2399.7768656079943
-2544.2929666524265
-2587.9674270769337
-2492.565298217018
-2578.4463873821987
-2400.717550748487
-2544.2929666524265
-2587.9674270769337
-2492.565298217018
-2578.4463873821987
-2400.717550748487
-2544.2929666524265
-2587.9674270769337
-2492.565298217018
-2578.4463873821987
-2400.717550748487
-2544.2929666524265
-2587.9674270769337
-2492.565298217018
-2578.4463873821987
-2400.717550748487
-2544.2929666524265
-2586.6432751206844
-2494.8789817276465
-2564.5934992754437
-2400.717550748487
-2552.8669003990935
-2584.9202395618163
-2515.2627669830417
-2588.0769787835347
-2402.252444033759
-2552.8669003990935
-2584.9202395618163
-2515.2627669830417
-2588.0769787835347
-2402.252444033759
-2463.221752435216
-2427.1528829815043
-2468.7528790102324
-2473.5232100746807
-2330.0031921268137
-2552.8669003990935
-2584.9202395618163
-2515.2627669830417
-2588.0769787835347
-2402.252444033759
-2542.2694649484215
-2578.386648615803
-2451.0911266600306
-2519.94173358256
-2346.5135065659356
-2552.8669003990935
-2584.9202395618163
-2515.2627669830417
-2588.0769787835347
-2402.252444033759
-2552.8669003990935
-2584.9202395618163
-2515.2627669830417
-2588.0769787835347
-2402.252444033759
-2536.285268734473
-2567.6965261734413
-2478.124724862849
-2550.7007630396733
-2433.031736714619
-2501.179166086449
-2533.4144328052594
-2482.7060795493526
-2530.38942244719
-2393.593425710629
-2556.6996231587036
-2570.7731364498472
-2477.038958325517
-2568.1903213271653
-2400.4908729867097
-2564.112191813346
-2566.1537932762612
-2508.734061960754
-2565.5697167453377
-2393.0544993437575
-2536.2400194906395
-2582.349718679511
-2498.1060096929123
-2573.529463306935
-2405.639071933494
-2552.8273158128595
-2568.59690935095
-2485.322124514921
-2577.5196349828325
-2398.8620584107844
-2542.2634705167807
-2594.529826068459
-2506.6802864846013
-2572.8714291655224
-2382.2008176344243
-2569.841804872658
-2577.428289721339
-2489.567535026571
-2567.0607778251783
-2401.8946349813077
-2411.4469515077803
-2388.587760680559
-2408.229245170747
-2358.488908970486
-2345.721884120637
-2565.497466162332
-2579.2410099770423
-2498.69586063754
-2583.0985416881485
-2404.6574803918425
-2565.497466162332
-2579.2410099770423
-2498.69586063754
-2583.0985416881485
-2404.6574803918425
-2512.667497428388
-2532.821954228356
-2478.4648285452013
-2528.6130061737226
-2413.490030779445
-2535.7442853380817
-2596.2333658685584
-2511.233196663151
-2572.891032667113
-2403.3625915644734
-2536.3473176954617
-2591.269193507531
-2503.0960429244915
-2599.7568618156324
-2396.647665551145
-2536.3473176954617
-2591.269193507531
-2503.0960429244915
-2599.7568618156324
-2396.647665551145
-2542.177404755131
-2584.9278781605803
-2512.522190693935
-2580.3556318577175
-2402.8165437941116
-2542.177404755131
-2584.9278781605803
-2512.522190693935
-2580.3556318577175
-2402.8165437941116
-2553.50570247803
-2584.9202395618163
-2526.205952266272
-2573.3070596655407
-2401.00052665796
-2445.5927276327134
-2424.259245121263
-2399.822852396949
-2409.6678967193366
-2355.584045757103
-2552.8669003990935
-2584.9202395618163
-2515.2627669830417
-2588.0769787835347
-2402.252444033759
-2552.8669003990935
-2584.9202395618163
-2515.2627669830417
-2588.0769787835347
-2402.252444033759
-2552.8669003990935
-2584.9202395618163
-2515.2627669830417
-2588.0769787835347
-2402.252444033759
-2432.4462840624233
-2510.189736957751
-2391.437478503506
-2458.0633061972244
-2370.094036745505
-2534.3719267643482
-2571.775953956158
-2469.9869384023586
-2528.579499088474
-2401.087922123419
-2373.1782968295015
-2381.7620426222047
-2346.9464094962577
-2402.4589741326413
-2309.684606126022
-2552.8669003990935
-2584.9202395618163
-2515.2627669830417
-2588.0769787835347
-2402.252444033759
-2552.8669003990935
-2584.9202395618163
-2515.2627669830417
-2588.0769787835347
-2402.252444033759
-2552.8669003990935
-2584.9202395618163
-2515.2627669830417
-2588.0769787835347
-2402.252444033759
-2552.8669003990935
-2584.9202395618163
-2515.2627669830417
-2588.0769787835347
-2402.252444033759
[INFO][smbo.py:327] Finished 150 trials.
-2552.8669003990935
-2584.9202395618163
-2515.2627669830417
-2588.0769787835347
-2402.252444033759
-2552.8669003990935
-2584.9202395618163
-2515.2627669830417
-2588.0769787835347
-2402.252444033759
-2532.066097292412
-2593.149062742748
-2488.2675769968682
-2584.9974713762804
-2386.5294068969347
-2532.066097292412
-2593.149062742748
-2488.2675769968682
-2584.9974713762804
-2386.5294068969347
-2461.4038315588623
-2481.7546443529595
-2427.699435284038
-2486.9325367090255
-2388.324160444638
-2552.8669003990935
-2584.9202395618163
-2515.2627669830417
-2588.0769787835347
-2402.252444033759
-2478.036538974219
-2493.596777111763
-2450.88817677736
-2495.4278015751643
-2399.777826061313
-2552.8669003990935
-2584.9202395618163
-2515.2627669830417
-2588.0769787835347
-2402.252444033759
-2552.8669003990935
-2584.9202395618163
-2515.2627669830417
-2588.0769787835347
-2402.252444033759
-2552.8669003990935
-2584.9202395618163
-2515.2627669830417
-2588.0769787835347
-2402.252444033759
-2551.757689890679
-2585.4952365555414
-2517.961222830405
-2580.7111627549075
-2400.423671922125
-2550.9432057760714
-2585.502875154305
-2517.125299417613
-2593.03241704488
-2400.92953938749
[INFO][abstract_intensifier.py:596] Added config 6f02a3 and rejected config f817e1 as incumbent because it is not better than the incumbents on 1 instances: 
-2504.504368249649
-2457.120223559628
-2450.101844570175
-2488.2478342082127
-2393.795255599268
-2550.9432057760714
-2585.502875154305
-2517.125299417613
-2593.03241704488
-2400.92953938749
-2547.6579517593063
-2584.9278781605803
-2516.249579840906
-2586.6729388725025
-2400.4812992613956
-2546.245655458723
-2585.502875154305
-2516.249579840906
-2586.6729388725025
-2400.423671922125
-2547.6579517593063
-2584.9278781605803
-2516.249579840906
-2586.6729388725025
-2400.4812992613956
-2546.245655458723
-2585.502875154305
-2516.249579840906
-2586.6729388725025
-2400.423671922125
-2490.477465601335
-2489.7357216649075
-2488.7327187102965
-2505.893429688668
-2389.7333214238697
-2546.245655458723
-2585.502875154305
-2516.249579840906
-2586.6729388725025
-2400.423671922125
-2550.9432057760714
-2585.502875154305
-2517.125299417613
-2593.03241704488
-2400.92953938749
-2550.9432057760714
-2585.502875154305
-2517.125299417613
-2593.03241704488
-2400.92953938749
-2550.9432057760714
-2585.502875154305
-2517.125299417613
-2593.03241704488
-2400.92953938749
-2464.699199107283
-2520.3667591691724
-2467.637108421476
-2539.5121127467805
-2414.012548522237
-2550.9432057760714
-2585.502875154305
-2517.125299417613
-2593.03241704488
-2400.92953938749
-2550.9432057760714
-2585.502875154305
-2517.125299417613
-2593.03241704488
-2400.92953938749
-2550.9432057760714
-2585.502875154305
-2517.125299417613
-2593.03241704488
-2400.92953938749
-2529.126815012987
-2583.9301779106145
-2444.691952727397
-2562.93894780521
-2378.479926872653
-2550.9432057760714
-2585.502875154305
-2517.125299417613
-2593.03241704488
-2400.92953938749
-2550.9432057760714
-2585.502875154305
-2517.125299417613
-2593.03241704488
-2400.92953938749
-2551.757689890679
-2585.4952365555414
-2517.961222830405
-2580.7111627549075
-2400.423671922125
-2550.9432057760714
-2585.502875154305
-2517.125299417613
-2593.03241704488
-2400.92953938749
-2572.9061847427743
-2579.2410099770423
-2499.8310669450325
-2576.3326455471597
-2403.524769229337
-2572.9061847427743
-2579.2410099770423
-2499.8310669450325
-2576.3326455471597
-2403.524769229337
-2572.9061847427743
-2579.2410099770423
-2499.8310669450325
-2576.3326455471597
-2403.524769229337
-2572.9061847427743
-2579.2410099770423
-2499.8310669450325
-2576.3326455471597
-2403.524769229337
-2545.6228163874325
-2596.8608781634307
-2496.0067800247966
-2547.1378020764605
-2413.6440173054025
-2523.918256214676
-2569.8838874670587
-2472.428470719845
-2563.084987469847
-2419.7878984853
-2535.9893175703487
-2596.2333658685584
-2513.9052889209224
-2568.167362262148
-2400.508691573308
-2534.9413699680704
-2584.8709507500043
-2515.851193612024
-2594.865592174534
-2397.669280992049
-2486.998928686752
-2559.7987987909037
-2478.2794887125956
-2528.764209157086
-2443.0389692167373
-2541.165217241418
-2557.346623386372
-2496.990969548444
-2551.18864423219
-2412.5640439279737
-2545.6228163874325
-2596.8608781634307
-2496.0067800247966
-2547.1378020764605
-2413.6440173054025
-2547.4138000635244
-2561.808874401074
-2477.3797036704013
-2532.0809111495664
-2414.4112814557575
-2550.9432057760714
-2585.502875154305
-2517.125299417613
-2593.03241704488
-2400.92953938749
-2550.9432057760714
-2585.502875154305
-2517.125299417613
-2593.03241704488
-2400.92953938749
-2534.9413699680704
-2584.8709507500043
-2515.851193612024
-2594.865592174534
-2397.669280992049
-2335.0382666893997
-2274.9616409078835
-2243.0734715003737
-2227.5740515895072
-2239.259776289516
-2550.9432057760714
-2585.502875154305
-2517.125299417613
-2593.03241704488
-2400.92953938749
-2550.9432057760714
-2585.502875154305
-2517.125299417613
-2593.03241704488
-2400.92953938749
[INFO][smbo.py:327] Finished 200 trials.
[INFO][smbo.py:335] Configuration budget is exhausted:
[INFO][smbo.py:336] --- Remaining wallclock time: inf
[INFO][smbo.py:337] --- Remaining cpu time: inf
[INFO][smbo.py:338] --- Remaining trials: 0
