Using file: ../data/ela_with_cma_and_algo_normalised/A1_data_5D/A1_B900_5D_ela_with_state.csv
[INFO][abstract_initial_design.py:87] Reducing the number of initial configurations from 60 to 50 (max_ratio == 0.25).
[INFO][abstract_initial_design.py:139] Using 50 initial design configurations and 0 additional configurations.
[INFO][abstract_intensifier.py:307] Using only one seed for deterministic scenario.
-1379.7631881739019
-1324.6354752356729
-1324.4907189958767
-1385.6217673424526
-1285.5595545633987
[INFO][abstract_intensifier.py:517] Added config 26fdc2 as new incumbent because there are no incumbents yet.
-1379.7442249144806
-1319.3151967109034
-1308.46767641902
-1384.5827664046592
-1279.4448671292348
-1369.4997061683803
-1315.1559539373006
-1316.7627169731766
-1385.6239895594304
-1280.210779997979
-1376.8691321940441
-1316.8342377300266
-1325.2416028745001
-1385.756112007588
-1285.1580695555635
-1375.279018664458
-1320.4898014197097
-1329.866396202026
-1387.7665685001862
-1284.9459306306123
-1369.7444931431241
-1300.647950491746
-1298.6914130919222
-1371.970564271708
-1261.6790125136415
-1367.8949527499176
-1319.2337909779878
-1314.2508113034085
-1385.5053723449503
-1270.9649677425682
-1370.95772229339
-1314.4654333887756
-1312.9390307018155
-1380.6258183198472
-1264.337456893477
-1376.9893430614552
-1320.668911893219
-1327.871830566252
-1387.8774855372808
-1279.5310805915096
-1370.0132471584761
-1321.2233461876192
-1310.49266110512
-1383.1628297665964
-1272.7061557396419
-1376.5070252162366
-1321.5731847706854
-1319.6365328300085
-1380.3464371021073
-1282.4005971022596
-1360.4186293873527
-1313.3103649338275
-1305.5008689647598
-1383.0421716406995
-1258.344791745596
-1375.1619398427065
-1319.2387272566696
-1323.3949490382952
-1390.3438081191011
-1287.0858923340497
-1379.0892987535567
-1325.328318944196
-1312.9755038964868
-1375.6544394740258
-1278.108267647728
-1377.0662389641511
-1316.9828248946342
-1317.8364042572364
-1387.7310118288224
-1292.068511399506
-1376.732000058739
-1315.516754411907
-1309.84882350405
-1388.208283440827
-1289.2418469329784
-1374.4911424679806
-1319.2555212052023
-1312.727739854573
-1380.9688509508728
-1278.523012069805
-1380.8574374157588
-1316.2463682360149
-1319.0907260249833
-1381.7407250779427
-1275.7191503325157
-1385.3047288933833
-1326.815063973385
-1325.3512842236528
-1384.7354074101545
-1286.5123951567266
[INFO][abstract_intensifier.py:596] Added config 7b1dda and rejected config 26fdc2 as incumbent because it is not better than the incumbents on 1 instances: 
-1374.5114205554928
-1332.0352314783836
-1309.5003064129996
-1382.5349971306111
-1271.1067520268296
-1370.3030618033697
-1318.9614259997159
-1329.6424396813677
-1381.4284902471823
-1283.4183567835425
-1373.8508693807976
-1325.6153202019707
-1308.643370992783
-1385.207055121192
-1288.3423791149044
-1377.5223571824092
-1323.6713700748796
-1322.5319237018261
-1388.2516978138322
-1283.3749499069345
-1357.6536887438206
-1311.686686562825
-1304.840520876589
-1376.385642067708
-1258.8585492688826
-1367.2005922764574
-1323.2576447160443
-1321.5896567050806
-1381.6063336137058
-1282.8482328734176
-1339.2909011692054
-1300.0690243250306
-1290.8291615326807
-1361.6362505625914
-1219.1021170734866
-1371.7620058369857
-1322.2080156502736
-1320.7837532511314
-1386.4034367643826
-1286.7314552474731
-1371.5000648506552
-1309.420043481201
-1306.0649074003331
-1385.4444185068821
-1262.0038917012857
-1378.195113893562
-1322.2841385465977
-1316.4079585488412
-1380.3960957123018
-1286.759068907324
-1380.3011575638448
-1324.1874170211076
-1323.7449481481162
-1388.5724511521537
-1281.1758689089788
-1374.9274426333393
-1314.4587269111416
-1329.0156918230878
-1387.791290370571
-1282.0525323473307
-1386.1426263344174
-1326.8932194531121
-1304.0418094619877
-1385.3837629848736
-1272.5220390596137
-1378.5747708674585
-1320.958523292979
-1317.8761335861493
-1381.971022195835
-1273.650799484481
-1361.8420915371214
-1308.0275361532317
-1304.85588753269
-1377.869091361551
-1256.0243852317233
-1369.8243171406534
-1321.691276998009
-1318.23972653531
-1388.0535275027255
-1282.1092175078338
-1361.5224552933075
-1310.2488762785563
-1302.8999730007808
-1368.5304175320068
-1260.7169921862148
-1364.0144476841474
-1321.75087462362
-1309.4713357610326
-1380.3315508652927
-1289.2879112550454
-1383.1382513277567
-1323.2558910172556
-1311.3740512853979
-1383.7055595625486
-1277.2326132701842
-1383.303492124823
-1328.0569233256901
-1321.420096630917
-1387.1509415309333
-1285.5894727388097
-1374.814772623948
-1316.295595170692
-1316.3786460073884
-1388.9594684334188
-1281.9953726834478
-1383.634836767711
-1325.8260569240485
-1315.610234816036
-1385.6621610356385
-1286.473840664938
-1369.1203904711876
-1325.1460851854126
-1322.2559689869356
-1384.942650216261
-1284.32428970543
-1372.9557507618922
-1317.8841455133434
-1316.3617837640988
-1384.646530668952
-1286.459464304361
-1368.4084544752368
-1317.3657150803056
-1312.5116559028895
-1382.1236551878796
-1287.5658144982508
-1372.1110627305018
-1325.3656778490863
-1327.9781682896066
-1376.9466677426612
-1286.5539034175454
-1362.6118934852732
-1317.0314732324498
-1308.847049800645
-1382.918473576947
-1265.431787638288
-1378.5671234816268
-1317.2637134663428
-1321.0984029410686
-1380.3128990166092
-1283.510929133758
-1363.3799578417252
-1312.276272534409
-1305.185114507703
-1378.0455278361967
-1263.786525124204
-1381.3823935454516
-1324.2892899575252
-1317.3065737740553
-1385.402443799105
-1282.3325350174343
-1375.9982346567879
-1321.6763396484494
-1322.7493855071386
-1385.8955521169578
-1276.4436271588547
[INFO][smbo.py:327] Finished 50 trials.
-1374.0049119990506
-1325.2537340221586
-1326.790487055289
-1385.2215062908772
-1288.206081891687
-1383.6712270852784
-1324.9187265862824
-1324.249461541905
-1384.0819297284388
-1288.5674673644137
-1379.7035613957578
-1322.5498822403106
-1321.7696316885372
-1384.041090840965
-1284.977593537397
-1380.174304819302
-1324.9939297523379
-1320.6642170223854
-1386.3793421833964
-1286.4579698794369
-1373.1387247923617
-1312.5075805191605
-1300.9108722537044
-1387.2635742179082
-1283.424948309509
-1364.2066585560433
-1322.7619703896412
-1310.5696150130689
-1376.9649883289794
-1252.509146773602
-1381.332411480243
-1318.241902628206
-1320.807624349577
-1390.4643094721
-1283.4691307176622
-1379.9951673695257
-1326.209012170114
-1321.5100914250659
-1384.5063918311916
-1288.6285504303928
-1378.112830475912
-1322.1114514025976
-1317.9754155493488
-1385.5031394570424
-1284.3462573415582
-1379.6424397452965
-1329.448948733703
-1322.5532516211847
-1389.9263666773197
-1283.3826236257692
-1372.2825764086247
-1319.442356459887
-1323.5100072096443
-1379.924934054162
-1271.3213289493995
-1383.700027128707
-1321.98715197002
-1320.604708926651
-1389.4801721321992
-1284.3596118227233
-1379.945549488555
-1325.417205010844
-1321.164225877819
-1385.5981453482134
-1285.8657133199526
-1379.6261340139047
-1325.1480052298714
-1321.1585107242497
-1385.7386241304866
-1286.2173710175698
-1377.0940944140893
-1317.836482172521
-1315.069316849223
-1380.7122436294298
-1291.6693011894172
-1339.7200335131618
-1293.0962905670494
-1296.696363950687
-1362.571821732055
-1214.0077129426384
-1386.932378889698
-1324.0706186065902
-1324.96101995539
-1383.4376472268057
-1286.9727458546595
-1386.932378889698
-1324.0706186065902
-1324.96101995539
-1383.4376472268057
-1286.9727458546595
-1381.6465867888815
-1326.1762300772584
-1324.8059144743588
-1384.8333738298516
-1286.2952033618997
-1381.6465867888815
-1326.1762300772584
-1324.8059144743588
-1384.8333738298516
-1286.2952033618997
-1384.7829560298344
-1323.9237810006466
-1325.619357049744
-1383.4127098205483
-1286.657061331956
-1383.1283534916722
-1320.3051092772535
-1317.962856749665
-1386.4611230598089
-1285.89113359229
-1382.4174282206843
-1322.977171674896
-1325.1826087417805
-1382.4678918409188
-1287.1823493504826
-1375.9438827733156
-1326.7715505491494
-1324.4530631675275
-1383.4393415640457
-1293.1915080647473
-1379.8281083627965
-1325.8231324837827
-1326.1999369569462
-1384.488569198457
-1286.109636078838
-1379.8281083627965
-1325.8231324837827
-1326.1999369569462
-1384.488569198457
-1286.109636078838
-1377.3413307355204
-1319.278747748693
-1325.846670455392
-1382.9847318669279
-1284.7325878837914
-1379.8281083627965
-1325.8231324837827
-1326.1999369569462
-1384.488569198457
-1286.109636078838
-1384.5992477083464
-1322.5888992989721
-1320.708060969836
-1385.4417374536886
-1289.3980441413223
-1382.2335018920603
-1320.2180179197221
-1325.0042327472668
-1380.348627789554
-1286.325645971538
-1381.4160510907295
-1323.9442987741018
-1323.162797310882
-1386.4738130240635
-1294.964604558235
[INFO][abstract_intensifier.py:596] Added config 7cea6b and rejected config 7b1dda as incumbent because it is not better than the incumbents on 1 instances: 
-1370.4346107759457
-1319.6197016396916
-1334.0318478559175
-1387.5050099456998
-1287.3379803728265
-1359.2482494776673
-1307.2918038029268
-1306.485212393227
-1376.547663631522
-1272.7133784036942
-1380.892337108581
-1324.2689713147238
-1319.5738210702411
-1390.634960892547
-1289.1050445474712
-1380.276358425064
-1324.1460530555767
-1319.47854433665
-1390.9006275112117
-1288.7187555151063
-1380.892337108581
-1324.2689713147238
-1319.5738210702411
-1390.634960892547
-1289.1050445474712
-1381.2944542185492
-1321.9424761718628
-1320.4674728101083
-1385.9921407553788
-1285.7735132400724
-1379.043394497708
-1318.8468394583986
-1319.867638710236
-1389.7796794449664
-1288.6046650063881
-1379.3045995282123
-1321.0963729909347
-1320.1655888240145
-1385.8614546428669
-1285.4578791382942
-1378.534639857982
-1329.152154159485
-1322.1630414419901
-1388.4553639244443
-1288.8483337095531
-1372.7519277452097
-1326.2930239927719
-1317.3659831505406
-1384.0539255945282
-1287.0531566563834
-1385.4937453857458
-1324.1935000599326
-1325.9245693441949
-1382.6527004162797
-1286.6510697384776
-1362.8573056406485
-1317.0994743992846
-1305.8047785515062
-1380.0485100266965
-1261.657985920893
-1374.4073164532247
-1326.6372824173347
-1324.9179551084405
-1386.4642365612149
-1286.1679966355607
-1382.907824909918
-1319.8222255643786
-1327.9848964770165
-1387.1937746409278
-1283.776779077072
-1374.4073164532247
-1326.6372824173347
-1324.9179551084405
-1386.4642365612149
-1286.1679966355607
-1385.4937453857458
-1324.1935000599326
-1325.9245693441949
-1382.6527004162797
-1286.6510697384776
-1381.4160510907295
-1323.9442987741018
-1323.162797310882
-1386.4738130240635
-1294.964604558235
-1381.4160510907295
-1323.9442987741018
-1323.162797310882
-1386.4738130240635
-1294.964604558235
-1367.3576038032938
-1312.4634893213374
-1306.1470161031075
-1378.3572121771251
-1270.3076028857135
[INFO][smbo.py:327] Finished 100 trials.
-1381.4160510907295
-1323.9442987741018
-1323.162797310882
-1386.4738130240635
-1294.964604558235
-1381.4160510907295
-1323.9442987741018
-1323.162797310882
-1386.4738130240635
-1294.964604558235
-1381.4160510907295
-1323.9442987741018
-1323.162797310882
-1386.4738130240635
-1294.964604558235
-1381.4160510907295
-1323.9442987741018
-1323.162797310882
-1386.4738130240635
-1294.964604558235
-1380.9099037569276
-1323.9186752830942
-1324.4321107482015
-1386.9733973444818
-1295.8796658414744
[INFO][abstract_intensifier.py:596] Added config 3b0813 and rejected config 7cea6b as incumbent because it is not better than the incumbents on 1 instances: 
-1377.9975720985399
-1321.5832717544718
-1319.2362867539946
-1384.4647846818746
-1287.9592067918832
-1380.597401417684
-1330.180392375693
-1324.1909970937459
-1381.4661096197506
-1294.3131229975877
-1368.044770870501
-1324.9774247262358
-1318.113433169505
-1382.445783547937
-1272.7982458166798
-1375.2510116826245
-1320.7636801632543
-1326.6005317194367
-1388.191091110869
-1281.906648460828
-1380.9099037569276
-1323.9186752830942
-1324.4321107482015
-1386.9733973444818
-1295.8796658414744
-1380.8620514416493
-1324.2303823380225
-1319.0999026138052
-1386.9563125255754
-1295.6066291675625
-1380.9099037569276
-1323.9186752830942
-1324.4321107482015
-1386.9733973444818
-1295.8796658414744
-1380.9099037569276
-1323.9186752830942
-1324.4321107482015
-1386.9733973444818
-1295.8796658414744
-1380.7117302314402
-1323.3011797782585
-1326.3603791309454
-1386.8828678832956
-1294.7431536667386
-1380.1222937614361
-1323.8718783504737
-1319.9830847661121
-1390.7568360201228
-1288.4807962032096
-1371.8261378579168
-1316.7220261972857
-1310.1321322502831
-1378.7843739980656
-1288.2059778547264
-1381.9164814368849
-1321.7942687701657
-1320.7298918413426
-1386.9622397727771
-1289.513335579963
-1366.2571976533316
-1323.6767810630236
-1313.0251670928983
-1383.8392861188652
-1290.1155621732116
-1379.5307565252153
-1318.8837709145696
-1326.8377360247212
-1385.6322612768545
-1284.8595268328704
-1379.5307565252153
-1318.8837709145696
-1326.8377360247212
-1385.6322612768545
-1284.8595268328704
-1387.0691052406346
-1322.8703788677342
-1325.0039330957893
-1387.065367198291
-1286.2669659598826
-1381.0543844041301
-1321.8425568617758
-1312.0304863909482
-1381.2070742220328
-1266.3957286340824
-1380.9099037569276
-1323.9186752830942
-1324.4321107482015
-1386.9733973444818
-1295.8796658414744
-1380.9099037569276
-1323.9186752830942
-1324.4321107482015
-1386.9733973444818
-1295.8796658414744
-1380.9099037569276
-1323.9186752830942
-1324.4321107482015
-1386.9733973444818
-1295.8796658414744
-1380.9099037569276
-1323.9186752830942
-1324.4321107482015
-1386.9733973444818
-1295.8796658414744
-1386.0758505988592
-1317.757415903036
-1326.874980095863
-1388.5719836163464
-1285.273176203198
-1380.9099037569276
-1323.9186752830942
-1324.4321107482015
-1386.9733973444818
-1295.8796658414744
-1362.275335638848
-1318.0858596679172
-1312.0469359494377
-1373.3113307032593
-1251.5606354299994
-1380.9099037569276
-1323.9186752830942
-1324.4321107482015
-1386.9733973444818
-1295.8796658414744
-1353.6173798173481
-1302.0430036423588
-1305.2092515711759
-1374.7930009669376
-1238.1124381180932
-1348.567238117244
-1303.235457999138
-1303.2242215537858
-1373.407447875556
-1249.9739374577152
-1383.7408051093298
-1320.4147128093514
-1324.5852663550845
-1390.3399404445902
-1287.4386359395046
-1353.330497109073
-1300.5031746988743
-1304.0096252441754
-1362.712534690699
-1238.9579319914953
-1357.2164197981283
-1309.5932966185183
-1308.778468084017
-1382.3886012726825
-1254.0400760901125
-1359.1309214991663
-1297.133077261453
-1300.4938757827595
-1365.1714384067777
-1242.0947931230255
-1353.6173798173481
-1302.0430036423588
-1305.2092515711759
-1374.7930009669376
-1238.1124381180932
-1359.1309214991663
-1297.133077261453
-1300.4938757827595
-1365.1714384067777
-1242.0947931230255
-1379.7489689915592
-1323.6027337738801
-1321.3553872756756
-1385.6081518580593
-1289.3722631447226
-1362.1034173328255
-1315.0181242902293
-1319.4263682258047
-1383.0133825650205
-1257.5931859706511
-1382.2736013479641
-1323.8217738073563
-1324.4683233214957
-1387.064450673259
-1287.9937066406314
-1379.7489689915592
-1323.6027337738801
-1321.3553872756756
-1385.6081518580593
-1289.3722631447226
-1388.908070854044
-1319.8558219073732
-1324.5771873123053
-1388.6879632576379
-1286.948738287322
-1384.121579206525
-1322.5885159843651
-1324.9736808766584
-1384.5642591913038
-1293.5012068243873
-1387.323409518837
-1330.5137387329219
-1324.210885102458
-1385.8996126655763
-1289.9934858384688
[INFO][abstract_intensifier.py:596] Added config 26512a and rejected config 3b0813 as incumbent because it is not better than the incumbents on 1 instances: 
-1371.1776333878292
-1318.6720131399688
-1324.7445982375853
-1386.1572833941107
-1285.4815273961967
-1365.0686631136607
-1322.554568395592
-1323.761688390716
-1380.7167899082256
-1283.0980535322499
-1366.299811873425
-1323.116189447977
-1318.5058950905914
-1388.748922439604
-1271.8076080334445
-1369.9741258713734
-1318.0930330174974
-1318.5996256623102
-1380.6472673517853
-1275.8510000778733
-1375.0376162838336
-1320.06962248838
-1324.2533759510093
-1384.8214276145109
-1285.9254563989373
[INFO][smbo.py:327] Finished 150 trials.
-1375.131267843801
-1327.370994400434
-1327.578295276603
-1382.8074935187103
-1285.268588864125
-1385.8246948899587
-1325.3569045896647
-1322.617711518892
-1384.5283591149837
-1284.9229196332817
-1381.3751808428638
-1323.891404126167
-1319.8012195365106
-1384.3106304104276
-1283.814868830326
-1380.2346046106977
-1322.4393688566884
-1319.382463131316
-1387.9941701908513
-1283.4261626896484
-1387.323409518837
-1330.5137387329219
-1324.210885102458
-1385.8996126655763
-1289.9934858384688
-1387.323409518837
-1330.5137387329219
-1324.210885102458
-1385.8996126655763
-1289.9934858384688
-1387.323409518837
-1330.5137387329219
-1324.210885102458
-1385.8996126655763
-1289.9934858384688
-1387.323409518837
-1330.5137387329219
-1324.210885102458
-1385.8996126655763
-1289.9934858384688
-1359.618958500985
-1310.023869572291
-1310.8876124214767
-1373.2972608732423
-1255.8666900329442
-1387.323409518837
-1330.5137387329219
-1324.210885102458
-1385.8996126655763
-1289.9934858384688
-1376.1027601140217
-1314.3260987849835
-1315.2028293753106
-1384.1336303853618
-1284.3788976047717
-1385.8246948899587
-1325.3569045896647
-1322.617711518892
-1384.5283591149837
-1284.9229196332817
-1387.3553143258885
-1322.3392159389932
-1323.4425980926753
-1386.628738059709
-1291.5426766801236
-1387.3553143258885
-1322.3392159389932
-1323.4425980926753
-1386.628738059709
-1291.5426766801236
-1387.3553143258885
-1322.3392159389932
-1323.4425980926753
-1386.628738059709
-1291.5426766801236
-1387.3223671408314
-1322.071754446405
-1324.5054340529575
-1385.9109292395615
-1292.5231222827965
-1381.676810548755
-1317.234635141559
-1318.3232878246704
-1382.1829494642275
-1282.0940929630922
-1387.3553143258885
-1322.3392159389932
-1323.4425980926753
-1386.628738059709
-1291.5426766801236
-1387.3553143258885
-1322.3392159389932
-1323.4425980926753
-1386.628738059709
-1291.5426766801236
-1387.3553143258885
-1322.3392159389932
-1323.4425980926753
-1386.628738059709
-1291.5426766801236
-1381.9210293840981
-1323.8619417636296
-1325.1630969731448
-1382.0873357132123
-1270.8624523752615
-1381.6955528502044
-1322.2365416788407
-1324.3839477085294
-1382.0157141726015
-1271.512726506879
-1376.9210557680888
-1308.9955379695443
-1311.3736024028622
-1381.5522841239294
-1259.6478295150837
-1373.2598926858745
-1329.5934084020662
-1327.6785395751276
-1386.2123670385781
-1284.6232467982725
-1373.957652311284
-1317.4610720229402
-1319.6753375834428
-1385.6296615615388
-1282.3923498301403
-1375.2002877397626
-1323.017012088333
-1327.313560535752
-1382.6442229178078
-1285.3586830144077
-1375.9515935467214
-1328.477696795227
-1332.3124505646185
-1382.3243987859091
-1283.1781792809372
-1371.397528424272
-1312.7780921171793
-1318.4505031361268
-1386.5853041117675
-1277.5148834135437
-1382.7379763616675
-1321.5066264803936
-1317.2890152823456
-1392.0798252340664
-1288.2828009443497
-1387.5187195339954
-1328.7612442235818
-1320.5345333877613
-1386.001810434143
-1290.1235022252722
-1388.4961582658816
-1322.2634233934846
-1321.1317548712454
-1389.040185410251
-1287.3423494783578
-1386.9711584428526
-1329.0364993201194
-1328.2175854993588
-1388.7320077872682
-1294.1130665109818
[INFO][abstract_intensifier.py:596] Added config 31928e and rejected config 26512a as incumbent because it is not better than the incumbents on 1 instances: 
-1383.9670371655081
-1320.740220588019
-1317.0373452968875
-1392.7659241933986
-1287.8614867602519
-1382.6475940985465
-1321.3932193096298
-1316.9986931373478
-1393.0749111278978
-1287.9130004759568
-1387.323409518837
-1330.5137387329219
-1324.210885102458
-1385.8996126655763
-1289.9934858384688
-1387.6081179248888
-1322.3622971163068
-1324.8166483625107
-1386.1006190303392
-1290.7110422885507
-1386.9711584428526
-1329.0364993201194
-1328.2175854993588
-1388.7320077872682
-1294.1130665109818
-1364.4636688444025
-1323.0988450426257
-1331.1851404064714
-1378.5785577520535
-1285.261384637337
-1369.8340206257735
-1317.287049113133
-1309.9170335666306
-1383.6933785920905
-1292.5017603128813
-1386.9711584428526
-1329.0364993201194
-1328.2175854993588
-1388.7320077872682
-1294.1130665109818
-1379.3613313902983
-1321.6116069934637
-1324.8077662596766
-1390.23330835871
-1283.7065480685928
-1369.8340206257735
-1317.287049113133
-1309.9170335666306
-1383.6933785920905
-1292.5017603128813
-1377.4724631387357
-1334.0914411423785
-1306.0368956919324
-1391.0609093841442
-1293.7089290593826
-1386.940580255407
-1319.5343989380062
-1316.602052634611
-1382.9591604535249
-1288.1459711366017
-1377.6666490387088
-1318.441091986098
-1310.3486012982708
-1386.4143528094226
-1275.0760851955229
-1382.552250389572
-1321.8357173530453
-1323.2778483891752
-1378.582794335422
-1283.5395061195604
-1382.552250389572
-1321.8357173530453
-1323.2778483891752
-1378.582794335422
-1283.5395061195604
-1376.9234417921457
-1319.587115564872
-1317.8757425690853
-1382.5450119753573
-1291.1767297924575
-1386.9711584428526
-1329.0364993201194
-1328.2175854993588
-1388.7320077872682
-1294.1130665109818
-1386.9711584428526
-1329.0364993201194
-1328.2175854993588
-1388.7320077872682
-1294.1130665109818
[INFO][smbo.py:327] Finished 200 trials.
[INFO][smbo.py:335] Configuration budget is exhausted:
[INFO][smbo.py:336] --- Remaining wallclock time: inf
[INFO][smbo.py:337] --- Remaining cpu time: inf
[INFO][smbo.py:338] --- Remaining trials: 0
