Using file: ../data/ela_with_cma_and_algo_normalised/A1_data_5D/A1_B950_5D_ela_with_state.csv
[INFO][abstract_initial_design.py:87] Reducing the number of initial configurations from 60 to 50 (max_ratio == 0.25).
[INFO][abstract_initial_design.py:139] Using 50 initial design configurations and 0 additional configurations.
[INFO][abstract_intensifier.py:307] Using only one seed for deterministic scenario.
-1297.961900956462
-1240.7786988970838
-1262.471622246433
-1242.958912707958
-1157.89802005797
[INFO][abstract_intensifier.py:517] Added config 26fdc2 as new incumbent because there are no incumbents yet.
-1282.3035221859257
-1243.830665103984
-1251.1791632722475
-1243.4003966913967
-1156.3436354093046
-1276.6378772411463
-1248.002207255222
-1239.981696219027
-1236.6359450009704
-1159.4172603375869
-1284.9968056529724
-1246.528431668744
-1267.8295344949415
-1244.185102573943
-1154.2831477242312
-1284.0173994514762
-1256.3751537911312
-1254.9081214648065
-1247.1933634959423
-1157.6055813501625
-1260.709268588977
-1235.4712662720347
-1250.535282684033
-1223.883294139807
-1142.2081600677839
-1281.781216741756
-1232.8677357933998
-1245.8039833164846
-1240.2995871844498
-1144.7517570305922
-1277.01289000994
-1240.0608708018767
-1247.5253848170155
-1242.6880729026145
-1148.440929540285
-1281.820245018787
-1250.833659908532
-1249.4823853037694
-1238.837116923737
-1162.1103817671226
-1277.5421844998455
-1231.6216016718076
-1252.9388607235749
-1238.0522236893617
-1147.709503703051
-1296.2722384790004
-1236.8476488084261
-1247.8074343557005
-1241.3236046675036
-1164.743684766675
-1265.3126045243253
-1244.1402214968027
-1254.3502361110998
-1235.5640761223058
-1142.5185146205824
-1285.261752838295
-1239.4874067327146
-1258.2986882498076
-1244.067334051561
-1157.4023192113616
-1277.2039623686167
-1230.8868601080064
-1247.3687218706436
-1231.6042524380755
-1145.0790607087781
-1287.7992968818442
-1233.2102194602294
-1241.044623299711
-1243.8032201779415
-1157.7364653756022
-1293.14127509807
-1247.168657927575
-1255.6531202072138
-1244.724328830246
-1160.0877050367937
-1285.1174209449316
-1244.25887573686
-1256.9122845225713
-1239.1630717242022
-1154.1881214639227
-1295.0566320850562
-1250.0652507380812
-1265.3369273469891
-1243.7172772239478
-1157.2875628840816
[INFO][abstract_intensifier.py:596] Added config 46b4e3 and rejected config 26fdc2 as incumbent because it is not better than the incumbents on 1 instances: 
-1283.7398236524214
-1240.0020754386246
-1264.4100066850879
-1243.0966215685517
-1161.6992898701178
-1279.4963277537022
-1231.9122645944387
-1248.7548426517747
-1239.1711265510107
-1156.3860605777754
-1280.758030264481
-1251.96164936776
-1236.3850058583082
-1229.0552917037992
-1155.134837311488
-1277.4706945070382
-1247.7188647829412
-1251.5352900369735
-1241.6913809832804
-1152.97648506424
-1286.2515135065619
-1245.8629813131486
-1254.9313789314642
-1241.3773853216794
-1166.931516979194
-1266.6324619184547
-1235.523175370398
-1242.046589445601
-1231.5154944384694
-1142.0168351738307
-1278.7728377025198
-1246.2739528110226
-1247.6861232477095
-1243.030156164677
-1141.5850472660184
-1256.9431188387948
-1233.6952493104664
-1233.4924411089678
-1228.890896412051
-1132.3439189848245
-1283.8765066798642
-1240.3831475119205
-1253.3339607547782
-1243.898907071753
-1156.552674185223
-1274.6503607012314
-1238.3712613637908
-1244.622888757933
-1237.0784289520889
-1148.8522114785321
-1277.1807582984434
-1244.0990542061636
-1251.506988502848
-1241.3268129580713
-1154.5399176538485
-1292.2569546009458
-1248.5272452761271
-1256.6700992619333
-1244.513392569762
-1155.2733622084932
-1287.3785350600158
-1237.6212016779923
-1264.1616528116058
-1241.5531434985908
-1153.4311776442232
-1283.0457818455043
-1232.861419767171
-1242.2025751378358
-1237.9601427888047
-1154.4709804260224
-1290.5365467841123
-1233.6265789276606
-1252.969531020567
-1242.9219888034245
-1156.4314792763157
-1265.0112401680476
-1234.422414787891
-1244.280197970625
-1237.4018765999192
-1134.6399718263674
-1295.1235729536247
-1248.8825394858748
-1259.8650115730557
-1242.6983282525007
-1157.2050642827026
-1286.8281362838738
-1242.1799226031767
-1248.1866277047577
-1230.7648676747178
-1150.6917930237323
-1287.7274935688902
-1237.0165545621946
-1246.957595306775
-1237.4841398924755
-1151.7712034349934
-1282.2314865206722
-1250.9941991969226
-1245.6999025178939
-1244.660601407093
-1157.3813637080364
-1283.927967399798
-1237.9686883542913
-1253.5050021903708
-1244.0223823444046
-1157.720905864342
-1293.1990078152444
-1237.9771535553477
-1254.445914711251
-1242.3268429873656
-1167.8051466895963
-1280.2804222652653
-1247.0872741175635
-1246.3430343817636
-1241.3676969166597
-1154.5127686198184
-1285.0558126263304
-1256.7025090966222
-1252.1616978771563
-1244.798802742235
-1152.2307736005894
-1282.1118194731168
-1245.165687424702
-1251.540909373447
-1241.4788606183427
-1157.7393889939128
-1284.8062721428837
-1232.4559322973255
-1246.1788622494491
-1231.895550602972
-1142.551588435262
-1283.7301861455057
-1247.2828354084072
-1247.9836326937634
-1246.1415777422008
-1159.036339391479
-1285.451776339347
-1237.431716169704
-1244.0017458538462
-1238.1810886584783
-1139.8402214774455
-1290.8525855326034
-1247.6478751889986
-1250.7849596573442
-1238.7691419301311
-1156.0101925301879
-1273.3337993456598
-1236.2634093454221
-1232.4093472078557
-1236.5876476575131
-1145.4409973004194
-1286.3815973666633
-1255.7955121942452
-1257.508697957001
-1243.1116096769488
-1159.2203776495217
-1280.6569586376295
-1246.980861122932
-1250.685575406956
-1240.2722158341028
-1153.613629541448
[INFO][smbo.py:327] Finished 50 trials.
-1286.594037329863
-1248.6813804428666
-1258.729540546805
-1243.199679880594
-1160.6072770158412
-1289.3840853911015
-1246.9096201249197
-1249.4195532894914
-1242.906083652827
-1149.7607749193003
-1289.3840853911015
-1246.9096201249197
-1249.4195532894914
-1242.906083652827
-1149.7607749193003
-1288.5466936671878
-1248.08567939035
-1250.2526985602717
-1242.7499675339975
-1149.368205372714
-1283.5981519752181
-1246.9631890467329
-1237.7503591398076
-1237.7380664960465
-1153.1143914192671
-1272.7277939271785
-1238.8706721683568
-1254.53541798023
-1225.3859492483164
-1142.1915336394084
-1290.5199388646834
-1234.9276634658904
-1250.4685193661667
-1242.1536158559413
-1157.619749361151
-1287.2594226976703
-1242.334911126919
-1259.3264474763637
-1244.265522066502
-1157.3605537578192
-1277.7153298535184
-1252.4162626470143
-1258.7413413716422
-1241.9710047752283
-1149.4035159537557
-1283.1879235745305
-1236.9021381973807
-1258.1354657833726
-1241.600941871623
-1164.4384746896294
-1285.624775415487
-1243.8922515565919
-1254.581917580742
-1239.9781056661695
-1148.819667557803
-1283.4169180732924
-1235.8631136364957
-1248.4493768905368
-1244.656527384221
-1160.231284429588
-1280.8770408105215
-1237.0218942894849
-1240.5876738288546
-1240.5658807941845
-1156.5641795982888
-1280.162563619197
-1235.8044469443755
-1251.6457064640792
-1243.9408712621296
-1154.0640257252542
-1279.3619376079898
-1236.250084113954
-1241.2134687765017
-1242.334216349173
-1157.012117558703
-1248.9649962565832
-1224.3622994377029
-1241.6035066262446
-1229.3911379992699
-1128.1725917111082
-1295.0566320850562
-1250.0652507380812
-1265.3369273469891
-1243.7172772239478
-1157.2875628840816
-1295.955154480445
-1239.30454235693
-1262.1514980183774
-1242.574559605797
-1165.7398061182591
-1294.7127247993376
-1239.427057444969
-1262.6698980457904
-1242.882170871832
-1166.2682808140332
-1286.7188633294973
-1235.6386969871287
-1267.5283855025068
-1240.858309092387
-1152.5367386734997
-1295.955154480445
-1239.30454235693
-1262.1514980183774
-1242.574559605797
-1165.7398061182591
-1280.577233635272
-1237.6856850624952
-1251.1450731196314
-1246.3810653486753
-1167.531506678727
-1286.2704631796955
-1234.562229533478
-1267.5914006397031
-1241.5842821591873
-1153.207388320318
-1286.7188633294973
-1235.6386969871287
-1267.5283855025068
-1240.858309092387
-1152.5367386734997
-1284.3230655635198
-1253.5729405996913
-1252.1546349197727
-1243.4520418753889
-1152.7808437832894
-1283.771947041665
-1245.0569340369575
-1254.3668729422004
-1241.1331823009182
-1152.963604647273
-1280.8002621548212
-1238.7307817570056
-1250.5564509862247
-1240.44756716567
-1157.1551891080694
-1284.3230655635198
-1253.5729405996913
-1252.1546349197727
-1243.4520418753889
-1152.7808437832894
-1281.9612325175078
-1256.567859626984
-1249.997864106031
-1241.5940994714342
-1153.5488709751266
-1291.0718379480124
-1251.4683323288675
-1265.0628609047517
-1242.155637972065
-1156.8465393527208
-1281.9612325175078
-1256.567859626984
-1249.997864106031
-1241.5940994714342
-1153.5488709751266
-1302.722003380084
-1247.5701871640174
-1255.3550867057252
-1245.2319677932035
-1148.4179435966475
-1273.1837134323719
-1237.4455926588719
-1249.125396894443
-1232.65140496005
-1148.1715539507923
-1295.0566320850562
-1250.0652507380812
-1265.3369273469891
-1243.7172772239478
-1157.2875628840816
-1295.0566320850562
-1250.0652507380812
-1265.3369273469891
-1243.7172772239478
-1157.2875628840816
-1295.0566320850562
-1250.0652507380812
-1265.3369273469891
-1243.7172772239478
-1157.2875628840816
-1284.0047150403389
-1248.65231269448
-1249.9796057034746
-1246.716418252226
-1155.205439676395
-1295.0566320850562
-1250.0652507380812
-1265.3369273469891
-1243.7172772239478
-1157.2875628840816
-1295.0566320850562
-1250.0652507380812
-1265.3369273469891
-1243.7172772239478
-1157.2875628840816
-1283.3550725336008
-1243.370187219945
-1248.7600299546955
-1240.8997996995756
-1154.2588001727938
-1289.0854360461617
-1234.16496800629
-1240.8035981318694
-1243.1132525224837
-1152.9049911900318
-1273.4707246666999
-1239.3994558437028
-1249.0933241693633
-1228.5087414845052
-1138.1575665825496
-1279.0942994785823
-1239.1997150514849
-1234.7161507703524
-1238.4528488728965
-1145.6480486310134
-1289.1730292158716
-1243.0332960883031
-1249.7140862721965
-1238.3292100154683
-1140.307024013734
-1281.2664970690105
-1243.3435743404814
-1255.8929422486215
-1241.6301990969496
-1155.1001398265278
-1283.3292881192206
-1242.2719677608202
-1256.7010198024668
-1241.2573945309714
-1155.8887778762592
-1295.1309619842646
-1250.738782589998
-1255.0469122099826
-1245.1782285254349
-1157.544709305457
-1269.9042654820473
-1248.359750259939
-1246.1135324509169
-1236.92542683783
-1154.1428587435707
-1269.202094426451
-1237.9738685624911
-1230.5374875558123
-1232.666227681407
-1141.094526345701
-1281.2004053946662
-1256.8831262795024
-1255.9988129215103
-1234.2810686917283
-1143.636441481323
[INFO][smbo.py:327] Finished 100 trials.
-1277.3207490857944
-1251.1959281201262
-1258.7318338342711
-1242.2437848860604
-1149.067370094342
-1295.0566320850562
-1250.0652507380812
-1265.3369273469891
-1243.7172772239478
-1157.2875628840816
-1295.0566320850562
-1250.0652507380812
-1265.3369273469891
-1243.7172772239478
-1157.2875628840816
-1295.0566320850562
-1250.0652507380812
-1265.3369273469891
-1243.7172772239478
-1157.2875628840816
-1286.900442067355
-1239.1110069020986
-1255.229273612827
-1241.1665505722322
-1158.6047408384677
-1281.517834368736
-1242.937741349178
-1245.4964083126883
-1240.781039925531
-1141.7652517791444
-1285.3399682587542
-1242.9509140215496
-1241.444302201731
-1244.554428343727
-1154.3965119818745
-1295.0566320850562
-1250.0652507380812
-1265.3369273469891
-1243.7172772239478
-1157.2875628840816
-1295.0566320850562
-1250.0652507380812
-1265.3369273469891
-1243.7172772239478
-1157.2875628840816
-1295.0566320850562
-1250.0652507380812
-1265.3369273469891
-1243.7172772239478
-1157.2875628840816
-1295.3412668808219
-1244.3500845888145
-1255.6696273650768
-1242.4897852711654
-1158.005482347925
-1293.7856455277158
-1242.7792689665146
-1255.1463614781183
-1239.694207456972
-1156.2327487280227
-1293.7856455277158
-1242.7792689665146
-1255.1463614781183
-1239.694207456972
-1156.2327487280227
-1286.3155233594784
-1236.404087269696
-1245.6251910491974
-1237.0410517512005
-1163.964653519098
-1293.6073010979826
-1233.4131255115885
-1238.813654259416
-1239.3268406129666
-1155.7805365004633
-1295.0566320850562
-1250.0652507380812
-1265.3369273469891
-1243.7172772239478
-1157.2875628840816
-1281.0174516443026
-1238.422130039046
-1262.901431228796
-1241.8999408135248
-1156.0541850703403
-1285.383213390549
-1237.6146596483964
-1255.0499356427224
-1243.790309634383
-1158.3909720314898
-1295.0566320850562
-1250.0652507380812
-1265.3369273469891
-1243.7172772239478
-1157.2875628840816
-1285.6967152905613
-1243.1537690143869
-1251.1649276094931
-1245.3384246312316
-1155.4355052983983
-1285.6967152905613
-1243.1537690143869
-1251.1649276094931
-1245.3384246312316
-1155.4355052983983
-1291.958334767487
-1251.6296896683261
-1258.421499847287
-1240.9663879373607
-1157.4385288773124
-1284.5291196532187
-1239.4479364476101
-1252.7657836148476
-1236.6835749373913
-1150.3110423352036
-1292.9898273828312
-1257.5259727093787
-1251.5947811742199
-1240.911459207292
-1166.5619894948288
-1299.9043935442064
-1239.505741818793
-1260.3857960015553
-1240.808659811787
-1158.542001370879
-1292.9898273828312
-1257.5259727093787
-1251.5947811742199
-1240.911459207292
-1166.5619894948288
-1295.0566320850562
-1250.0652507380812
-1265.3369273469891
-1243.7172772239478
-1157.2875628840816
-1292.9898273828312
-1257.5259727093787
-1251.5947811742199
-1240.911459207292
-1166.5619894948288
-1273.1491903179174
-1236.3631148848224
-1230.6980219416953
-1233.783253206328
-1141.69212070515
-1292.9898273828312
-1257.5259727093787
-1251.5947811742199
-1240.911459207292
-1166.5619894948288
-1295.0566320850562
-1250.0652507380812
-1265.3369273469891
-1243.7172772239478
-1157.2875628840816
-1295.0566320850562
-1250.0652507380812
-1265.3369273469891
-1243.7172772239478
-1157.2875628840816
-1295.0566320850562
-1250.0652507380812
-1265.3369273469891
-1243.7172772239478
-1157.2875628840816
-1287.9617811753105
-1259.3305063051585
-1261.0388128535662
-1234.0088065467146
-1144.6081785381648
-1296.0814444261525
-1249.1082349547287
-1255.936302598875
-1244.7320393581126
-1158.1072541605133
-1281.038537174608
-1257.781437303906
-1250.5935542377563
-1242.109673570801
-1155.5258631199665
-1296.0814444261525
-1249.1082349547287
-1255.936302598875
-1244.7320393581126
-1158.1072541605133
-1284.3230655635198
-1253.5729405996913
-1252.1546349197727
-1243.4520418753889
-1152.7808437832894
-1295.0566320850562
-1250.0652507380812
-1265.3369273469891
-1243.7172772239478
-1157.2875628840816
-1295.0566320850562
-1250.0652507380812
-1265.3369273469891
-1243.7172772239478
-1157.2875628840816
-1295.1309619842646
-1250.738782589998
-1255.0469122099826
-1245.1782285254349
-1157.544709305457
-1295.1309619842646
-1250.738782589998
-1255.0469122099826
-1245.1782285254349
-1157.544709305457
-1295.1309619842646
-1250.738782589998
-1255.0469122099826
-1245.1782285254349
-1157.544709305457
-1285.2624929249457
-1233.1257293457154
-1252.8868910250867
-1235.1248842248583
-1148.9510991538168
-1284.5641378147616
-1234.939494964373
-1238.510038453646
-1243.459633650184
-1153.4022267114747
-1291.2434373209394
-1251.6317028429264
-1255.7059534613545
-1239.4023314777887
-1160.8720501154605
-1295.0566320850562
-1250.0652507380812
-1265.3369273469891
-1243.7172772239478
-1157.2875628840816
-1295.0566320850562
-1250.0652507380812
-1265.3369273469891
-1243.7172772239478
-1157.2875628840816
-1295.0566320850562
-1250.0652507380812
-1265.3369273469891
-1243.7172772239478
-1157.2875628840816
-1286.2704631796955
-1234.562229533478
-1267.5914006397031
-1241.5842821591873
-1153.207388320318
[INFO][smbo.py:327] Finished 150 trials.
-1288.563056986833
-1247.498560317225
-1252.5547176544312
-1230.6475809935607
-1156.022668373126
-1288.563056986833
-1247.498560317225
-1252.5547176544312
-1230.6475809935607
-1156.022668373126
-1284.3230655635198
-1253.5729405996913
-1252.1546349197727
-1243.4520418753889
-1152.7808437832894
-1284.3230655635198
-1253.5729405996913
-1252.1546349197727
-1243.4520418753889
-1152.7808437832894
-1285.4781678736351
-1241.6928395872162
-1244.2628873937056
-1239.869425707931
-1156.014334314959
-1291.1961695919326
-1248.1477120728455
-1269.7177452296733
-1240.484604344423
-1160.0318652835606
-1256.7230157217782
-1230.7734634275162
-1238.3525777183836
-1227.4056865859354
-1138.7301393960156
-1291.1961695919326
-1248.1477120728455
-1269.7177452296733
-1240.484604344423
-1160.0318652835606
-1287.9617811753105
-1259.3305063051585
-1261.0388128535662
-1234.0088065467146
-1144.6081785381648
-1292.3125043285156
-1248.829864081395
-1251.5423659916064
-1240.330066535491
-1156.6140666345023
-1297.686177792862
-1241.7409113605052
-1250.6506834336133
-1243.8705828781863
-1155.6382591464467
-1291.1961695919326
-1248.1477120728455
-1269.7177452296733
-1240.484604344423
-1160.0318652835606
-1286.9886386296898
-1250.0182222291778
-1244.225059907661
-1236.1671324935583
-1154.2336364483624
-1295.0566320850562
-1250.0652507380812
-1265.3369273469891
-1243.7172772239478
-1157.2875628840816
-1295.0566320850562
-1250.0652507380812
-1265.3369273469891
-1243.7172772239478
-1157.2875628840816
-1248.9588344481904
-1226.1193837246092
-1239.6941489630635
-1232.8878825160148
-1116.2489092465512
-1248.9588344481904
-1226.1193837246092
-1239.6941489630635
-1232.8878825160148
-1116.2489092465512
-1272.8647850254927
-1229.4612313464845
-1247.1320113962306
-1238.4934763850251
-1144.0167567387743
-1282.9030279388016
-1238.1411320435905
-1259.7455659261045
-1242.9304340803626
-1159.3219524819904
-1282.1272609148962
-1233.4894973898522
-1254.903577719971
-1244.149402909435
-1157.6044498280417
-1295.0566320850562
-1250.0652507380812
-1265.3369273469891
-1243.7172772239478
-1157.2875628840816
-1284.6873092884316
-1255.4865461652385
-1244.9592239364329
-1243.8000868024835
-1160.951765265184
-1281.4574204350101
-1237.8129537919954
-1238.0283392038789
-1242.4819277064857
-1163.1263174791304
-1275.5206016736515
-1232.6315898299385
-1246.3340999876589
-1238.1491426118819
-1149.7239169596953
-1295.0566320850562
-1250.0652507380812
-1265.3369273469891
-1243.7172772239478
-1157.2875628840816
-1295.0566320850562
-1250.0652507380812
-1265.3369273469891
-1243.7172772239478
-1157.2875628840816
-1280.7186560944833
-1247.6840415179809
-1247.122776619442
-1243.9814788027059
-1155.741379528783
-1291.2796752154688
-1234.2540387825852
-1249.8784598039645
-1236.052282622758
-1159.3168533727685
-1295.0566320850562
-1250.0652507380812
-1265.3369273469891
-1243.7172772239478
-1157.2875628840816
-1295.0566320850562
-1250.0652507380812
-1265.3369273469891
-1243.7172772239478
-1157.2875628840816
-1295.0566320850562
-1250.0652507380812
-1265.3369273469891
-1243.7172772239478
-1157.2875628840816
-1295.0566320850562
-1250.0652507380812
-1265.3369273469891
-1243.7172772239478
-1157.2875628840816
-1295.0566320850562
-1250.0652507380812
-1265.3369273469891
-1243.7172772239478
-1157.2875628840816
-1295.0566320850562
-1250.0652507380812
-1265.3369273469891
-1243.7172772239478
-1157.2875628840816
-1292.9898273828312
-1257.5259727093787
-1251.5947811742199
-1240.911459207292
-1166.5619894948288
-1295.0566320850562
-1250.0652507380812
-1265.3369273469891
-1243.7172772239478
-1157.2875628840816
-1295.0566320850562
-1250.0652507380812
-1265.3369273469891
-1243.7172772239478
-1157.2875628840816
-1295.0566320850562
-1250.0652507380812
-1265.3369273469891
-1243.7172772239478
-1157.2875628840816
-1295.0566320850562
-1250.0652507380812
-1265.3369273469891
-1243.7172772239478
-1157.2875628840816
-1295.0566320850562
-1250.0652507380812
-1265.3369273469891
-1243.7172772239478
-1157.2875628840816
-1287.6009428329353
-1248.904806195634
-1254.5163855355113
-1242.5454288843582
-1158.2452877279393
-1295.0566320850562
-1250.0652507380812
-1265.3369273469891
-1243.7172772239478
-1157.2875628840816
-1295.0566320850562
-1250.0652507380812
-1265.3369273469891
-1243.7172772239478
-1157.2875628840816
-1287.4115499658524
-1245.1528439478134
-1249.8309569952853
-1241.2498987700997
-1154.8304403676239
-1295.0566320850562
-1250.0652507380812
-1265.3369273469891
-1243.7172772239478
-1157.2875628840816
-1295.0566320850562
-1250.0652507380812
-1265.3369273469891
-1243.7172772239478
-1157.2875628840816
-1295.0566320850562
-1250.0652507380812
-1265.3369273469891
-1243.7172772239478
-1157.2875628840816
-1262.2066563033723
-1231.4868005901653
-1241.3940400673766
-1228.386757738206
-1146.8718730299297
-1295.0566320850562
-1250.0652507380812
-1265.3369273469891
-1243.7172772239478
-1157.2875628840816
-1282.8369710090942
-1238.3157439757956
-1253.8599078446737
-1245.3193878514492
-1145.2767926865054
[INFO][smbo.py:327] Finished 200 trials.
[INFO][smbo.py:335] Configuration budget is exhausted:
[INFO][smbo.py:336] --- Remaining wallclock time: inf
[INFO][smbo.py:337] --- Remaining cpu time: inf
[INFO][smbo.py:338] --- Remaining trials: 0
