Using file: ../data/ela_with_cma_and_algo_normalised/A1_data_5D/A1_B96_5D_ela_with_state.csv
[INFO][abstract_initial_design.py:87] Reducing the number of initial configurations from 60 to 50 (max_ratio == 0.25).
[INFO][abstract_initial_design.py:139] Using 50 initial design configurations and 0 additional configurations.
[INFO][abstract_intensifier.py:307] Using only one seed for deterministic scenario.
-2467.9988869500767
-2443.400581784705
-2554.478367325784
-2428.3383337878686
-2317.0858013836373
[INFO][abstract_intensifier.py:517] Added config 26fdc2 as new incumbent because there are no incumbents yet.
-2592.5019385583873
-2518.9980850899397
-2543.686691795144
-2408.6084640612144
-2365.1952651506745
[INFO][abstract_intensifier.py:596] Added config 8a205f and rejected config 26fdc2 as incumbent because it is not better than the incumbents on 1 instances: 
-2506.8196617670537
-2457.912727859026
-2499.8721093353515
-2415.436464555032
-2319.350784624969
-2585.2917574366875
-2534.040691091357
-2560.6307342901546
-2428.1382042451123
-2360.012068713801
[INFO][abstract_intensifier.py:596] Added config 71b0a5 and rejected config 8a205f as incumbent because it is not better than the incumbents on 1 instances: 
-2594.8362162087715
-2525.9135820090123
-2558.861017531217
-2439.9495685808697
-2362.5827947306707
[INFO][abstract_intensifier.py:596] Added config 87cf8a and rejected config 71b0a5 as incumbent because it is not better than the incumbents on 1 instances: 
-2422.6722091763163
-2264.6410187937367
-2474.236468337349
-2328.890176121064
-2236.5987476827836
-2537.8484553563703
-2486.513273352891
-2515.0370401496134
-2379.578126045126
-2328.71583180234
-2460.5557172235794
-2435.5216408703886
-2510.421592933975
-2386.455906025133
-2292.1934271708806
-2576.7312934586407
-2540.9873885802417
-2561.365307152779
-2397.4473867517636
-2342.656698843017
-2411.0396587357022
-2446.689841347355
-2509.8576826037015
-2371.1803588468515
-2281.5266953035225
-2545.707208893613
-2512.51562614699
-2560.2381338093705
-2429.390711756946
-2361.557594124743
-2444.0526915013606
-2453.4504823456546
-2493.6151697888827
-2349.7614875551626
-2306.4550087676334
-2530.0432987010217
-2519.352922008806
-2566.4212033310414
-2427.587899328496
-2328.1786698085457
-2550.4924519664182
-2482.655469581576
-2514.0435265422375
-2424.168643053147
-2339.509805527132
-2469.310624501647
-2469.6046146109347
-2564.7663496611717
-2416.111335237888
-2272.5139892146517
-2556.436478401073
-2515.713001344805
-2550.7764674506334
-2408.5399147197777
-2358.508344745499
-2548.585920473551
-2463.1279217108395
-2560.4635767669174
-2421.5274423045817
-2306.547392193056
-2589.25210093559
-2525.5592461593087
-2551.658417967744
-2413.7305012801917
-2374.2118388278864
-2506.8820078468525
-2494.4608335223916
-2551.6332582347113
-2427.313688265961
-2311.1036602750446
-2519.7903567747016
-2458.0871662517497
-2502.597469734739
-2389.8916389978626
-2315.115616695521
-2575.205839431008
-2506.422963772662
-2491.8595524173707
-2420.7048254057127
-2326.372599703809
-2455.132290918719
-2483.3466343859113
-2519.5524073837905
-2406.5233014511873
-2318.0658873101993
-2592.454924920321
-2525.1044556483066
-2548.115223772557
-2417.7283420599606
-2359.9604533434426
-2400.35469016032
-2474.5187222897457
-2468.477484140621
-2342.2328082885133
-2283.5980387799814
-2553.254713087879
-2505.1828032733883
-2541.1558138584314
-2441.2518331077886
-2338.914307367268
-2385.323137330026
-2417.2285553294123
-2433.139829947553
-2315.454842994948
-2195.937308490239
-2573.4267138965847
-2535.927163364292
-2557.124625552655
-2429.7014231147086
-2355.8492076800608
-2456.5854899496235
-2479.343847461895
-2522.945885666629
-2405.756019669336
-2303.569244670671
-2505.799180394002
-2463.0371821090043
-2532.3897083682136
-2431.811434095008
-2287.683503237816
-2508.021032874534
-2473.3712059319264
-2529.5370866105995
-2417.0425752716255
-2338.766501020029
-2470.2905169241694
-2470.2768301745537
-2543.286187699433
-2406.6741613552663
-2316.0340817445735
-2590.99518497845
-2512.637807312098
-2552.1539807672925
-2411.730047479364
-2334.7084894780064
-2562.285651381308
-2498.058773375162
-2555.9181765541107
-2424.7475260064166
-2334.3059839240063
-2408.3678204948637
-2368.996339621564
-2497.4307129186354
-2381.185062719438
-2217.6441886213447
-2606.9239959319502
-2521.1843723017755
-2563.2620230689104
-2415.056053696437
-2358.7376465416182
-2472.73648772751
-2433.206100403072
-2491.0098628451774
-2371.6369766268326
-2264.758418568582
-2455.44842186214
-2451.184743898648
-2502.3422722505206
-2392.0888711167763
-2283.734749758086
-2560.966141734719
-2518.372844248829
-2555.3844187262944
-2424.2629142986325
-2361.9391639563464
-2557.522184420868
-2533.582638846966
-2548.686792603058
-2430.1703266553363
-2345.080739019636
-2585.080692429665
-2534.0698833487486
-2556.5352707945904
-2434.2996093229135
-2363.8310158573518
-2562.562385612164
-2526.8365627007697
-2548.030134380725
-2425.529339793397
-2334.61491408508
-2556.606059245798
-2531.1981422623776
-2542.530269522295
-2407.2329976212436
-2367.8429269386797
-2447.9374358191612
-2464.701761014644
-2556.316543981799
-2424.7546786934413
-2284.466439991002
-2508.5158995864977
-2482.817764650474
-2526.101492016352
-2394.4195366527606
-2356.840669770437
-2592.1666755216943
-2511.112479816595
-2541.1188880069963
-2410.127569084245
-2333.354583415204
-2428.912300432235
-2408.1687016033366
-2517.2233599687547
-2354.2289438880707
-2308.781808038014
-2536.7827260539984
-2499.9825971697983
-2557.3991502685585
-2420.188831430075
-2341.080707895663
-2390.0579086746493
-2354.029001557298
-2530.289303969136
-2365.9748091249403
-2246.3969482240227
-2584.8438058139054
-2528.461534330418
-2551.7337044115275
-2426.805346779321
-2363.653793678332
-2506.808235744071
-2462.453525917623
-2520.1814720806997
-2415.4383318243704
-2312.016211490605
[INFO][smbo.py:327] Finished 50 trials.
-2595.2396003021954
-2531.7693255590766
-2563.4223527792838
-2428.8393772624977
-2354.7957293426884
-2595.2396003021954
-2542.5461597412736
-2561.0043072409635
-2428.8393772624977
-2354.7957293426884
[INFO][abstract_intensifier.py:596] Added config bcae49 and rejected config 87cf8a as incumbent because it is not better than the incumbents on 1 instances: 
-2591.6144805330696
-2525.5152176658185
-2566.2858363796445
-2445.7907791297453
-2369.232429710874
[INFO][abstract_intensifier.py:596] Added config bba203 and rejected config bcae49 as incumbent because it is not better than the incumbents on 1 instances: 
-2584.621893314168
-2546.141891490544
-2561.5089705999017
-2416.452359036442
-2346.7822834051462
-2506.720662407536
-2502.206460205329
-2532.803521788953
-2406.7278335022693
-2300.405734870286
-2543.6071213766377
-2480.56750251462
-2536.697446678163
-2369.358676700298
-2341.465914837476
-2539.6377453033188
-2517.464637992038
-2551.5232214019984
-2439.249593201639
-2351.5536382084983
-2591.7719048776853
-2523.5917161745047
-2559.1157064472136
-2423.643517192606
-2364.6242892613927
-2594.8875073682693
-2519.6773721384534
-2553.804860605653
-2434.925973425139
-2359.9634206689866
-2578.5321461114236
-2497.5861908831757
-2560.5976732809404
-2431.92117652398
-2364.302839820469
-2580.164243616963
-2514.7811953741502
-2560.934493710727
-2419.753216480768
-2360.4570894365875
-2578.339967187484
-2497.0221355915774
-2561.304462281091
-2423.7544542575606
-2364.700716213765
-2598.926260606391
-2518.925736364412
-2553.774896858198
-2435.049071663956
-2348.6492357591806
-2599.040888647591
-2523.299701852302
-2552.8701769014506
-2444.798313543264
-2348.6492357598327
-2457.1495965325985
-2465.8439076173813
-2531.4479540824177
-2387.9184905876796
-2269.3313231777624
-2382.7131802426056
-2301.238489752214
-2437.7086297226015
-2275.101356595363
-2181.2832265665425
-2551.7222307849916
-2520.530846924622
-2539.5527412859756
-2425.8802260578586
-2357.8222734658684
-2529.7175922886063
-2500.4027395197486
-2536.117106823169
-2418.741770771432
-2357.5288753607215
-2529.115533070295
-2501.7049729842706
-2536.899010366612
-2419.811460851169
-2357.609069123938
-2515.004605862465
-2491.845824282116
-2547.1454129738827
-2412.4632455016663
-2355.8619333414013
-2543.4552439395375
-2504.1341636387288
-2542.896466147218
-2423.440849350094
-2344.011558667446
-2540.1985901623248
-2510.1979342334735
-2553.5021485398443
-2415.0433973638815
-2349.9519700035935
-2543.4552439395375
-2504.1341636387288
-2542.896466147218
-2423.440849350094
-2344.011558667446
-2515.004605862465
-2491.845824282116
-2547.1454129738827
-2412.4632455016663
-2355.8619333414013
-2596.5173745543734
-2546.847856795327
-2561.6622341705524
-2435.3163889873776
-2352.666555312456
-2597.712634944811
-2547.031040300561
-2560.261070868464
-2431.730371324429
-2352.1499270036893
-2579.089881953834
-2543.759054381615
-2565.9762262895288
-2423.390447690236
-2353.418516837507
-2594.4943491679496
-2540.3107222747485
-2570.984794427389
-2429.6678753213882
-2363.9590342246706
[INFO][abstract_intensifier.py:596] Added config 6fadda and rejected config bba203 as incumbent because it is not better than the incumbents on 1 instances: 
-2570.293235326127
-2512.59084801702
-2552.7296129310457
-2407.793789242919
-2343.8345750031194
-2533.2095538329686
-2497.395429589548
-2556.3233144779833
-2417.4137608148762
-2320.1290816079727
-2571.6537256796287
-2512.7738195312145
-2559.1986706612356
-2407.793789242919
-2355.7003059895637
-2594.6157712706517
-2550.2633392348293
-2559.0364057494485
-2425.3696430252826
-2346.7471328771917
-2444.0511262805007
-2388.2618530819295
-2456.798501196907
-2384.2398495073444
-2259.103620632283
-2589.841256604112
-2542.1750275619374
-2577.81734570967
-2426.0760186317257
-2356.4733928078413
-2575.649578800596
-2545.9746874687826
-2555.4658794982724
-2427.1829852490273
-2366.1748996208025
-2589.841256604112
-2541.5005073963107
-2575.559892561563
-2437.024863425532
-2356.28404680051
[INFO][abstract_intensifier.py:596] Added config db8298 and rejected config 6fadda as incumbent because it is not better than the incumbents on 1 instances: 
-2589.841256604112
-2542.1750275619374
-2577.81734570967
-2426.0760186317257
-2356.4733928078413
-2552.2198933032478
-2526.4891386195554
-2562.934159305628
-2421.078329342836
-2326.568258306172
-2589.841256604112
-2541.5005073963107
-2575.559892561563
-2437.024863425532
-2356.28404680051
-2590.5831948945133
-2545.489107461559
-2555.073348746039
-2427.1412421432997
-2366.0533339141966
-2534.426779998229
-2486.6857384380064
-2526.139375326333
-2414.874473140802
-2352.563806626794
-2583.1586131083855
-2524.962593120901
-2569.125875935913
-2423.6039618154346
-2358.855592635051
-2432.363054927205
-2436.5187944680647
-2488.179729458932
-2366.7684947583703
-2292.461086668256
-2590.1474816944747
-2542.8251453750217
-2543.5660314563384
-2424.3788466410497
-2367.698865278966
-2583.736841519273
-2532.6988143967756
-2554.901158465491
-2415.9119524337866
-2370.5089199484537
-2590.1474816944747
-2542.8251453750217
-2543.5660314563384
-2424.3788466410497
-2367.698865278966
-2581.199792930462
-2537.6435798801695
-2561.3221839035677
-2439.2778144977833
-2368.3344565399498
-2581.199792930462
-2537.6435798801695
-2561.3221839035677
-2439.2778144977833
-2368.3344565399498
-2487.201576436145
-2440.2779557594367
-2503.5966343642185
-2401.494160363134
-2286.7353638342997
-2600.807739083727
-2547.978520234227
-2570.848148705172
-2432.348989229476
-2362.3011418877927
[INFO][abstract_intensifier.py:596] Added config 7f29dd and rejected config db8298 as incumbent because it is not better than the incumbents on 1 instances: 
[INFO][smbo.py:327] Finished 100 trials.
-2600.807739083727
-2547.978520234227
-2570.848148705172
-2432.348989229476
-2362.3011418877927
-2591.5258188533353
-2532.5104862861954
-2566.3275971104913
-2441.9977428976977
-2369.1377085130935
-2591.6144805330696
-2525.5152176658185
-2566.2858363796445
-2445.7907791297453
-2369.232429710874
-2591.6144805330696
-2525.5152176658185
-2566.2858363796445
-2445.7907791297453
-2369.232429710874
-2596.344754197724
-2541.567526451506
-2555.7957127320415
-2442.1155976758996
-2356.5772729419996
-2519.666884855351
-2494.2332971764254
-2552.5638141065756
-2413.0081075440444
-2300.588873035086
-2558.3622191226796
-2536.435442352702
-2538.0478106008077
-2408.5231341729495
-2336.049965135761
-2518.575587090629
-2456.7982001373566
-2550.214826492718
-2437.3191412079273
-2295.6794404507937
-2598.3185329310436
-2510.2206289165674
-2566.3487395053444
-2424.789825450377
-2362.0555400040894
-2598.3185329310436
-2510.2206289165674
-2566.3487395053444
-2424.789825450377
-2362.0555400040894
-2565.9565777519465
-2510.045997145664
-2549.765552864699
-2416.031142034979
-2364.2824486565924
-2597.322675784709
-2509.8373516080383
-2567.484773975105
-2425.7607529087927
-2362.055540004018
-2562.8735103605377
-2505.7426014328494
-2551.5369014009384
-2416.031142034979
-2364.35873295491
-2596.901233992261
-2509.8373516080383
-2568.1175805648672
-2424.611765511414
-2362.055540004018
-2600.807739083727
-2547.978520234227
-2570.848148705172
-2432.348989229476
-2362.3011418877927
-2473.743116374949
-2447.7983562128925
-2515.7925064704514
-2398.6852312599713
-2302.3043027255517
-2600.807739083727
-2547.978520234227
-2570.848148705172
-2432.348989229476
-2362.3011418877927
-2576.936892353832
-2525.034193407777
-2526.2870808767893
-2438.618725223111
-2348.1005677842754
-2600.807739083727
-2547.978520234227
-2570.848148705172
-2432.348989229476
-2362.3011418877927
-2600.807739083727
-2547.978520234227
-2570.848148705172
-2432.348989229476
-2362.3011418877927
-2585.140387641545
-2531.419795895757
-2563.345946844208
-2420.892550513652
-2360.2106908803516
-2540.027866700174
-2478.967974657395
-2529.2332173058976
-2436.65935243688
-2364.9554447021164
-2600.807739083727
-2547.978520234227
-2570.848148705172
-2432.348989229476
-2362.3011418877927
-2600.807739083727
-2547.978520234227
-2570.848148705172
-2432.348989229476
-2362.3011418877927
-2600.807739083727
-2547.978520234227
-2570.848148705172
-2432.348989229476
-2362.3011418877927
-2600.807739083727
-2547.978520234227
-2570.848148705172
-2432.348989229476
-2362.3011418877927
-2600.1608887051557
-2532.853978139698
-2563.051489789027
-2418.2139704071396
-2356.412418079216
-2600.807739083727
-2547.978520234227
-2570.848148705172
-2432.348989229476
-2362.3011418877927
-2407.091559073752
-2333.002819404635
-2492.4883570270104
-2368.3524702723025
-2289.516979782349
-2600.807739083727
-2547.978520234227
-2570.848148705172
-2432.348989229476
-2362.3011418877927
-2558.337969401808
-2490.557949235171
-2575.3189403816095
-2430.631126519759
-2330.73880242044
-2565.8296671956805
-2492.786224371723
-2568.874385560407
-2442.300047829259
-2337.1841313105565
-2564.3746729149116
-2525.441155584831
-2561.5261434021713
-2412.913420543637
-2355.46164617977
-2590.1729378217397
-2538.614039476417
-2565.5400497263017
-2441.7271518600264
-2366.55771350064
-2557.74196499334
-2513.766677565972
-2568.907095776612
-2435.02513278658
-2360.5732415844495
-2580.158225856679
-2539.297766719896
-2578.934468400037
-2422.5841302814465
-2358.910930543474
-2491.7153063864844
-2488.366854107825
-2558.226280519839
-2413.5144188256436
-2304.500946694437
-2571.76259776217
-2548.112955441026
-2566.7661399260965
-2424.093073506561
-2365.900327475054
-2474.0395166673843
-2480.488538296793
-2557.858311856287
-2408.9562040798937
-2305.142299907211
-2418.5127159074314
-2375.1024202963868
-2486.239336717238
-2365.737689191281
-2264.6943379356394
-2592.182664693617
-2537.6303680477363
-2545.8016025805746
-2425.6991800059477
-2355.845869073285
-2588.0320134287135
-2528.2411181971383
-2562.9817843099336
-2429.331591090067
-2354.5955178398463
-2592.38927658509
-2526.886380289217
-2566.7709555467272
-2429.8202741838877
-2356.3501379171826
-2588.0320134287135
-2528.2411181971383
-2562.9817843099336
-2429.331591090067
-2354.5955178398463
-2596.069794247239
-2539.6872078981123
-2560.425453771717
-2443.1597481181766
-2353.1558283458303
-2595.054019078936
-2538.3918276635613
-2568.17775567291
-2430.1834927226864
-2355.373650651787
-2600.807739083727
-2547.978520234227
-2570.848148705172
-2432.348989229476
-2362.3011418877927
-2480.534146161993
-2457.0279566826093
-2503.109654148279
-2377.2029944888736
-2341.485820710831
-2436.6555507373
-2449.3296722322407
-2481.52836672152
-2358.5349043348783
-2277.6776575888225
-2557.839767757075
-2519.911302195191
-2546.122025933688
-2423.8467630382665
-2357.406040260921
[INFO][smbo.py:327] Finished 150 trials.
-2600.807739083727
-2547.978520234227
-2570.848148705172
-2432.348989229476
-2362.3011418877927
-2598.3185329310436
-2510.2206289165674
-2566.3487395053444
-2424.789825450377
-2362.0555400040894
-2600.807739083727
-2547.978520234227
-2570.848148705172
-2432.348989229476
-2362.3011418877927
-2600.807739083727
-2547.978520234227
-2570.848148705172
-2432.348989229476
-2362.3011418877927
-2600.807739083727
-2547.978520234227
-2570.848148705172
-2432.348989229476
-2362.3011418877927
-2600.807739083727
-2547.978520234227
-2570.848148705172
-2432.348989229476
-2362.3011418877927
-2584.497881084287
-2529.638664522726
-2553.792225847268
-2433.7041319583236
-2368.0425415199784
-2584.497881084287
-2529.638664522726
-2553.792225847268
-2433.7041319583236
-2368.0425415199784
-2424.6630786736296
-2354.5270627694667
-2490.0265070638125
-2365.8377901682766
-2207.627907873342
-2584.497881084287
-2529.638664522726
-2553.792225847268
-2433.7041319583236
-2368.0425415199784
-2466.128545418288
-2470.722259769203
-2524.5658171302234
-2401.4732675068735
-2350.362806479234
-2584.497881084287
-2529.638664522726
-2553.792225847268
-2433.7041319583236
-2368.0425415199784
-2600.807739083727
-2547.978520234227
-2570.848148705172
-2432.348989229476
-2362.3011418877927
-2600.807739083727
-2547.978520234227
-2570.848148705172
-2432.348989229476
-2362.3011418877927
-2600.807739083727
-2547.978520234227
-2570.848148705172
-2432.348989229476
-2362.3011418877927
-2600.807739083727
-2547.978520234227
-2570.848148705172
-2432.348989229476
-2362.3011418877927
-2454.6084103779926
-2442.0605662260523
-2546.409588909305
-2421.4074344624237
-2298.5372608881735
-2598.3185329310436
-2510.2206289165674
-2566.3487395053444
-2424.789825450377
-2362.0555400040894
-2598.3185329310436
-2510.2206289165674
-2566.3487395053444
-2424.789825450377
-2362.0555400040894
-2598.3185329310436
-2510.2206289165674
-2566.3487395053444
-2424.789825450377
-2362.0555400040894
-2597.323276556136
-2543.62048001271
-2563.068995815503
-2428.2106727436726
-2351.593145133148
-2597.323276556136
-2543.62048001271
-2563.068995815503
-2428.2106727436726
-2351.593145133148
-2461.666037229328
-2454.3205671369387
-2533.387500287334
-2396.8882103948836
-2309.0428469980375
-2591.243506680227
-2510.7911645209547
-2567.548315655078
-2393.9834012561137
-2336.3833889955276
-2536.1274247119504
-2508.9380809179415
-2546.0058239400923
-2418.635855870414
-2341.5243402980936
-2562.497283694558
-2525.0320385447776
-2525.6160073553465
-2408.9010064652334
-2309.823135293297
-2600.9783368338763
-2510.4322213994556
-2554.2442371352513
-2400.0235475970185
-2339.0166877751376
-2568.2308513685325
-2525.8790280818735
-2531.3892828571084
-2421.240632171889
-2356.070067859293
-2600.807739083727
-2547.978520234227
-2570.848148705172
-2432.348989229476
-2362.3011418877927
-2600.807739083727
-2547.978520234227
-2570.848148705172
-2432.348989229476
-2362.3011418877927
-2600.807739083727
-2547.978520234227
-2570.848148705172
-2432.348989229476
-2362.3011418877927
-2586.092480253852
-2547.769147487739
-2571.3471530216957
-2418.6028256542745
-2357.158650194033
-2596.0517917800025
-2536.603561085235
-2564.440247535951
-2431.6062574596426
-2355.428130638716
-2598.3185329310436
-2510.2206289165674
-2566.3487395053444
-2424.789825450377
-2362.0555400040894
-2598.3185329310436
-2510.2206289165674
-2566.3487395053444
-2424.789825450377
-2362.0555400040894
-2598.3185329310436
-2510.2206289165674
-2566.3487395053444
-2424.789825450377
-2362.0555400040894
-2595.7026655132186
-2548.3347615759876
-2571.838775966808
-2419.812248654605
-2355.237176802455
-2595.7026655132186
-2548.3347615759876
-2571.838775966808
-2419.812248654605
-2355.237176802455
-2595.7026655132186
-2548.3347615759876
-2571.838775966808
-2419.812248654605
-2355.237176802455
-2581.103171595944
-2507.6731777359087
-2557.522482295908
-2419.5531280044816
-2346.036624124179
-2581.103171595944
-2507.6731777359087
-2557.522482295908
-2419.5531280044816
-2346.036624124179
-2581.103171595944
-2507.6731777359087
-2557.522482295908
-2419.5531280044816
-2346.036624124179
-2581.103171595944
-2507.6731777359087
-2557.522482295908
-2419.5531280044816
-2346.036624124179
-2599.199293881887
-2547.1438624403527
-2556.0594396225642
-2424.543872680122
-2364.279088899122
-2439.4399649574793
-2450.1987768107483
-2521.446975443542
-2382.6879117084104
-2282.0915745217226
-2600.807739083727
-2547.978520234227
-2570.848148705172
-2432.348989229476
-2362.3011418877927
-2600.807739083727
-2547.978520234227
-2570.848148705172
-2432.348989229476
-2362.3011418877927
-2478.1237997556864
-2437.5903651088743
-2555.68508078565
-2388.4405269219737
-2294.4667230753034
-2600.807739083727
-2547.978520234227
-2570.848148705172
-2432.348989229476
-2362.3011418877927
-2600.807739083727
-2547.978520234227
-2570.848148705172
-2432.348989229476
-2362.3011418877927
[INFO][smbo.py:327] Finished 200 trials.
[INFO][smbo.py:335] Configuration budget is exhausted:
[INFO][smbo.py:336] --- Remaining wallclock time: inf
[INFO][smbo.py:337] --- Remaining cpu time: inf
[INFO][smbo.py:338] --- Remaining trials: 0
